2018-12-18__20:34 [0.22,0.21,0.15] 3.3% 46160 normal
2018-12-18__20:34 [0.20,0.20,0.15] 3.3% 46160 normal
2018-12-18__20:34 [0.18,0.20,0.15] 3.7% 46160 normal
2018-12-18__20:34 [0.15,0.19,0.15] 21.9% 46160 normal
2018-12-18__20:38 [0.23,0.09,0.06] 40.6% 41856 normal
2018-12-18__20:39 [0.21,0.09,0.06] 3.8% 40242 normal
2018-12-18__20:39 [0.19,0.09,0.06] 3.3% 40242 normal
2018-12-18__20:39 [0.18,0.09,0.06] 3.3% 39704 normal
2018-12-20__18:08 [0.71,0.34,0.14] 43.1% 42932 normal
2018-12-20__18:08 [0.65,0.34,0.14] 2.9% 41856 normal
2018-12-20__18:08 [0.63,0.34,0.14] 3.8% 41856 normal
2018-12-20__18:08 [0.58,0.34,0.14] 4.2% 40780 normal
2018-12-20__18:08 [0.53,0.33,0.14] 2.9% 40780 normal
2018-12-20__18:08 [0.49,0.33,0.14] 2.8% 40780 normal
2018-12-20__18:09 [0.45,0.32,0.14] 6.8% 40780 normal
2018-12-20__18:09 [0.57,0.35,0.15] 8.0% 41318 normal
2018-12-20__18:09 [0.53,0.34,0.15] 3.7% 40780 normal
2018-12-20__18:09 [0.57,0.35,0.15] 3.8% 41856 normal
2018-12-20__18:09 [0.48,0.34,0.15] 2.8% 40780 normal
2018-12-20__18:09 [0.92,0.44,0.18] 2.4% 41856 normal
2018-12-20__18:09 [0.85,0.43,0.18] 4.6% 40780 normal
2018-12-20__18:30 [0.20,0.15,0.16] 43.2% 42932 normal
2018-12-20__18:30 [0.24,0.16,0.17] 1.5% 41856 normal
2018-12-20__18:30 [0.22,0.16,0.17] 2.4% 41318 normal
2018-12-20__18:30 [0.60,0.24,0.19] 2.9% 41856 normal
2018-12-20__18:30 [0.55,0.24,0.19] 3.8% 40780 normal
2018-12-20__18:30 [0.59,0.25,0.20] 2.8% 41318 normal
2018-12-20__18:30 [0.54,0.25,0.19] 3.3% 40780 normal
2018-12-20__18:31 [0.50,0.24,0.19] 8.5% 41856 normal
2018-12-20__18:31 [0.54,0.25,0.20] 5.5% 40780 normal
2018-12-20__18:31 [0.46,0.24,0.19] 4.6% 40780 normal
2018-12-20__18:31 [0.42,0.24,0.19] 3.3% 40780 normal
2018-12-20__18:31 [0.39,0.24,0.19] 3.7% 41318 normal
2018-12-20__18:31 [0.35,0.23,0.19] 2.0% 41318 normal
2018-12-20__18:31 [0.33,0.23,0.19] 2.9% 40780 normal
2018-12-20__18:31 [0.30,0.22,0.19] 37.0% 41318 normal
2018-12-20__18:31 [0.47,0.27,0.20] 3.3% 40780 normal
2018-12-20__18:31 [0.44,0.26,0.20] 3.3% 40780 normal
2018-12-20__18:31 [0.40,0.26,0.20] 7.6% 41318 normal
2018-12-20__18:32 [0.37,0.25,0.20] 5.5% 40780 normal
2018-12-20__18:32 [0.34,0.25,0.20] 4.3% 41318 normal
2018-12-20__18:32 [0.31,0.24,0.19] 3.7% 40780 normal
2018-12-20__18:32 [0.29,0.24,0.19] 2.8% 40780 normal
2018-12-20__18:32 [0.24,0.23,0.19] 3.8% 41318 normal
2018-12-20__18:32 [0.22,0.23,0.19] 5.1% 40780 normal
2018-12-20__18:32 [0.20,0.22,0.19] 8.8% 40780 normal
2018-12-20__18:32 [0.19,0.22,0.18] 4.2% 40780 normal
2018-12-20__18:32 [0.25,0.23,0.19] 6.4% 40780 normal
2018-12-20__18:32 [0.23,0.23,0.19] 5.5% 41318 normal
2018-12-20__18:33 [0.21,0.22,0.19] 2.9% 40780 normal
2018-12-20__18:33 [0.18,0.22,0.18] 3.3% 40780 normal
2018-12-20__18:33 [0.17,0.21,0.18] 3.3% 40780 normal
2018-12-20__18:33 [0.15,0.21,0.18] 9.3% 40780 normal
2018-12-20__18:33 [0.14,0.20,0.18] 37.2% 42932 normal
2018-12-20__18:33 [0.13,0.20,0.18] 4.6% 40780 normal
2018-12-20__18:33 [0.12,0.20,0.18] 3.7% 40780 normal
2018-12-20__18:33 [0.11,0.19,0.18] 3.7% 40780 normal
2018-12-20__18:33 [0.09,0.19,0.17] 3.7% 40780 normal
2018-12-20__18:33 [0.08,0.18,0.17] 1.5% 41318 normal
2018-12-20__18:33 [0.08,0.18,0.17] 8.7% 41318 normal
2018-12-20__18:34 [0.15,0.19,0.18] 3.3% 40780 normal
2018-12-20__18:34 [0.30,0.22,0.19] 3.3% 40780 normal
2018-12-20__18:34 [0.27,0.22,0.19] 2.4% 40780 normal
2018-12-20__18:34 [0.25,0.22,0.18] 3.3% 40780 normal
2018-12-20__18:34 [0.29,0.23,0.19] 9.3% 42932 normal
2018-12-20__18:34 [0.26,0.22,0.19] 3.3% 41318 normal
2018-12-20__18:34 [0.24,0.22,0.18] 10.9% 40780 normal
2018-12-20__18:52 [0.08,0.20,0.18] 44.0% 42932 normal
2018-12-20__18:52 [0.15,0.21,0.18] 2.9% 42394 normal
2018-12-20__18:52 [0.13,0.20,0.18] 4.2% 41318 normal
2018-12-20__18:53 [0.12,0.20,0.18] 2.8% 41318 normal
2018-12-20__18:53 [0.11,0.20,0.18] 4.2% 40780 normal
2018-12-20__18:53 [0.18,0.21,0.18] 3.3% 41318 normal
2018-12-20__18:53 [0.16,0.20,0.18] 2.9% 40780 normal
2018-12-20__18:53 [0.15,0.20,0.18] 7.5% 41856 normal
2018-12-20__18:53 [0.14,0.20,0.18] 43.1% 41856 normal
2018-12-20__18:53 [0.34,0.24,0.19] 15.8% 41856 normal
2018-12-20__18:53 [0.31,0.24,0.19] 2.4% 42394 normal
2018-12-20__18:53 [0.29,0.23,0.19] 2.9% 42932 normal
2018-12-20__18:53 [0.26,0.23,0.19] 3.8% 41318 normal
2018-12-20__18:53 [0.32,0.24,0.19] 2.0% 41856 normal
2018-12-20__18:54 [0.30,0.24,0.19] 3.8% 41318 normal
2018-12-20__18:54 [0.27,0.23,0.19] 24.1% 42932 normal
2018-12-20__18:54 [0.23,0.22,0.19] 3.3% 41856 normal
2018-12-20__18:54 [0.21,0.22,0.19] 3.7% 41856 normal
2018-12-20__18:54 [0.19,0.22,0.19] 14.2% 41856 normal
2018-12-20__18:54 [0.18,0.21,0.18] 5.1% 42394 normal
2018-12-20__18:54 [0.16,0.21,0.18] 10.8% 42932 normal
2018-12-20__18:54 [0.15,0.20,0.18] 9.0% 41856 normal
2018-12-20__18:54 [0.14,0.20,0.18] 7.9% 41856 normal
2018-12-20__18:54 [0.21,0.22,0.19] 3.7% 40780 normal
2018-12-20__18:54 [0.66,0.31,0.22] 2.4% 41856 normal
2018-12-20__18:55 [0.60,0.30,0.21] 2.9% 41318 normal
2018-12-20__18:55 [0.56,0.30,0.21] 4.2% 41318 normal
2018-12-20__18:55 [0.51,0.29,0.21] 6.8% 41856 normal
2018-12-20__18:55 [0.47,0.29,0.21] 7.6% 41856 normal
2018-12-20__18:55 [0.43,0.28,0.21] 4.8% 41856 normal
2018-12-20__18:55 [0.40,0.28,0.21] 3.3% 41318 normal
2018-12-20__18:55 [0.56,0.32,0.22] 3.8% 41318 normal
2018-12-20__18:55 [0.51,0.31,0.22] 3.3% 41856 normal
2018-12-20__18:55 [0.47,0.31,0.22] 4.2% 41856 normal
2018-12-20__18:55 [0.43,0.30,0.22] 2.8% 41318 normal
2018-12-20__18:56 [0.40,0.30,0.21] 2.4% 41318 normal
2018-12-20__18:56 [0.37,0.29,0.21] 8.8% 41856 normal
2018-12-20__18:56 [0.34,0.29,0.21] 2.0% 42394 normal
2018-12-20__18:56 [0.28,0.28,0.21] 3.8% 41856 normal
2018-12-20__18:56 [0.34,0.29,0.21] 3.3% 41318 normal
2018-12-20__18:56 [0.31,0.28,0.21] 3.3% 41856 normal
2018-12-20__19:34 [0.20,0.19,0.13] 61.0% 42932 normal
2018-12-20__19:34 [0.27,0.21,0.13] 10.3% 42394 normal
2018-12-20__19:34 [0.33,0.22,0.14] 4.2% 41856 normal
2018-12-20__19:34 [0.27,0.21,0.14] 11.3% 41856 normal
2018-12-20__19:35 [0.25,0.21,0.13] 3.3% 41856 normal
2018-12-20__19:35 [0.23,0.21,0.13] 3.3% 41856 normal
2018-12-20__19:35 [0.21,0.20,0.13] 7.1% 42932 normal
2018-12-20__19:35 [0.20,0.20,0.13] 6.2% 42932 normal
2018-12-20__20:15 [0.20,0.32,0.38] .8% +43.0°C normal
2018-12-20__20:15 [0.26,0.33,0.38] 2.2% +43.0°C normal
2018-12-20__20:28 [0.18,0.26,0.26] 39.8% 44007 normal
2018-12-20__20:28 [0.16,0.26,0.26] 21.7% 42932 normal
2018-12-20__20:28 [0.15,0.25,0.26] 5.6% 42394 normal
2018-12-20__20:28 [0.14,0.25,0.26] 12.6% 44007 normal
2018-12-20__20:28 [0.21,0.26,0.26] 2.4% 42932 normal
2018-12-20__20:28 [0.19,0.26,0.26] 18.9% 44007 normal
2018-12-20__20:28 [0.16,0.25,0.26] 4.2% 42932 normal
2018-12-20__20:28 [0.15,0.24,0.26] 6.2% 42932 normal
2018-12-20__20:28 [0.30,0.27,0.27] 12.1% 43470 normal
2018-12-20__20:29 [0.67,0.35,0.29] 3.3% 42932 normal
2018-12-20__20:29 [0.62,0.35,0.29] 5.7% 44007 normal
2018-12-20__20:29 [0.57,0.34,0.29] 21.0% 44007 normal
2018-12-20__20:29 [0.52,0.33,0.29] 30.8% 45084 normal
2018-12-20__20:29 [0.52,0.34,0.29] 40.4% 44007 normal
2018-12-20__20:29 [0.48,0.33,0.29] 11.0% 42932 normal
2018-12-20__20:29 [0.44,0.33,0.29] 9.0% 44007 normal
2018-12-20__20:29 [0.40,0.32,0.28] 3.3% 41856 normal
2018-12-20__20:29 [0.45,0.33,0.29] 4.4% 44007 normal
2018-12-20__20:29 [0.41,0.33,0.29] 4.3% 43470 normal
2018-12-20__20:30 [0.38,0.32,0.28] 8.3% 43470 normal
2018-12-20__20:30 [0.32,0.31,0.28] 6.1% 43470 normal
2018-12-20__20:30 [0.38,0.32,0.28] 8.7% 43470 normal
2018-12-20__20:30 [0.35,0.32,0.28] 8.5% 44007 normal
2018-12-20__20:30 [0.32,0.31,0.28] 31.4% 44007 normal
2018-12-20__20:30 [0.29,0.31,0.28] 28.1% 44007 normal
2018-12-20__20:30 [0.27,0.30,0.28] 45.7% 44007 normal
2018-12-20__20:30 [0.33,0.31,0.28] 3.8% 43470 normal
2018-12-20__20:30 [0.57,0.37,0.30] 17.3% 44007 normal
2018-12-20__20:30 [0.53,0.36,0.30] 10.3% 43470 normal
2018-12-20__20:30 [0.48,0.36,0.29] 6.1% 43470 normal
2018-12-20__20:31 [0.52,0.37,0.30] 3.3% 43470 normal
2018-12-20__20:31 [0.56,0.38,0.30] 3.8% 44546 normal
2018-12-20__20:31 [0.60,0.39,0.31] 9.9% 45084 normal
2018-12-20__20:31 [0.71,0.41,0.32] 3.7% 44007 normal
2018-12-20__20:31 [0.65,0.41,0.31] 10.6% 42932 normal
2018-12-20__20:31 [0.78,0.44,0.33] 14.6% 44007 normal
2018-12-20__20:31 [0.72,0.44,0.33] 25.3% 46160 normal
2018-12-20__20:31 [0.66,0.43,0.32] 33.2% 46160 normal
2018-12-20__20:31 [0.61,0.42,0.32] 56.9% 47236 normal
2018-12-20__20:31 [0.56,0.41,0.32] 28.4% 45084 normal
2018-12-20__20:31 [0.51,0.41,0.32] 9.4% 44007 normal
2018-12-20__20:32 [0.55,0.42,0.32] 8.0% 45084 normal
2018-12-20__20:32 [0.47,0.40,0.32] 14.3% 44007 normal
2018-12-20__20:32 [0.43,0.40,0.32] 11.7% 44007 normal
2018-12-20__20:32 [0.39,0.39,0.31] 14.7% 44007 normal
2018-12-20__20:32 [0.60,0.43,0.33] 9.0% 44546 normal
2018-12-20__20:32 [0.56,0.43,0.33] 13.3% 44546 normal
2018-12-20__20:32 [0.51,0.42,0.32] 6.3% 45084 normal
2018-12-20__20:32 [0.79,0.48,0.34] 32.7% 46160 normal
2018-12-20__20:32 [0.74,0.48,0.35] 37.8% 46160 normal
2018-12-20__20:32 [0.68,0.47,0.34] 36.1% 46160 normal
2018-12-20__20:33 [0.71,0.48,0.35] 8.1% 45622 normal
2018-12-20__20:33 [0.81,0.50,0.36] 15.5% 45084 normal
2018-12-20__20:33 [0.83,0.51,0.36] 7.8% 44007 normal
2018-12-20__20:33 [0.76,0.50,0.36] 11.6% 45084 normal
2018-12-20__20:33 [0.78,0.51,0.36] 14.9% 44007 normal
2018-12-20__20:33 [0.80,0.52,0.37] 20.6% 45084 normal
2018-12-20__20:33 [0.83,0.54,0.37] 5.8% 45084 normal
2018-12-20__20:33 [0.92,0.56,0.38] 24.9% 45084 normal
2018-12-20__20:33 [0.93,0.57,0.39] 36.4% 45084 normal
2018-12-20__20:33 [0.86,0.56,0.38] 7.6% 45084 normal
2018-12-20__20:33 [1.19,0.63,0.41] 11.5% 45084 normal
2018-12-20__20:34 [1.17,0.64,0.41] 4.7% 44007 normal
2018-12-20__20:34 [1.08,0.63,0.41] 4.4% 44546 normal
2018-12-20__20:34 [0.91,0.61,0.40] 14.9% 45084 normal
2018-12-20__20:34 [0.84,0.60,0.40] 25.0% 45084 normal
2018-12-20__20:34 [0.77,0.59,0.40] 17.4% 45084 normal
2018-12-20__20:34 [1.03,0.64,0.42] 14.2% 45084 normal
2018-12-20__20:34 [0.95,0.63,0.42] 13.4% 44007 normal
2018-12-20__20:34 [0.87,0.62,0.41] 5.7% 45622 normal
2018-12-20__20:34 [0.80,0.61,0.41] 29.9% 45622 normal
2018-12-20__20:34 [0.75,0.61,0.41] 36.2% 45622 normal
2018-12-20__20:35 [0.69,0.60,0.41] 24.9% 45084 normal
2018-12-20__20:35 [0.64,0.59,0.41] 11.2% 44007 normal
2018-12-20__20:35 [0.83,0.63,0.42] 5.3% 44546 normal
2018-12-20__20:35 [1.40,0.75,0.46] 6.1% 45084 normal
2018-12-20__20:35 [1.29,0.74,0.46] 16.8% 45622 normal
2018-12-20__20:35 [1.18,0.72,0.46] 30.0% 45084 normal
2018-12-20__20:35 [1.08,0.72,0.46] 44.5% 45084 normal
2018-12-20__20:35 [0.99,0.71,0.45] 10.1% 44007 normal
2018-12-20__20:35 [0.91,0.69,0.45] 22.0% 45084 normal
2018-12-20__20:35 [0.84,0.68,0.45] 26.6% 44007 normal
2018-12-20__20:35 [0.77,0.67,0.45] 7.2% 44546 normal
2018-12-20__20:36 [0.87,0.69,0.46] 7.6% 44007 normal
2018-12-20__20:36 [0.88,0.70,0.46] 6.6% 44007 normal
2018-12-20__20:36 [0.81,0.69,0.46] 10.5% 43470 normal
2018-12-20__20:36 [0.68,0.66,0.45] 4.7% 43470 normal
2018-12-20__20:36 [0.71,0.67,0.45] 8.0% 44007 normal
2018-12-20__20:36 [0.65,0.66,0.45] 6.6% 45084 normal
2018-12-20__20:36 [0.60,0.65,0.45] 5.8% 45084 normal
2018-12-20__20:36 [0.55,0.64,0.45] 55.1% 45084 normal
2018-12-20__20:36 [0.59,0.64,0.45] 28.6% 44007 normal
2018-12-20__20:36 [0.62,0.65,0.45] 2.9% 43470 normal
2018-12-20__20:37 [0.77,0.68,0.46] 4.2% 44007 normal
2018-12-20__20:37 [0.78,0.68,0.47] 2.9% 42932 normal
2018-12-20__20:37 [0.72,0.67,0.46] 7.5% 43470 normal
2018-12-20__20:37 [0.74,0.68,0.47] 7.6% 44007 normal
2018-12-20__20:37 [0.92,0.72,0.48] 4.6% 43470 normal
2018-12-20__20:37 [1.09,0.75,0.50] 19.4% 44007 normal
2018-12-20__20:37 [1.00,0.74,0.49] 2.4% 43470 normal
2018-12-20__20:37 [0.93,0.73,0.49] 8.3% 42932 normal
2018-12-20__20:37 [0.85,0.72,0.49] 3.9% 45084 normal
2018-12-20__20:37 [0.79,0.71,0.49] 23.1% 45084 normal
2018-12-20__20:37 [0.72,0.70,0.48] 30.9% 45084 normal
2018-12-20__20:38 [0.75,0.70,0.49] 33.7% 44007 normal
2018-12-20__20:38 [0.77,0.71,0.49] 10.4% 42932 normal
2018-12-20__20:38 [0.79,0.71,0.49] 13.0% 43470 normal
2018-12-20__20:38 [0.74,0.70,0.49] 5.1% 44546 normal
2018-12-20__20:38 [0.68,0.69,0.49] 6.7% 43470 normal
2018-12-20__20:38 [0.63,0.68,0.49] 2.8% 43470 normal
2018-12-20__20:38 [0.66,0.69,0.49] 4.3% 44007 normal
2018-12-20__20:38 [0.77,0.71,0.50] 8.0% 44546 normal
2018-12-20__20:38 [0.70,0.70,0.49] 5.5% 44007 normal
2018-12-20__20:38 [0.65,0.68,0.49] 11.3% 44546 normal
2018-12-20__20:39 [0.70,0.70,0.50] 10.8% 45084 normal
2018-12-20__20:39 [0.73,0.70,0.50] 38.9% 45622 normal
2018-12-20__20:39 [0.67,0.69,0.50] 41.4% 44007 normal
2018-12-20__20:39 [0.61,0.68,0.49] 9.2% 42932 normal
2018-12-20__20:39 [0.73,0.70,0.50] 24.2% 43470 normal
2018-12-20__20:39 [0.75,0.70,0.51] 18.7% 43470 normal
2018-12-20__20:39 [0.69,0.69,0.50] 7.6% 44546 normal
2018-12-20__20:39 [0.63,0.68,0.50] 7.5% 44007 normal
2018-12-20__20:39 [0.54,0.66,0.49] 7.5% 44007 normal
2018-12-20__20:39 [0.57,0.66,0.50] 8.8% 44007 normal
2018-12-20__20:39 [0.53,0.65,0.49] 7.7% 45084 normal
2018-12-20__20:40 [0.48,0.64,0.49] 15.6% 44007 normal
2018-12-20__20:40 [0.45,0.63,0.49] 36.0% 44007 normal
2018-12-20__20:40 [0.41,0.62,0.49] 28.1% 45084 normal
2018-12-20__20:40 [0.46,0.63,0.49] 9.0% 44007 normal
2018-12-20__20:40 [0.39,0.61,0.48] 8.0% 44007 normal
2018-12-20__20:40 [0.35,0.60,0.48] 6.4% 43470 normal
2018-12-20__20:40 [0.33,0.59,0.48] 3.9% 44007 normal
2018-12-20__20:40 [0.30,0.58,0.47] 13.0% 42932 normal
2018-12-20__20:40 [0.36,0.58,0.48] 9.0% 42932 normal
2018-12-20__20:40 [0.33,0.57,0.47] 6.6% 42932 normal
2018-12-20__20:41 [0.30,0.56,0.47] 4.7% 44007 normal
2018-12-20__20:41 [0.25,0.54,0.46] 9.4% 44546 normal
2018-12-20__20:41 [0.39,0.57,0.47] 2.9% 45084 normal
2018-12-20__20:41 [0.36,0.56,0.47] 10.2% 45084 normal
2018-12-20__20:41 [0.33,0.55,0.47] 24.2% 45084 normal
2018-12-20__20:41 [0.31,0.54,0.46] 34.3% 44546 normal
2018-12-20__20:41 [0.28,0.53,0.46] 29.7% 45084 normal
2018-12-20__20:41 [0.34,0.54,0.46] 7.2% 44007 normal
2018-12-20__20:41 [0.36,0.54,0.46] 5.5% 43470 normal
2018-12-20__20:41 [0.33,0.53,0.46] 10.4% 42932 normal
2018-12-20__20:41 [0.30,0.52,0.46] 6.9% 44007 normal
2018-12-20__20:42 [0.36,0.53,0.46] 6.9% 43470 normal
2018-12-20__20:42 [0.33,0.52,0.46] 5.1% 43470 normal
2018-12-20__20:42 [0.30,0.51,0.46] 9.5% 43470 normal
2018-12-20__20:42 [0.28,0.50,0.45] 9.4% 45084 normal
2018-12-20__20:42 [0.24,0.48,0.45] 17.1% 44007 normal
2018-12-20__20:42 [0.46,0.53,0.46] 16.6% 44007 normal
2018-12-20__20:42 [0.50,0.53,0.46] 32.1% 44546 normal
2018-12-20__20:42 [0.54,0.54,0.47] 38.9% 45084 normal
2018-12-20__20:42 [0.58,0.55,0.47] 22.6% 44546 normal
2018-12-20__20:42 [0.53,0.54,0.47] 18.6% 44007 normal
2018-12-20__20:43 [0.57,0.55,0.47] 4.2% 42932 normal
2018-12-20__20:43 [0.60,0.56,0.47] 12.4% 43470 normal
2018-12-20__20:43 [0.58,0.55,0.47] 15.6% 45084 normal
2018-12-20__20:43 [0.54,0.54,0.47] 8.9% 44007 normal
2018-12-20__20:43 [0.58,0.55,0.47] 3.3% 43470 normal
2018-12-20__20:43 [0.53,0.54,0.47] 14.7% 44007 normal
2018-12-20__20:43 [0.65,0.57,0.48] 8.4% 44007 normal
2018-12-20__20:43 [0.59,0.56,0.48] 8.6% 44546 normal
