2018-12-23 14:48:16 0 disk 46172 26126 38.8%
2018-12-23 14:48:16 1 /dev 3893 3893 0%
2018-12-23 14:48:16 1 /snap/core/6130 90 0 100%
2018-12-23 14:49:16 0 disk 46172 26125 38.8%
2018-12-23 14:49:16 1 /dev 3893 3893 0%
2018-12-23 14:49:16 1 /snap/core/6130 90 0 100%
2018-12-23 14:50:17 0 disk 46172 26125 38.8%
2018-12-23 14:50:17 1 /dev 3893 3893 0%
2018-12-23 14:50:17 1 /snap/core/6130 90 0 100%
2018-12-23 14:51:17 0 disk 46172 26125 38.8%
2018-12-23 14:51:17 1 /dev 3893 3893 0%
2018-12-23 14:51:17 1 /snap/core/6130 90 0 100%
2018-12-23 14:52:17 0 disk 46172 26125 38.8%
2018-12-23 14:52:17 1 /dev 3893 3893 0%
2018-12-23 14:52:17 1 /snap/core/6130 90 0 100%
2018-12-23 14:53:17 0 disk 46172 26125 38.8%
2018-12-23 14:53:17 1 /dev 3893 3893 0%
2018-12-23 14:53:17 1 /snap/core/6130 90 0 100%
2018-12-23 14:54:18 0 disk 46172 26124 38.8%
2018-12-23 14:54:18 1 /dev 3893 3893 0%
2018-12-23 14:54:18 1 /snap/core/6130 90 0 100%
2018-12-23 14:55:18 0 disk 46172 26124 38.8%
2018-12-23 14:55:18 1 /dev 3893 3893 0%
2018-12-23 14:55:18 1 /snap/core/6130 90 0 100%
2018-12-23 15:09:16 0 disk 29941 12995 52.4%
2018-12-23 15:09:16 1 / 29899 12974 55%
2018-12-23 15:09:16 1 /boot 42 21 51%
2018-12-23 15:10:18 0 disk 29941 12995 52.4%
2018-12-23 15:10:18 1 / 29899 12974 55%
2018-12-23 15:10:18 1 /boot 42 21 51%
2018-12-23 15:11:19 0 disk 29941 12995 52.4%
2018-12-23 15:11:19 1 / 29899 12974 55%
2018-12-23 15:11:19 1 /boot 42 21 51%
2018-12-23 15:12:20 0 disk 29941 12995 52.4%
2018-12-23 15:12:20 1 / 29899 12974 55%
2018-12-23 15:12:20 1 /boot 42 21 51%
2018-12-23 15:13:21 0 disk 29941 12995 52.4%
2018-12-23 15:13:21 1 / 29899 12974 55%
2018-12-23 15:13:21 1 /boot 42 21 51%
2018-12-23 15:14:23 0 disk 29941 12995 52.4%
2018-12-23 15:14:23 1 / 29899 12974 55%
2018-12-23 15:14:23 1 /boot 42 21 51%
2018-12-23 15:15:24 0 disk 29941 12995 52.4%
2018-12-23 15:15:24 1 / 29899 12974 55%
2018-12-23 15:15:24 1 /boot 42 21 51%
2018-12-23 15:16:25 0 disk 29941 12995 52.4%
2018-12-23 15:16:25 1 / 29899 12974 55%
2018-12-23 15:16:25 1 /boot 42 21 51%
2018-12-23 15:17:27 0 disk 29941 12995 52.4%
2018-12-23 15:17:27 1 / 29899 12974 55%
2018-12-23 15:17:27 1 /boot 42 21 51%
2018-12-23 15:18:29 0 disk 29941 12995 52.4%
2018-12-23 15:18:29 1 / 29899 12974 55%
2018-12-23 15:18:29 1 /boot 42 21 51%
2018-12-23 15:19:31 0 disk 29941 12995 52.4%
2018-12-23 15:19:31 1 / 29899 12974 55%
2018-12-23 15:19:31 1 /boot 42 21 51%
2018-12-23 15:20:32 0 disk 29941 12995 52.4%
2018-12-23 15:20:32 1 / 29899 12974 55%
2018-12-23 15:20:32 1 /boot 42 21 51%
2018-12-23 15:21:33 0 disk 29941 12995 52.4%
2018-12-23 15:21:33 1 / 29899 12974 55%
2018-12-23 15:21:33 1 /boot 42 21 51%
2018-12-23 15:22:34 0 disk 29941 12995 52.4%
2018-12-23 15:22:34 1 / 29899 12974 55%
2018-12-23 15:22:34 1 /boot 42 21 51%
2018-12-23 15:23:35 0 disk 29941 12995 52.4%
2018-12-23 15:23:35 1 / 29899 12974 55%
2018-12-23 15:23:35 1 /boot 42 21 51%
2018-12-23 15:24:37 0 disk 29941 12995 52.4%
2018-12-23 15:24:37 1 / 29899 12974 55%
2018-12-23 15:24:37 1 /boot 42 21 51%
2018-12-23 15:25:39 0 disk 29941 12995 52.4%
2018-12-23 15:25:39 1 / 29899 12974 55%
2018-12-23 15:25:39 1 /boot 42 21 51%
2018-12-23 15:26:40 0 disk 29941 12995 52.4%
2018-12-23 15:26:40 1 / 29899 12974 55%
2018-12-23 15:26:40 1 /boot 42 21 51%
2018-12-23 15:27:42 0 disk 29941 12947 52.6%
2018-12-23 15:27:42 1 / 29899 12926 55%
2018-12-23 15:27:42 1 /boot 42 21 51%
2018-12-23 15:28:44 0 disk 29941 12995 52.4%
2018-12-23 15:28:44 1 / 29899 12974 55%
2018-12-23 15:28:44 1 /boot 42 21 51%
2018-12-23 15:29:45 0 disk 29941 12995 52.4%
2018-12-23 15:29:45 1 / 29899 12974 55%
2018-12-23 15:29:45 1 /boot 42 21 51%
2018-12-23 15:30:46 0 disk 29941 12995 52.4%
2018-12-23 15:30:46 1 / 29899 12974 55%
2018-12-23 15:30:46 1 /boot 42 21 51%
2018-12-23 15:31:47 0 disk 29941 12995 52.4%
2018-12-23 15:31:47 1 / 29899 12974 55%
2018-12-23 15:31:47 1 /boot 42 21 51%
2018-12-23 15:32:49 0 disk 29941 12994 52.4%
2018-12-23 15:32:49 1 / 29899 12973 55%
2018-12-23 15:32:49 1 /boot 42 21 51%
2018-12-23 15:33:50 0 disk 29941 12994 52.4%
2018-12-23 15:33:50 1 / 29899 12973 55%
2018-12-23 15:33:50 1 /boot 42 21 51%
2018-12-23 15:34:51 0 disk 29941 12994 52.4%
2018-12-23 15:34:51 1 / 29899 12973 55%
2018-12-23 15:34:51 1 /boot 42 21 51%
2018-12-23 15:35:53 0 disk 29941 12994 52.4%
2018-12-23 15:35:53 1 / 29899 12973 55%
2018-12-23 15:35:53 1 /boot 42 21 51%
2018-12-23 15:36:55 0 disk 29941 12994 52.4%
2018-12-23 15:36:55 1 / 29899 12973 55%
2018-12-23 15:36:55 1 /boot 42 21 51%
2018-12-23 15:37:56 0 disk 29941 12994 52.4%
2018-12-23 15:37:56 1 / 29899 12973 55%
2018-12-23 15:37:56 1 /boot 42 21 51%
2018-12-23 15:38:58 0 disk 29941 12994 52.4%
2018-12-23 15:38:58 1 / 29899 12973 55%
2018-12-23 15:38:58 1 /boot 42 21 51%
2018-12-23 15:39:59 0 disk 29941 12994 52.4%
2018-12-23 15:39:59 1 / 29899 12973 55%
2018-12-23 15:39:59 1 /boot 42 21 51%
2018-12-23 15:41:00 0 disk 29941 12994 52.4%
2018-12-23 15:41:00 1 / 29899 12973 55%
2018-12-23 15:41:00 1 /boot 42 21 51%
2018-12-23 15:42:01 0 disk 29941 12994 52.4%
2018-12-23 15:42:01 1 / 29899 12973 55%
2018-12-23 15:42:01 1 /boot 42 21 51%
2018-12-23 15:43:02 0 disk 29941 12994 52.4%
2018-12-23 15:43:02 1 / 29899 12973 55%
2018-12-23 15:43:02 1 /boot 42 21 51%
2018-12-23 15:44:04 0 disk 29941 12994 52.4%
2018-12-23 15:44:04 1 / 29899 12973 55%
2018-12-23 15:44:04 1 /boot 42 21 51%
2018-12-23 15:45:06 0 disk 29941 12994 52.4%
2018-12-23 15:45:06 1 / 29899 12973 55%
2018-12-23 15:45:06 1 /boot 42 21 51%
2018-12-23 15:46:07 0 disk 29941 12994 52.4%
2018-12-23 15:46:07 1 / 29899 12973 55%
2018-12-23 15:46:07 1 /boot 42 21 51%
2018-12-23 15:47:08 0 disk 29941 12994 52.4%
2018-12-23 15:47:08 1 / 29899 12973 55%
2018-12-23 15:47:08 1 /boot 42 21 51%
2018-12-23 15:48:10 0 disk 29941 12994 52.4%
2018-12-23 15:48:10 1 / 29899 12973 55%
2018-12-23 15:48:10 1 /boot 42 21 51%
2018-12-23 15:49:11 0 disk 29941 12994 52.4%
2018-12-23 15:49:11 1 / 29899 12973 55%
2018-12-23 15:49:11 1 /boot 42 21 51%
2018-12-23 15:50:12 0 disk 29941 12994 52.4%
2018-12-23 15:50:12 1 / 29899 12973 55%
2018-12-23 15:50:12 1 /boot 42 21 51%
2018-12-23 15:51:13 0 disk 29941 12994 52.4%
2018-12-23 15:51:13 1 / 29899 12973 55%
2018-12-23 15:51:13 1 /boot 42 21 51%
2018-12-23 15:52:14 0 disk 29941 12994 52.4%
2018-12-23 15:52:14 1 / 29899 12973 55%
2018-12-23 15:52:14 1 /boot 42 21 51%
2018-12-23 15:53:16 0 disk 29941 12994 52.4%
2018-12-23 15:53:16 1 / 29899 12973 55%
2018-12-23 15:53:16 1 /boot 42 21 51%
