2018-12-23__14:47:26  TTY PID TIME CMD
 pts/1 9502 00:00:00 a.out
 pts/1 13858 00:00:00 bash
 pts/4 17938 00:00:04 Server
2018-12-23__14:48:01  TTY PID TIME CMD
 pts/1 9502 00:00:00 a.out
 pts/1 13858 00:00:00 bash
 pts/4 17938 00:00:04 Server
2018-12-23__14:48:36  TTY PID TIME CMD
 pts/1 9502 00:00:00 a.out
 pts/1 13858 00:00:00 bash
 pts/4 17938 00:00:04 Server
2018-12-23__14:49:11  TTY PID TIME CMD
 pts/1 9502 00:00:00 a.out
 pts/1 13858 00:00:00 bash
 pts/4 17938 00:00:04 Server
2018-12-23__14:49:46  TTY PID TIME CMD
 pts/1 9502 00:00:00 a.out
 pts/1 13858 00:00:00 bash
 pts/4 17938 00:00:04 Server
2018-12-23__14:50:21  TTY PID TIME CMD
 pts/1 9502 00:00:00 a.out
 pts/1 13858 00:00:00 bash
 pts/4 17938 00:00:04 Server
2018-12-23__14:50:56  TTY PID TIME CMD
 pts/1 9502 00:00:00 a.out
 pts/1 13858 00:00:00 bash
 pts/4 17938 00:00:04 Server
2018-12-23__14:51:31  TTY PID TIME CMD
 pts/1 9502 00:00:00 a.out
 pts/1 13858 00:00:00 bash
 pts/4 17938 00:00:04 Server
2018-12-23__14:52:06  TTY PID TIME CMD
 pts/1 9502 00:00:00 a.out
 pts/1 13858 00:00:00 bash
 pts/4 17938 00:00:04 Server
2018-12-23__14:52:42  TTY PID TIME CMD
 pts/1 9502 00:00:00 a.out
 pts/1 13858 00:00:00 bash
 pts/4 17938 00:00:04 Server
2018-12-23__14:53:17  TTY PID TIME CMD
 pts/1 9502 00:00:00 a.out
 pts/1 13858 00:00:00 bash
 pts/4 17938 00:00:04 Server
2018-12-23__14:53:52  TTY PID TIME CMD
 pts/1 9502 00:00:00 a.out
 pts/1 13858 00:00:00 bash
 pts/4 17938 00:00:04 Server
2018-12-23__14:54:27  TTY PID TIME CMD
 pts/1 9502 00:00:00 a.out
 pts/1 13858 00:00:00 bash
 pts/4 17938 00:00:04 Server
2018-12-23__14:55:02  TTY PID TIME CMD
 pts/1 9502 00:00:00 a.out
 pts/1 13858 00:00:00 bash
 pts/4 17938 00:00:04 Server
2018-12-23__14:55:37  TTY PID TIME CMD
 pts/1 9502 00:00:00 a.out
 pts/1 13858 00:00:00 bash
 pts/4 17938 00:00:04 Server
2018-12-23__15:09:16  TTY PID TIME CMD
 pts/1 9502 00:00:00 a.out
 pts/1 13858 00:00:00 bash
 pts/4 17938 00:00:04 Server
2018-12-23__15:09:52  TTY PID TIME CMD
 pts/1 9502 00:00:00 a.out
 pts/1 13858 00:00:00 bash
 pts/4 17938 00:00:04 Server
2018-12-23__15:10:28  TTY PID TIME CMD
 pts/1 9502 00:00:00 a.out
 pts/1 13858 00:00:00 bash
 pts/4 17938 00:00:04 Server
2018-12-23__15:11:03  TTY PID TIME CMD
 pts/1 9502 00:00:00 a.out
 pts/1 13858 00:00:00 bash
 pts/4 17938 00:00:04 Server
2018-12-23__15:11:39  TTY PID TIME CMD
 pts/1 9502 00:00:00 a.out
 pts/1 13858 00:00:00 bash
 pts/4 17938 00:00:04 Server
2018-12-23__15:12:14  TTY PID TIME CMD
 pts/1 9502 00:00:00 a.out
 pts/1 13858 00:00:00 bash
 pts/4 17938 00:00:04 Server
2018-12-23__15:12:50  TTY PID TIME CMD
 pts/1 9502 00:00:00 a.out
 pts/1 13858 00:00:00 bash
 pts/4 17938 00:00:04 Server
2018-12-23__15:13:26  TTY PID TIME CMD
 pts/1 9502 00:00:00 a.out
 pts/1 13858 00:00:00 bash
 pts/4 17938 00:00:04 Server
2018-12-23__15:14:02  TTY PID TIME CMD
 pts/1 9502 00:00:00 a.out
 pts/1 13858 00:00:00 bash
 pts/4 17938 00:00:04 Server
2018-12-23__15:14:37  TTY PID TIME CMD
 pts/1 9502 00:00:00 a.out
 pts/1 13858 00:00:00 bash
 pts/4 17938 00:00:04 Server
2018-12-23__15:15:13  TTY PID TIME CMD
 pts/1 9502 00:00:00 a.out
 pts/1 13858 00:00:00 bash
 pts/4 17938 00:00:04 Server
2018-12-23__15:15:49  TTY PID TIME CMD
 pts/1 9502 00:00:00 a.out
 pts/1 13858 00:00:00 bash
 pts/4 17938 00:00:04 Server
2018-12-23__15:16:25  TTY PID TIME CMD
 pts/1 9502 00:00:00 a.out
 pts/1 13858 00:00:00 bash
 pts/4 17938 00:00:04 Server
2018-12-23__15:17:01  TTY PID TIME CMD
 pts/1 9502 00:00:00 a.out
 pts/1 13858 00:00:00 bash
 pts/4 17938 00:00:04 Server
2018-12-23__15:17:37  TTY PID TIME CMD
 pts/1 9502 00:00:00 a.out
 pts/1 13858 00:00:00 bash
 pts/4 17938 00:00:04 Server
2018-12-23__15:18:13  TTY PID TIME CMD
 pts/1 9502 00:00:00 a.out
 pts/1 13858 00:00:00 bash
 pts/4 17938 00:00:04 Server
2018-12-23__15:18:49  TTY PID TIME CMD
 pts/1 9502 00:00:00 a.out
 pts/1 13858 00:00:00 bash
 pts/4 17938 00:00:04 Server
2018-12-23__15:19:24  TTY PID TIME CMD
 pts/1 9502 00:00:00 a.out
 pts/1 13858 00:00:00 bash
 pts/4 17938 00:00:04 Server
2018-12-23__15:20:00  TTY PID TIME CMD
 pts/1 9502 00:00:00 a.out
 pts/1 13858 00:00:00 bash
 pts/4 17938 00:00:04 Server
2018-12-23__15:20:36  TTY PID TIME CMD
 pts/1 9502 00:00:00 a.out
 pts/1 13858 00:00:00 bash
 pts/4 17938 00:00:04 Server
2018-12-23__15:21:11  TTY PID TIME CMD
 pts/1 9502 00:00:00 a.out
 pts/1 13858 00:00:00 bash
 pts/4 17938 00:00:04 Server
2018-12-23__15:21:47  TTY PID TIME CMD
 pts/1 9502 00:00:00 a.out
 pts/1 13858 00:00:00 bash
 pts/4 17938 00:00:04 Server
2018-12-23__15:22:23  TTY PID TIME CMD
 pts/1 9502 00:00:00 a.out
 pts/1 13858 00:00:00 bash
 pts/4 17938 00:00:04 Server
2018-12-23__15:22:59  TTY PID TIME CMD
 pts/1 9502 00:00:00 a.out
 pts/1 13858 00:00:00 bash
 pts/4 17938 00:00:04 Server
2018-12-23__15:23:35  TTY PID TIME CMD
 pts/1 9502 00:00:00 a.out
 pts/1 13858 00:00:00 bash
 pts/4 17938 00:00:04 Server
2018-12-23__15:24:11  TTY PID TIME CMD
 pts/1 9502 00:00:00 a.out
 pts/1 13858 00:00:00 bash
 pts/4 17938 00:00:04 Server
2018-12-23__15:24:46  TTY PID TIME CMD
 pts/1 9502 00:00:00 a.out
 pts/1 13858 00:00:00 bash
 pts/4 17938 00:00:04 Server
2018-12-23__15:25:22  TTY PID TIME CMD
 pts/1 9502 00:00:00 a.out
 pts/1 13858 00:00:00 bash
 pts/4 17938 00:00:04 Server
2018-12-23__15:25:58  TTY PID TIME CMD
 pts/1 9502 00:00:00 a.out
 pts/1 13858 00:00:00 bash
 pts/4 17938 00:00:04 Server
2018-12-23__15:26:33  TTY PID TIME CMD
 pts/1 9502 00:00:00 a.out
 pts/1 13858 00:00:00 bash
 pts/4 17938 00:00:04 Server
2018-12-23__15:27:09  TTY PID TIME CMD
 pts/1 9502 00:00:00 a.out
 pts/1 13858 00:00:00 bash
 pts/4 17938 00:00:04 Server
2018-12-23__15:27:44 /usr/lib/apt/methods/store 3443 _apt 95.8 1.3
2018-12-23__15:28:20 /usr/lib/apt/methods/store 3443 _apt 95.8 1.3
2018-12-23__15:28:55 /usr/lib/apt/methods/store 3443 _apt 95.8 1.3
2018-12-23__15:29:30 /usr/lib/apt/methods/store 3443 _apt 95.8 1.3
2018-12-23__15:30:06 /usr/lib/apt/methods/store 3443 _apt 95.8 1.3
2018-12-23__15:30:41 /usr/lib/apt/methods/store 3443 _apt 95.8 1.3
2018-12-23__15:31:16 /usr/lib/apt/methods/store 3443 _apt 95.8 1.3
2018-12-23__15:31:52 /usr/lib/apt/methods/store 3443 _apt 95.8 1.3
2018-12-23__15:32:27 /usr/lib/apt/methods/store 3443 _apt 95.8 1.3
2018-12-23__15:33:03 /usr/lib/apt/methods/store 3443 _apt 95.8 1.3
2018-12-23__15:33:38 /usr/lib/apt/methods/store 3443 _apt 95.8 1.3
2018-12-23__15:34:13 /usr/lib/apt/methods/store 3443 _apt 95.8 1.3
2018-12-23__15:34:49 /usr/lib/apt/methods/store 3443 _apt 95.8 1.3
2018-12-23__15:35:24 /usr/lib/apt/methods/store 3443 _apt 95.8 1.3
2018-12-23__15:36:00 /usr/lib/apt/methods/store 3443 _apt 95.8 1.3
2018-12-23__15:36:35 /usr/lib/apt/methods/store 3443 _apt 95.8 1.3
2018-12-23__15:37:10 /usr/lib/apt/methods/store 3443 _apt 95.8 1.3
2018-12-23__15:37:46 /usr/lib/apt/methods/store 3443 _apt 95.8 1.3
2018-12-23__15:38:21 /usr/lib/apt/methods/store 3443 _apt 95.8 1.3
2018-12-23__15:38:57 /usr/lib/apt/methods/store 3443 _apt 95.8 1.3
2018-12-23__15:39:32 /usr/lib/apt/methods/store 3443 _apt 95.8 1.3
2018-12-23__15:40:07 /usr/lib/apt/methods/store 3443 _apt 95.8 1.3
2018-12-23__15:40:43 /usr/lib/apt/methods/store 3443 _apt 95.8 1.3
2018-12-23__15:41:18 /usr/lib/apt/methods/store 3443 _apt 95.8 1.3
2018-12-23__15:41:53 /usr/lib/apt/methods/store 3443 _apt 95.8 1.3
2018-12-23__15:42:29 /usr/lib/apt/methods/store 3443 _apt 95.8 1.3
2018-12-23__15:43:04 /usr/lib/apt/methods/store 3443 _apt 95.8 1.3
2018-12-23__15:43:40 /usr/lib/apt/methods/store 3443 _apt 95.8 1.3
2018-12-23__15:44:15 /usr/lib/apt/methods/store 3443 _apt 95.8 1.3
2018-12-23__15:44:50 /usr/lib/apt/methods/store 3443 _apt 95.8 1.3
2018-12-23__15:45:26 /usr/lib/apt/methods/store 3443 _apt 95.8 1.3
2018-12-23__15:46:01 /usr/lib/apt/methods/store 3443 _apt 95.8 1.3
2018-12-23__15:46:37 /usr/lib/apt/methods/store 3443 _apt 95.8 1.3
2018-12-23__15:47:12 /usr/lib/apt/methods/store 3443 _apt 95.8 1.3
2018-12-23__15:47:48 /usr/lib/apt/methods/store 3443 _apt 95.8 1.3
2018-12-23__15:48:23 /usr/lib/apt/methods/store 3443 _apt 95.8 1.3
2018-12-23__15:48:58 /usr/lib/apt/methods/store 3443 _apt 95.8 1.3
2018-12-23__15:49:34 /usr/lib/apt/methods/store 3443 _apt 95.8 1.3
2018-12-23__15:50:09 /usr/lib/apt/methods/store 3443 _apt 95.8 1.3
2018-12-23__15:50:45 /usr/lib/apt/methods/store 3443 _apt 95.8 1.3
2018-12-23__15:51:20 /usr/lib/apt/methods/store 3443 _apt 95.8 1.3
2018-12-23__15:51:56 /usr/lib/apt/methods/store 3443 _apt 95.8 1.3
2018-12-23__15:52:31 /usr/lib/apt/methods/store 3443 _apt 95.8 1.3
2018-12-23__15:53:06 /usr/lib/apt/methods/store 3443 _apt 95.8 1.3
2018-12-23__15:53:42 /usr/lib/apt/methods/store 3443 _apt 95.8 1.3
