2018-12-23__15:09 [1.23,1.83,1.62] 47.4% 55843 note
2018-12-23__15:10 [1.13,1.80,1.61] 33.5% 55843 note
2018-12-23__15:10 [1.28,1.82,1.62] 38.3% 60148 note
2018-12-23__15:10 [1.55,1.86,1.64] 37.4% 60148 note
2018-12-23__15:10 [1.59,1.86,1.64] 37.1% 58533 note
2018-12-23__15:10 [1.70,1.88,1.65] 22.1% 58533 note
2018-12-23__15:10 [1.56,1.85,1.64] 5.7% 56920 note
2018-12-23__15:10 [1.44,1.82,1.63] 2.0% 54230 note
2018-12-23__15:10 [1.32,1.79,1.62] 7.3% 53154 note
2018-12-23__15:10 [1.38,1.79,1.62] 14.7% 53154 note
2018-12-23__15:10 [1.27,1.76,1.61] 3.4% 53692 note
2018-12-23__15:10 [1.15,1.72,1.60] 3.4% 53692 note
2018-12-23__15:11 [1.22,1.72,1.60] 36.3% 57996 note
2018-12-23__15:11 [1.20,1.71,1.60] 38.5% 58533 note
2018-12-23__15:11 [1.19,1.70,1.60] 51.7% 59610 note
2018-12-23__15:11 [1.25,1.70,1.60] 51.4% 61224 note
2018-12-23__15:11 [1.15,1.68,1.59] 8.0% 56382 note
2018-12-23__15:11 [1.06,1.65,1.58] 7.6% 53692 note
2018-12-23__15:11 [0.90,1.59,1.56] 12.8% 52615 note
2018-12-23__15:11 [0.82,1.57,1.55] 15.3% 54230 note
2018-12-23__15:11 [0.84,1.56,1.55] 5.7% 54230 note
2018-12-23__15:11 [0.77,1.53,1.54] 10.4% 52615 note
2018-12-23__15:12 [0.79,1.52,1.54] 41.1% 54230 note
2018-12-23__15:12 [0.89,1.53,1.54] 36.2% 55306 note
2018-12-23__15:12 [1.06,1.55,1.55] 56.2% 56920 note
2018-12-23__15:12 [1.19,1.57,1.55] 42.5% 58533 note
2018-12-23__15:12 [1.18,1.56,1.55] 54.9% 60686 note
2018-12-23__15:12 [1.08,1.53,1.54] 35.2% 56920 note
2018-12-23__15:12 [1.00,1.51,1.53] 43.4% 56382 note
2018-12-23__15:12 [0.92,1.48,1.53] 22.6% 54768 note
2018-12-23__15:12 [0.84,1.46,1.52] 29.8% 54230 note
2018-12-23__15:12 [0.78,1.43,1.51] 2.9% 54768 note
2018-12-23__15:12 [0.71,1.41,1.50] 29.8% 55843 note
2018-12-23__15:13 [0.91,1.43,1.51] 34.3% 57458 note
2018-12-23__15:13 [1.08,1.45,1.52] 33.5% 58533 note
2018-12-23__15:13 [1.07,1.45,1.51] 34.0% 59072 note
2018-12-23__15:13 [1.07,1.44,1.51] 58.5% 59072 note
2018-12-23__15:13 [1.14,1.45,1.51] 65.3% 61224 note
2018-12-23__15:13 [1.29,1.47,1.52] 8.0% 57996 note
2018-12-23__15:13 [1.19,1.45,1.51] 5.7% 54230 note
2018-12-23__15:13 [1.00,1.40,1.50] 2.4% 52615 note
2018-12-23__15:13 [1.00,1.39,1.49] 49.6% 55306 note
2018-12-23__15:13 [1.00,1.39,1.49] 2.4% 53154 note
2018-12-23__15:13 [0.92,1.36,1.48] 36.9% 53692 note
2018-12-23__15:14 [0.85,1.34,1.47] 32.4% 54768 note
2018-12-23__15:14 [0.86,1.34,1.47] 37.4% 57458 note
2018-12-23__15:14 [0.87,1.33,1.47] 50.3% 56382 note
2018-12-23__15:14 [1.05,1.35,1.47] 32.4% 58533 note
2018-12-23__15:14 [1.04,1.35,1.47] 35.5% 59072 note
2018-12-23__15:14 [1.04,1.34,1.47] 47.2% 60148 note
2018-12-23__15:14 [0.95,1.32,1.46] 2.8% 55306 note
2018-12-23__15:14 [0.88,1.30,1.45] 2.9% 52615 note
2018-12-23__15:14 [0.97,1.31,1.45] 28.4% 55306 note
2018-12-23__15:14 [1.05,1.32,1.46] 28.5% 54768 note
2018-12-23__15:15 [1.29,1.36,1.47] 13.8% 53692 note
2018-12-23__15:15 [1.38,1.38,1.48] 11.0% 52078 note
2018-12-23__15:15 [1.35,1.38,1.47] 37.6% 55843 note
2018-12-23__15:15 [1.49,1.41,1.48] 33.4% 55843 note
2018-12-23__15:15 [1.53,1.42,1.48] 36.4% 57996 note
2018-12-23__15:15 [1.48,1.41,1.48] 33.1% 58533 note
2018-12-23__15:15 [1.53,1.42,1.48] 49.6% 56920 note
2018-12-23__15:15 [1.48,1.41,1.48] 33.2% 56920 note
2018-12-23__15:15 [1.33,1.38,1.47] 7.5% 53692 note
2018-12-23__15:15 [1.22,1.36,1.46] 1.9% 52078 note
2018-12-23__15:15 [1.12,1.33,1.45] 15.7% 53692 note
2018-12-23__15:16 [1.11,1.33,1.45] 41.1% 54768 note
2018-12-23__15:16 [1.02,1.31,1.44] 2.4% 52615 note
2018-12-23__15:16 [0.94,1.28,1.44] 15.6% 52078 note
2018-12-23__15:16 [1.03,1.30,1.44] 33.4% 57996 note
2018-12-23__15:16 [1.10,1.31,1.44] 62.8% 60686 note
2018-12-23__15:16 [1.24,1.33,1.45] 38.9% 59072 note
2018-12-23__15:16 [1.30,1.34,1.45] 34.8% 59072 note
2018-12-23__15:16 [1.28,1.34,1.45] 28.6% 60148 note
2018-12-23__15:16 [1.18,1.31,1.44] 36.2% 57996 note
2018-12-23__15:16 [1.08,1.29,1.43] 9.4% 53692 note
2018-12-23__15:17 [1.00,1.27,1.43] 32.8% 53692 note
2018-12-23__15:17 [0.92,1.25,1.42] 6.2% 53692 note
2018-12-23__15:17 [0.85,1.22,1.41] 36.1% 54768 note
2018-12-23__15:17 [0.79,1.20,1.40] 12.3% 52078 note
2018-12-23__15:17 [0.88,1.22,1.40] 34.5% 56920 note
2018-12-23__15:17 [1.05,1.25,1.41] 43.7% 56920 note
2018-12-23__15:17 [1.13,1.26,1.42] 68.7% 57458 note
2018-12-23__15:17 [1.28,1.29,1.43] 32.1% 57996 note
2018-12-23__15:17 [1.42,1.32,1.43] 31.9% 59072 note
2018-12-23__15:17 [1.27,1.29,1.42] 15.6% 57458 note
2018-12-23__15:17 [1.33,1.30,1.43] 34.2% 55306 note
2018-12-23__15:18 [1.22,1.28,1.42] 40.8% 55843 note
2018-12-23__15:18 [1.13,1.26,1.41] 19.7% 53154 note
2018-12-23__15:18 [1.12,1.26,1.41] 10.9% 53692 note
2018-12-23__15:18 [1.03,1.23,1.40] 40.3% 53692 note
2018-12-23__15:18 [1.02,1.23,1.40] 31.1% 55306 note
2018-12-23__15:18 [1.02,1.22,1.39] 32.6% 56920 note
2018-12-23__15:18 [1.02,1.22,1.39] 34.0% 55843 note
2018-12-23__15:18 [1.02,1.22,1.39] 80.9% 60148 note
2018-12-23__15:18 [1.02,1.21,1.39] 34.3% 57996 note
2018-12-23__15:18 [1.01,1.21,1.38] 32.6% 59072 note
2018-12-23__15:19 [1.01,1.20,1.38] 15.8% 57996 note
2018-12-23__15:19 [0.93,1.18,1.37] 36.8% 56382 note
2018-12-23__15:19 [0.94,1.18,1.37] 2.8% 54230 note
2018-12-23__15:19 [0.79,1.14,1.36] 2.8% 52078 note
2018-12-23__15:19 [0.81,1.14,1.35] 3.3% 52615 note
2018-12-23__15:19 [0.74,1.12,1.35] 41.9% 53692 note
2018-12-23__15:19 [0.68,1.10,1.34] 34.0% 52615 note
2018-12-23__15:19 [0.71,1.10,1.34] 31.8% 56382 note
2018-12-23__15:19 [0.73,1.10,1.34] 33.5% 57996 note
2018-12-23__15:19 [0.83,1.11,1.34] 56.8% 59072 note
2018-12-23__15:19 [0.93,1.12,1.34] 33.5% 59072 note
2018-12-23__15:20 [0.94,1.12,1.34] 32.1% 56920 note
2018-12-23__15:20 [1.02,1.14,1.34] 55.8% 57996 note
2018-12-23__15:20 [1.02,1.13,1.34] 32.7% 56920 note
2018-12-23__15:20 [1.66,1.26,1.38] 10.2% 54230 note
2018-12-23__15:20 [1.53,1.24,1.38] 2.4% 53154 note
2018-12-23__15:20 [1.49,1.24,1.37] 9.4% 52078 note
2018-12-23__15:20 [1.26,1.20,1.36] 24.7% 53154 note
2018-12-23__15:20 [1.72,1.29,1.39] 3.7% 51540 note
2018-12-23__15:20 [1.58,1.27,1.38] 2.4% 51540 note
2018-12-23__15:20 [1.61,1.28,1.38] 32.3% 55843 note
2018-12-23__15:21 [1.64,1.30,1.39] 56.1% 58533 note
2018-12-23__15:21 [1.67,1.31,1.39] 48.4% 60148 note
2018-12-23__15:21 [1.62,1.30,1.39] 31.7% 60148 note
2018-12-23__15:21 [1.52,1.29,1.38] 33.5% 59610 note
2018-12-23__15:21 [1.56,1.30,1.39] 52.0% 61224 note
2018-12-23__15:21 [1.44,1.28,1.38] 16.3% 57458 note
2018-12-23__15:21 [1.32,1.26,1.37] 2.9% 53692 note
2018-12-23__15:21 [1.21,1.24,1.36] 4.2% 53154 note
2018-12-23__15:21 [1.12,1.22,1.36] 45.5% 54768 note
2018-12-23__15:21 [1.11,1.22,1.35] 22.1% 53692 note
2018-12-23__15:21 [1.02,1.19,1.35] 1.9% 52078 note
2018-12-23__15:22 [0.94,1.17,1.34] 32.9% 55843 note
2018-12-23__15:22 [1.27,1.24,1.36] 90.1% 59610 note
2018-12-23__15:22 [1.33,1.25,1.36] 41.5% 60148 note
2018-12-23__15:22 [1.30,1.24,1.36] 36.2% 59072 note
2018-12-23__15:22 [1.28,1.24,1.36] 33.9% 59072 note
2018-12-23__15:22 [1.57,1.30,1.38] 34.8% 60148 note
2018-12-23__15:22 [1.85,1.36,1.40] 36.0% 60686 note
2018-12-23__15:22 [1.71,1.35,1.39] 10.7% 56920 note
2018-12-23__15:22 [1.57,1.33,1.38] 4.3% 54230 note
2018-12-23__15:22 [1.45,1.31,1.38] 5.3% 52615 note
2018-12-23__15:23 [1.49,1.32,1.38] 4.3% 54768 note
2018-12-23__15:23 [1.37,1.30,1.37] 19.5% 52078 note
2018-12-23__15:23 [1.26,1.27,1.36] 42.0% 53692 note
2018-12-23__15:23 [1.24,1.27,1.36] 32.1% 54230 note
2018-12-23__15:23 [1.28,1.28,1.36] 30.8% 59610 note
2018-12-23__15:23 [1.26,1.27,1.36] 44.5% 58533 note
2018-12-23__15:23 [1.24,1.27,1.36] 33.7% 57458 note
2018-12-23__15:23 [1.22,1.26,1.36] 32.3% 56382 note
2018-12-23__15:23 [1.36,1.29,1.37] 59.7% 57996 note
2018-12-23__15:23 [1.33,1.29,1.36] 30.3% 59072 note
2018-12-23__15:23 [1.39,1.30,1.37] 37.6% 59072 note
2018-12-23__15:24 [1.39,1.31,1.37] 2.9% 56382 note
2018-12-23__15:24 [1.36,1.30,1.37] 36.7% 56382 note
2018-12-23__15:24 [1.33,1.29,1.36] 6.8% 54768 note
2018-12-23__15:24 [1.23,1.27,1.36] 2.8% 52615 note
2018-12-23__15:24 [1.13,1.25,1.35] 2.9% 51002 note
2018-12-23__15:24 [1.04,1.23,1.34] 29.3% 54230 note
2018-12-23__15:24 [1.03,1.23,1.34] 32.3% 54230 note
2018-12-23__15:24 [1.27,1.27,1.35] 31.0% 57458 note
2018-12-23__15:24 [1.30,1.28,1.36] 48.0% 58533 note
2018-12-23__15:24 [1.36,1.29,1.36] 81.7% 61224 note
2018-12-23__15:25 [1.49,1.32,1.37] 42.2% 60686 note
2018-12-23__15:25 [1.45,1.32,1.37] 31.3% 58533 note
2018-12-23__15:25 [1.41,1.31,1.36] 33.1% 59072 note
2018-12-23__15:25 [1.46,1.32,1.37] 70.9% 60148 note
2018-12-23__15:25 [1.51,1.33,1.37] 31.3% 58533 note
2018-12-23__15:25 [1.35,1.31,1.36] 3.7% 54768 note
2018-12-23__15:25 [1.24,1.28,1.35] 4.8% 53154 note
2018-12-23__15:25 [1.14,1.26,1.35] 32.8% 53692 note
2018-12-23__15:25 [1.05,1.24,1.34] 15.4% 53692 note
2018-12-23__15:25 [0.96,1.22,1.33] 2.9% 52078 note
2018-12-23__15:25 [0.89,1.20,1.32] 26.6% 52615 note
2018-12-23__15:26 [0.82,1.18,1.32] 42.7% 52615 note
2018-12-23__15:26 [0.76,1.16,1.31] 5.5% 51540 note
2018-12-23__15:26 [0.70,1.14,1.30] 3.3% 51002 note
2018-12-23__15:26 [0.65,1.12,1.29] 2.4% 51002 note
2018-12-23__15:26 [0.59,1.10,1.29] 34.0% 52078 note
2018-12-23__15:26 [0.55,1.08,1.28] 6.4% 52078 note
2018-12-23__15:26 [0.50,1.06,1.27] 12.1% 50464 note
2018-12-23__15:26 [0.70,1.09,1.28] 1.5% 51540 note
2018-12-23__15:26 [0.65,1.08,1.27] 35.0% 52615 note
2018-12-23__15:26 [0.69,1.07,1.27] 2.8% 51002 note
2018-12-23__15:27 [0.64,1.05,1.26] 2.4% 50464 note
2018-12-23__15:27 [0.59,1.04,1.26] 3.8% 50464 note
2018-12-23__15:27 [0.62,1.04,1.26] 39.1% 52615 note
2018-12-23__15:27 [0.57,1.02,1.25] 6.6% 52615 note
2018-12-23__15:27 [0.52,1.00,1.24] 3.3% 51002 note
2018-12-23__15:27 [0.48,0.98,1.23] 13.3% 51002 note
2018-12-23__15:27 [0.65,1.00,1.24] 44.5% 53692 note
2018-12-23__15:27 [0.60,0.98,1.23] 31.4% 52078 note
2018-12-23__15:27 [0.55,0.97,1.22] 2.9% 51002 note
2018-12-23__15:27 [0.58,0.97,1.22] 3.3% 50464 note
2018-12-23__15:27 [0.54,0.95,1.22] 36.5% 53154 note
2018-12-23__15:28 [0.49,0.94,1.21] 4.2% 50464 note
2018-12-23__15:28 [0.45,0.92,1.20] 2.8% 49388 normal
2018-12-23__15:28 [0.38,0.89,1.19] 2.4% 50464 note
2018-12-23__15:28 [0.43,0.89,1.19] 27.4% 53692 note
2018-12-23__15:28 [0.40,0.88,1.18] 14.8% 51002 note
2018-12-23__15:28 [0.37,0.86,1.17] 6.4% 51002 note
2018-12-23__15:28 [0.34,0.85,1.17] 13.4% 50464 note
2018-12-23__15:28 [0.31,0.83,1.16] 9.0% 51540 note
2018-12-23__15:28 [0.28,0.82,1.15] 1.9% 49925 normal
2018-12-23__15:28 [0.34,0.82,1.15] 39.9% 52078 note
2018-12-23__15:29 [0.29,0.80,1.14] 2.9% 49925 normal
2018-12-23__15:29 [0.35,0.80,1.14] 9.1% 51540 note
2018-12-23__15:29 [0.32,0.79,1.13] 14.0% 51540 note
2018-12-23__15:29 [0.37,0.79,1.13] 13.9% 49925 normal
2018-12-23__15:29 [0.42,0.79,1.13] 10.8% 51540 note
2018-12-23__15:29 [0.39,0.78,1.13] 8.6% 51540 note
2018-12-23__15:29 [0.40,0.77,1.12] 16.9% 52078 note
2018-12-23__15:29 [0.37,0.76,1.11] 2.4% 49925 normal
2018-12-23__15:29 [0.34,0.75,1.11] 1.5% 49925 normal
2018-12-23__15:29 [0.39,0.75,1.10] 11.3% 50464 note
2018-12-23__15:29 [0.36,0.74,1.10] 3.8% 49925 normal
2018-12-23__15:30 [0.33,0.72,1.09] 6.5% 50464 note
2018-12-23__15:30 [0.31,0.71,1.09] 13.6% 50464 note
2018-12-23__15:30 [0.36,0.72,1.08] 4.9% 52078 note
2018-12-23__15:30 [0.53,0.74,1.09] 24.8% 51540 note
2018-12-23__15:30 [0.65,0.76,1.10] 2.9% 49388 normal
2018-12-23__15:30 [0.60,0.75,1.09] 1.9% 49388 normal
2018-12-23__15:30 [0.63,0.76,1.09] 5.8% 51002 note
2018-12-23__15:30 [0.74,0.78,1.09] 2.8% 50464 note
2018-12-23__15:30 [0.68,0.76,1.09] 3.3% 49388 normal
2018-12-23__15:30 [0.63,0.75,1.08] 13.8% 50464 note
2018-12-23__15:31 [0.60,0.74,1.08] 8.0% 50464 note
2018-12-23__15:31 [0.56,0.73,1.07] 5.2% 50464 note
2018-12-23__15:31 [0.51,0.72,1.06] 5.5% 49388 normal
2018-12-23__15:31 [0.55,0.72,1.06] 19.8% 51540 note
2018-12-23__15:31 [0.75,0.76,1.07] 7.8% 51540 note
2018-12-23__15:31 [0.69,0.75,1.07] 2.4% 49925 normal
2018-12-23__15:31 [0.63,0.73,1.06] 2.8% 49388 normal
2018-12-23__15:31 [0.53,0.71,1.05] 29.0% 49925 normal
2018-12-23__15:31 [0.49,0.70,1.04] 19.5% 50464 note
2018-12-23__15:31 [0.45,0.69,1.04] 13.6% 49388 normal
2018-12-23__15:31 [0.41,0.67,1.03] 4.3% 50464 note
2018-12-23__15:32 [0.62,0.71,1.04] 1.9% 49388 normal
2018-12-23__15:32 [0.65,0.72,1.04] 3.3% 50464 note
2018-12-23__15:32 [0.60,0.71,1.04] 26.9% 51540 note
2018-12-23__15:32 [0.58,0.70,1.03] 4.7% 50464 note
2018-12-23__15:32 [0.53,0.69,1.02] 4.7% 49925 normal
2018-12-23__15:32 [0.49,0.68,1.02] 17.8% 50464 note
2018-12-23__15:32 [0.53,0.68,1.02] 4.9% 51540 note
2018-12-23__15:32 [0.49,0.67,1.01] 4.6% 49388 normal
2018-12-23__15:32 [0.45,0.66,1.01] 38.8% 51540 note
2018-12-23__15:32 [0.49,0.66,1.01] 4.6% 50464 note
2018-12-23__15:32 [0.42,0.64,0.99] 20.6% 49925 normal
2018-12-23__15:33 [0.38,0.63,0.99] 3.3% 49388 normal
2018-12-23__15:33 [0.35,0.62,0.98] 30.7% 51540 note
2018-12-23__15:33 [0.32,0.61,0.98] 22.7% 49925 normal
2018-12-23__15:33 [0.30,0.60,0.97] 36.2% 50464 note
2018-12-23__15:33 [0.27,0.59,0.97] 11.5% 49925 normal
2018-12-23__15:33 [0.25,0.58,0.96] 34.7% 51540 note
2018-12-23__15:33 [0.51,0.63,0.97] 7.5% 51540 note
2018-12-23__15:33 [0.47,0.61,0.97] 2.8% 49388 normal
2018-12-23__15:33 [0.67,0.65,0.98] 2.8% 49388 normal
2018-12-23__15:33 [0.62,0.64,0.97] 32.4% 52078 note
2018-12-23__15:34 [0.57,0.63,0.97] 1.9% 49925 normal
2018-12-23__15:34 [0.52,0.62,0.96] 5.2% 49925 normal
2018-12-23__15:34 [0.48,0.61,0.96] 2.4% 49388 normal
2018-12-23__15:34 [0.44,0.60,0.95] 28.0% 52078 note
2018-12-23__15:34 [0.59,0.63,0.96] 5.5% 50464 note
2018-12-23__15:34 [0.63,0.64,0.96] 8.6% 49925 normal
2018-12-23__15:34 [0.58,0.63,0.95] 1.5% 49388 normal
2018-12-23__15:34 [0.61,0.63,0.95] 5.2% 52615 note
2018-12-23__15:34 [0.56,0.62,0.95] 8.8% 49388 normal
2018-12-23__15:34 [0.52,0.61,0.94] 1.5% 49925 normal
2018-12-23__15:34 [0.47,0.60,0.94] 2.4% 49388 normal
2018-12-23__15:35 [0.48,0.60,0.93] 5.0% 51002 note
2018-12-23__15:35 [0.44,0.59,0.93] 25.8% 49925 normal
2018-12-23__15:35 [0.41,0.58,0.92] 8.8% 49388 normal
2018-12-23__15:35 [0.37,0.57,0.92] 8.9% 49388 normal
2018-12-23__15:35 [0.42,0.57,0.92] 4.2% 50464 note
2018-12-23__15:35 [0.39,0.56,0.91] 1.9% 49925 normal
2018-12-23__15:35 [0.36,0.56,0.91] 2.4% 49925 normal
2018-12-23__15:35 [0.30,0.54,0.90] 2.4% 48850 normal
2018-12-23__15:35 [0.28,0.53,0.89] 1.9% 49925 normal
2018-12-23__15:35 [0.26,0.52,0.89] 2.4% 49388 normal
2018-12-23__15:36 [0.24,0.51,0.88] 2.4% 49388 normal
2018-12-23__15:36 [0.22,0.50,0.88] 10.0% 49388 normal
2018-12-23__15:36 [0.28,0.51,0.88] 4.7% 51540 note
2018-12-23__15:36 [0.26,0.50,0.87] 10.8% 50464 note
2018-12-23__15:36 [0.22,0.48,0.86] 34.3% 51002 note
2018-12-23__15:36 [0.20,0.47,0.86] 5.5% 49388 normal
2018-12-23__15:36 [0.18,0.47,0.85] 2.8% 50464 note
2018-12-23__15:36 [0.33,0.49,0.86] 13.7% 50464 note
2018-12-23__15:36 [0.38,0.50,0.86] 6.1% 49388 normal
2018-12-23__15:36 [0.35,0.49,0.86] 36.4% 50464 note
2018-12-23__15:36 [0.40,0.50,0.86] 8.3% 50464 note
2018-12-23__15:37 [0.42,0.50,0.85] 8.2% 49925 normal
2018-12-23__15:37 [0.47,0.51,0.85] 6.1% 49388 normal
2018-12-23__15:37 [0.43,0.50,0.85] 29.7% 50464 note
2018-12-23__15:37 [0.40,0.49,0.84] 19.8% 49925 normal
2018-12-23__15:37 [0.36,0.48,0.84] 3.7% 50464 note
2018-12-23__15:37 [0.33,0.48,0.83] 7.5% 49388 normal
2018-12-23__15:37 [0.39,0.48,0.84] 32.1% 51540 note
2018-12-23__15:37 [0.56,0.52,0.84] 9.7% 51540 note
2018-12-23__15:37 [0.51,0.51,0.84] 2.9% 48312 normal
2018-12-23__15:37 [0.63,0.53,0.84] 17.4% 51002 note
2018-12-23__15:38 [0.58,0.52,0.84] 35.7% 51540 note
2018-12-23__15:38 [0.69,0.55,0.85] 2.4% 50464 note
2018-12-23__15:38 [0.64,0.54,0.84] 2.4% 49388 normal
2018-12-23__15:38 [0.59,0.53,0.84] 9.4% 49388 normal
2018-12-23__15:38 [0.58,0.53,0.83] 55.9% 52615 note
2018-12-23__15:38 [0.53,0.52,0.83] 2.9% 50464 note
2018-12-23__15:38 [0.49,0.51,0.82] 1.0% 50464 note
2018-12-23__15:38 [0.45,0.50,0.82] 10.0% 49388 normal
2018-12-23__15:38 [0.41,0.49,0.81] 36.6% 52078 note
2018-12-23__15:38 [0.38,0.49,0.81] 2.9% 49925 normal
2018-12-23__15:38 [0.35,0.48,0.80] 2.8% 49388 normal
2018-12-23__15:39 [0.44,0.49,0.81] 9.6% 49925 normal
2018-12-23__15:39 [0.49,0.50,0.81] 12.9% 52078 note
2018-12-23__15:39 [0.45,0.49,0.80] 2.4% 49388 normal
2018-12-23__15:39 [0.41,0.49,0.80] 8.4% 49388 normal
2018-12-23__15:39 [0.38,0.48,0.80] 32.9% 51002 note
2018-12-23__15:39 [0.35,0.47,0.79] 1.0% 51540 note
2018-12-23__15:39 [0.32,0.46,0.79] 15.9% 50464 note
2018-12-23__15:39 [0.29,0.45,0.78] 2.9% 49925 normal
2018-12-23__15:39 [0.25,0.44,0.77] 8.9% 49388 normal
2018-12-23__15:39 [0.31,0.45,0.77] 2.8% 50464 note
2018-12-23__15:40 [0.36,0.46,0.78] 6.0% 49388 normal
2018-12-23__15:40 [0.33,0.45,0.77] 23.7% 50464 note
2018-12-23__15:40 [0.31,0.44,0.77] 9.0% 49388 normal
2018-12-23__15:40 [0.28,0.43,0.76] 2.4% 51540 note
2018-12-23__15:40 [0.26,0.43,0.76] 4.2% 48850 normal
2018-12-23__15:40 [0.22,0.41,0.75] 18.6% 49388 normal
2018-12-23__15:40 [0.20,0.40,0.75] 8.0% 49925 normal
2018-12-23__15:40 [0.27,0.41,0.75] 2.9% 50464 note
2018-12-23__15:40 [0.24,0.41,0.74] 1.9% 49388 normal
2018-12-23__15:40 [0.22,0.40,0.74] 4.6% 48312 normal
2018-12-23__15:40 [0.21,0.39,0.73] 20.3% 49388 normal
2018-12-23__15:41 [0.35,0.42,0.74] 1.0% 51002 note
2018-12-23__15:41 [0.30,0.41,0.73] 3.3% 49925 normal
2018-12-23__15:41 [0.27,0.40,0.73] 17.3% 49388 normal
2018-12-23__15:41 [0.25,0.39,0.72] 16.0% 49925 normal
2018-12-23__15:41 [0.31,0.40,0.72] 4.2% 49925 normal
2018-12-23__15:41 [0.45,0.43,0.73] 2.9% 50464 note
2018-12-23__15:41 [0.41,0.42,0.73] 2.8% 48850 normal
2018-12-23__15:41 [0.38,0.41,0.72] 21.5% 49388 normal
2018-12-23__15:41 [0.47,0.43,0.73] 28.1% 51002 note
2018-12-23__15:41 [0.43,0.43,0.72] 4.6% 48850 normal
2018-12-23__15:42 [0.39,0.42,0.72] 7.2% 50464 note
2018-12-23__15:42 [0.60,0.46,0.73] 35.9% 50464 note
2018-12-23__15:42 [0.55,0.45,0.73] 12.1% 49925 normal
2018-12-23__15:42 [0.51,0.45,0.72] 4.7% 49388 normal
2018-12-23__15:42 [0.47,0.44,0.72] 12.4% 49388 normal
2018-12-23__15:42 [0.59,0.46,0.73] 34.3% 51002 note
2018-12-23__15:42 [0.65,0.48,0.73] 4.2% 49388 normal
2018-12-23__15:42 [0.60,0.47,0.72] 1.9% 48312 normal
2018-12-23__15:42 [0.55,0.47,0.72] 2.9% 48850 normal
2018-12-23__15:42 [0.50,0.46,0.72] 34.3% 50464 note
2018-12-23__15:42 [0.54,0.47,0.72] 1.9% 49388 normal
2018-12-23__15:43 [0.50,0.46,0.72] 10.7% 49388 normal
2018-12-23__15:43 [0.78,0.52,0.73] 18.7% 48312 normal
2018-12-23__15:43 [0.66,0.50,0.72] 34.3% 51002 note
2018-12-23__15:43 [0.61,0.49,0.72] 1.9% 49388 normal
2018-12-23__15:43 [0.56,0.48,0.72] 2.9% 49388 normal
2018-12-23__15:43 [0.51,0.48,0.71] 4.4% 50464 note
2018-12-23__15:43 [0.47,0.47,0.71] 34.2% 52078 note
2018-12-23__15:43 [0.43,0.46,0.70] 14.5% 50464 note
2018-12-23__15:43 [0.40,0.45,0.70] 2.4% 48850 normal
2018-12-23__15:43 [0.34,0.44,0.69] 3.3% 49388 normal
2018-12-23__15:44 [0.39,0.45,0.70] 37.1% 51002 note
2018-12-23__15:44 [0.36,0.44,0.69] 6.5% 50464 note
2018-12-23__15:44 [0.33,0.43,0.69] 17.3% 49388 normal
2018-12-23__15:44 [0.30,0.42,0.68] 2.4% 49388 normal
2018-12-23__15:44 [0.28,0.42,0.68] 32.6% 51540 note
2018-12-23__15:44 [0.34,0.43,0.68] 2.4% 49388 normal
2018-12-23__15:44 [0.59,0.48,0.70] 5.7% 50464 note
2018-12-23__15:44 [0.54,0.47,0.69] 3.3% 49388 normal
2018-12-23__15:44 [0.58,0.48,0.69] 30.5% 52615 note
2018-12-23__15:44 [0.53,0.47,0.69] 2.4% 49388 normal
2018-12-23__15:44 [0.49,0.46,0.69] 15.9% 49388 normal
2018-12-23__15:45 [0.45,0.45,0.68] 2.4% 49388 normal
2018-12-23__15:45 [0.41,0.45,0.68] 13.0% 52078 note
2018-12-23__15:45 [0.38,0.44,0.67] 3.3% 49388 normal
2018-12-23__15:45 [0.32,0.42,0.67] 1.9% 49388 normal
2018-12-23__15:45 [0.29,0.42,0.66] 53.2% 51540 note
2018-12-23__15:45 [0.35,0.43,0.66] 23.2% 51540 note
2018-12-23__15:45 [0.32,0.42,0.66] 9.9% 51540 note
2018-12-23__15:45 [0.30,0.41,0.66] 8.1% 49388 normal
2018-12-23__15:45 [0.27,0.40,0.65] 5.9% 50464 note
2018-12-23__15:45 [0.25,0.40,0.65] 15.6% 51540 note
2018-12-23__15:46 [0.29,0.40,0.65] 3.4% 51002 note
2018-12-23__15:46 [0.26,0.39,0.64] 5.8% 49925 normal
2018-12-23__15:46 [0.32,0.40,0.65] 11.8% 49925 normal
2018-12-23__15:46 [1.10,0.56,0.70] 29.0% 52615 note
2018-12-23__15:46 [1.09,0.57,0.70] 6.6% 50464 note
2018-12-23__15:46 [1.00,0.56,0.69] 3.9% 51002 note
2018-12-23__15:46 [0.92,0.55,0.69] 28.3% 51540 note
2018-12-23__15:46 [0.93,0.56,0.69] 8.0% 51540 note
2018-12-23__15:46 [0.86,0.56,0.69] 18.3% 49925 normal
2018-12-23__15:46 [0.79,0.55,0.69] 3.4% 50464 note
2018-12-23__15:46 [0.73,0.54,0.68] 8.2% 49388 normal
2018-12-23__15:47 [0.83,0.56,0.69] 6.2% 51540 note
2018-12-23__15:47 [0.76,0.55,0.69] 36.1% 52615 note
2018-12-23__15:47 [0.70,0.54,0.68] 21.3% 50464 note
2018-12-23__15:47 [0.64,0.54,0.68] 8.9% 49388 normal
2018-12-23__15:47 [0.54,0.52,0.67] 6.7% 51540 note
2018-12-23__15:47 [0.58,0.53,0.67] 4.6% 51540 note
2018-12-23__15:47 [0.53,0.52,0.67] 1.0% 51540 note
2018-12-23__15:47 [0.57,0.52,0.67] 20.6% 52078 note
2018-12-23__15:47 [0.69,0.55,0.68] 2.4% 52615 note
2018-12-23__15:47 [0.63,0.54,0.67] 6.1% 51540 note
2018-12-23__15:48 [0.58,0.53,0.67] 1.5% 49925 normal
2018-12-23__15:48 [0.49,0.51,0.66] 1.5% 50464 note
2018-12-23__15:48 [0.61,0.54,0.67] 7.5% 51540 note
2018-12-23__15:48 [0.56,0.53,0.66] 4.9% 51002 note
2018-12-23__15:48 [0.76,0.57,0.68] 17.7% 51540 note
2018-12-23__15:48 [0.70,0.56,0.67] 57.2% 52615 note
2018-12-23__15:48 [0.72,0.57,0.68] 33.2% 52615 note
2018-12-23__15:48 [0.66,0.56,0.67] 11.5% 52615 note
2018-12-23__15:48 [0.77,0.58,0.68] 1.9% 51540 note
2018-12-23__15:48 [0.73,0.58,0.68] 53.6% 53692 note
2018-12-23__15:48 [0.67,0.57,0.67] 18.1% 52615 note
2018-12-23__15:49 [1.02,0.64,0.70] 7.1% 51540 note
2018-12-23__15:49 [0.94,0.63,0.69] 11.1% 51540 note
2018-12-23__15:49 [0.86,0.62,0.69] 31.3% 52615 note
2018-12-23__15:49 [0.87,0.63,0.69] 3.3% 51002 note
2018-12-23__15:49 [0.80,0.62,0.69] 9.4% 51002 note
2018-12-23__15:49 [0.68,0.60,0.68] 57.2% 51540 note
2018-12-23__15:49 [0.62,0.59,0.68] 32.3% 52078 note
2018-12-23__15:49 [0.57,0.58,0.67] 2.0% 51002 note
2018-12-23__15:49 [0.53,0.57,0.67] 15.4% 50464 note
2018-12-23__15:49 [0.49,0.56,0.66] 16.6% 52078 note
2018-12-23__15:50 [0.45,0.55,0.66] 49.1% 52615 note
2018-12-23__15:50 [0.65,0.59,0.67] 17.0% 52615 note
2018-12-23__15:50 [0.63,0.59,0.67] 5.1% 52615 note
2018-12-23__15:50 [0.58,0.58,0.67] 6.5% 51002 note
2018-12-23__15:50 [0.53,0.57,0.66] 41.9% 53154 note
2018-12-23__15:50 [0.57,0.57,0.66] 10.8% 51540 note
2018-12-23__15:50 [0.77,0.61,0.68] 18.7% 52078 note
2018-12-23__15:50 [0.70,0.60,0.67] 36.3% 52078 note
2018-12-23__15:50 [0.73,0.61,0.68] 31.6% 53692 note
2018-12-23__15:50 [0.69,0.61,0.67] 8.7% 52615 note
2018-12-23__15:50 [0.63,0.60,0.67] 19.8% 51540 note
2018-12-23__15:51 [0.66,0.60,0.67] 3.9% 50464 note
2018-12-23__15:51 [0.61,0.59,0.67] 35.4% 53692 note
2018-12-23__15:51 [0.56,0.58,0.66] 4.8% 51540 note
2018-12-23__15:51 [0.52,0.57,0.66] 22.5% 52615 note
2018-12-23__15:51 [0.47,0.56,0.66] 12.5% 52078 note
2018-12-23__15:51 [0.44,0.55,0.65] 37.5% 54768 note
2018-12-23__15:51 [0.52,0.57,0.66] 13.5% 51540 note
2018-12-23__15:51 [0.72,0.61,0.67] 19.3% 52078 note
2018-12-23__15:51 [0.66,0.60,0.66] 28.4% 51540 note
2018-12-23__15:51 [0.85,0.64,0.68] 20.4% 53692 note
