2018-12-18__19:21:32 ./a.out 6640 tanxiao+ 100 0.0
2018-12-18__20:34:20 ./a.out 6640 tanxiao+ 100 0.0
2018-12-20__19:36:15  TTY PID TIME CMD
 pts/1 1139 00:00:01 a.out
 pts/1 14346 00:00:00 bash
 pts/3 14480 00:00:00 a.out
 pts/3 14487 00:00:00 bash
2018-12-20__20:15:03 ./a.out 6640 tanxiao+ 100 0.0
2018-12-20__20:15:13 ./a.out 6640 tanxiao+ 100 0.0
2018-12-20__20:38:29  TTY PID TIME CMD
 pts/6 12615 00:00:00 a.out
 pts/6 12622 00:00:00 bash
 pts/2 17087 00:00:00 a.out
 pts/4 17938 00:00:06 Server
2018-12-20__20:38:39  TTY PID TIME CMD
 pts/6 12615 00:00:00 a.out
 pts/6 13643 00:00:00 bash
 pts/2 17087 00:00:00 a.out
 pts/4 17938 00:00:06 Server
2018-12-20__20:38:49  TTY PID TIME CMD
 pts/6 12615 00:00:00 a.out
 pts/6 14714 00:00:00 bash
 pts/2 17087 00:00:00 a.out
 pts/4 17938 00:00:06 Server
2018-12-20__20:39:00  TTY PID TIME CMD
 pts/6 12615 00:00:00 a.out
 pts/6 15717 00:00:00 bash
 pts/2 17087 00:00:00 a.out
 pts/4 17938 00:00:06 Server
2018-12-20__20:39:10  TTY PID TIME CMD
 pts/6 12615 00:00:00 a.out
 pts/6 16506 00:00:00 bash
 pts/2 17087 00:00:00 a.out
 pts/4 17938 00:00:06 Server
2018-12-20__20:39:20  TTY PID TIME CMD
 pts/6 12615 00:00:00 a.out
 pts/2 17087 00:00:00 a.out
 pts/6 17477 00:00:00 bash
 pts/4 17938 00:00:06 Server
2018-12-20__20:39:30  TTY PID TIME CMD
 pts/6 12615 00:00:00 a.out
 pts/2 17087 00:00:00 a.out
 pts/4 17938 00:00:06 Server
 pts/6 18491 00:00:00 bash
2018-12-20__20:39:41  TTY PID TIME CMD
 pts/6 12615 00:00:00 a.out
 pts/2 17087 00:00:00 a.out
 pts/4 17938 00:00:06 Server
 pts/6 19367 00:00:00 bash
2018-12-20__20:39:51  TTY PID TIME CMD
 pts/6 12615 00:00:00 a.out
 pts/2 17087 00:00:00 a.out
 pts/4 17938 00:00:06 Server
 pts/6 20341 00:00:00 bash
2018-12-20__20:40:01  TTY PID TIME CMD
 pts/6 12615 00:00:00 a.out
 pts/2 17087 00:00:00 a.out
 pts/4 17938 00:00:06 Server
 pts/6 21288 00:00:00 bash
2018-12-20__20:40:12  TTY PID TIME CMD
 pts/6 12615 00:00:00 a.out
 pts/2 17087 00:00:00 a.out
 pts/4 17938 00:00:06 Server
 pts/6 22293 00:00:00 bash
2018-12-20__20:40:22  TTY PID TIME CMD
 pts/6 12615 00:00:00 a.out
 pts/2 17087 00:00:00 a.out
 pts/4 17938 00:00:06 Server
 pts/6 23047 00:00:00 bash
2018-12-20__20:40:32  TTY PID TIME CMD
 pts/6 12615 00:00:00 a.out
 pts/2 17087 00:00:00 a.out
 pts/4 17938 00:00:06 Server
 pts/6 24107 00:00:00 bash
2018-12-20__20:40:43  TTY PID TIME CMD
 pts/6 12615 00:00:00 a.out
 pts/2 17087 00:00:00 a.out
 pts/4 17938 00:00:06 Server
 pts/6 25172 00:00:00 bash
2018-12-20__20:40:53  TTY PID TIME CMD
 pts/6 12615 00:00:00 a.out
 pts/2 17087 00:00:00 a.out
 pts/4 17938 00:00:06 Server
 pts/6 26103 00:00:00 bash
2018-12-20__20:41:03  TTY PID TIME CMD
 pts/6 12615 00:00:00 a.out
 pts/2 17087 00:00:00 a.out
 pts/4 17938 00:00:06 Server
 pts/6 26891 00:00:00 bash
2018-12-20__20:41:13  TTY PID TIME CMD
 pts/6 12615 00:00:00 a.out
 pts/2 17087 00:00:00 a.out
 pts/4 17938 00:00:06 Server
 pts/6 27907 00:00:00 bash
2018-12-20__20:41:23  TTY PID TIME CMD
 pts/6 12615 00:00:00 a.out
 pts/2 17087 00:00:00 a.out
 pts/4 17938 00:00:06 Server
 pts/6 28891 00:00:00 bash
2018-12-20__20:41:34  TTY PID TIME CMD
 pts/6 12615 00:00:00 a.out
 pts/2 17087 00:00:00 a.out
 pts/4 17938 00:00:06 Server
 pts/6 29674 00:00:00 bash
2018-12-20__20:41:44  TTY PID TIME CMD
 pts/6 12615 00:00:00 a.out
 pts/2 17087 00:00:00 a.out
 pts/4 17938 00:00:06 Server
 pts/6 30649 00:00:00 bash
2018-12-20__20:41:54  TTY PID TIME CMD
 pts/6 12615 00:00:00 a.out
 pts/2 17087 00:00:00 a.out
 pts/4 17938 00:00:06 Server
 pts/6 31534 00:00:00 bash
2018-12-20__20:42:04  TTY PID TIME CMD
 pts/6 12615 00:00:00 a.out
 pts/2 17087 00:00:00 a.out
 pts/4 17938 00:00:06 Server
 pts/6 32245 00:00:00 bash
2018-12-20__20:42:15  TTY PID TIME CMD
 pts/6 751 00:00:00 bash
 pts/6 12615 00:00:00 a.out
 pts/2 17087 00:00:00 a.out
 pts/4 17938 00:00:06 Server
2018-12-20__20:42:25  TTY PID TIME CMD
 pts/6 1662 00:00:00 bash
 pts/6 12615 00:00:00 a.out
 pts/2 17087 00:00:00 a.out
 pts/4 17938 00:00:06 Server
2018-12-20__20:42:35  TTY PID TIME CMD
 pts/6 2656 00:00:00 bash
 pts/6 12615 00:00:00 a.out
 pts/2 17087 00:00:00 a.out
 pts/4 17938 00:00:06 Server
2018-12-20__20:42:46  TTY PID TIME CMD
 pts/6 3384 00:00:00 bash
 pts/6 12615 00:00:00 a.out
 pts/2 17087 00:00:00 a.out
 pts/4 17938 00:00:06 Server
2018-12-20__20:42:56  TTY PID TIME CMD
 pts/6 4263 00:00:00 bash
 pts/6 12615 00:00:00 a.out
 pts/2 17087 00:00:00 a.out
 pts/4 17938 00:00:06 Server
2018-12-20__20:43:06  TTY PID TIME CMD
 pts/6 5175 00:00:00 bash
 pts/6 12615 00:00:00 a.out
 pts/2 17087 00:00:00 a.out
 pts/4 17938 00:00:06 Server
2018-12-20__20:43:16  TTY PID TIME CMD
 pts/6 5973 00:00:00 bash
 pts/6 12615 00:00:00 a.out
 pts/2 17087 00:00:00 a.out
 pts/4 17938 00:00:06 Server
2018-12-20__20:43:27  TTY PID TIME CMD
 pts/6 6834 00:00:00 bash
 pts/6 12615 00:00:00 a.out
 pts/2 17087 00:00:00 a.out
 pts/4 17938 00:00:06 Server
2018-12-20__20:43:37  TTY PID TIME CMD
 pts/6 7778 00:00:00 bash
 pts/6 12615 00:00:00 a.out
 pts/2 17087 00:00:01 a.out
 pts/4 17938 00:00:06 Server
2018-12-20__20:43:47  TTY PID TIME CMD
 pts/6 8753 00:00:00 bash
 pts/6 12615 00:00:00 a.out
 pts/2 17087 00:00:01 a.out
 pts/4 17938 00:00:06 Server
2018-12-20__20:43:57  TTY PID TIME CMD
 pts/6 9477 00:00:00 bash
 pts/6 12615 00:00:00 a.out
 pts/2 17087 00:00:01 a.out
 pts/4 17938 00:00:06 Server
2018-12-20__20:44:07  TTY PID TIME CMD
 pts/6 10405 00:00:00 bash
 pts/6 12615 00:00:00 a.out
 pts/2 17087 00:00:01 a.out
 pts/4 17938 00:00:06 Server
2018-12-20__20:44:18  TTY PID TIME CMD
 pts/6 11355 00:00:00 bash
 pts/6 12615 00:00:00 a.out
 pts/2 17087 00:00:01 a.out
 pts/4 17938 00:00:06 Server
2018-12-20__20:44:28  TTY PID TIME CMD
 pts/6 12006 00:00:00 bash
 pts/6 12615 00:00:00 a.out
 pts/2 17087 00:00:01 a.out
 pts/4 17938 00:00:06 Server
2018-12-20__20:44:38  TTY PID TIME CMD
 pts/6 12615 00:00:00 a.out
 pts/6 12944 00:00:00 bash
 pts/2 17087 00:00:01 a.out
 pts/4 17938 00:00:06 Server
2018-12-20__20:44:48  TTY PID TIME CMD
 pts/6 12615 00:00:00 a.out
 pts/6 13887 00:00:00 bash
 pts/2 17087 00:00:01 a.out
 pts/4 17938 00:00:06 Server
2018-12-20__20:44:59  TTY PID TIME CMD
 pts/6 12615 00:00:00 a.out
 pts/6 14678 00:00:00 bash
 pts/2 17087 00:00:01 a.out
 pts/4 17938 00:00:06 Server
2018-12-20__20:45:09  TTY PID TIME CMD
 pts/6 12615 00:00:00 a.out
 pts/6 15557 00:00:00 bash
 pts/2 17087 00:00:01 a.out
 pts/4 17938 00:00:06 Server
2018-12-20__20:45:19  TTY PID TIME CMD
 pts/6 12615 00:00:00 a.out
 pts/6 16462 00:00:00 bash
 pts/2 17087 00:00:01 a.out
 pts/4 17938 00:00:06 Server
2018-12-20__20:45:29  TTY PID TIME CMD
 pts/6 12615 00:00:00 a.out
 pts/2 17087 00:00:01 a.out
 pts/6 17390 00:00:00 bash
 pts/4 17938 00:00:06 Server
2018-12-20__20:45:39  TTY PID TIME CMD
 pts/6 12615 00:00:00 a.out
 pts/2 17087 00:00:01 a.out
 pts/4 17938 00:00:06 Server
 pts/6 18160 00:00:00 bash
