2018-12-23__14:47 [0.77,0.75,0.68] 1.0% 27800 normal
2018-12-23__14:47 [0.71,0.73,0.68] 3.1% 27800 normal
2018-12-23__14:47 [0.73,0.74,0.68] .3% 27800 normal
2018-12-23__14:47 [0.67,0.73,0.68] 1.8% 27800 normal
2018-12-23__14:47 [0.64,0.72,0.68] 1.3% 27800 normal
2018-12-23__14:47 [0.67,0.72,0.68] 20.1% 27800 normal
2018-12-23__14:48 [0.78,0.74,0.68] 24.7% 27800 normal
2018-12-23__14:48 [0.88,0.77,0.69] 17.3% 27800 normal
2018-12-23__14:48 [1.29,0.85,0.72] 18.7% 27800 normal
2018-12-23__14:48 [1.42,0.89,0.73] 13.9% 27800 normal
2018-12-23__14:48 [1.55,0.92,0.75] 14.0% 27800 normal
2018-12-23__14:48 [1.75,0.97,0.76] 16.3% 27800 normal
2018-12-23__14:48 [1.85,1.01,0.78] 15.0% 27800 normal
2018-12-23__14:48 [1.87,1.04,0.79] 11.1% 27800 normal
2018-12-23__14:48 [2.04,1.09,0.81] 14.3% 27800 normal
2018-12-23__14:48 [2.04,1.11,0.81] 15.6% 27800 normal
2018-12-23__14:48 [2.04,1.12,0.82] 21.6% 27800 normal
2018-12-23__14:49 [2.03,1.14,0.83] 17.4% 27800 normal
2018-12-23__14:49 [2.35,1.22,0.85] 17.3% 27800 normal
2018-12-23__14:49 [2.56,1.28,0.88] 13.5% 27800 normal
2018-12-23__14:49 [2.52,1.29,0.88] 18.1% 27800 normal
2018-12-23__14:49 [2.44,1.32,0.90] 16.0% 27800 normal
2018-12-23__14:49 [2.72,1.39,0.92] 16.6% 27800 normal
2018-12-23__14:49 [2.66,1.40,0.93] 17.8% 27800 normal
2018-12-23__14:49 [2.85,1.46,0.95] 13.9% 27800 normal
2018-12-23__14:49 [2.78,1.47,0.96] 17.1% 27800 normal
2018-12-23__14:49 [2.72,1.48,0.96] 4.2% 27800 normal
2018-12-23__14:49 [2.66,1.49,0.97] 15.0% 27800 normal
2018-12-23__14:50 [2.53,1.48,0.97] 19.0% 27800 normal
2018-12-23__14:50 [2.49,1.49,0.98] 13.9% 27800 normal
2018-12-23__14:50 [2.33,1.49,0.98] 14.7% 27800 normal
2018-12-23__14:50 [2.63,1.57,1.01] 19.2% 27800 normal
2018-12-23__14:50 [2.58,1.57,1.01] 11.6% 27800 normal
2018-12-23__14:50 [2.45,1.56,1.01] 17.4% 27800 normal
2018-12-23__14:50 [2.41,1.57,1.02] 11.5% 27800 normal
2018-12-23__14:50 [2.38,1.58,1.02] 18.4% 27800 normal
2018-12-23__14:50 [2.43,1.60,1.04] 10.2% 27800 normal
2018-12-23__14:50 [2.39,1.61,1.04] 14.6% 27800 normal
2018-12-23__14:51 [2.41,1.64,1.06] 13.9% 27800 normal
2018-12-23__14:51 [2.54,1.68,1.07] 13.7% 27800 normal
2018-12-23__14:51 [2.49,1.68,1.08] 13.0% 27800 normal
2018-12-23__14:51 [2.45,1.69,1.08] 13.9% 27800 normal
2018-12-23__14:51 [2.34,1.68,1.08] 11.7% 27800 normal
2018-12-23__14:51 [2.23,1.67,1.08] 13.5% 27800 normal
2018-12-23__14:51 [2.21,1.67,1.09] 14.9% 27800 normal
2018-12-23__14:51 [2.11,1.66,1.09] 11.6% 27800 normal
2018-12-23__14:51 [2.02,1.66,1.09] 15.0% 27800 normal
2018-12-23__14:51 [2.02,1.66,1.10] 8.9% 27800 normal
2018-12-23__14:51 [2.10,1.68,1.11] 12.8% 27800 normal
2018-12-23__14:52 [2.01,1.67,1.11] 13.2% 27800 normal
2018-12-23__14:52 [2.01,1.68,1.11] 13.0% 27800 normal
2018-12-23__14:52 [2.09,1.70,1.12] 10.6% 27800 normal
2018-12-23__14:52 [2.00,1.69,1.12] 11.8% 27800 normal
2018-12-23__14:52 [2.00,1.69,1.13] 13.0% 27800 normal
2018-12-23__14:52 [2.00,1.70,1.13] 16.1% 27800 normal
2018-12-23__14:52 [2.15,1.74,1.15] 16.0% 27800 normal
2018-12-23__14:52 [2.22,1.76,1.16] 18.5% 27800 normal
2018-12-23__14:52 [2.52,1.83,1.19] 14.2% 27800 normal
2018-12-23__14:52 [2.32,1.80,1.18] 8.8% 27800 normal
2018-12-23__14:52 [2.14,1.77,1.17] 9.1% 27800 normal
2018-12-23__14:53 [1.96,1.74,1.17] 7.3% 27800 normal
2018-12-23__14:53 [1.81,1.71,1.16] 9.7% 27800 normal
2018-12-23__14:53 [1.66,1.69,1.16] 11.1% 27800 normal
2018-12-23__14:53 [1.56,1.66,1.15] 8.6% 27800 normal
2018-12-23__14:53 [1.76,1.70,1.17] 17.7% 27800 normal
2018-12-23__14:53 [1.78,1.71,1.17] 7.4% 27800 normal
2018-12-23__14:53 [1.63,1.68,1.17] 5.0% 27800 normal
2018-12-23__14:53 [1.58,1.67,1.17] 6.2% 27800 normal
2018-12-23__14:53 [1.46,1.64,1.16] 8.8% 27800 normal
2018-12-23__14:53 [1.34,1.61,1.15] 6.5% 27800 normal
2018-12-23__14:53 [1.23,1.58,1.15] 18.1% 27800 normal
2018-12-23__14:54 [1.21,1.58,1.15] 14.0% 27800 normal
2018-12-23__14:54 [1.33,1.59,1.16] 12.6% 27800 normal
2018-12-23__14:54 [1.71,1.66,1.18] 16.4% 27800 normal
2018-12-23__14:54 [1.73,1.67,1.19] 12.1% 27800 normal
2018-12-23__14:54 [1.75,1.67,1.19] 14.4% 27800 normal
2018-12-23__14:54 [1.85,1.70,1.20] 14.1% 27800 normal
2018-12-23__14:54 [1.87,1.70,1.21] 12.5% 27800 normal
2018-12-23__14:54 [1.88,1.71,1.21] 12.5% 27800 normal
2018-12-23__14:54 [2.05,1.75,1.23] 13.1% 27800 normal
2018-12-23__14:54 [2.04,1.75,1.23] 17.8% 27800 normal
2018-12-23__14:55 [2.19,1.79,1.25] 13.6% 27800 normal
2018-12-23__14:55 [2.10,1.78,1.25] 16.2% 27800 normal
2018-12-23__14:55 [2.09,1.78,1.25] 12.3% 27800 normal
2018-12-23__14:55 [2.16,1.80,1.26] 21.3% 27800 normal
2018-12-23__14:55 [2.07,1.79,1.26] 13.5% 27800 normal
2018-12-23__14:55 [2.14,1.81,1.27] 15.0% 27800 normal
2018-12-23__14:55 [2.13,1.81,1.27] 13.0% 27800 normal
2018-12-23__14:55 [2.12,1.82,1.28] 15.7% 27800 normal
2018-12-23__14:55 [2.40,1.89,1.31] 14.3% 27800 normal
2018-12-23__14:55 [2.28,1.87,1.31] 18.5% 27800 normal
2018-12-23__14:55 [2.10,1.84,1.30] 10.0% 27800 normal
2018-12-23__14:56 [1.93,1.81,1.29] 11.9% 27800 normal
2018-12-23__16:51 [0.44,0.30,0.36] 9.9% 27800 normal
2018-12-23__16:52 [0.40,0.30,0.35] 8.1% 27800 normal
2018-12-23__16:52 [0.37,0.29,0.35] 1.3% 27800 normal
2018-12-23__16:52 [0.27,0.28,0.34] 2.5% 27800 normal
2018-12-23__16:53 [0.33,0.30,0.35] 2.5% 27800 normal
2018-12-23__16:53 [0.33,0.30,0.35] 5.5% 27800 normal
2018-12-23__16:53 [0.30,0.29,0.35] 1.3% 27800 normal
2018-12-23__16:53 [0.28,0.29,0.34] .3% 27800 normal
2018-12-23__16:54 [0.26,0.28,0.34] 1.0% 27800 normal
2018-12-23__16:54 [0.56,0.35,0.36] 1.3% 27800 normal
2018-12-23__16:54 [0.47,0.33,0.36] 1.3% 27800 normal
2018-12-23__16:54 [0.51,0.34,0.36] 1.8% 27800 normal
2018-12-23__16:54 [0.43,0.33,0.36] 1.8% 27800 normal
2018-12-23__16:54 [0.37,0.32,0.35] 2.3% 27800 normal
2018-12-23__16:55 [0.19,0.28,0.34] 5.7% 27800 normal
2018-12-23__16:55 [0.17,0.27,0.34] .8% 27800 normal
2018-12-23__16:55 [0.16,0.27,0.33] 5.9% 27800 normal
2018-12-23__17:05 [0.40,0.31,0.33] 9.2% 27800 normal
2018-12-23__17:05 [0.37,0.30,0.32] .8% 27800 normal
2018-12-23__17:05 [0.34,0.30,0.32] 1.8% 27800 normal
2018-12-23__17:05 [0.34,0.30,0.32] 3.5% 27800 normal
2018-12-23__17:05 [0.31,0.29,0.32] 4.0% 27800 normal
2018-12-23__17:05 [0.48,0.33,0.33] 7.9% 27800 normal
2018-12-23__17:05 [0.45,0.32,0.33] 1.0% 27800 normal
2018-12-23__17:05 [0.41,0.32,0.33] .8% 27800 normal
2018-12-23__17:06 [0.38,0.31,0.33] 2.2% 27800 normal
2018-12-23__17:06 [0.35,0.31,0.33] 2.8% 27800 normal
2018-12-23__17:06 [0.72,0.39,0.35] 9.3% 27800 normal
2018-12-23__17:06 [0.74,0.40,0.35] 1.3% 27800 normal
2018-12-23__17:06 [0.68,0.39,0.35] 2.5% 27800 normal
2018-12-23__17:06 [1.03,0.47,0.38] .8% 27800 normal
2018-12-23__17:06 [1.02,0.48,0.39] .8% 27800 normal
2018-12-23__17:06 [0.94,0.48,0.38] .8% 27800 normal
2018-12-23__17:06 [0.87,0.47,0.38] .8% 27800 normal
2018-12-23__17:06 [0.80,0.46,0.38] 1.0% 27800 normal
2018-12-23__17:06 [0.73,0.45,0.38] .8% 27800 normal
2018-12-23__17:07 [0.67,0.44,0.37] 1.5% 27800 normal
2018-12-23__17:07 [0.62,0.44,0.37] 3.0% 27800 normal
2018-12-23__17:07 [0.57,0.43,0.37] .8% 27800 normal
2018-12-23__17:07 [0.52,0.42,0.37] 1.3% 27800 normal
2018-12-23__17:07 [0.44,0.41,0.36] .8% 27800 normal
2018-12-23__17:07 [0.65,0.45,0.38] 22.9% 27800 normal
2018-12-23__17:07 [0.68,0.46,0.38] 9.8% 27800 normal
2018-12-23__17:07 [0.86,0.50,0.39] 9.4% 27800 normal
2018-12-23__17:07 [0.87,0.51,0.40] 17.5% 27800 normal
2018-12-23__17:07 [0.96,0.54,0.41] 3.5% 27800 normal
2018-12-23__17:08 [0.97,0.54,0.41] 19.0% 27800 normal
2018-12-23__17:08 [1.13,0.58,0.42] 19.1% 27800 normal
2018-12-23__17:08 [1.36,0.64,0.44] 16.0% 27800 normal
2018-12-23__17:08 [1.62,0.72,0.47] 15.1% 27800 normal
2018-12-23__17:08 [1.74,0.76,0.48] 16.3% 27800 normal
2018-12-23__17:08 [1.84,0.80,0.50] 15.8% 27800 normal
2018-12-23__17:08 [2.01,0.85,0.52] 13.0% 27800 normal
2018-12-23__17:08 [2.01,0.87,0.53] 23.9% 27800 normal
2018-12-23__17:08 [2.01,0.89,0.53] 19.4% 27800 normal
2018-12-23__17:08 [2.09,0.92,0.55] 15.1% 27800 normal
2018-12-23__17:08 [2.08,0.94,0.56] 4.5% 27800 normal
2018-12-23__17:09 [1.76,0.91,0.55] 3.7% 27800 normal
2018-12-23__17:09 [1.70,0.91,0.55] 9.7% 27800 normal
2018-12-23__17:09 [1.64,0.91,0.55] 11.7% 27800 normal
2018-12-23__17:09 [1.75,0.95,0.57] 12.3% 27800 normal
2018-12-23__17:09 [1.85,0.98,0.58] 5.6% 27800 normal
2018-12-23__17:09 [2.02,1.03,0.60] 13.8% 27800 normal
2018-12-23__17:09 [2.02,1.05,0.61] 16.4% 27800 normal
2018-12-23__17:09 [2.02,1.06,0.61] 11.1% 27800 normal
2018-12-23__17:09 [2.02,1.08,0.62] 18.8% 27800 normal
2018-12-23__17:09 [2.02,1.11,0.64] 14.0% 27800 normal
2018-12-23__17:09 [2.09,1.14,0.65] 13.5% 27800 normal
2018-12-23__17:10 [2.17,1.17,0.66] 16.1% 27800 normal
2018-12-23__17:10 [2.23,1.20,0.68] 14.8% 27800 normal
2018-12-23__17:10 [2.21,1.22,0.68] 15.0% 27800 normal
2018-12-23__17:10 [2.20,1.23,0.69] 13.3% 27800 normal
2018-12-23__17:10 [2.18,1.25,0.70] 21.3% 27800 normal
2018-12-23__17:10 [2.17,1.26,0.70] 13.9% 27800 normal
2018-12-23__17:10 [2.14,1.28,0.72] 16.3% 27800 normal
2018-12-23__17:10 [2.37,1.34,0.74] 17.5% 27800 normal
2018-12-23__17:10 [2.50,1.39,0.76] 27.5% 27800 normal
2018-12-23__17:10 [2.54,1.42,0.77] 8.4% 27800 normal
2018-12-23__17:10 [2.50,1.43,0.78] 17.7% 27800 normal
2018-12-23__17:11 [2.38,1.42,0.78] 16.5% 27800 normal
2018-12-23__17:11 [2.91,1.54,0.83] 14.4% 27800 normal
2018-12-23__17:11 [3.00,1.59,0.84] 17.0% 27800 normal
2018-12-23__17:11 [2.92,1.59,0.85] 12.1% 27800 normal
2018-12-23__17:11 [3.00,1.66,0.88] 15.8% 27800 normal
2018-12-23__17:11 [2.84,1.64,0.88] 17.7% 27800 normal
2018-12-23__17:11 [2.69,1.63,0.88] 11.1% 27800 normal
2018-12-23__17:11 [2.87,1.69,0.90] 17.0% 27800 normal
2018-12-23__17:11 [2.80,1.69,0.91] 13.0% 27800 normal
2018-12-23__17:11 [2.74,1.70,0.91] 15.1% 27800 normal
2018-12-23__17:12 [2.68,1.71,0.92] 15.2% 27800 normal
2018-12-23__17:12 [2.62,1.71,0.93] 14.2% 27800 normal
2018-12-23__17:12 [2.45,1.70,0.93] 14.2% 27800 normal
2018-12-23__17:12 [2.42,1.71,0.94] 14.4% 27800 normal
2018-12-23__17:12 [2.30,1.70,0.94] 16.8% 27800 normal
2018-12-23__17:12 [2.76,1.80,0.98] 18.9% 27800 normal
2018-12-23__17:12 [2.86,1.84,0.99] 16.6% 27800 normal
2018-12-23__17:12 [2.87,1.86,1.01] 13.4% 27800 normal
2018-12-23__17:12 [3.04,1.91,1.03] 13.4% 27800 normal
2018-12-23__17:12 [3.04,1.93,1.04] 16.1% 27800 normal
2018-12-23__17:12 [3.04,1.95,1.05] 14.4% 27800 normal
2018-12-23__17:13 [2.80,1.93,1.05] 14.5% 27800 normal
2018-12-23__17:13 [2.73,1.93,1.06] 13.6% 27800 normal
2018-12-23__17:13 [2.67,1.93,1.06] 13.5% 27800 normal
2018-12-23__17:13 [2.70,1.95,1.07] 16.3% 27800 normal
2018-12-23__17:13 [2.64,1.95,1.08] 15.9% 27800 normal
2018-12-23__17:13 [2.59,1.95,1.09] 16.1% 27800 normal
2018-12-23__17:13 [2.46,1.94,1.08] 15.0% 27800 normal
2018-12-23__17:13 [2.43,1.94,1.09] 15.9% 27800 normal
2018-12-23__17:13 [2.43,1.96,1.11] 13.2% 27800 normal
2018-12-23__17:13 [2.32,1.94,1.10] 15.5% 27800 normal
2018-12-23__17:13 [2.29,1.94,1.11] 14.8% 27800 normal
2018-12-23__17:14 [2.27,1.95,1.11] 15.4% 27800 normal
2018-12-23__17:14 [2.73,2.05,1.15] 17.1% 27800 normal
2018-12-23__17:14 [2.67,2.04,1.16] 13.0% 27800 normal
2018-12-23__17:14 [2.62,2.04,1.16] 13.5% 27800 normal
2018-12-23__17:14 [2.49,2.03,1.16] 22.4% 27800 normal
2018-12-23__17:14 [2.41,2.03,1.17] 14.2% 27800 normal
2018-12-23__17:14 [2.30,2.01,1.17] 16.4% 27800 normal
2018-12-23__17:14 [2.51,2.06,1.19] 8.9% 27800 normal
2018-12-23__17:14 [2.47,2.06,1.19] 14.5% 27800 normal
2018-12-23__17:14 [2.43,2.06,1.20] 12.3% 27800 normal
2018-12-23__17:15 [2.32,2.04,1.20] 13.9% 27800 normal
2018-12-23__17:15 [2.13,2.00,1.19] 16.8% 27800 normal
2018-12-23__17:15 [2.12,2.00,1.20] 13.7% 27800 normal
2018-12-23__17:15 [2.03,1.99,1.19] 13.9% 27800 normal
2018-12-23__17:15 [2.10,2.00,1.21] 14.8% 27800 normal
2018-12-23__17:15 [2.17,2.02,1.22] 15.1% 27800 normal
2018-12-23__17:15 [2.32,2.05,1.23] 16.6% 27800 normal
2018-12-23__17:15 [2.37,2.07,1.24] 15.9% 27800 normal
2018-12-23__17:15 [2.50,2.10,1.26] 14.4% 27800 normal
2018-12-23__17:15 [2.46,2.10,1.26] 16.0% 27800 normal
2018-12-23__17:15 [2.43,2.10,1.27] 21.0% 27800 normal
2018-12-23__17:16 [2.39,2.10,1.27] 15.7% 27800 normal
2018-12-23__17:16 [2.33,2.09,1.28] 18.4% 27800 normal
2018-12-23__17:16 [2.14,2.06,1.27] 19.5% 27800 normal
2018-12-23__17:16 [2.29,2.09,1.29] 20.1% 27800 normal
2018-12-23__17:16 [2.27,2.09,1.29] 14.4% 27800 normal
2018-12-23__17:16 [2.25,2.09,1.29] 15.0% 27800 normal
2018-12-23__17:16 [2.39,2.12,1.31] 13.9% 27800 normal
2018-12-23__17:16 [2.36,2.12,1.31] 14.4% 27800 normal
2018-12-23__17:16 [2.33,2.11,1.32] 15.4% 27800 normal
2018-12-23__17:16 [2.38,2.13,1.33] 16.2% 27800 normal
2018-12-23__17:16 [2.54,2.17,1.35] 16.0% 27800 normal
2018-12-23__17:17 [2.50,2.17,1.35] 17.1% 27800 normal
2018-12-23__17:17 [2.62,2.20,1.37] 14.8% 27800 normal
2018-12-23__17:17 [2.49,2.18,1.37] 16.4% 27800 normal
2018-12-23__17:17 [2.45,2.18,1.37] 14.5% 27800 normal
2018-12-23__17:17 [2.58,2.21,1.38] 16.2% 27800 normal
2018-12-23__17:17 [2.61,2.22,1.39] 13.0% 27800 normal
2018-12-23__17:17 [2.56,2.22,1.40] 16.5% 27800 normal
2018-12-23__17:17 [2.63,2.24,1.41] 18.0% 27800 normal
2018-12-23__17:17 [2.58,2.24,1.42] 14.1% 27800 normal
2018-12-23__17:17 [2.62,2.25,1.43] 15.3% 27800 normal
2018-12-23__17:17 [2.57,2.25,1.43] 16.9% 27800 normal
2018-12-23__17:18 [2.68,2.28,1.44] 13.6% 27800 normal
2018-12-23__17:18 [2.79,2.31,1.46] 19.0% 27800 normal
2018-12-23__17:18 [2.89,2.33,1.47] 14.3% 27800 normal
2018-12-23__17:18 [2.73,2.31,1.47] 17.0% 27800 normal
2018-12-23__17:18 [2.76,2.33,1.48] 15.6% 27800 normal
2018-12-23__17:18 [2.78,2.34,1.49] 17.9% 27800 normal
2018-12-23__17:18 [2.80,2.36,1.50] 12.7% 27800 normal
2018-12-23__17:18 [2.65,2.33,1.50] 6.9% 27800 normal
2018-12-23__17:18 [2.68,2.34,1.51] 11.0% 27800 normal
2018-12-23__17:18 [2.55,2.32,1.50] 12.0% 27800 normal
2018-12-23__17:19 [2.34,2.28,1.50] 11.7% 27800 normal
2018-12-23__17:19 [2.24,2.26,1.49] 9.0% 27800 normal
2018-12-23__17:19 [2.22,2.26,1.50] 7.5% 27800 normal
2018-12-23__17:19 [1.87,2.18,1.48] 9.0% 27800 normal
2018-12-23__17:19 [1.89,2.18,1.48] 11.1% 27800 normal
2018-12-23__17:19 [1.89,2.18,1.48] 12.0% 27800 normal
2018-12-23__17:19 [1.90,2.17,1.49] 15.3% 27800 normal
2018-12-23__17:19 [1.83,2.15,1.48] 13.9% 27800 normal
2018-12-23__17:19 [1.68,2.12,1.48] 7.2% 27800 normal
2018-12-23__17:19 [1.55,2.08,1.47] 8.4% 27800 normal
2018-12-23__17:19 [1.50,2.06,1.47] 6.9% 27800 normal
2018-12-23__17:20 [1.46,2.05,1.46] 7.9% 27800 normal
2018-12-23__17:20 [1.24,1.98,1.45] 8.2% 27800 normal
2018-12-23__17:20 [1.14,1.94,1.44] 6.1% 27800 normal
2018-12-23__17:20 [1.05,1.91,1.43] 4.8% 27800 normal
2018-12-23__17:20 [0.96,1.88,1.42] 5.2% 27800 normal
2018-12-23__17:20 [1.05,1.88,1.43] 11.1% 27800 normal
2018-12-23__17:20 [0.96,1.85,1.42] 8.4% 27800 normal
2018-12-23__17:20 [0.89,1.82,1.41] 6.3% 27800 normal
2018-12-23__17:20 [0.89,1.81,1.41] 7.6% 27800 normal
2018-12-23__17:20 [0.76,1.75,1.39] 7.6% 27800 normal
2018-12-23__17:20 [0.70,1.72,1.38] 8.1% 27800 normal
2018-12-23__17:21 [0.64,1.69,1.38] 11.3% 27800 normal
2018-12-23__17:21 [0.59,1.66,1.37] 15.8% 27800 normal
2018-12-23__17:21 [0.62,1.65,1.37] 13.3% 27800 normal
2018-12-23__17:21 [0.73,1.65,1.37] 6.5% 27800 normal
2018-12-23__17:21 [0.83,1.66,1.37] 6.5% 27800 normal
2018-12-23__17:21 [0.77,1.63,1.37] 9.7% 27800 normal
2018-12-23__17:21 [0.79,1.62,1.36] 7.7% 27800 normal
2018-12-23__17:21 [0.81,1.60,1.36] 7.8% 27800 normal
2018-12-23__17:21 [0.75,1.57,1.35] 10.7% 27800 normal
2018-12-23__17:21 [0.77,1.56,1.35] 6.0% 27800 normal
2018-12-23__17:21 [1.03,1.60,1.36] 11.0% 27800 normal
2018-12-23__17:22 [0.94,1.58,1.36] 6.2% 27800 normal
2018-12-23__17:22 [1.03,1.59,1.36] 12.6% 27800 normal
2018-12-23__17:22 [0.95,1.56,1.35] 6.9% 27800 normal
2018-12-23__17:22 [0.87,1.53,1.35] 7.6% 27800 normal
2018-12-23__17:22 [0.88,1.52,1.34] 8.2% 27800 normal
2018-12-23__17:22 [0.82,1.49,1.33] 9.8% 27800 normal
2018-12-23__17:22 [0.75,1.46,1.33] 8.9% 27800 normal
2018-12-23__17:22 [0.85,1.47,1.33] 8.9% 27800 normal
2018-12-23__17:22 [0.79,1.45,1.32] 10.7% 27800 normal
2018-12-23__17:22 [0.72,1.42,1.32] 7.2% 27800 normal
2018-12-23__17:23 [0.66,1.40,1.31] 11.6% 27800 normal
2018-12-23__17:23 [0.61,1.38,1.30] 5.0% 27800 normal
2018-12-23__17:23 [0.56,1.35,1.29] 6.7% 27800 normal
2018-12-23__17:23 [0.56,1.33,1.29] 7.2% 27800 normal
2018-12-23__17:23 [0.59,1.32,1.28] 3.8% 27800 normal
2018-12-23__17:23 [0.54,1.30,1.28] 16.0% 27800 normal
2018-12-23__17:23 [0.58,1.29,1.27] 11.4% 27800 normal
2018-12-23__17:23 [0.53,1.27,1.27] 7.1% 27800 normal
2018-12-23__17:23 [0.49,1.25,1.26] 10.0% 27800 normal
2018-12-23__17:23 [0.53,1.24,1.26] 6.7% 27800 normal
2018-12-23__17:23 [0.49,1.22,1.25] 10.3% 27800 normal
2018-12-23__17:24 [0.53,1.22,1.25] 3.5% 27800 normal
2018-12-23__17:24 [0.45,1.18,1.24] 3.5% 27800 normal
2018-12-23__17:24 [0.49,1.18,1.24] .8% 27800 normal
2018-12-23__17:24 [0.53,1.17,1.23] 4.6% 27800 normal
2018-12-23__17:24 [0.49,1.15,1.23] 3.0% 27800 normal
2018-12-23__17:24 [0.61,1.17,1.23] 3.9% 27800 normal
2018-12-23__17:24 [0.56,1.15,1.22] 4.7% 27800 normal
2018-12-23__17:24 [0.52,1.13,1.22] 4.2% 27800 normal
2018-12-23__17:24 [0.47,1.11,1.21] 2.7% 27800 normal
2018-12-23__17:24 [0.52,1.11,1.21] 4.8% 27800 normal
2018-12-23__17:24 [0.44,1.07,1.20] 3.2% 27800 normal
2018-12-23__17:25 [0.40,1.05,1.19] 6.4% 27800 normal
2018-12-23__17:25 [0.37,1.03,1.18] 4.0% 27800 normal
2018-12-23__17:25 [0.34,1.02,1.18] 7.2% 27800 normal
2018-12-23__17:25 [0.47,1.03,1.18] 7.6% 27800 normal
2018-12-23__17:25 [0.44,1.02,1.17] 5.9% 27800 normal
2018-12-23__17:25 [0.40,1.00,1.17] 9.7% 27800 normal
2018-12-23__17:25 [0.61,1.03,1.18] 8.6% 27800 normal
2018-12-23__17:25 [0.59,1.01,1.17] 9.9% 27800 normal
2018-12-23__17:25 [0.54,1.00,1.16] 7.0% 27800 normal
2018-12-23__17:25 [0.50,0.98,1.16] 7.2% 27800 normal
2018-12-23__17:25 [0.46,0.96,1.15] 8.4% 27800 normal
2018-12-23__17:26 [0.50,0.96,1.15] 6.0% 27800 normal
2018-12-23__17:26 [0.46,0.95,1.14] 7.7% 27800 normal
2018-12-23__17:26 [0.42,0.93,1.14] 7.4% 27800 normal
2018-12-23__17:26 [0.39,0.92,1.13] 8.2% 27800 normal
2018-12-23__17:26 [0.44,0.92,1.13] 11.4% 27800 normal
2018-12-23__17:26 [0.45,0.90,1.12] 9.7% 27800 normal
2018-12-23__17:26 [0.41,0.89,1.12] 12.4% 27800 normal
2018-12-23__17:26 [0.38,0.87,1.11] 6.3% 27800 normal
2018-12-23__17:26 [0.35,0.86,1.10] 9.1% 27800 normal
2018-12-23__17:26 [0.32,0.85,1.10] 15.0% 27800 normal
2018-12-23__17:27 [0.46,0.86,1.10] 14.1% 27800 normal
2018-12-23__17:27 [0.66,0.90,1.11] 13.6% 27800 normal
2018-12-23__17:27 [0.69,0.90,1.11] 15.2% 27800 normal
2018-12-23__17:27 [1.27,1.02,1.15] 15.3% 27800 normal
2018-12-23__17:27 [1.31,1.04,1.15] 15.2% 27800 normal
2018-12-23__17:27 [1.28,1.04,1.15] 15.9% 27800 normal
2018-12-23__17:27 [1.42,1.07,1.16] 18.3% 27800 normal
2018-12-23__17:27 [1.47,1.08,1.17] 14.9% 27800 normal
2018-12-23__17:27 [1.43,1.08,1.17] 13.8% 27800 normal
2018-12-23__17:27 [1.47,1.10,1.17] 13.3% 27800 normal
2018-12-23__17:27 [1.52,1.11,1.18] 13.0% 27800 normal
2018-12-23__17:28 [1.47,1.11,1.17] 14.3% 27800 normal
2018-12-23__17:28 [1.70,1.17,1.19] 11.6% 27800 normal
2018-12-23__17:28 [1.73,1.19,1.20] 14.3% 27800 normal
2018-12-23__17:28 [1.83,1.22,1.21] 14.2% 27800 normal
2018-12-23__17:28 [2.00,1.26,1.22] 17.8% 27800 normal
2018-12-23__17:28 [2.24,1.33,1.24] 13.0% 27800 normal
2018-12-23__17:28 [2.14,1.32,1.24] 11.9% 27800 normal
2018-12-23__17:28 [2.21,1.35,1.25] 13.6% 27800 normal
2018-12-23__17:28 [2.20,1.36,1.26] 12.6% 27800 normal
2018-12-23__17:28 [2.08,1.36,1.26] 17.3% 27800 normal
2018-12-23__17:28 [2.08,1.38,1.26] 13.1% 27800 normal
2018-12-23__17:29 [2.31,1.44,1.29] 13.8% 27800 normal
2018-12-23__17:29 [2.61,1.51,1.31] 11.6% 27800 normal
2018-12-23__17:29 [2.56,1.52,1.31] 21.3% 27800 normal
2018-12-23__17:29 [2.51,1.53,1.32] 16.4% 27800 normal
2018-12-23__17:29 [2.47,1.54,1.32] 10.0% 27800 normal
2018-12-23__17:29 [2.35,1.53,1.32] 15.6% 27800 normal
2018-12-23__17:29 [2.30,1.54,1.33] 12.5% 27800 normal
2018-12-23__17:29 [2.27,1.55,1.33] 15.8% 27800 normal
2018-12-23__17:29 [2.17,1.54,1.33] 15.4% 27800 normal
2018-12-23__17:29 [2.24,1.57,1.34] 13.4% 27800 normal
2018-12-23__17:30 [2.22,1.57,1.34] 15.4% 27800 normal
2018-12-23__17:30 [2.60,1.66,1.37] 20.2% 27800 normal
2018-12-23__17:30 [2.47,1.65,1.37] 9.9% 27800 normal
2018-12-23__17:30 [2.52,1.68,1.38] 16.5% 27800 normal
2018-12-23__17:30 [2.47,1.68,1.38] 16.1% 27800 normal
2018-12-23__17:30 [2.48,1.71,1.40] 15.8% 27800 normal
2018-12-23__17:30 [2.44,1.71,1.40] 13.1% 27800 normal
2018-12-23__17:30 [2.40,1.72,1.40] 12.8% 27800 normal
2018-12-23__17:30 [2.37,1.72,1.41] 17.2% 27800 normal
2018-12-23__17:30 [2.34,1.73,1.41] 11.9% 27800 normal
2018-12-23__17:30 [2.31,1.73,1.41] 15.4% 27800 normal
2018-12-23__17:31 [2.29,1.74,1.42] 17.2% 27800 normal
2018-12-23__17:31 [2.26,1.74,1.42] 12.4% 27800 normal
2018-12-23__17:31 [2.37,1.78,1.44] 13.7% 27800 normal
2018-12-23__17:31 [2.34,1.79,1.44] 13.7% 27800 normal
2018-12-23__17:31 [2.31,1.79,1.44] 15.7% 27800 normal
2018-12-23__17:31 [2.29,1.80,1.45] 12.8% 27800 normal
2018-12-23__17:31 [2.59,1.87,1.47] 13.6% 27800 normal
2018-12-23__17:31 [2.54,1.87,1.48] 14.4% 27800 normal
2018-12-23__17:31 [2.49,1.87,1.48] 14.1% 27800 normal
2018-12-23__17:31 [2.45,1.87,1.48] 19.0% 27800 normal
2018-12-23__17:31 [2.38,1.88,1.49] 14.9% 27800 normal
2018-12-23__17:32 [2.51,1.91,1.50] 16.1% 27800 normal
2018-12-23__17:32 [2.39,1.90,1.50] 17.2% 27800 normal
2018-12-23__17:32 [2.36,1.90,1.50] 11.9% 27800 normal
2018-12-23__17:32 [2.33,1.90,1.50] 15.1% 27800 normal
2018-12-23__17:32 [2.30,1.90,1.51] 15.9% 27800 normal
2018-12-23__17:32 [2.28,1.91,1.51] 15.2% 27800 normal
2018-12-23__17:32 [2.42,1.94,1.52] 16.0% 27800 normal
2018-12-23__17:32 [2.38,1.94,1.53] 15.7% 27800 normal
2018-12-23__17:32 [2.40,1.96,1.54] 17.2% 27800 normal
2018-12-23__17:32 [2.37,1.96,1.54] 14.8% 27800 normal
2018-12-23__17:32 [2.34,1.96,1.54] 16.5% 27800 normal
2018-12-23__17:33 [2.31,1.96,1.55] 14.1% 27800 normal
2018-12-23__17:33 [2.28,1.96,1.55] 14.0% 27800 normal
2018-12-23__17:33 [2.26,1.97,1.55] 15.1% 27800 normal
2018-12-23__17:33 [2.32,1.98,1.56] 14.3% 27800 normal
2018-12-23__17:33 [2.29,1.98,1.56] 13.4% 27800 normal
2018-12-23__17:33 [2.25,1.98,1.57] 14.7% 27800 normal
2018-12-23__17:33 [2.15,1.97,1.56] 19.7% 27800 normal
2018-12-23__17:33 [2.14,1.97,1.57] 16.4% 27800 normal
2018-12-23__17:33 [2.13,1.97,1.57] 16.0% 27800 normal
2018-12-23__17:33 [1.95,1.94,1.56] 13.1% 27800 normal
2018-12-23__17:34 [1.88,1.92,1.56] 15.1% 27800 normal
2018-12-23__17:34 [1.89,1.92,1.56] 15.5% 27800 normal
2018-12-23__17:34 [1.90,1.92,1.56] 14.3% 27800 normal
2018-12-23__17:34 [1.91,1.93,1.56] 12.9% 27800 normal
2018-12-23__17:34 [1.99,1.94,1.57] 13.8% 27800 normal
2018-12-23__17:34 [1.91,1.93,1.57] 19.6% 27800 normal
2018-12-23__17:34 [2.16,1.98,1.59] 12.3% 27800 normal
2018-12-23__17:34 [2.23,2.00,1.60] 12.9% 27800 normal
2018-12-23__17:34 [2.29,2.01,1.60] 13.9% 27800 normal
2018-12-23__17:34 [2.27,2.01,1.61] 17.0% 27800 normal
2018-12-23__17:34 [2.25,2.01,1.61] 14.2% 27800 normal
2018-12-23__17:35 [2.23,2.01,1.61] 13.5% 27800 normal
2018-12-23__17:35 [2.26,2.03,1.62] 16.4% 27800 normal
2018-12-23__17:35 [2.24,2.03,1.62] 13.1% 27800 normal
2018-12-23__17:35 [2.22,2.03,1.63] 15.6% 27800 normal
2018-12-23__17:35 [2.36,2.06,1.64] 17.7% 27800 normal
2018-12-23__17:35 [2.41,2.08,1.65] 5.7% 27800 normal
2018-12-23__17:35 [2.38,2.07,1.65] 12.2% 27800 normal
2018-12-23__17:35 [2.51,2.11,1.66] 15.1% 27800 normal
2018-12-23__17:35 [2.39,2.09,1.66] 13.9% 27800 normal
2018-12-23__17:35 [2.48,2.12,1.67] 13.4% 27800 normal
2018-12-23__17:35 [2.52,2.13,1.68] 14.0% 27800 normal
2018-12-23__17:36 [2.48,2.13,1.68] 14.9% 27800 normal
2018-12-23__17:36 [2.76,2.19,1.70] 13.4% 27800 normal
2018-12-23__17:36 [2.94,2.24,1.72] 15.9% 27800 normal
2018-12-23__17:36 [2.86,2.24,1.72] 15.8% 27800 normal
2018-12-23__17:36 [3.03,2.28,1.74] 14.4% 27800 normal
2018-12-23__17:36 [2.95,2.28,1.74] 36.3% 27800 normal
2018-12-23__17:36 [2.96,2.30,1.76] 6.9% 27800 normal
2018-12-23__17:36 [2.72,2.26,1.75] 5.7% 27800 normal
2018-12-23__17:36 [2.50,2.23,1.74] 8.4% 27800 normal
2018-12-23__17:36 [2.38,2.21,1.73] 9.2% 27800 normal
2018-12-23__17:37 [2.19,2.17,1.72] 8.5% 27800 normal
2018-12-23__17:37 [2.10,2.15,1.72] 8.6% 27800 normal
2018-12-23__17:37 [2.09,2.15,1.72] 17.5% 27800 normal
2018-12-23__17:37 [1.92,2.11,1.71] 8.8% 27800 normal
2018-12-23__17:37 [1.77,2.08,1.70] 21.1% 27800 normal
2018-12-23__17:37 [1.86,2.09,1.71] 10.9% 27800 normal
2018-12-23__17:37 [1.79,2.07,1.71] 8.4% 27800 normal
2018-12-23__17:37 [1.73,2.05,1.70] 9.3% 27800 normal
2018-12-23__17:37 [1.67,2.03,1.70] 9.9% 27800 normal
2018-12-23__17:37 [1.70,2.03,1.70] 6.4% 27800 normal
2018-12-23__17:37 [1.64,2.02,1.70] 8.6% 27800 normal
2018-12-23__17:38 [1.91,2.07,1.72] 10.4% 27800 normal
2018-12-23__17:38 [2.00,2.08,1.72] 14.3% 27800 normal
2018-12-23__17:38 [2.00,2.08,1.73] 2.8% 27800 normal
2018-12-23__17:38 [1.85,2.04,1.72] 14.4% 27800 normal
2018-12-23__17:38 [1.86,2.04,1.72] 16.7% 27800 normal
2018-12-23__17:38 [1.96,2.06,1.73] 15.9% 27800 normal
2018-12-23__17:38 [1.96,2.06,1.73] 13.9% 27800 normal
2018-12-23__17:38 [1.96,2.06,1.73] 16.5% 27800 normal
2018-12-23__17:38 [1.97,2.06,1.73] 13.4% 27800 normal
2018-12-23__17:38 [1.89,2.04,1.73] 14.3% 27800 normal
2018-12-23__17:38 [1.82,2.02,1.72] 17.2% 27800 normal
2018-12-23__17:39 [2.01,2.05,1.74] 14.0% 27800 normal
2018-12-23__17:39 [2.01,2.05,1.74] 14.3% 27800 normal
2018-12-23__17:39 [1.84,2.02,1.73] 13.7% 27800 normal
2018-12-23__17:39 [1.86,2.02,1.73] 17.0% 27800 normal
2018-12-23__17:39 [1.71,1.98,1.72] 13.1% 27800 normal
2018-12-23__17:39 [1.81,2.00,1.73] 13.8% 27800 normal
2018-12-23__17:39 [1.91,2.02,1.74] 13.3% 27800 normal
2018-12-23__17:39 [1.83,2.00,1.73] 14.7% 27800 normal
2018-12-23__17:39 [2.24,2.08,1.76] 16.0% 27800 normal
2018-12-23__17:39 [2.22,2.08,1.76] 12.6% 27800 normal
2018-12-23__17:40 [2.12,2.06,1.76] 4.8% 27800 normal
2018-12-23__17:40 [2.03,2.05,1.75] 12.3% 27800 normal
2018-12-23__17:40 [2.03,2.04,1.75] 11.0% 27800 normal
2018-12-23__17:40 [2.10,2.06,1.76] 14.4% 27800 normal
2018-12-23__17:40 [2.02,2.04,1.76] 14.9% 27800 normal
2018-12-23__17:40 [2.01,2.04,1.76] 12.6% 27800 normal
2018-12-23__17:40 [2.09,2.06,1.77] 16.0% 27800 normal
2018-12-23__17:40 [2.08,2.06,1.77] 18.1% 27800 normal
2018-12-23__17:40 [2.07,2.05,1.77] 14.7% 27800 normal
2018-12-23__17:40 [1.99,2.04,1.77] 13.7% 27800 normal
2018-12-23__17:40 [2.15,2.07,1.78] 14.2% 27800 normal
2018-12-23__17:41 [2.14,2.07,1.78] 14.7% 27800 normal
2018-12-23__17:41 [2.12,2.07,1.78] 12.0% 27800 normal
2018-12-23__17:41 [2.11,2.07,1.78] 13.0% 27800 normal
2018-12-23__17:41 [2.10,2.06,1.78] 15.8% 27800 normal
2018-12-23__17:41 [2.01,2.04,1.78] 14.4% 27800 normal
2018-12-23__17:41 [1.93,2.03,1.78] 15.9% 27800 normal
2018-12-23__17:41 [2.33,2.11,1.80] 14.4% 27800 normal
2018-12-23__17:41 [2.39,2.12,1.81] 14.2% 27800 normal
2018-12-23__17:41 [2.20,2.09,1.80] 12.0% 27800 normal
2018-12-23__17:41 [2.18,2.09,1.80] 8.7% 27800 normal
2018-12-23__17:41 [2.25,2.10,1.81] 12.4% 27800 normal
2018-12-23__17:42 [2.23,2.10,1.81] 11.9% 27800 normal
2018-12-23__17:42 [2.03,2.06,1.80] 10.4% 27800 normal
2018-12-23__17:42 [1.95,2.05,1.80] 11.5% 27800 normal
2018-12-23__17:42 [2.03,2.06,1.81] 12.6% 27800 normal
2018-12-23__17:42 [2.03,2.06,1.81] 18.1% 27800 normal
2018-12-23__17:42 [2.03,2.06,1.81] 12.9% 27800 normal
2018-12-23__17:42 [1.94,2.04,1.80] 9.8% 27800 normal
2018-12-23__17:42 [2.03,2.06,1.81] 14.9% 27800 normal
2018-12-23__17:42 [2.03,2.06,1.81] 12.1% 27800 normal
2018-12-23__17:42 [1.94,2.04,1.81] 8.6% 27800 normal
2018-12-23__17:42 [2.03,2.05,1.82] 15.3% 27800 normal
2018-12-23__17:43 [2.02,2.05,1.82] 13.0% 27800 normal
2018-12-23__17:43 [2.10,2.07,1.82] 13.2% 27800 normal
2018-12-23__17:43 [2.09,2.07,1.83] 12.2% 27800 normal
2018-12-23__17:43 [2.09,2.07,1.83] 15.4% 27800 normal
2018-12-23__17:43 [2.32,2.11,1.84] 14.1% 27800 normal
2018-12-23__17:43 [2.37,2.13,1.85] 14.1% 27800 normal
2018-12-23__17:43 [2.34,2.13,1.85] 16.5% 27800 normal
2018-12-23__17:43 [2.22,2.11,1.85] 15.9% 27800 normal
2018-12-23__17:43 [2.20,2.10,1.85] 14.4% 27800 normal
2018-12-23__17:43 [2.18,2.10,1.85] 14.7% 27800 normal
2018-12-23__17:44 [2.09,2.08,1.84] 14.4% 27800 normal
2018-12-23__17:44 [2.00,2.07,1.84] 13.7% 27800 normal
2018-12-23__17:44 [2.00,2.06,1.84] 19.6% 27800 normal
2018-12-23__17:44 [2.00,2.06,1.84] 12.6% 27800 normal
2018-12-23__17:44 [1.92,2.04,1.84] 14.2% 27800 normal
2018-12-23__17:44 [2.01,2.06,1.84] 12.0% 27800 normal
2018-12-23__17:44 [2.01,2.06,1.84] 12.5% 27800 normal
2018-12-23__17:44 [2.00,2.06,1.85] 13.6% 27800 normal
2018-12-23__17:44 [2.08,2.07,1.85] 16.0% 27800 normal
2018-12-23__17:44 [2.08,2.07,1.85] 10.3% 27800 normal
2018-12-23__17:44 [1.99,2.05,1.85] 12.3% 27800 normal
2018-12-23__17:45 [1.99,2.05,1.85] 9.7% 27800 normal
2018-12-23__17:45 [1.99,2.05,1.85] 19.2% 27800 normal
2018-12-23__17:45 [2.15,2.08,1.86] 12.5% 27800 normal
2018-12-23__17:45 [2.13,2.08,1.86] 10.6% 27800 normal
2018-12-23__17:45 [2.12,2.08,1.86] 15.9% 27800 normal
2018-12-23__17:45 [2.19,2.10,1.87] 32.6% 27800 normal
2018-12-23__17:45 [2.01,2.06,1.86] 13.1% 27800 normal
2018-12-23__17:45 [2.09,2.08,1.87] 7.9% 27800 normal
2018-12-23__17:45 [2.01,2.06,1.86] 10.7% 27800 normal
2018-12-23__17:45 [1.85,2.02,1.85] 6.2% 27800 normal
2018-12-23__17:45 [1.70,1.99,1.84] 8.4% 27800 normal
2018-12-23__17:46 [1.64,1.97,1.84] 7.4% 27800 normal
2018-12-23__17:46 [1.46,1.92,1.82] 8.6% 27800 normal
2018-12-23__17:46 [1.51,1.93,1.82] 13.3% 27800 normal
2018-12-23__17:46 [1.63,1.94,1.83] 17.6% 27800 normal
2018-12-23__17:46 [1.66,1.94,1.83] 18.4% 27800 normal
2018-12-23__17:46 [1.68,1.95,1.83] 18.6% 27800 normal
2018-12-23__17:46 [1.63,1.93,1.83] 12.5% 27800 normal
2018-12-23__17:46 [1.58,1.91,1.82] 12.0% 27800 normal
2018-12-23__17:46 [1.53,1.90,1.82] 15.0% 27800 normal
2018-12-23__17:46 [1.60,1.90,1.82] 8.3% 27800 normal
2018-12-23__17:46 [1.63,1.90,1.82] 8.3% 27800 normal
2018-12-23__17:47 [1.50,1.87,1.81] 8.8% 27800 normal
2018-12-23__17:47 [1.38,1.84,1.80] 6.2% 27800 normal
2018-12-23__17:47 [1.27,1.81,1.79] 7.3% 27800 normal
2018-12-23__17:47 [1.25,1.80,1.79] 9.8% 27800 normal
2018-12-23__17:47 [1.23,1.78,1.78] 8.9% 27800 normal
2018-12-23__17:47 [1.13,1.75,1.77] 4.8% 27800 normal
2018-12-23__17:47 [1.04,1.72,1.76] 5.8% 27800 normal
2018-12-23__17:47 [0.96,1.68,1.75] 9.4% 27800 normal
2018-12-23__17:47 [0.88,1.65,1.74] 14.4% 27800 normal
2018-12-23__17:47 [0.81,1.63,1.73] 7.4% 27800 normal
2018-12-23__17:48 [0.83,1.62,1.72] 8.7% 27800 normal
2018-12-23__17:48 [0.76,1.59,1.71] 6.7% 27800 normal
2018-12-23__17:48 [0.70,1.56,1.70] 5.5% 27800 normal
2018-12-23__17:48 [0.72,1.55,1.70] 5.7% 27800 normal
2018-12-23__17:48 [0.66,1.53,1.69] 6.9% 27800 normal
2018-12-23__17:48 [0.88,1.54,1.69] 9.4% 27800 normal
2018-12-23__17:48 [0.81,1.52,1.69] 9.9% 27800 normal
2018-12-23__17:48 [0.82,1.51,1.68] 10.4% 27800 normal
2018-12-23__17:48 [0.76,1.48,1.67] 8.3% 27800 normal
2018-12-23__17:48 [0.70,1.46,1.66] 7.2% 27800 normal
2018-12-23__17:48 [0.64,1.43,1.65] 7.6% 27800 normal
2018-12-23__17:49 [0.59,1.41,1.64] 5.7% 27800 normal
2018-12-23__17:49 [0.62,1.40,1.64] 5.5% 27800 normal
2018-12-23__17:49 [0.81,1.43,1.65] 5.2% 27800 normal
2018-12-23__17:49 [0.77,1.40,1.63] 6.2% 27800 normal
2018-12-23__17:49 [0.87,1.41,1.64] 8.2% 27800 normal
2018-12-23__17:49 [0.80,1.39,1.63] 7.9% 27800 normal
2018-12-23__17:49 [0.81,1.38,1.62] 10.2% 27800 normal
2018-12-23__17:49 [0.75,1.36,1.62] 9.7% 27800 normal
2018-12-23__17:49 [0.69,1.33,1.61] 7.6% 27800 normal
2018-12-23__17:49 [0.63,1.31,1.60] 10.7% 27800 normal
2018-12-23__17:49 [0.90,1.35,1.61] 7.3% 27800 normal
2018-12-23__17:50 [0.83,1.33,1.60] 6.2% 27800 normal
2018-12-23__17:50 [0.78,1.30,1.59] 10.3% 27800 normal
2018-12-23__17:50 [0.79,1.30,1.59] 8.3% 27800 normal
2018-12-23__17:50 [0.73,1.28,1.58] 7.1% 27800 normal
2018-12-23__17:50 [0.67,1.25,1.57] 8.3% 27800 normal
2018-12-23__17:50 [0.70,1.25,1.57] 7.4% 27800 normal
2018-12-23__17:50 [0.72,1.25,1.56] 7.1% 27800 normal
2018-12-23__17:50 [0.66,1.22,1.55] 5.7% 27800 normal
2018-12-23__17:50 [0.61,1.20,1.54] 8.5% 27800 normal
2018-12-23__17:50 [0.74,1.21,1.54] 7.2% 27800 normal
2018-12-23__17:50 [0.68,1.19,1.54] 9.9% 27800 normal
2018-12-23__17:51 [0.70,1.19,1.53] 6.5% 27800 normal
2018-12-23__17:51 [0.65,1.17,1.52] 6.2% 27800 normal
2018-12-23__17:51 [0.60,1.15,1.52] 8.4% 27800 normal
2018-12-23__17:51 [0.55,1.13,1.51] 8.7% 27800 normal
2018-12-23__17:51 [0.50,1.11,1.50] 10.2% 27800 normal
2018-12-23__17:51 [0.46,1.09,1.49] 5.4% 27800 normal
2018-12-23__17:51 [0.43,1.08,1.48] 5.7% 27800 normal
2018-12-23__17:51 [0.36,1.04,1.47] 9.1% 27800 normal
2018-12-23__17:51 [0.33,1.02,1.46] 5.9% 27800 normal
2018-12-23__17:51 [0.30,1.00,1.45] 8.7% 27800 normal
2018-12-23__17:52 [0.28,0.99,1.44] 5.0% 27800 normal
2018-12-23__17:52 [0.26,0.97,1.43] 6.0% 27800 normal
2018-12-23__17:52 [0.32,0.97,1.43] 10.3% 27800 normal
2018-12-23__17:52 [0.29,0.95,1.42] 8.8% 27800 normal
2018-12-23__17:52 [0.27,0.94,1.42] 5.1% 27800 normal
2018-12-23__17:52 [0.23,0.91,1.40] 3.5% 27800 normal
2018-12-23__17:52 [0.21,0.89,1.39] 7.2% 27800 normal
2018-12-23__17:52 [0.19,0.88,1.39] 4.8% 27800 normal
2018-12-23__17:52 [0.26,0.88,1.38] 8.3% 27800 normal
2018-12-23__17:52 [0.32,0.88,1.38] 7.2% 27800 normal
2018-12-23__17:52 [0.29,0.87,1.37] 7.8% 27800 normal
2018-12-23__17:53 [0.27,0.85,1.36] 6.9% 27800 normal
2018-12-23__17:53 [0.65,0.92,1.38] 11.6% 27800 normal
2018-12-23__17:53 [0.59,0.91,1.38] 7.1% 27800 normal
2018-12-23__17:53 [0.58,0.89,1.37] 7.5% 27800 normal
2018-12-23__17:53 [0.54,0.88,1.36] 4.8% 27800 normal
2018-12-23__17:53 [0.49,0.86,1.35] 8.0% 27800 normal
2018-12-23__17:53 [0.53,0.87,1.35] 6.1% 27800 normal
2018-12-23__17:53 [0.49,0.85,1.34] 6.9% 27800 normal
2018-12-23__17:53 [0.45,0.84,1.33] 10.0% 27800 normal
2018-12-23__17:53 [0.41,0.82,1.33] 6.6% 27800 normal
2018-12-23__17:53 [0.38,0.81,1.32] 8.9% 27800 normal
2018-12-23__17:54 [0.35,0.80,1.31] 11.8% 27800 normal
2018-12-23__17:54 [0.67,0.85,1.33] 7.8% 27800 normal
2018-12-23__17:54 [0.62,0.84,1.32] 7.6% 27800 normal
2018-12-23__17:54 [0.57,0.82,1.31] 7.7% 27800 normal
2018-12-23__17:54 [0.52,0.81,1.30] 6.9% 27800 normal
2018-12-23__17:54 [0.48,0.80,1.30] 6.4% 27800 normal
2018-12-23__17:54 [0.52,0.80,1.29] 15.8% 27800 normal
2018-12-23__17:54 [0.48,0.79,1.29] 7.3% 27800 normal
2018-12-23__17:54 [0.44,0.77,1.28] 7.7% 27800 normal
2018-12-23__17:54 [0.67,0.81,1.29] 11.4% 27800 normal
2018-12-23__17:55 [0.70,0.82,1.28] 8.2% 27800 normal
2018-12-23__17:55 [0.73,0.82,1.28] 6.5% 27800 normal
2018-12-23__17:55 [0.67,0.81,1.28] 7.8% 27800 normal
2018-12-23__17:55 [0.61,0.79,1.27] 6.7% 27800 normal
2018-12-23__17:55 [0.64,0.80,1.27] 5.2% 27800 normal
2018-12-23__17:55 [0.59,0.78,1.26] 6.9% 27800 normal
2018-12-23__17:55 [0.63,0.79,1.26] 6.4% 27800 normal
2018-12-23__17:55 [0.66,0.79,1.26] 5.9% 27800 normal
2018-12-23__17:55 [0.63,0.78,1.25] 8.5% 27800 normal
2018-12-23__17:55 [0.82,0.82,1.26] 10.1% 27800 normal
2018-12-23__17:55 [0.75,0.80,1.25] 7.8% 27800 normal
2018-12-23__17:56 [0.69,0.79,1.24] 9.7% 27800 normal
2018-12-23__17:56 [0.64,0.78,1.24] 5.2% 27800 normal
2018-12-23__17:56 [0.67,0.78,1.24] 9.5% 27800 normal
2018-12-23__17:56 [0.69,0.79,1.23] 6.2% 27800 normal
2018-12-23__17:56 [0.64,0.77,1.23] 8.4% 27800 normal
2018-12-23__17:56 [0.67,0.78,1.23] 8.3% 27800 normal
2018-12-23__17:56 [0.79,0.80,1.23] 7.8% 27800 normal
2018-12-23__17:56 [0.72,0.79,1.22] 8.2% 27800 normal
2018-12-23__17:56 [0.66,0.77,1.22] 8.3% 27800 normal
2018-12-23__17:56 [0.61,0.76,1.21] 10.7% 27800 normal
2018-12-23__17:56 [0.56,0.75,1.20] 6.9% 27800 normal
2018-12-23__17:57 [0.52,0.73,1.20] 6.5% 27800 normal
2018-12-23__17:57 [0.47,0.72,1.19] 6.5% 27800 normal
2018-12-23__17:57 [0.44,0.71,1.18] 5.7% 27800 normal
2018-12-23__17:57 [0.60,0.74,1.18] 9.0% 27800 normal
2018-12-23__17:57 [0.55,0.72,1.18] 7.8% 27800 normal
2018-12-23__17:57 [0.59,0.73,1.18] 5.5% 27800 normal
2018-12-23__17:57 [0.54,0.72,1.17] 10.9% 27800 normal
2018-12-23__17:57 [0.49,0.70,1.16] 12.2% 27800 normal
2018-12-23__17:57 [0.45,0.69,1.16] 5.5% 27800 normal
2018-12-23__17:57 [0.50,0.70,1.16] 9.7% 27800 normal
2018-12-23__17:57 [0.54,0.70,1.16] 5.0% 27800 normal
2018-12-23__17:58 [0.50,0.69,1.15] 7.5% 27800 normal
2018-12-23__17:58 [0.57,0.70,1.15] 9.3% 27800 normal
2018-12-23__17:58 [0.53,0.69,1.14] 6.2% 27800 normal
2018-12-23__17:58 [0.48,0.68,1.14] 4.0% 27800 normal
2018-12-23__17:58 [0.45,0.67,1.13] 8.3% 27800 normal
2018-12-23__17:58 [0.41,0.66,1.12] 8.1% 27800 normal
2018-12-23__17:58 [0.38,0.64,1.12] 5.9% 27800 normal
2018-12-23__17:58 [0.35,0.63,1.11] 7.3% 27800 normal
2018-12-23__17:58 [0.40,0.64,1.11] 5.0% 27800 normal
2018-12-23__17:58 [0.53,0.66,1.11] 7.4% 27800 normal
2018-12-23__17:59 [0.83,0.72,1.13] 7.5% 27800 normal
2018-12-23__17:59 [0.76,0.71,1.12] 7.5% 27800 normal
2018-12-23__17:59 [0.70,0.70,1.12] 6.7% 27800 normal
2018-12-23__17:59 [0.64,0.69,1.11] 6.7% 27800 normal
2018-12-23__17:59 [0.59,0.68,1.10] 8.9% 27800 normal
2018-12-23__17:59 [0.54,0.66,1.10] 8.5% 27800 normal
2018-12-23__17:59 [0.50,0.65,1.09] 6.5% 27800 normal
2018-12-23__17:59 [0.46,0.64,1.08] 8.2% 27800 normal
2018-12-23__17:59 [0.39,0.62,1.07] 7.4% 27800 normal
2018-12-23__17:59 [0.36,0.61,1.07] 4.5% 27800 normal
2018-12-23__17:59 [0.33,0.60,1.06] 10.1% 27800 normal
2018-12-23__18:00 [0.30,0.59,1.06] 8.6% 27800 normal
2018-12-23__18:00 [0.28,0.58,1.05] 7.9% 27800 normal
2018-12-23__18:00 [0.26,0.57,1.04] 4.7% 27800 normal
2018-12-23__18:00 [0.24,0.56,1.04] 11.9% 27800 normal
2018-12-23__18:00 [0.22,0.55,1.03] 5.9% 27800 normal
2018-12-23__18:00 [0.28,0.56,1.03] 4.3% 27800 normal
2018-12-23__18:00 [0.32,0.56,1.03] 9.4% 27800 normal
2018-12-23__18:00 [0.29,0.55,1.02] 6.1% 27800 normal
2018-12-23__18:00 [0.27,0.54,1.01] 3.8% 27800 normal
2018-12-23__18:00 [0.25,0.53,1.01] 10.3% 27800 normal
2018-12-23__18:00 [0.23,0.52,1.00] 8.8% 27800 normal
2018-12-23__18:01 [0.21,0.51,1.00] 6.9% 27800 normal
2018-12-23__18:01 [0.19,0.50,0.99] 9.3% 27800 normal
