2018-12-16 19:03:12 0 disk 46170 26760 37.4%
2018-12-16 19:03:12 1 /dev 3893 3893 0%
2018-12-16 19:03:12 1 /boot/efi 496 459 8%
2018-12-16 19:04:12 0 disk 46170 26760 37.4%
2018-12-16 19:04:12 1 /dev 3893 3893 0%
2018-12-16 19:04:12 1 /boot/efi 496 459 8%
2018-12-16 20:46:46 0 disk 41514 22967 39.6%
2018-12-16 20:46:46 1 / 41018 22508 43%
2018-12-16 20:46:46 1 /boot/efi 496 459 8%
2018-12-16 20:48:19 0 disk 41514 22966 39.6%
2018-12-16 20:48:19 1 / 41018 22507 43%
2018-12-16 20:48:19 1 /boot/efi 496 459 8%
2018-12-18 17:12:02 0 disk 41514 22863 39.8%
2018-12-18 17:12:02 1 / 41018 22404 43%
2018-12-18 17:12:02 1 /boot/efi 496 459 8%
2018-12-18 17:12:26 0 disk 41514 22863 39.8%
2018-12-18 17:12:26 1 / 41018 22404 43%
2018-12-18 17:12:26 1 /boot/efi 496 459 8%
2018-12-18 17:14:18 0 disk 46170 26756 37.4%
2018-12-18 17:14:18 1 /dev 3893 3893 0%
2018-12-18 17:14:18 1 /boot/efi 496 459 8%
2018-12-18 17:15:40 0 disk 41514 22861 39.8%
2018-12-18 17:15:40 1 / 41018 22402 43%
2018-12-18 17:15:40 1 /boot/efi 496 459 8%
2018-12-18 17:17:06 0 disk 41514 22861 39.8%
2018-12-18 17:17:06 1 / 41018 22402 43%
2018-12-18 17:17:06 1 /boot/efi 496 459 8%
2018-12-18 17:17:21 0 disk 46170 26754 37.4%
2018-12-18 17:17:21 1 /dev 3893 3893 0%
2018-12-18 17:17:21 1 /boot/efi 496 459 8%
2018-12-18 17:22:48 0 disk 41514 22860 39.8%
2018-12-18 17:22:48 1 / 41018 22401 43%
2018-12-18 17:22:48 1 /boot/efi 496 459 8%
2018-12-18 17:24:33 0 disk 41514 22852 39.8%
2018-12-18 17:24:33 1 / 41018 22393 43%
2018-12-18 17:24:33 1 /boot/efi 496 459 8%
2018-12-18 17:27:50 0 disk 0 0 %
2018-12-18 17:27:50 1 
2018-12-18 17:27:50 1 
2018-12-18 17:30:32 0 disk 41514 22851 39.8%
2018-12-18 17:30:32 1 / 41018 22392 43%
2018-12-18 17:30:32 1 /boot/efi 496 459 8%
2018-12-18 17:37:22 0 disk 0 0 %
2018-12-18 17:37:22 1 
2018-12-18 17:37:22 1 
2018-12-18 17:38:14 0 disk 41514 22840 39.9%
2018-12-18 17:38:14 1 / 41018 22381 43%
2018-12-18 17:38:14 1 /boot/efi 496 459 8%
2018-12-18 17:38:32 0 disk 46170 26733 37.5%
2018-12-18 17:38:32 1 /dev 3893 3893 0%
2018-12-18 17:38:32 1 /boot/efi 496 459 8%
2018-12-18 17:39:21 0 disk 42273 22840 40.9%
2018-12-18 17:39:21 1 38 41018 22381 434101496
2018-12-18 17:39:21 1 /boot/efi 496 459 8%
2018-12-18 17:40:21 0 disk 46170 26733 37.5%
2018-12-18 17:40:21 1 /dev 3893 3893 0%
2018-12-18 17:40:21 1 /boot/efi 496 459 8%
2018-12-18 17:41:52 0 disk 46170 22839 35.8%
2018-12-18 17:41:52 1 / 41018 22380 43%
2018-12-18 17:41:52 1 /boot/efi 496 459 8%
2018-12-18 17:42:34 0 disk 41514 22839 39.9%
2018-12-18 17:42:34 1 / 41018 22380 43%
2018-12-18 17:42:34 1 /boot/efi 496 459 8%
2018-12-18 17:42:46 0 disk 46170 26732 37.5%
2018-12-18 17:42:46 1 /dev 3893 3893 0%
2018-12-18 17:42:46 1 /boot/efi 496 459 8%
2018-12-18 17:42:54 0 disk 46170 26732 37.5%
2018-12-18 17:42:54 1 /dev 3893 3893 0%
2018-12-18 17:42:54 1 /boot/efi 496 459 8%
2018-12-18 17:46:02 0 disk 46170 26732 37.5%
2018-12-18 17:46:02 1 /dev 3893 3893 0%
2018-12-18 17:46:02 1 /boot/efi 496 459 8%
2018-12-18 17:48:00 0 disk 46170 26731 37.5%
2018-12-18 17:48:00 1 /dev 3893 3893 0%
2018-12-18 17:48:00 1 /boot/efi 496 459 8%
2018-12-18 17:52:49 0 disk 46170 26730 37.5%
2018-12-18 17:52:49 1 /dev 3893 3893 0%
2018-12-18 17:52:49 1 /boot/efi 496 459 8%
2018-12-18 18:00:23 0 disk 41514 22819 39.9%
2018-12-18 18:00:23 1 / 41018 22360 43%
2018-12-18 18:00:23 1 /boot/efi 496 459 8%
2018-12-18 18:01:23 0 disk 46170 26712 37.5%
2018-12-18 18:01:23 1 /dev 3893 3893 0%
2018-12-18 18:01:23 1 /boot/efi 496 459 8%
2018-12-18 18:01:45 0 disk 41514 22819 39.9%
2018-12-18 18:01:45 1 / 41018 22360 43%
2018-12-18 18:01:45 1 /boot/efi 496 459 8%
2018-12-18 18:03:15 0 disk 41514 22818 39.9%
2018-12-18 18:03:15 1 / 41018 22359 43%
2018-12-18 18:03:15 1 /boot/efi 496 459 8%
2018-12-18 18:05:01 0 disk 41514 22818 39.9%
2018-12-18 18:05:01 1 / 41018 22359 43%
2018-12-18 18:05:01 1 /boot/efi 496 459 8%
2018-12-18 18:05:29 0 disk 46170 26710 37.5%
2018-12-18 18:05:29 1 /dev 3893 3893 0%
2018-12-18 18:05:29 1 /boot/efi 496 459 8%
2018-12-18 18:07:11 0 disk 41514 22817 39.9%
2018-12-18 18:07:11 1 / 41018 22358 43%
2018-12-18 18:07:11 1 /boot/efi 496 459 8%
2018-12-18 18:09:52 0 disk 0 0 %
2018-12-18 18:09:52 1 
2018-12-18 18:09:52 1 
2018-12-18 18:10:52 0 disk 46170 26682 37.6%
2018-12-18 18:10:52 1 /dev 3893 3893 0%
2018-12-18 18:10:52 1 /boot/efi 496 459 8%
2018-12-18 18:11:52 0 disk 46170 26681 37.6%
2018-12-18 18:11:52 1 /dev 3893 3893 0%
2018-12-18 18:11:52 1 /boot/efi 496 459 8%
2018-12-18 18:12:53 0 disk 46170 26681 37.6%
2018-12-18 18:12:53 1 /dev 3893 3893 0%
2018-12-18 18:12:53 1 /boot/efi 496 459 8%
2018-12-18 18:16:30 0 disk 41514 22787 40.0%
2018-12-18 18:16:30 1 / 41018 22328 43%
2018-12-18 18:16:30 1 /boot/efi 496 459 8%
2018-12-18 18:17:30 0 disk 46170 26680 37.6%
2018-12-18 18:17:30 1 /dev 3893 3893 0%
2018-12-18 18:17:30 1 /boot/efi 496 459 8%
2018-12-18 18:18:30 0 disk 46170 26680 37.6%
2018-12-18 18:18:30 1 /dev 3893 3893 0%
2018-12-18 18:18:30 1 /boot/efi 496 459 8%
2018-12-18 18:19:30 0 disk 46170 26680 37.6%
2018-12-18 18:19:30 1 /dev 3893 3893 0%
2018-12-18 18:19:30 1 /boot/efi 496 459 8%
2018-12-18 18:19:48 0 disk 41514 22787 40.0%
2018-12-18 18:19:48 1 / 41018 22328 43%
2018-12-18 18:19:48 1 /boot/efi 496 459 8%
2018-12-18 18:20:15 0 disk 41514 22786 40.0%
2018-12-18 18:20:15 1 / 41018 22327 43%
2018-12-18 18:20:15 1 /boot/efi 496 459 8%
2018-12-18 18:24:18 0 disk 41514 22785 40.0%
2018-12-18 18:24:18 1 / 41018 22326 43%
2018-12-18 18:24:18 1 /boot/efi 496 459 8%
2018-12-18 18:30:11 0 disk 41514 22776 40.0%
2018-12-18 18:30:11 1 / 41018 22317 43%
2018-12-18 18:30:11 1 /boot/efi 496 459 8%
2018-12-18 18:32:14 0 disk 46170 26668 37.6%
2018-12-18 18:32:14 1 /dev 3893 3893 0%
2018-12-18 18:32:14 1 /boot/efi 496 459 8%
2018-12-18 18:33:21 0 disk 46170 26668 37.6%
2018-12-18 18:33:21 1 /dev 3893 3893 0%
2018-12-18 18:33:21 1 /boot/efi 496 459 8%
2018-12-18 18:40:12 0 disk 41514 22771 40.0%
2018-12-18 18:40:12 1 / 41018 22312 43%
2018-12-18 18:40:12 1 /boot/efi 496 459 8%
2018-12-18 19:20:57 0 disk 41514 22841 39.9%
2018-12-18 19:20:57 1 / 41018 22382 43%
2018-12-18 19:20:57 1 /boot/efi 496 459 8%
