2018-12-16__18:59:27 /opt/zoom/zoom 16918 tanxiao+ 58.2 2.4
2018-12-16__19:03:12 /opt/zoom/zoom 16918 tanxiao+ 58.2 2.4
2018-12-16__19:03:47 /opt/zoom/zoom 16918 tanxiao+ 58.2 2.4
2018-12-16__19:04:22 /opt/zoom/zoom 16918 tanxiao+ 58.2 2.4
2018-12-16__20:46:46 /opt/zoom/zoom 16918 tanxiao+ 58.2 2.4
2018-12-16__20:48:19 /opt/zoom/zoom 16918 tanxiao+ 58.2 2.4
2018-12-18__17:12:02 /opt/zoom/zoom 16918 tanxiao+ 58.2 2.4
2018-12-18__17:12:26 /opt/zoom/zoom 16918 tanxiao+ 58.2 2.4
2018-12-18__17:14:18 /opt/zoom/zoom 16918 tanxiao+ 58.2 2.4
2018-12-18__17:15:40 /opt/zoom/zoom 16918 tanxiao+ 58.2 2.4
2018-12-18__17:17:06 /opt/zoom/zoom 16918 tanxiao+ 58.2 2.4
2018-12-18__17:17:21 /opt/zoom/zoom 16918 tanxiao+ 58.2 2.4
2018-12-18__17:22:48 /opt/zoom/zoom 16918 tanxiao+ 58.2 2.4
2018-12-18__17:24:33 ./a.out 18471 tanxiao+ 99.4 0.0
2018-12-18__17:27:50 ./a.out 18471 tanxiao+ 99.9 0.0
2018-12-18__17:30:32 ./a.out 18471 tanxiao+ 99.7 0.0
2018-12-18__17:37:22 ./a.out 18471 tanxiao+ 99.7 0.0
2018-12-18__17:38:14 ./a.out 18471 tanxiao+ 99.7 0.0
2018-12-18__17:38:32 ./a.out 18471 tanxiao+ 99.7 0.0
2018-12-18__17:39:21 ./a.out 18471 tanxiao+ 99.7 0.0
2018-12-18__17:39:56 ./a.out 18471 tanxiao+ 99.7 0.0
2018-12-18__17:40:31 ./a.out 22723 tanxiao+ 99.7 0.0
2018-12-18__17:41:52 ./a.out 22723 tanxiao+ 100 0.0
2018-12-18__17:42:34 ./a.out 22723 tanxiao+ 100 0.0
2018-12-18__17:42:46 ./a.out 22723 tanxiao+ 100 0.0
2018-12-18__17:42:54 ./a.out 22723 tanxiao+ 100 0.0
2018-12-18__17:46:02 ./a.out 22723 tanxiao+ 100 0.0
2018-12-18__17:48:00 ./a.out 22723 tanxiao+ 100 0.0
2018-12-18__17:52:49 ./a.out 22723 tanxiao+ 100 0.0
2018-12-18__18:00:23 ./a.out 22723 tanxiao+ 100 0.0
2018-12-18__18:00:58 ./a.out 27720 tanxiao+ 93.5 0.0
2018-12-18__18:01:33 ./a.out 27720 tanxiao+ 99.1 0.0
2018-12-18__18:01:45 ./a.out 27720 tanxiao+ 100 0.0
2018-12-18__18:03:15 ./a.out 27720 tanxiao+ 99.7 0.0
2018-12-18__18:05:01 ./a.out 27720 tanxiao+ 99.7 0.0
2018-12-18__18:05:29 ./a.out 27720 tanxiao+ 99.9 0.0
2018-12-18__18:07:11 ./a.out 27720 tanxiao+ 100 0.0
2018-12-18__18:09:52 ./a.out 27720 tanxiao+ 100 0.0
2018-12-18__18:10:27 ./a.out 27720 tanxiao+ 100 0.0
2018-12-18__18:11:02 ./a.out 27720 tanxiao+ 100 0.0
2018-12-18__18:11:37 ./a.out 27720 tanxiao+ 100 0.0
2018-12-18__18:12:12 ./a.out 27720 tanxiao+ 100 0.0
2018-12-18__18:12:47 ./a.out 27720 tanxiao+ 100 0.0
2018-12-18__18:16:30 ./a.out 27720 tanxiao+ 100 0.0
2018-12-18__18:17:05 ./a.out 27720 tanxiao+ 100 0.0
2018-12-18__18:17:40 ./a.out 6640 tanxiao+ 100 0.0
2018-12-18__18:18:15 ./a.out 6640 tanxiao+ 100 0.0
2018-12-18__18:18:50 ./a.out 6640 tanxiao+ 100 0.0
2018-12-18__18:19:25 ./a.out 6640 tanxiao+ 100 0.0
2018-12-18__18:19:48 ./a.out 6640 tanxiao+ 100 0.0
2018-12-18__18:20:15 ./a.out 6640 tanxiao+ 100 0.0
2018-12-18__18:24:18 ./a.out 6640 tanxiao+ 100 0.0
2018-12-18__18:30:11 ./a.out 6640 tanxiao+ 100 0.0
2018-12-18__18:32:18 ./a.out 6640 tanxiao+ 100 0.0
2018-12-18__18:33:21 ./a.out 6640 tanxiao+ 100 0.0
2018-12-18__19:20:57 ./a.out 6640 tanxiao+ 100 0.0
