2018-12-16__19:03 tanxiaoze-Inspiron-7559 GNU/Linux [#45-Ubuntu SMP Thu Nov 15 19:32:57 UTC 2018] [up 9 hours, 58 minutes] [0.12,0.36,0.46] 41514M 39.8% 7843M 24.1% +45.0°C normal normal normal
2018-12-16__19:04 tanxiaoze-Inspiron-7559 GNU/Linux [#45-Ubuntu SMP Thu Nov 15 19:32:57 UTC 2018] [up 9 hours, 59 minutes] [0.23,0.35,0.45] 41514M 39.8% 7843M 24.1% +45.0°C normal normal normal
2018-12-16__20:46 tanxiaoze-Inspiron-7559 GNU/Linux [#45-Ubuntu SMP Thu Nov 15 19:32:57 UTC 2018] [up 11 hours, 42 minutes] [0.07,0.26,0.31] 41514M 39.6% 7843M 24.6% +46.0°C normal normal normal
2018-12-16__20:48 tanxiaoze-Inspiron-7559 GNU/Linux [#45-Ubuntu SMP Thu Nov 15 19:32:57 UTC 2018] [up 11 hours, 44 minutes] [0.23,0.26,0.31] 41514M 39.6% 7843M 24.6% +47.0°C normal normal normal
2018-12-18__17:12 tanxiaoze-Inspiron-7559 GNU/Linux [#45-Ubuntu SMP Thu Nov 15 19:32:57 UTC 2018] [up 2 days, 8 hours, 7 minutes] [1.88,1.15,0.72] 41514M 39.8% 7843M 21.0% +34.0°C normal normal normal
2018-12-18__17:12 tanxiaoze-Inspiron-7559 GNU/Linux [#45-Ubuntu SMP Thu Nov 15 19:32:57 UTC 2018] [up 2 days, 8 hours, 8 minutes] [1.24,1.06,0.70] 41514M 39.8% 7843M 20.9% +32.0°C normal normal normal
2018-12-18__17:14 tanxiaoze-Inspiron-7559 GNU/Linux [#45-Ubuntu SMP Thu Nov 15 19:32:57 UTC 2018] [up 2 days, 8 hours, 10 minutes] [0.31,0.78,0.64] 41514M 39.8% 7843M 21.0% +37.0°C normal normal normal
2018-12-18__17:15 tanxiaoze-Inspiron-7559 GNU/Linux [#45-Ubuntu SMP Thu Nov 15 19:32:57 UTC 2018] [up 2 days, 8 hours, 11 minutes] [0.79,0.81,0.66] 41514M 39.8% 7843M 21.1% +42.0°C normal normal normal
2018-12-18__17:17 tanxiaoze-Inspiron-7559 GNU/Linux [#45-Ubuntu SMP Thu Nov 15 19:32:57 UTC 2018] [up 2 days, 8 hours, 12 minutes] [0.24,0.63,0.61] 41514M 39.8% 7843M 21.1% +41.0°C normal normal normal
2018-12-18__17:17 tanxiaoze-Inspiron-7559 GNU/Linux [#45-Ubuntu SMP Thu Nov 15 19:32:57 UTC 2018] [up 2 days, 8 hours, 13 minutes] [0.20,0.61,0.60] 41514M 39.8% 7843M 21.1% +42.0°C normal normal normal
2018-12-18__17:22 tanxiaoze-Inspiron-7559 GNU/Linux [#45-Ubuntu SMP Thu Nov 15 19:32:57 UTC 2018] [up 2 days, 8 hours, 18 minutes] [0.15,0.28,0.45] 41514M 39.8% 7843M 21.0% +46.0°C normal normal normal
2018-12-18__17:24 tanxiaoze-Inspiron-7559 GNU/Linux [#45-Ubuntu SMP Thu Nov 15 19:32:57 UTC 2018] [up 2 days, 8 hours, 20 minutes] [0.59,0.37,0.47] 41514M 39.8% 7843M 21.1% +70.0°C normal normal warning
2018-12-18__17:27 tanxiaoze-Inspiron-7559 GNU/Linux [#45-Ubuntu SMP Thu Nov 15 19:32:57 UTC 2018] [up 2 days, 8 hours, 23 minutes] [1.23,0.78,0.61] 41514M 39.8% 7843M 21.1% +58.0°C normal normal note
2018-12-18__17:30 tanxiaoze-Inspiron-7559 GNU/Linux [#45-Ubuntu SMP Thu Nov 15 19:32:57 UTC 2018] [up 2 days, 8 hours, 26 minutes] [1.16,0.99,0.73] 41514M 39.8% 7843M 21.1% +62.0°C normal normal note
2018-12-18__17:37 tanxiaoze-Inspiron-7559 GNU/Linux [#45-Ubuntu SMP Thu Nov 15 19:32:57 UTC 2018] [up 2 days, 8 hours, 33 minutes] [0.50,0.98,0.87] 41514M 39.9% 7843M 21.1% +47.0°C normal normal normal
2018-12-18__17:38 tanxiaoze-Inspiron-7559 GNU/Linux [#45-Ubuntu SMP Thu Nov 15 19:32:57 UTC 2018] [up 2 days, 8 hours, 34 minutes] [0.34,0.86,0.83] 41514M 39.9% 7843M 21.1% +49.0°C normal normal normal
2018-12-18__17:38 tanxiaoze-Inspiron-7559 GNU/Linux [#45-Ubuntu SMP Thu Nov 15 19:32:57 UTC 2018] [up 2 days, 8 hours, 34 minutes] [0.33,0.83,0.82] 41514M 39.9% 7843M 21.0% +50.0°C normal normal note
2018-12-18__17:39 tanxiaoze-Inspiron-7559 GNU/Linux [#45-Ubuntu SMP Thu Nov 15 19:32:57 UTC 2018] [up 2 days, 8 hours, 35 minutes] [0.87,0.93,0.85] 41514M 39.9% 7843M 21.0% +51.0°C normal normal note
2018-12-18__17:40 tanxiaoze-Inspiron-7559 GNU/Linux [#45-Ubuntu SMP Thu Nov 15 19:32:57 UTC 2018] [up 2 days, 8 hours, 36 minutes] [0.94,0.92,0.85] 41514M 39.9% 7843M 21.0% +69.0°C normal normal note
2018-12-18__17:41 tanxiaoze-Inspiron-7559 GNU/Linux [#45-Ubuntu SMP Thu Nov 15 19:32:57 UTC 2018] [up 2 days, 8 hours, 37 minutes] [1.24,1.05,0.91] 41514M 39.9% 7843M 21.0% +66.0°C normal normal note
2018-12-18__17:42 tanxiaoze-Inspiron-7559 GNU/Linux [#45-Ubuntu SMP Thu Nov 15 19:32:57 UTC 2018] [up 2 days, 8 hours, 38 minutes] [1.23,1.07,0.93] 41514M 39.9% 7843M 21.1% +62.0°C normal normal note
2018-12-18__17:42 tanxiaoze-Inspiron-7559 GNU/Linux [#45-Ubuntu SMP Thu Nov 15 19:32:57 UTC 2018] [up 2 days, 8 hours, 38 minutes] [1.20,1.07,0.93] 41514M 39.9% 7843M 21.0% +48.0°C normal normal normal
2018-12-18__17:42 tanxiaoze-Inspiron-7559 GNU/Linux [#45-Ubuntu SMP Thu Nov 15 19:32:57 UTC 2018] [up 2 days, 8 hours, 38 minutes] [1.01,1.03,0.92] 41514M 39.9% 7843M 21.0% +47.0°C normal normal normal
2018-12-18__17:46 tanxiaoze-Inspiron-7559 GNU/Linux [#45-Ubuntu SMP Thu Nov 15 19:32:57 UTC 2018] [up 2 days, 8 hours, 41 minutes] [0.18,0.64,0.78] 41514M 39.9% 7843M 21.0% +52.0°C normal normal note
2018-12-18__17:48 tanxiaoze-Inspiron-7559 GNU/Linux [#45-Ubuntu SMP Thu Nov 15 19:32:57 UTC 2018] [up 2 days, 8 hours, 43 minutes] [0.34,0.66,0.78] 41514M 39.9% 7843M 21.0% +54.0°C normal normal note
2018-12-18__17:52 tanxiaoze-Inspiron-7559 GNU/Linux [#45-Ubuntu SMP Thu Nov 15 19:32:57 UTC 2018] [up 2 days, 8 hours, 48 minutes] [0.22,0.44,0.65] 41514M 39.9% 7843M 21.1% +56.0°C normal normal note
2018-12-18__18:00 tanxiaoze-Inspiron-7559 GNU/Linux [#45-Ubuntu SMP Thu Nov 15 19:32:57 UTC 2018] [up 2 days, 8 hours, 56 minutes] [0.51,0.81,0.83] 41514M 39.9% 7843M 23.2% +46.0°C normal normal normal
2018-12-18__18:01 tanxiaoze-Inspiron-7559 GNU/Linux [#45-Ubuntu SMP Thu Nov 15 19:32:57 UTC 2018] [up 2 days, 8 hours, 57 minutes] [0.93,0.88,0.85] 41514M 39.9% 7843M 23.2% +61.0°C normal normal note
2018-12-18__18:01 tanxiaoze-Inspiron-7559 GNU/Linux [#45-Ubuntu SMP Thu Nov 15 19:32:57 UTC 2018] [up 2 days, 8 hours, 57 minutes] [1.03,0.91,0.86] 41514M 39.9% 7843M 23.2% +61.0°C normal normal note
2018-12-18__18:03 tanxiaoze-Inspiron-7559 GNU/Linux [#45-Ubuntu SMP Thu Nov 15 19:32:57 UTC 2018] [up 2 days, 8 hours, 59 minutes] [1.29,1.05,0.92] 41514M 39.9% 7843M 23.2% +69.0°C normal normal note
2018-12-18__18:05 tanxiaoze-Inspiron-7559 GNU/Linux [#45-Ubuntu SMP Thu Nov 15 19:32:57 UTC 2018] [up 2 days, 9 hours] [1.43,1.18,0.98] 41514M 39.9% 7843M 23.2% +71.0°C normal normal warning
2018-12-18__18:05 tanxiaoze-Inspiron-7559 GNU/Linux [#45-Ubuntu SMP Thu Nov 15 19:32:57 UTC 2018] [up 2 days, 9 hours, 1 minute] [1.59,1.24,1.01] 41514M 39.9% 7843M 23.2% +69.0°C normal normal note
2018-12-18__18:07 tanxiaoze-Inspiron-7559 GNU/Linux [#45-Ubuntu SMP Thu Nov 15 19:32:57 UTC 2018] [up 2 days, 9 hours, 2 minutes] [1.20,1.20,1.01] 41514M 39.9% 7843M 23.2% +69.0°C normal normal note
2018-12-18__18:09 tanxiaoze-Inspiron-7559 GNU/Linux [#45-Ubuntu SMP Thu Nov 15 19:32:57 UTC 2018] [up 2 days, 9 hours, 5 minutes] [1.81,1.49,1.15] 41514M 40.0% M % +64.0°C normal normal note
2018-12-18__18:10 tanxiaoze-Inspiron-7559 GNU/Linux [#45-Ubuntu SMP Thu Nov 15 19:32:57 UTC 2018] [up 2 days, 9 hours, 6 minutes] [1.30,1.40,1.14] 41514M 40.0% 7843M 23.7% +64.0°C normal normal note
2018-12-18__18:11 tanxiaoze-Inspiron-7559 GNU/Linux [#45-Ubuntu SMP Thu Nov 15 19:32:57 UTC 2018] [up 2 days, 9 hours, 7 minutes] [1.62,1.45,1.18] 41514M 40.0% 7843M 23.7% +49.0°C normal normal normal
2018-12-18__18:12 tanxiaoze-Inspiron-7559 GNU/Linux [#45-Ubuntu SMP Thu Nov 15 19:32:57 UTC 2018] [up 2 days, 9 hours, 8 minutes] [0.82,1.27,1.13] 41514M 40.0% 7843M 23.6% +46.0°C normal normal normal
2018-12-18__18:16 tanxiaoze-Inspiron-7559 GNU/Linux [#45-Ubuntu SMP Thu Nov 15 19:32:57 UTC 2018] [up 2 days, 9 hours, 12 minutes] [0.28,0.80,0.97] 41514M 40.0% 7843M 23.8% +43.0°C normal normal normal
2018-12-18__18:17 tanxiaoze-Inspiron-7559 GNU/Linux [#45-Ubuntu SMP Thu Nov 15 19:32:57 UTC 2018] [up 2 days, 9 hours, 13 minutes] [0.24,0.70,0.92] 41514M 40.0% 7843M 23.8% +42.0°C normal normal normal
2018-12-18__18:18 tanxiaoze-Inspiron-7559 GNU/Linux [#45-Ubuntu SMP Thu Nov 15 19:32:57 UTC 2018] [up 2 days, 9 hours, 14 minutes] [1.20,0.93,0.99] 41514M 40.0% 7843M 23.8% +59.0°C normal normal note
2018-12-18__18:19 tanxiaoze-Inspiron-7559 GNU/Linux [#45-Ubuntu SMP Thu Nov 15 19:32:57 UTC 2018] [up 2 days, 9 hours, 15 minutes] [1.13,0.96,1.00] 41514M 40.0% 7843M 23.8% +60.0°C normal normal note
2018-12-18__18:24 tanxiaoze-Inspiron-7559 GNU/Linux [#45-Ubuntu SMP Thu Nov 15 19:32:57 UTC 2018] [up 2 days, 9 hours, 20 minutes] [0.38,0.68,0.87] 41514M 40.0% 7843M 23.4% +43.0°C normal normal normal
2018-12-18__18:30 tanxiaoze-Inspiron-7559 GNU/Linux [#45-Ubuntu SMP Thu Nov 15 19:32:57 UTC 2018] [up 2 days, 9 hours, 25 minutes] [0.37,0.56,0.76] 41514M 40.0% 7843M 23.4% +45.0°C normal normal normal
2018-12-18__18:32 tanxiaoze-Inspiron-7559 GNU/Linux [#45-Ubuntu SMP Thu Nov 15 19:32:57 UTC 2018] [up 2 days, 9 hours, 28 minutes] [0.24,0.46,0.69] 41514M 40.0% 7843M 23.3% +42.0°C normal normal normal
2018-12-18__18:33 tanxiaoze-Inspiron-7559 GNU/Linux [#45-Ubuntu SMP Thu Nov 15 19:32:57 UTC 2018] [up 2 days, 9 hours, 29 minutes] [0.19,0.41,0.66] 41514M 40.0% 7843M 23.5% +43.0°C normal normal normal
2018-12-18__18:40 tanxiaoze-Inspiron-7559 GNU/Linux [#45-Ubuntu SMP Thu Nov 15 19:32:57 UTC 2018] [up 2 days, 9 hours, 35 minutes] [1.33,0.87,0.75] 41514M 40.0% 7843M 24.3% +45.0°C normal normal normal
2018-12-18__19:20 tanxiaoze-Inspiron-7559 GNU/Linux [#45-Ubuntu SMP Thu Nov 15 19:32:57 UTC 2018] [up 2 days, 10 hours, 16 minutes] [0.44,0.67,0.67] 41514M 39.9% 7843M 22.2% +45.0°C normal normal normal
2018-12-20__18:05 tanxiaoze-Inspiron-7559 GNU/Linux [#45-Ubuntu SMP Thu Nov 15 19:32:57 UTC 2018] [up 4 days, 9 hours, 1 minute] [1.92,0.88,0.53] 41514M 40.7% 7843M 23.8% +38.0°C normal normal normal
2018-12-20__18:06 tanxiaoze-Inspiron-7559 GNU/Linux [#45-Ubuntu SMP Thu Nov 15 19:32:57 UTC 2018] [up 4 days, 9 hours, 2 minutes] [1.71,0.98,0.59] 41514M 40.3% 7843M 23.2% +42.0°C normal normal normal
2018-12-20__18:07 tanxiaoze-Inspiron-7559 GNU/Linux [#45-Ubuntu SMP Thu Nov 15 19:32:57 UTC 2018] [up 4 days, 9 hours, 3 minutes] [1.36,1.03,0.63] 41514M 39.8% 7843M 22.2% +43.0°C normal normal normal
2018-12-20__18:08 tanxiaoze-Inspiron-7559 GNU/Linux [#45-Ubuntu SMP Thu Nov 15 19:32:57 UTC 2018] [up 4 days, 9 hours, 4 minutes] [1.02,0.97,0.64] 41514M 39.8% 7843M 22.2% +45.0°C normal normal normal
2018-12-20__18:09 tanxiaoze-Inspiron-7559 GNU/Linux [#45-Ubuntu SMP Thu Nov 15 19:32:57 UTC 2018] [up 4 days, 9 hours, 5 minutes] [1.43,1.08,0.70] 41514M 39.7% 7843M 22.9% +47.0°C normal normal normal
2018-12-20__18:29 tanxiaoze-Inspiron-7559 GNU/Linux [#45-Ubuntu SMP Thu Nov 15 19:32:57 UTC 2018] [up 4 days, 9 hours, 25 minutes] [0.41,0.39,0.50] 41514M 39.7% 7843M 23.3% +43.0°C normal normal normal
2018-12-20__18:30 tanxiaoze-Inspiron-7559 GNU/Linux [#45-Ubuntu SMP Thu Nov 15 19:32:57 UTC 2018] [up 4 days, 9 hours, 26 minutes] [0.47,0.41,0.50] 41514M 39.7% 7843M 23.3% +44.0°C normal normal normal
2018-12-20__18:31 tanxiaoze-Inspiron-7559 GNU/Linux [#45-Ubuntu SMP Thu Nov 15 19:32:57 UTC 2018] [up 4 days, 9 hours, 27 minutes] [0.69,0.50,0.53] 41514M 39.7% 7843M 23.2% +43.0°C normal normal normal
2018-12-20__18:32 tanxiaoze-Inspiron-7559 GNU/Linux [#45-Ubuntu SMP Thu Nov 15 19:32:57 UTC 2018] [up 4 days, 9 hours, 28 minutes] [0.80,0.56,0.55] 41514M 39.7% 7843M 23.5% +44.0°C normal normal normal
2018-12-20__18:33 tanxiaoze-Inspiron-7559 GNU/Linux [#45-Ubuntu SMP Thu Nov 15 19:32:57 UTC 2018] [up 4 days, 9 hours, 29 minutes] [0.52,0.54,0.54] 41514M 39.8% 7843M 23.6% +44.0°C normal normal normal
2018-12-20__18:34 tanxiaoze-Inspiron-7559 GNU/Linux [#45-Ubuntu SMP Thu Nov 15 19:32:57 UTC 2018] [up 4 days, 9 hours, 30 minutes] [0.73,0.61,0.56] 41514M 39.8% 7843M 23.5% +44.0°C normal normal normal
2018-12-20__19:17 tanxiaoze-Inspiron-7559 GNU/Linux [#45-Ubuntu SMP Thu Nov 15 19:32:57 UTC 2018] [up 4 days, 10 hours, 12 minutes] [0.23,0.26,0.33] 41514M 39.9% 7843M 26.3% +43.0°C normal normal normal
2018-12-20__19:18 tanxiaoze-Inspiron-7559 GNU/Linux [#45-Ubuntu SMP Thu Nov 15 19:32:57 UTC 2018] [up 4 days, 10 hours, 13 minutes] [0.95,0.50,0.42] 41514M 39.9% 7843M 26.2% +43.0°C normal normal normal
2018-12-20__19:19 tanxiaoze-Inspiron-7559 GNU/Linux [#45-Ubuntu SMP Thu Nov 15 19:32:57 UTC 2018] [up 4 days, 10 hours, 14 minutes] [0.87,0.55,0.44] 41514M 39.9% 7843M 26.3% +45.0°C normal normal normal
2018-12-20__19:28 tanxiaoze-Inspiron-7559 GNU/Linux [#45-Ubuntu SMP Thu Nov 15 19:32:57 UTC 2018] [up 4 days, 10 hours, 24 minutes] [0.35,0.40,0.41] 41514M 39.9% 7843M 25.8% +44.0°C normal normal normal
2018-12-20__19:29 tanxiaoze-Inspiron-7559 GNU/Linux [#45-Ubuntu SMP Thu Nov 15 19:32:57 UTC 2018] [up 4 days, 10 hours, 25 minutes] [0.38,0.39,0.40] 41514M 39.9% 7843M 25.7% +44.0°C normal normal normal
2018-12-20__19:30 tanxiaoze-Inspiron-7559 GNU/Linux [#45-Ubuntu SMP Thu Nov 15 19:32:57 UTC 2018] [up 4 days, 10 hours, 26 minutes] [0.17,0.33,0.38] 41514M 39.9% 7843M 25.8% +43.0°C normal normal normal
2018-12-20__19:31 tanxiaoze-Inspiron-7559 GNU/Linux [#45-Ubuntu SMP Thu Nov 15 19:32:57 UTC 2018] [up 4 days, 10 hours, 27 minutes] [0.36,0.35,0.38] 41514M 39.9% 7843M 25.8% +43.0°C normal normal normal
2018-12-20__19:32 tanxiaoze-Inspiron-7559 GNU/Linux [#45-Ubuntu SMP Thu Nov 15 19:32:57 UTC 2018] [up 4 days, 10 hours, 28 minutes] [0.16,0.30,0.35] 41514M 39.9% 7843M 25.8% +43.0°C normal normal normal
2018-12-20__19:33 tanxiaoze-Inspiron-7559 GNU/Linux [#45-Ubuntu SMP Thu Nov 15 19:32:57 UTC 2018] [up 4 days, 10 hours, 29 minutes] [0.72,0.44,0.40] 41514M 39.9% 7843M 25.7% +44.0°C normal normal normal
2018-12-20__19:34 tanxiaoze-Inspiron-7559 GNU/Linux [#45-Ubuntu SMP Thu Nov 15 19:32:57 UTC 2018] [up 4 days, 10 hours, 30 minutes] [0.84,0.52,0.43] 41514M 39.9% 7843M 25.7% +43.0°C normal normal normal
2018-12-20__19:35 tanxiaoze-Inspiron-7559 GNU/Linux [#45-Ubuntu SMP Thu Nov 15 19:32:57 UTC 2018] [up 4 days, 10 hours, 31 minutes] [0.71,0.54,0.44] 41514M 39.9% 7843M 25.7% +44.0°C normal normal normal
2018-12-20__19:36 tanxiaoze-Inspiron-7559 GNU/Linux [#45-Ubuntu SMP Thu Nov 15 19:32:57 UTC 2018] [up 4 days, 10 hours, 32 minutes] [0.70,0.56,0.46] 41514M 39.9% 7843M 25.7% +45.0°C normal normal normal
2018-12-20__19:50 tanxiaoze-Inspiron-7559 GNU/Linux [#45-Ubuntu SMP Thu Nov 15 19:32:57 UTC 2018] [up 4 days, 10 hours, 45 minutes] [0.39,0.63,0.55] 41514M 39.8% 7843M 26.0% +44.0°C normal normal normal
2018-12-20__19:51 tanxiaoze-Inspiron-7559 GNU/Linux [#45-Ubuntu SMP Thu Nov 15 19:32:57 UTC 2018] [up 4 days, 10 hours, 46 minutes] [0.24,0.55,0.53] 41514M 39.8% 7843M 25.9% +44.0°C normal normal normal
2018-12-20__19:52 tanxiaoze-Inspiron-7559 GNU/Linux [#45-Ubuntu SMP Thu Nov 15 19:32:57 UTC 2018] [up 4 days, 10 hours, 47 minutes] [0.08,0.45,0.49] 41514M 39.8% 7843M 25.9% +43.0°C normal normal normal
2018-12-20__19:54 tanxiaoze-Inspiron-7559 GNU/Linux [#45-Ubuntu SMP Thu Nov 15 19:32:57 UTC 2018] [up 4 days, 10 hours, 49 minutes] [0.42,0.46,0.49] 41514M 39.8% 7843M 26.0% +44.0°C normal normal normal
2018-12-20__19:54 tanxiaoze-Inspiron-7559 GNU/Linux [#45-Ubuntu SMP Thu Nov 15 19:32:57 UTC 2018] [up 4 days, 10 hours, 50 minutes] [0.38,0.45,0.48] 41514M 39.8% 7843M 25.9% +44.0°C normal normal normal
2018-12-20__19:54 tanxiaoze-Inspiron-7559 GNU/Linux [#45-Ubuntu SMP Thu Nov 15 19:32:57 UTC 2018] [up 4 days, 10 hours, 50 minutes] [0.43,0.46,0.49] 41514M 39.8% 7843M 25.9% +44.0°C normal normal normal
2018-12-20__19:54 tanxiaoze-Inspiron-7559 GNU/Linux [#45-Ubuntu SMP Thu Nov 15 19:32:57 UTC 2018] [up 4 days, 10 hours, 50 minutes] [0.40,0.45,0.48] 41514M 39.8% 7843M 25.9% +44.0°C normal normal normal
2018-12-20__19:54 tanxiaoze-Inspiron-7559 GNU/Linux [#45-Ubuntu SMP Thu Nov 15 19:32:57 UTC 2018] [up 4 days, 10 hours, 50 minutes] [0.37,0.44,0.48] 41514M 39.8% 7843M 25.9% +44.0°C normal normal normal
2018-12-20__19:54 tanxiaoze-Inspiron-7559 GNU/Linux [#45-Ubuntu SMP Thu Nov 15 19:32:57 UTC 2018] [up 4 days, 10 hours, 50 minutes] [0.38,0.45,0.48] 41514M 39.8% 7843M 25.9% +43.0°C normal normal normal
2018-12-20__19:54 tanxiaoze-Inspiron-7559 GNU/Linux [#45-Ubuntu SMP Thu Nov 15 19:32:57 UTC 2018] [up 4 days, 10 hours, 50 minutes] [0.35,0.44,0.48] 41514M 39.8% 7843M 25.9% +43.0°C normal normal normal
2018-12-20__19:54 tanxiaoze-Inspiron-7559 GNU/Linux [#45-Ubuntu SMP Thu Nov 15 19:32:57 UTC 2018] [up 4 days, 10 hours, 50 minutes] [0.32,0.43,0.47] 41514M 39.8% 7843M 25.9% +43.0°C normal normal normal
2018-12-20__19:54 tanxiaoze-Inspiron-7559 GNU/Linux [#45-Ubuntu SMP Thu Nov 15 19:32:57 UTC 2018] [up 4 days, 10 hours, 50 minutes] [0.30,0.42,0.47] 41514M 39.8% 7843M 25.9% +43.0°C normal normal normal
2018-12-20__19:54 tanxiaoze-Inspiron-7559 GNU/Linux [#45-Ubuntu SMP Thu Nov 15 19:32:57 UTC 2018] [up 4 days, 10 hours, 50 minutes] [0.27,0.42,0.47] 41514M 39.8% 7843M 25.9% +43.0°C normal normal normal
2018-12-20__19:55 tanxiaoze-Inspiron-7559 GNU/Linux [#45-Ubuntu SMP Thu Nov 15 19:32:57 UTC 2018] [up 4 days, 10 hours, 50 minutes] [0.33,0.43,0.47] 41514M 39.8% 7843M 25.9% +44.0°C normal normal normal
2018-12-20__19:55 tanxiaoze-Inspiron-7559 GNU/Linux [#45-Ubuntu SMP Thu Nov 15 19:32:57 UTC 2018] [up 4 days, 10 hours, 50 minutes] [0.31,0.42,0.47] 41514M 39.8% 7843M 25.9% +44.0°C normal normal normal
2018-12-20__19:55 tanxiaoze-Inspiron-7559 GNU/Linux [#45-Ubuntu SMP Thu Nov 15 19:32:57 UTC 2018] [up 4 days, 10 hours, 50 minutes] [0.28,0.41,0.47] 41514M 39.8% 7843M 25.9% +45.0°C normal normal normal
2018-12-20__19:55 tanxiaoze-Inspiron-7559 GNU/Linux [#45-Ubuntu SMP Thu Nov 15 19:32:57 UTC 2018] [up 4 days, 10 hours, 51 minutes] [0.26,0.40,0.46] 41514M 39.8% 7843M 25.9% +44.0°C normal normal normal
2018-12-20__19:55 tanxiaoze-Inspiron-7559 GNU/Linux [#45-Ubuntu SMP Thu Nov 15 19:32:57 UTC 2018] [up 4 days, 10 hours, 51 minutes] [0.24,0.40,0.46] 41514M 39.8% 7843M 25.9% +44.0°C normal normal normal
2018-12-20__19:55 tanxiaoze-Inspiron-7559 GNU/Linux [#45-Ubuntu SMP Thu Nov 15 19:32:57 UTC 2018] [up 4 days, 10 hours, 51 minutes] [0.22,0.39,0.46] 41514M 39.8% 7843M 25.9% +44.0°C normal normal normal
2018-12-20__19:55 tanxiaoze-Inspiron-7559 GNU/Linux [#45-Ubuntu SMP Thu Nov 15 19:32:57 UTC 2018] [up 4 days, 10 hours, 51 minutes] [0.20,0.38,0.45] 41514M 39.8% 7843M 25.9% +43.0°C normal normal normal
2018-12-20__19:55 tanxiaoze-Inspiron-7559 GNU/Linux [#45-Ubuntu SMP Thu Nov 15 19:32:57 UTC 2018] [up 4 days, 10 hours, 51 minutes] [0.18,0.38,0.45] 41514M 39.8% 7843M 25.9% +43.0°C normal normal normal
2018-12-20__19:55 tanxiaoze-Inspiron-7559 GNU/Linux [#45-Ubuntu SMP Thu Nov 15 19:32:57 UTC 2018] [up 4 days, 10 hours, 51 minutes] [0.33,0.40,0.46] 41514M 39.8% 7843M 25.9% +44.0°C normal normal normal
2018-12-20__19:55 tanxiaoze-Inspiron-7559 GNU/Linux [#45-Ubuntu SMP Thu Nov 15 19:32:57 UTC 2018] [up 4 days, 10 hours, 51 minutes] [0.30,0.40,0.46] 41514M 39.8% 7843M 25.9% +45.0°C normal normal normal
2018-12-20__19:55 tanxiaoze-Inspiron-7559 GNU/Linux [#45-Ubuntu SMP Thu Nov 15 19:32:57 UTC 2018] [up 4 days, 10 hours, 51 minutes] [0.44,0.42,0.47] 41514M 39.8% 7843M 26.0% +44.0°C normal normal normal
2018-12-20__19:55 tanxiaoze-Inspiron-7559 GNU/Linux [#45-Ubuntu SMP Thu Nov 15 19:32:57 UTC 2018] [up 4 days, 10 hours, 51 minutes] [0.40,0.42,0.46] 41514M 39.8% 7843M 25.9% +44.0°C normal normal normal
2018-12-20__19:56 tanxiaoze-Inspiron-7559 GNU/Linux [#45-Ubuntu SMP Thu Nov 15 19:32:57 UTC 2018] [up 4 days, 10 hours, 51 minutes] [0.45,0.43,0.47] 41514M 39.8% 7843M 25.9% +43.0°C normal normal normal
2018-12-20__19:56 tanxiaoze-Inspiron-7559 GNU/Linux [#45-Ubuntu SMP Thu Nov 15 19:32:57 UTC 2018] [up 4 days, 10 hours, 51 minutes] [0.41,0.42,0.46] 41514M 39.8% 7843M 25.9% +44.0°C normal normal normal
2018-12-20__19:56 tanxiaoze-Inspiron-7559 GNU/Linux [#45-Ubuntu SMP Thu Nov 15 19:32:57 UTC 2018] [up 4 days, 10 hours, 52 minutes] [0.38,0.41,0.46] 41514M 39.8% 7843M 25.9% +44.0°C normal normal normal
2018-12-20__19:57 tanxiaoze-Inspiron-7559 GNU/Linux [#45-Ubuntu SMP Thu Nov 15 19:32:57 UTC 2018] [up 4 days, 10 hours, 53 minutes] [0.30,0.38,0.44] 41514M 39.8% 7843M 26.0% +43.0°C normal normal normal
2018-12-20__19:58 tanxiaoze-Inspiron-7559 GNU/Linux [#45-Ubuntu SMP Thu Nov 15 19:32:57 UTC 2018] [up 4 days, 10 hours, 54 minutes] [0.38,0.41,0.45] 41514M 39.8% 7843M 25.9% +44.0°C normal normal normal
2018-12-20__19:59 tanxiaoze-Inspiron-7559 GNU/Linux [#45-Ubuntu SMP Thu Nov 15 19:32:57 UTC 2018] [up 4 days, 10 hours, 55 minutes] [0.28,0.37,0.43] 41514M 39.8% 7843M 25.9% +48.0°C normal normal normal
2018-12-20__20:00 tanxiaoze-Inspiron-7559 GNU/Linux [#45-Ubuntu SMP Thu Nov 15 19:32:57 UTC 2018] [up 4 days, 10 hours, 56 minutes] [0.24,0.34,0.42] 41514M 39.8% 7843M 25.9% +43.0°C normal normal normal
2018-12-20__20:01 tanxiaoze-Inspiron-7559 GNU/Linux [#45-Ubuntu SMP Thu Nov 15 19:32:57 UTC 2018] [up 4 days, 10 hours, 57 minutes] [0.15,0.29,0.40] 41514M 39.8% 7843M 25.9% +44.0°C normal normal normal
2018-12-20__20:02 tanxiaoze-Inspiron-7559 GNU/Linux [#45-Ubuntu SMP Thu Nov 15 19:32:57 UTC 2018] [up 4 days, 10 hours, 58 minutes] [0.32,0.33,0.40] 41514M 39.8% 7843M 25.7% +43.0°C normal normal normal
2018-12-20__20:04 tanxiaoze-Inspiron-7559 GNU/Linux [#45-Ubuntu SMP Thu Nov 15 19:32:57 UTC 2018] [up 4 days, 11 hours] [1.23,0.54,0.46] 41514M 39.8% 7843M 25.8% +43.0°C normal normal normal
2018-12-20__20:04 tanxiaoze-Inspiron-7559 GNU/Linux [#45-Ubuntu SMP Thu Nov 15 19:32:57 UTC 2018] [up 4 days, 11 hours] [1.03,0.53,0.46] 41514M 39.8% 7843M 25.8% +44.0°C normal normal normal
2018-12-20__20:04 tanxiaoze-Inspiron-7559 GNU/Linux [#45-Ubuntu SMP Thu Nov 15 19:32:57 UTC 2018] [up 4 days, 11 hours] [0.80,0.50,0.45] 41514M 39.8% 7843M 25.8% +43.0°C normal normal normal
2018-12-20__20:05 tanxiaoze-Inspiron-7559 GNU/Linux [#45-Ubuntu SMP Thu Nov 15 19:32:57 UTC 2018] [up 4 days, 11 hours] [0.69,0.49,0.45] 41514M 39.8% 7843M 25.8% +44.0°C normal normal normal
2018-12-20__20:05 tanxiaoze-Inspiron-7559 GNU/Linux [#45-Ubuntu SMP Thu Nov 15 19:32:57 UTC 2018] [up 4 days, 11 hours, 1 minute] [0.54,0.47,0.44] 41514M 39.8% 7843M 25.8% +43.0°C normal normal normal
2018-12-20__20:05 tanxiaoze-Inspiron-7559 GNU/Linux [#45-Ubuntu SMP Thu Nov 15 19:32:57 UTC 2018] [up 4 days, 11 hours, 1 minute] [0.53,0.47,0.45] 41514M 39.8% 7843M 25.8% +44.0°C normal normal normal
2018-12-20__20:05 tanxiaoze-Inspiron-7559 GNU/Linux [#45-Ubuntu SMP Thu Nov 15 19:32:57 UTC 2018] [up 4 days, 11 hours, 1 minute] [0.48,0.46,0.44] 41514M 39.8% 7843M 25.8% +43.0°C normal normal normal
2018-12-20__20:06 tanxiaoze-Inspiron-7559 GNU/Linux [#45-Ubuntu SMP Thu Nov 15 19:32:57 UTC 2018] [up 4 days, 11 hours, 1 minute] [0.37,0.44,0.44] 41514M 39.8% 7843M 25.8% +43.0°C normal normal normal
2018-12-20__20:06 tanxiaoze-Inspiron-7559 GNU/Linux [#45-Ubuntu SMP Thu Nov 15 19:32:57 UTC 2018] [up 4 days, 11 hours, 2 minutes] [0.29,0.42,0.43] 41514M 39.8% 7843M 25.8% +43.0°C normal normal normal
2018-12-20__20:12 tanxiaoze-Inspiron-7559 GNU/Linux [#45-Ubuntu SMP Thu Nov 15 19:32:57 UTC 2018] [up 4 days, 11 hours, 7 minutes] [0.65,0.47,0.43] 41514M 39.8% 7843M 25.8% +44.0°C normal normal normal
2018-12-20__20:12 tanxiaoze-Inspiron-7559 GNU/Linux [#45-Ubuntu SMP Thu Nov 15 19:32:57 UTC 2018] [up 4 days, 11 hours, 7 minutes] [0.60,0.46,0.43] 41514M 39.8% 7843M 25.7% +43.0°C normal normal normal
2018-12-20__20:12 tanxiaoze-Inspiron-7559 GNU/Linux [#45-Ubuntu SMP Thu Nov 15 19:32:57 UTC 2018] [up 4 days, 11 hours, 8 minutes] [0.55,0.46,0.43] 41514M 39.8% 7843M 25.7% +43.0°C normal normal normal
2018-12-20__20:12 tanxiaoze-Inspiron-7559 GNU/Linux [#45-Ubuntu SMP Thu Nov 15 19:32:57 UTC 2018] [up 4 days, 11 hours, 8 minutes] [0.50,0.45,0.43] 41514M 39.8% 7843M 25.7% +44.0°C normal normal normal
2018-12-20__20:12 tanxiaoze-Inspiron-7559 GNU/Linux [#45-Ubuntu SMP Thu Nov 15 19:32:57 UTC 2018] [up 4 days, 11 hours, 8 minutes] [0.46,0.44,0.42] 41514M 39.8% 7843M 25.7% +44.0°C normal normal normal
2018-12-20__20:12 tanxiaoze-Inspiron-7559 GNU/Linux [#45-Ubuntu SMP Thu Nov 15 19:32:57 UTC 2018] [up 4 days, 11 hours, 8 minutes] [0.43,0.43,0.42] 41514M 39.8% 7843M 25.7% +43.0°C normal normal normal
2018-12-20__20:12 tanxiaoze-Inspiron-7559 GNU/Linux [#45-Ubuntu SMP Thu Nov 15 19:32:57 UTC 2018] [up 4 days, 11 hours, 8 minutes] [0.39,0.43,0.42] 41514M 39.8% 7843M 25.7% +43.0°C normal normal normal
2018-12-20__20:12 tanxiaoze-Inspiron-7559 GNU/Linux [#45-Ubuntu SMP Thu Nov 15 19:32:57 UTC 2018] [up 4 days, 11 hours, 8 minutes] [0.36,0.42,0.42] 41514M 39.8% 7843M 25.7% +43.0°C normal normal normal
2018-12-20__20:12 tanxiaoze-Inspiron-7559 GNU/Linux [#45-Ubuntu SMP Thu Nov 15 19:32:57 UTC 2018] [up 4 days, 11 hours, 8 minutes] [0.33,0.41,0.41] 41514M 39.8% 7843M 25.7% +44.0°C normal normal normal
2018-12-20__20:12 tanxiaoze-Inspiron-7559 GNU/Linux [#45-Ubuntu SMP Thu Nov 15 19:32:57 UTC 2018] [up 4 days, 11 hours, 8 minutes] [0.30,0.40,0.41] 41514M 39.8% 7843M 25.7% +43.0°C normal normal normal
2018-12-20__20:12 tanxiaoze-Inspiron-7559 GNU/Linux [#45-Ubuntu SMP Thu Nov 15 19:32:57 UTC 2018] [up 4 days, 11 hours, 8 minutes] [0.28,0.40,0.41] 41514M 39.8% 7843M 25.7% +44.0°C normal normal normal
2018-12-20__20:12 tanxiaoze-Inspiron-7559 GNU/Linux [#45-Ubuntu SMP Thu Nov 15 19:32:57 UTC 2018] [up 4 days, 11 hours, 8 minutes] [0.26,0.39,0.41] 41514M 39.8% 7843M 25.7% +44.0°C normal normal normal
2018-12-20__20:13 tanxiaoze-Inspiron-7559 GNU/Linux [#45-Ubuntu SMP Thu Nov 15 19:32:57 UTC 2018] [up 4 days, 11 hours, 8 minutes] [0.24,0.38,0.41] 41514M 39.8% 7843M 25.7% +43.0°C normal normal normal
2018-12-20__20:13 tanxiaoze-Inspiron-7559 GNU/Linux [#45-Ubuntu SMP Thu Nov 15 19:32:57 UTC 2018] [up 4 days, 11 hours, 8 minutes] [0.22,0.38,0.40] 41514M 39.8% 7843M 25.8% +43.0°C normal normal normal
2018-12-20__20:13 tanxiaoze-Inspiron-7559 GNU/Linux [#45-Ubuntu SMP Thu Nov 15 19:32:57 UTC 2018] [up 4 days, 11 hours, 9 minutes] [0.20,0.37,0.40] 41514M 39.8% 7843M 25.7% +43.0°C normal normal normal
2018-12-20__20:13 tanxiaoze-Inspiron-7559 GNU/Linux [#45-Ubuntu SMP Thu Nov 15 19:32:57 UTC 2018] [up 4 days, 11 hours, 9 minutes] [0.34,0.40,0.41] 41514M 39.8% 7843M 25.7% +43.0°C normal normal normal
2018-12-20__20:13 tanxiaoze-Inspiron-7559 GNU/Linux [#45-Ubuntu SMP Thu Nov 15 19:32:57 UTC 2018] [up 4 days, 11 hours, 9 minutes] [0.32,0.39,0.41] 41514M 39.8% 7843M 25.7% +43.0°C normal normal normal
2018-12-20__20:13 tanxiaoze-Inspiron-7559 GNU/Linux [#45-Ubuntu SMP Thu Nov 15 19:32:57 UTC 2018] [up 4 days, 11 hours, 9 minutes] [0.41,0.41,0.41] 41514M 39.8% 7843M 25.7% +43.0°C normal normal normal
2018-12-20__20:13 tanxiaoze-Inspiron-7559 GNU/Linux [#45-Ubuntu SMP Thu Nov 15 19:32:57 UTC 2018] [up 4 days, 11 hours, 9 minutes] [0.38,0.40,0.41] 41514M 39.8% 7843M 25.7% +43.0°C normal normal normal
2018-12-20__20:13 tanxiaoze-Inspiron-7559 GNU/Linux [#45-Ubuntu SMP Thu Nov 15 19:32:57 UTC 2018] [up 4 days, 11 hours, 9 minutes] [0.35,0.40,0.41] 41514M 39.8% 7843M 25.7% +43.0°C normal normal normal
2018-12-20__20:13 tanxiaoze-Inspiron-7559 GNU/Linux [#45-Ubuntu SMP Thu Nov 15 19:32:57 UTC 2018] [up 4 days, 11 hours, 9 minutes] [0.32,0.39,0.41] 41514M 39.8% 7843M 25.7% +43.0°C normal normal normal
2018-12-20__20:13 tanxiaoze-Inspiron-7559 GNU/Linux [#45-Ubuntu SMP Thu Nov 15 19:32:57 UTC 2018] [up 4 days, 11 hours, 9 minutes] [0.30,0.38,0.40] 41514M 39.8% 7843M 25.7% +44.0°C normal normal normal
2018-12-20__20:13 tanxiaoze-Inspiron-7559 GNU/Linux [#45-Ubuntu SMP Thu Nov 15 19:32:57 UTC 2018] [up 4 days, 11 hours, 9 minutes] [0.27,0.38,0.40] 41514M 39.8% 7843M 25.7% +43.0°C normal normal normal
2018-12-20__20:14 tanxiaoze-Inspiron-7559 GNU/Linux [#45-Ubuntu SMP Thu Nov 15 19:32:57 UTC 2018] [up 4 days, 11 hours, 9 minutes] [0.25,0.37,0.40] 41514M 39.8% 7843M 25.7% +43.0°C normal normal normal
2018-12-20__20:14 tanxiaoze-Inspiron-7559 GNU/Linux [#45-Ubuntu SMP Thu Nov 15 19:32:57 UTC 2018] [up 4 days, 11 hours, 9 minutes] [0.23,0.36,0.40] 41514M 39.8% 7843M 25.7% +43.0°C normal normal normal
2018-12-20__20:14 tanxiaoze-Inspiron-7559 GNU/Linux [#45-Ubuntu SMP Thu Nov 15 19:32:57 UTC 2018] [up 4 days, 11 hours, 10 minutes] [0.21,0.36,0.39] 41514M 39.8% 7843M 25.7% +43.0°C normal normal normal
2018-12-20__20:14 tanxiaoze-Inspiron-7559 GNU/Linux [#45-Ubuntu SMP Thu Nov 15 19:32:57 UTC 2018] [up 4 days, 11 hours, 10 minutes] [0.19,0.35,0.39] 41514M 39.8% 7843M 25.7% +44.0°C normal normal normal
2018-12-20__20:14 tanxiaoze-Inspiron-7559 GNU/Linux [#45-Ubuntu SMP Thu Nov 15 19:32:57 UTC 2018] [up 4 days, 11 hours, 10 minutes] [0.18,0.35,0.39] 41514M 39.8% 7843M 25.7% +43.0°C normal normal normal
2018-12-20__20:14 tanxiaoze-Inspiron-7559 GNU/Linux [#45-Ubuntu SMP Thu Nov 15 19:32:57 UTC 2018] [up 4 days, 11 hours, 10 minutes] [0.16,0.34,0.39] 41514M 39.8% 7843M 25.7% +43.0°C normal normal normal
2018-12-20__20:14 tanxiaoze-Inspiron-7559 GNU/Linux [#45-Ubuntu SMP Thu Nov 15 19:32:57 UTC 2018] [up 4 days, 11 hours, 10 minutes] [0.15,0.33,0.38] 41514M 39.8% 7843M 25.7% +43.0°C normal normal normal
2018-12-20__20:14 tanxiaoze-Inspiron-7559 GNU/Linux [#45-Ubuntu SMP Thu Nov 15 19:32:57 UTC 2018] [up 4 days, 11 hours, 10 minutes] [0.14,0.33,0.38] 41514M 39.8% 7843M 25.7% +43.0°C normal normal normal
2018-12-20__20:14 tanxiaoze-Inspiron-7559 GNU/Linux [#45-Ubuntu SMP Thu Nov 15 19:32:57 UTC 2018] [up 4 days, 11 hours, 10 minutes] [0.13,0.32,0.38] 41514M 39.8% 7843M 25.8% +43.0°C normal normal normal
2018-12-20__20:14 tanxiaoze-Inspiron-7559 GNU/Linux [#45-Ubuntu SMP Thu Nov 15 19:32:57 UTC 2018] [up 4 days, 11 hours, 10 minutes] [0.20,0.33,0.38] 41514M 39.8% 7843M 25.7% +43.0°C normal normal normal
