2018-12-23__14:47 [0.77,0.75,0.68] 1.0% 27800 normal
2018-12-23__14:47 [0.71,0.73,0.68] 3.1% 27800 normal
2018-12-23__14:47 [0.73,0.74,0.68] .3% 27800 normal
2018-12-23__14:47 [0.67,0.73,0.68] 1.8% 27800 normal
2018-12-23__14:47 [0.64,0.72,0.68] 1.3% 27800 normal
2018-12-23__14:47 [0.67,0.72,0.68] 20.1% 27800 normal
2018-12-23__14:48 [0.78,0.74,0.68] 24.7% 27800 normal
2018-12-23__14:48 [0.88,0.77,0.69] 17.3% 27800 normal
2018-12-23__14:48 [1.29,0.85,0.72] 18.7% 27800 normal
2018-12-23__14:48 [1.42,0.89,0.73] 13.9% 27800 normal
2018-12-23__14:48 [1.55,0.92,0.75] 14.0% 27800 normal
2018-12-23__14:48 [1.75,0.97,0.76] 16.3% 27800 normal
2018-12-23__14:48 [1.85,1.01,0.78] 15.0% 27800 normal
2018-12-23__14:48 [1.87,1.04,0.79] 11.1% 27800 normal
2018-12-23__14:48 [2.04,1.09,0.81] 14.3% 27800 normal
2018-12-23__14:48 [2.04,1.11,0.81] 15.6% 27800 normal
2018-12-23__14:48 [2.04,1.12,0.82] 21.6% 27800 normal
2018-12-23__14:49 [2.03,1.14,0.83] 17.4% 27800 normal
2018-12-23__14:49 [2.35,1.22,0.85] 17.3% 27800 normal
2018-12-23__14:49 [2.56,1.28,0.88] 13.5% 27800 normal
2018-12-23__14:49 [2.52,1.29,0.88] 18.1% 27800 normal
2018-12-23__14:49 [2.44,1.32,0.90] 16.0% 27800 normal
2018-12-23__14:49 [2.72,1.39,0.92] 16.6% 27800 normal
2018-12-23__14:49 [2.66,1.40,0.93] 17.8% 27800 normal
2018-12-23__14:49 [2.85,1.46,0.95] 13.9% 27800 normal
2018-12-23__14:49 [2.78,1.47,0.96] 17.1% 27800 normal
2018-12-23__14:49 [2.72,1.48,0.96] 4.2% 27800 normal
2018-12-23__14:49 [2.66,1.49,0.97] 15.0% 27800 normal
2018-12-23__14:50 [2.53,1.48,0.97] 19.0% 27800 normal
2018-12-23__14:50 [2.49,1.49,0.98] 13.9% 27800 normal
2018-12-23__14:50 [2.33,1.49,0.98] 14.7% 27800 normal
2018-12-23__14:50 [2.63,1.57,1.01] 19.2% 27800 normal
2018-12-23__14:50 [2.58,1.57,1.01] 11.6% 27800 normal
2018-12-23__14:50 [2.45,1.56,1.01] 17.4% 27800 normal
2018-12-23__14:50 [2.41,1.57,1.02] 11.5% 27800 normal
2018-12-23__14:50 [2.38,1.58,1.02] 18.4% 27800 normal
2018-12-23__14:50 [2.43,1.60,1.04] 10.2% 27800 normal
2018-12-23__14:50 [2.39,1.61,1.04] 14.6% 27800 normal
2018-12-23__14:51 [2.41,1.64,1.06] 13.9% 27800 normal
2018-12-23__14:51 [2.54,1.68,1.07] 13.7% 27800 normal
2018-12-23__14:51 [2.49,1.68,1.08] 13.0% 27800 normal
2018-12-23__14:51 [2.45,1.69,1.08] 13.9% 27800 normal
2018-12-23__14:51 [2.34,1.68,1.08] 11.7% 27800 normal
2018-12-23__14:51 [2.23,1.67,1.08] 13.5% 27800 normal
2018-12-23__14:51 [2.21,1.67,1.09] 14.9% 27800 normal
2018-12-23__14:51 [2.11,1.66,1.09] 11.6% 27800 normal
2018-12-23__14:51 [2.02,1.66,1.09] 15.0% 27800 normal
2018-12-23__14:51 [2.02,1.66,1.10] 8.9% 27800 normal
2018-12-23__14:51 [2.10,1.68,1.11] 12.8% 27800 normal
2018-12-23__14:52 [2.01,1.67,1.11] 13.2% 27800 normal
2018-12-23__14:52 [2.01,1.68,1.11] 13.0% 27800 normal
2018-12-23__14:52 [2.09,1.70,1.12] 10.6% 27800 normal
2018-12-23__14:52 [2.00,1.69,1.12] 11.8% 27800 normal
2018-12-23__14:52 [2.00,1.69,1.13] 13.0% 27800 normal
2018-12-23__14:52 [2.00,1.70,1.13] 16.1% 27800 normal
2018-12-23__14:52 [2.15,1.74,1.15] 16.0% 27800 normal
2018-12-23__14:52 [2.22,1.76,1.16] 18.5% 27800 normal
2018-12-23__14:52 [2.52,1.83,1.19] 14.2% 27800 normal
2018-12-23__14:52 [2.32,1.80,1.18] 8.8% 27800 normal
2018-12-23__14:52 [2.14,1.77,1.17] 9.1% 27800 normal
2018-12-23__14:53 [1.96,1.74,1.17] 7.3% 27800 normal
2018-12-23__14:53 [1.81,1.71,1.16] 9.7% 27800 normal
2018-12-23__14:53 [1.66,1.69,1.16] 11.1% 27800 normal
2018-12-23__14:53 [1.56,1.66,1.15] 8.6% 27800 normal
2018-12-23__14:53 [1.76,1.70,1.17] 17.7% 27800 normal
2018-12-23__14:53 [1.78,1.71,1.17] 7.4% 27800 normal
2018-12-23__14:53 [1.63,1.68,1.17] 5.0% 27800 normal
2018-12-23__14:53 [1.58,1.67,1.17] 6.2% 27800 normal
2018-12-23__14:53 [1.46,1.64,1.16] 8.8% 27800 normal
2018-12-23__14:53 [1.34,1.61,1.15] 6.5% 27800 normal
2018-12-23__14:53 [1.23,1.58,1.15] 18.1% 27800 normal
2018-12-23__14:54 [1.21,1.58,1.15] 14.0% 27800 normal
2018-12-23__14:54 [1.33,1.59,1.16] 12.6% 27800 normal
2018-12-23__14:54 [1.71,1.66,1.18] 16.4% 27800 normal
2018-12-23__14:54 [1.73,1.67,1.19] 12.1% 27800 normal
2018-12-23__14:54 [1.75,1.67,1.19] 14.4% 27800 normal
2018-12-23__14:54 [1.85,1.70,1.20] 14.1% 27800 normal
2018-12-23__14:54 [1.87,1.70,1.21] 12.5% 27800 normal
2018-12-23__14:54 [1.88,1.71,1.21] 12.5% 27800 normal
2018-12-23__14:54 [2.05,1.75,1.23] 13.1% 27800 normal
2018-12-23__14:54 [2.04,1.75,1.23] 17.8% 27800 normal
2018-12-23__14:55 [2.19,1.79,1.25] 13.6% 27800 normal
2018-12-23__14:55 [2.10,1.78,1.25] 16.2% 27800 normal
2018-12-23__14:55 [2.09,1.78,1.25] 12.3% 27800 normal
2018-12-23__14:55 [2.16,1.80,1.26] 21.3% 27800 normal
2018-12-23__14:55 [2.07,1.79,1.26] 13.5% 27800 normal
2018-12-23__14:55 [2.14,1.81,1.27] 15.0% 27800 normal
2018-12-23__14:55 [2.13,1.81,1.27] 13.0% 27800 normal
2018-12-23__14:55 [2.12,1.82,1.28] 15.7% 27800 normal
2018-12-23__14:55 [2.40,1.89,1.31] 14.3% 27800 normal
2018-12-23__14:55 [2.28,1.87,1.31] 18.5% 27800 normal
2018-12-23__14:55 [2.10,1.84,1.30] 10.0% 27800 normal
2018-12-23__14:56 [1.93,1.81,1.29] 11.9% 27800 normal
2018-12-23__15:07 [0.66,0.51,0.42] 70.1% 42394 normal
2018-12-23__15:08 [0.61,0.50,0.41] 8.4% 41856 normal
2018-12-23__15:08 [0.56,0.50,0.41] 10.1% 41318 normal
2018-12-23__15:08 [0.52,0.49,0.41] 12.2% 41318 normal
2018-12-23__15:08 [0.47,0.48,0.41] 18.1% 40780 normal
2018-12-23__15:08 [0.44,0.47,0.40] 22.3% 41318 normal
2018-12-23__15:08 [0.40,0.46,0.40] 26.7% 41856 normal
2018-12-23__15:08 [0.41,0.46,0.40] 22.8% 41856 normal
2018-12-23__15:08 [0.38,0.46,0.40] 21.8% 42932 normal
2018-12-23__15:08 [0.35,0.45,0.40] 26.5% 41856 normal
2018-12-23__15:08 [0.32,0.44,0.39] 23.3% 41856 normal
2018-12-23__15:08 [0.30,0.43,0.39] 2.5% 41856 normal
2018-12-23__15:09 [0.43,0.46,0.40] 3.8% 41318 normal
2018-12-23__15:09 [0.40,0.45,0.40] 17.3% 41856 normal
2018-12-23__15:09 [0.53,0.48,0.41] 4.4% 41856 normal
2018-12-23__15:09 [0.60,0.49,0.41] 7.5% 40780 normal
2018-12-23__15:09 [0.71,0.52,0.42] 6.3% 40780 normal
2018-12-23__15:09 [0.81,0.54,0.43] 4.6% 41318 normal
2018-12-23__15:09 [0.83,0.55,0.43] 16.9% 40780 normal
2018-12-23__15:09 [0.76,0.54,0.43] 10.4% 41856 normal
2018-12-23__15:09 [0.70,0.53,0.43] 2.4% 40780 normal
2018-12-23__15:09 [0.64,0.52,0.43] 3.8% 40780 normal
2018-12-23__15:10 [0.55,0.51,0.42] 5.2% 41318 normal
2018-12-23__15:10 [0.50,0.50,0.42] 2.4% 40780 normal
2018-12-23__15:10 [0.46,0.49,0.42] 12.6% 40780 normal
2018-12-23__15:10 [0.58,0.52,0.43] 15.8% 41318 normal
2018-12-23__15:10 [0.54,0.51,0.42] 16.2% 41318 normal
2018-12-23__15:10 [0.49,0.50,0.42] 2.0% 40780 normal
2018-12-23__15:10 [0.45,0.49,0.42] 23.0% 41856 normal
2018-12-23__15:10 [0.75,0.56,0.44] 8.0% 40780 normal
2018-12-23__15:10 [0.69,0.55,0.44] 2.4% 40780 normal
2018-12-23__15:10 [0.64,0.54,0.44] 3.7% 40780 normal
2018-12-23__15:10 [0.67,0.54,0.44] 7.1% 40780 normal
2018-12-23__15:11 [0.77,0.57,0.45] 3.3% 40780 normal
2018-12-23__15:11 [0.71,0.56,0.45] 11.3% 41318 normal
2018-12-23__15:11 [0.65,0.55,0.44] 8.1% 40780 normal
2018-12-23__15:11 [0.55,0.53,0.44] 8.0% 40780 normal
2018-12-23__15:11 [0.51,0.52,0.44] 8.5% 40780 normal
2018-12-23__15:11 [0.47,0.51,0.43] 25.4% 40780 normal
2018-12-23__15:11 [0.43,0.50,0.43] 15.7% 41318 normal
2018-12-23__15:11 [0.39,0.50,0.43] 27.8% 42394 normal
2018-12-23__15:11 [0.44,0.50,0.43] 7.4% 41856 normal
2018-12-23__15:11 [0.41,0.50,0.43] 32.4% 42394 normal
2018-12-23__15:12 [0.37,0.49,0.43] 62.8% 42932 normal
2018-12-23__15:12 [0.61,0.54,0.45] 34.5% 41856 normal
2018-12-23__15:12 [0.56,0.53,0.44] 16.6% 40780 normal
2018-12-23__15:12 [0.68,0.55,0.45] 13.3% 41856 normal
2018-12-23__15:12 [0.86,0.59,0.47] 6.7% 41856 normal
2018-12-23__15:12 [0.79,0.58,0.46] 20.9% 41856 normal
2018-12-23__15:12 [0.73,0.57,0.46] 7.7% 41318 normal
2018-12-23__15:12 [1.15,0.66,0.49] 9.5% 42394 normal
2018-12-23__15:12 [1.06,0.66,0.49] 3.4% 41318 normal
2018-12-23__15:12 [0.97,0.65,0.49] 12.8% 41856 normal
2018-12-23__15:12 [1.13,0.69,0.50] 36.2% 42394 normal
2018-12-23__15:13 [1.12,0.69,0.50] 20.2% 42394 normal
2018-12-23__15:13 [1.03,0.68,0.50] 2.9% 41318 normal
2018-12-23__15:13 [1.03,0.68,0.50] 3.3% 41856 normal
2018-12-23__15:13 [1.11,0.71,0.51] 24.3% 41318 normal
2018-12-23__15:13 [1.01,0.70,0.51] 3.9% 41856 normal
2018-12-23__15:13 [1.09,0.72,0.52] 8.3% 41318 normal
2018-12-23__15:13 [1.00,0.71,0.52] 14.1% 41318 normal
2018-12-23__15:13 [1.00,0.71,0.52] 3.8% 42394 normal
2018-12-23__15:13 [1.00,0.72,0.52] 10.1% 40780 normal
2018-12-23__15:13 [0.92,0.71,0.52] 12.2% 41318 normal
2018-12-23__15:14 [0.85,0.69,0.52] 20.1% 41856 normal
2018-12-23__15:14 [0.94,0.72,0.53] 19.5% 41856 normal
2018-12-23__15:14 [0.86,0.71,0.52] 24.0% 41856 normal
2018-12-23__15:14 [0.79,0.70,0.52] 49.1% 42932 normal
2018-12-23__15:14 [0.73,0.68,0.52] 56.0% 43470 normal
2018-12-23__15:14 [0.67,0.67,0.52] 30.3% 42932 normal
2018-12-23__15:14 [0.62,0.66,0.51] 22.7% 42932 normal
2018-12-23__15:14 [0.57,0.65,0.51] 19.7% 42932 normal
2018-12-23__15:14 [0.52,0.64,0.51] 19.7% 42932 normal
2018-12-23__15:14 [0.82,0.70,0.53] 14.8% 41318 normal
2018-12-23__15:14 [0.75,0.69,0.53] 25.3% 42394 normal
2018-12-23__15:15 [0.69,0.68,0.52] 17.7% 41856 normal
2018-12-23__15:15 [0.88,0.72,0.54] 27.6% 41856 normal
2018-12-23__15:15 [0.81,0.70,0.53] 14.6% 41318 normal
2018-12-23__15:15 [0.74,0.69,0.53] 17.0% 40242 normal
2018-12-23__15:15 [0.68,0.68,0.53] 2.9% 40242 normal
2018-12-23__15:15 [0.63,0.67,0.53] 2.4% 40780 normal
2018-12-23__15:15 [0.75,0.70,0.54] 4.2% 39704 normal
2018-12-23__15:15 [0.69,0.68,0.53] 2.8% 40242 normal
2018-12-23__15:15 [0.63,0.67,0.53] 20.4% 40780 normal
2018-12-23__15:15 [0.58,0.66,0.53] 10.5% 40780 normal
2018-12-23__15:16 [0.54,0.65,0.52] 5.7% 40780 normal
2018-12-23__15:16 [0.65,0.67,0.53] 2.8% 40242 normal
2018-12-23__15:16 [0.76,0.69,0.54] 22.9% 41318 normal
2018-12-23__15:16 [0.64,0.67,0.54] 2.4% 40780 normal
2018-12-23__15:16 [0.59,0.66,0.53] 2.4% 40780 normal
2018-12-23__15:16 [0.54,0.65,0.53] 2.4% 39704 normal
2018-12-23__15:16 [0.58,0.65,0.53] 8.9% 39704 normal
2018-12-23__15:16 [0.53,0.64,0.53] 11.0% 40780 normal
2018-12-23__15:16 [0.73,0.68,0.54] 3.3% 39704 normal
2018-12-23__15:16 [0.67,0.67,0.54] 1.9% 40242 normal
2018-12-23__15:16 [0.57,0.65,0.53] 3.3% 40242 normal
2018-12-23__15:17 [0.52,0.64,0.53] 31.1% 41318 normal
2018-12-23__15:17 [0.48,0.63,0.53] 48.5% 42932 normal
2018-12-23__15:17 [0.44,0.62,0.53] 7.2% 41318 normal
2018-12-23__15:17 [0.41,0.61,0.52] 10.9% 40780 normal
2018-12-23__15:17 [0.37,0.60,0.52] 20.1% 40780 normal
2018-12-23__15:17 [0.34,0.59,0.52] 8.3% 41318 normal
2018-12-23__15:17 [0.29,0.57,0.51] 10.9% 40780 normal
2018-12-23__15:17 [0.27,0.56,0.51] 10.4% 40780 normal
2018-12-23__15:17 [0.25,0.55,0.50] 13.5% 39704 normal
2018-12-23__15:17 [0.23,0.54,0.50] 11.5% 39704 normal
2018-12-23__15:18 [0.21,0.53,0.50] 41.5% 40780 normal
2018-12-23__15:18 [0.35,0.55,0.51] 12.8% 40780 normal
2018-12-23__15:18 [0.32,0.54,0.50] 7.5% 41318 normal
2018-12-23__15:18 [0.30,0.53,0.50] 3.4% 40780 normal
2018-12-23__15:18 [0.41,0.55,0.51] 16.0% 41318 normal
2018-12-23__15:18 [0.37,0.54,0.50] 25.8% 40780 normal
2018-12-23__15:18 [0.34,0.53,0.50] 15.9% 40780 normal
2018-12-23__15:18 [0.31,0.52,0.50] 3.9% 39704 normal
2018-12-23__15:18 [0.29,0.51,0.50] 5.6% 40242 normal
2018-12-23__15:18 [0.27,0.50,0.49] 9.7% 40242 normal
2018-12-23__15:18 [0.41,0.53,0.50] 23.2% 40780 normal
2018-12-23__15:19 [0.71,0.59,0.52] 1.9% 40780 normal
2018-12-23__15:19 [0.65,0.58,0.52] 2.8% 40780 normal
2018-12-23__15:19 [0.60,0.57,0.52] 2.8% 40780 normal
2018-12-23__15:19 [0.55,0.56,0.51] 2.8% 40780 normal
2018-12-23__15:19 [0.51,0.55,0.51] 2.4% 39704 normal
2018-12-23__15:19 [0.55,0.56,0.51] 9.8% 40242 normal
2018-12-23__15:19 [0.50,0.55,0.51] 5.8% 39704 normal
2018-12-23__15:19 [0.59,0.57,0.52] 5.2% 40780 normal
2018-12-23__15:19 [0.54,0.56,0.51] 47.6% 41856 normal
2018-12-23__15:19 [0.50,0.55,0.51] 19.0% 41318 normal
2018-12-23__15:20 [0.46,0.54,0.51] 1.9% 40242 normal
2018-12-23__15:20 [0.42,0.53,0.50] 4.1% 40780 normal
2018-12-23__15:20 [0.39,0.52,0.50] 32.4% 41856 normal
2018-12-23__15:20 [0.43,0.53,0.50] 4.6% 40780 normal
2018-12-23__15:20 [0.37,0.51,0.50] 9.6% 40780 normal
2018-12-23__15:20 [0.34,0.50,0.50] 3.7% 39704 normal
2018-12-23__15:20 [0.31,0.49,0.49] 1.9% 39166 normal
2018-12-23__15:20 [0.29,0.49,0.49] 27.2% 39704 normal
2018-12-23__15:20 [0.26,0.48,0.49] 1.0% 40780 normal
2018-12-23__15:20 [0.32,0.49,0.49] 3.8% 40780 normal
2018-12-23__15:20 [0.30,0.48,0.49] 3.3% 39704 normal
2018-12-23__15:21 [0.40,0.49,0.49] 10.9% 40780 normal
2018-12-23__15:21 [0.37,0.49,0.49] 9.5% 40242 normal
2018-12-23__15:21 [0.34,0.48,0.49] 18.8% 42394 normal
2018-12-23__15:21 [0.31,0.47,0.48] 12.8% 40780 normal
2018-12-23__15:21 [0.36,0.48,0.49] 3.4% 40780 normal
2018-12-23__15:21 [0.34,0.47,0.48] 3.8% 40780 normal
2018-12-23__15:21 [0.31,0.46,0.48] 23.5% 40780 normal
2018-12-23__15:21 [0.28,0.45,0.48] 18.7% 41318 normal
2018-12-23__15:21 [0.48,0.49,0.49] 2.9% 40780 normal
2018-12-23__15:21 [0.44,0.48,0.49] 6.0% 39704 normal
2018-12-23__15:21 [0.41,0.47,0.48] 2.8% 39704 normal
2018-12-23__15:22 [0.45,0.48,0.49] 3.3% 39704 normal
2018-12-23__15:22 [0.42,0.47,0.48] 1.5% 40242 normal
2018-12-23__15:22 [0.38,0.46,0.48] 18.0% 41318 normal
2018-12-23__15:22 [0.51,0.49,0.49] 2.9% 40242 normal
2018-12-23__15:22 [0.43,0.47,0.48] 3.3% 39704 normal
2018-12-23__15:22 [0.40,0.47,0.48] 16.5% 40780 normal
2018-12-23__15:22 [0.37,0.46,0.48] 22.4% 40780 normal
2018-12-23__15:22 [0.34,0.45,0.47] 17.3% 41318 normal
2018-12-23__15:22 [0.31,0.44,0.47] 6.3% 40780 normal
2018-12-23__15:22 [0.36,0.45,0.47] 6.7% 40242 normal
2018-12-23__15:23 [0.34,0.44,0.47] 6.2% 40780 normal
2018-12-23__15:23 [0.43,0.46,0.48] 6.2% 39704 normal
2018-12-23__15:23 [0.40,0.45,0.47] 7.4% 39704 normal
2018-12-23__15:23 [0.36,0.45,0.47] 14.1% 40780 normal
2018-12-23__15:23 [0.42,0.46,0.47] 36.4% 41856 normal
2018-12-23__15:23 [0.38,0.45,0.47] 14.9% 40780 normal
2018-12-23__15:23 [0.35,0.44,0.47] 10.2% 40780 normal
2018-12-23__15:23 [0.32,0.43,0.46] 13.0% 40242 normal
2018-12-23__15:23 [0.54,0.48,0.48] 13.0% 40780 normal
2018-12-23__15:23 [0.45,0.46,0.47] 8.8% 40780 normal
2018-12-23__15:23 [0.42,0.45,0.47] 5.3% 40242 normal
2018-12-23__15:24 [0.38,0.44,0.47] 18.9% 41318 normal
2018-12-23__15:24 [0.35,0.44,0.46] 3.4% 40780 normal
2018-12-23__15:24 [0.32,0.43,0.46] 44.4% 41856 normal
2018-12-23__15:24 [0.30,0.42,0.46] 38.0% 40780 normal
2018-12-23__15:24 [0.27,0.41,0.45] 5.7% 40780 normal
2018-12-23__15:24 [0.31,0.42,0.45] 3.3% 40242 normal
2018-12-23__15:24 [0.29,0.41,0.45] 6.2% 39704 normal
2018-12-23__15:24 [0.42,0.44,0.46] 19.9% 40780 normal
2018-12-23__15:24 [0.39,0.43,0.46] 4.2% 39704 normal
2018-12-23__15:24 [0.36,0.42,0.45] 5.6% 39704 normal
2018-12-23__15:25 [0.33,0.41,0.45] 3.8% 40780 normal
2018-12-23__15:25 [0.30,0.41,0.45] 2.9% 40780 normal
2018-12-23__15:25 [0.26,0.39,0.44] 11.4% 40780 normal
2018-12-23__15:25 [0.24,0.39,0.44] 10.6% 41856 normal
2018-12-23__15:25 [0.22,0.38,0.44] 2.9% 40242 normal
2018-12-23__15:25 [0.20,0.37,0.44] 1.5% 40242 normal
2018-12-23__15:25 [0.18,0.37,0.43] 3.3% 39704 normal
2018-12-23__15:25 [0.17,0.36,0.43] 21.2% 40780 normal
2018-12-23__15:25 [0.31,0.39,0.44] 6.2% 40780 normal
2018-12-23__15:25 [0.27,0.37,0.44] 2.4% 39704 normal
2018-12-23__15:25 [0.24,0.37,0.43] 2.8% 39704 normal
2018-12-23__15:26 [0.31,0.38,0.44] 1.5% 39704 normal
2018-12-23__15:26 [0.28,0.37,0.43] 24.0% 40780 normal
2018-12-23__15:26 [0.26,0.37,0.43] 1.0% 40780 normal
2018-12-23__15:26 [0.32,0.38,0.44] 2.0% 40242 normal
2018-12-23__15:26 [0.29,0.37,0.43] 1.5% 39704 normal
2018-12-23__15:26 [0.35,0.38,0.44] 3.8% 39166 normal
2018-12-23__15:26 [0.29,0.37,0.43] 8.2% 40242 normal
2018-12-23__15:26 [0.27,0.36,0.43] .5% 39704 normal
2018-12-23__15:26 [0.25,0.36,0.43] 3.3% 39704 normal
2018-12-23__15:26 [0.23,0.35,0.42] 10.0% 39704 normal
2018-12-23__15:27 [0.21,0.34,0.42] 5.8% 40242 normal
2018-12-23__15:27 [0.19,0.34,0.42] 16.6% 40780 normal
2018-12-23__15:27 [0.18,0.33,0.42] 2.0% 39704 normal
2018-12-23__15:27 [0.15,0.32,0.41] 36.0% 40780 normal
2018-12-23__15:27 [0.14,0.32,0.41] 2.4% 40242 normal
2018-12-23__15:27 [0.61,0.41,0.44] 7.7% 40780 normal
2018-12-23__15:27 [0.56,0.40,0.44] 10.4% 39704 normal
2018-12-23__15:27 [0.51,0.40,0.44] 2.4% 40780 normal
2018-12-23__15:27 [0.47,0.39,0.43] 2.4% 39704 normal
2018-12-23__15:27 [0.43,0.38,0.43] 2.9% 39704 normal
2018-12-23__15:27 [0.37,0.37,0.43] 11.8% 39704 normal
2018-12-23__15:28 [0.34,0.36,0.42] 14.9% 40242 normal
2018-12-23__15:28 [0.31,0.36,0.42] 5.8% 40242 normal
2018-12-23__15:28 [0.28,0.35,0.42] 7.9% 39704 normal
2018-12-23__15:28 [0.26,0.34,0.42] 5.3% 40780 normal
2018-12-23__15:28 [0.24,0.34,0.41] 9.6% 40780 normal
2018-12-23__15:28 [0.22,0.33,0.41] 6.3% 40780 normal
2018-12-23__15:28 [0.19,0.32,0.41] 7.2% 39704 normal
2018-12-23__15:28 [0.17,0.32,0.40] 9.5% 39704 normal
2018-12-23__15:28 [0.24,0.33,0.41] 7.5% 39704 normal
2018-12-23__15:28 [0.38,0.36,0.42] 25.8% 40780 normal
2018-12-23__15:29 [0.35,0.35,0.41] 3.4% 40780 normal
2018-12-23__15:29 [0.32,0.34,0.41] 21.4% 40780 normal
2018-12-23__15:29 [0.29,0.34,0.41] 2.4% 39704 normal
2018-12-23__15:29 [0.27,0.33,0.41] 2.9% 39704 normal
2018-12-23__15:29 [0.23,0.32,0.40] 9.4% 40780 normal
2018-12-23__15:29 [0.21,0.31,0.40] 5.7% 40780 normal
2018-12-23__15:29 [0.19,0.31,0.40] 2.9% 40242 normal
2018-12-23__15:29 [0.18,0.30,0.39] 1.9% 39704 normal
2018-12-23__15:29 [0.16,0.30,0.39] 2.4% 39704 normal
2018-12-23__15:29 [0.15,0.29,0.39] 15.0% 40780 normal
2018-12-23__15:29 [0.14,0.29,0.39] 17.7% 40780 normal
2018-12-23__15:30 [0.12,0.28,0.38] 2.9% 39704 normal
2018-12-23__15:30 [0.75,0.41,0.42] 2.4% 39704 normal
2018-12-23__15:30 [0.69,0.40,0.42] 2.9% 39704 normal
2018-12-23__15:30 [0.63,0.39,0.42] 11.7% 39704 normal
2018-12-23__15:30 [0.66,0.40,0.42] 2.9% 40780 normal
2018-12-23__15:30 [0.61,0.40,0.42] 2.9% 39704 normal
2018-12-23__15:30 [0.64,0.41,0.42] 2.8% 39704 normal
2018-12-23__15:30 [0.54,0.39,0.42] 2.4% 39704 normal
2018-12-23__15:30 [0.50,0.39,0.41] 22.4% 40242 normal
2018-12-23__15:30 [0.46,0.38,0.41] 2.0% 40780 normal
2018-12-23__15:31 [0.42,0.37,0.41] 6.3% 39704 normal
2018-12-23__15:31 [0.39,0.37,0.41] 2.9% 39166 normal
2018-12-23__15:31 [0.36,0.36,0.41] 3.7% 39704 normal
2018-12-23__15:31 [0.33,0.35,0.40] 11.3% 39704 normal
2018-12-23__15:31 [0.30,0.35,0.40] 21.1% 39704 normal
2018-12-23__15:31 [0.33,0.35,0.40] 1.9% 40242 normal
2018-12-23__15:31 [0.31,0.35,0.40] 3.8% 39704 normal
2018-12-23__15:31 [0.36,0.36,0.40] 2.8% 39704 normal
2018-12-23__15:31 [0.33,0.35,0.40] 26.7% 39704 normal
2018-12-23__15:31 [0.39,0.36,0.40] 1.0% 40780 normal
2018-12-23__15:31 [0.36,0.36,0.40] 2.9% 39704 normal
2018-12-23__15:32 [0.33,0.35,0.40] 12.8% 39704 normal
2018-12-23__15:32 [0.35,0.35,0.40] 3.4% 40780 normal
2018-12-23__15:32 [0.32,0.35,0.40] 9.4% 40780 normal
2018-12-23__15:32 [0.30,0.34,0.39] 3.3% 39166 normal
2018-12-23__15:32 [0.27,0.34,0.39] 1.5% 40242 normal
2018-12-23__15:32 [0.25,0.33,0.39] 2.8% 39704 normal
2018-12-23__15:32 [0.23,0.33,0.39] 6.0% 39166 normal
2018-12-23__15:32 [0.21,0.32,0.38] 20.1% 40242 normal
2018-12-23__15:32 [0.34,0.34,0.39] 11.8% 40242 normal
2018-12-23__15:32 [0.31,0.34,0.39] 10.3% 40780 normal
2018-12-23__15:33 [0.29,0.33,0.39] 1.9% 39704 normal
2018-12-23__15:33 [0.26,0.32,0.38] 10.0% 39704 normal
2018-12-23__15:33 [0.24,0.32,0.38] 3.9% 40242 normal
2018-12-23__15:33 [0.22,0.31,0.38] 3.3% 39704 normal
2018-12-23__15:33 [0.20,0.31,0.38] 4.2% 39704 normal
2018-12-23__15:33 [0.25,0.31,0.38] 11.9% 39704 normal
2018-12-23__15:33 [0.23,0.31,0.37] 25.8% 40780 normal
2018-12-23__15:33 [0.21,0.30,0.37] 10.1% 40780 normal
2018-12-23__15:33 [0.19,0.30,0.37] 8.4% 39704 normal
2018-12-23__15:33 [0.18,0.29,0.37] 4.8% 39704 normal
2018-12-23__15:33 [0.16,0.29,0.37] 5.3% 39704 normal
2018-12-23__15:34 [0.15,0.28,0.36] 11.1% 40242 normal
2018-12-23__15:34 [0.14,0.28,0.36] 3.9% 40780 normal
2018-12-23__15:34 [0.11,0.27,0.36] 5.7% 39704 normal
2018-12-23__15:34 [0.19,0.28,0.36] 9.5% 40242 normal
2018-12-23__15:34 [0.17,0.28,0.36] 8.7% 39166 normal
2018-12-23__15:34 [0.16,0.27,0.36] 19.0% 40780 normal
2018-12-23__15:34 [0.14,0.27,0.35] 2.4% 39704 normal
2018-12-23__15:34 [0.13,0.26,0.35] 3.3% 39704 normal
2018-12-23__15:34 [0.12,0.26,0.35] 5.5% 39704 normal
2018-12-23__15:34 [0.10,0.25,0.35] 9.8% 39704 normal
2018-12-23__15:35 [0.09,0.24,0.35] 9.9% 39704 normal
2018-12-23__15:35 [0.09,0.24,0.34] 2.8% 40242 normal
2018-12-23__15:35 [0.08,0.23,0.34] 2.4% 39704 normal
2018-12-23__15:35 [0.07,0.23,0.34] 1.5% 39704 normal
2018-12-23__15:35 [0.07,0.23,0.34] 22.6% 40242 normal
2018-12-23__15:35 [0.06,0.22,0.34] 2.4% 41318 normal
2018-12-23__15:35 [0.05,0.22,0.33] 1.5% 39704 normal
2018-12-23__15:35 [0.29,0.26,0.35] 2.4% 39704 normal
2018-12-23__15:35 [0.34,0.27,0.35] 11.0% 39704 normal
2018-12-23__15:35 [0.32,0.27,0.35] 11.4% 40780 normal
2018-12-23__15:35 [0.29,0.26,0.35] 3.9% 39704 normal
2018-12-23__15:36 [0.27,0.26,0.34] 2.9% 39704 normal
2018-12-23__15:36 [0.25,0.26,0.34] 5.5% 39704 normal
2018-12-23__15:36 [0.28,0.26,0.34] 3.8% 39704 normal
2018-12-23__15:36 [0.26,0.26,0.34] 26.5% 40780 normal
2018-12-23__15:36 [0.24,0.25,0.34] 3.8% 39704 normal
2018-12-23__15:36 [0.30,0.27,0.34] 1.0% 40780 normal
2018-12-23__15:36 [0.27,0.26,0.34] 4.6% 39704 normal
2018-12-23__15:36 [0.25,0.26,0.34] 2.8% 39166 normal
2018-12-23__15:36 [0.23,0.25,0.34] 9.9% 39704 normal
2018-12-23__15:36 [0.21,0.25,0.34] 3.4% 39704 normal
2018-12-23__15:37 [0.26,0.26,0.34] 3.3% 39704 normal
2018-12-23__15:37 [0.24,0.25,0.34] 3.3% 39704 normal
2018-12-23__15:37 [0.22,0.25,0.33] 17.8% 39704 normal
2018-12-23__15:37 [0.20,0.24,0.33] 23.0% 39704 normal
2018-12-23__15:37 [0.18,0.24,0.33] 1.0% 40242 normal
2018-12-23__15:37 [0.17,0.24,0.33] 4.7% 39704 normal
2018-12-23__15:37 [0.16,0.23,0.33] 8.9% 39704 normal
2018-12-23__15:37 [0.13,0.22,0.32] 1.9% 39704 normal
2018-12-23__15:37 [0.12,0.22,0.32] 12.0% 39704 normal
2018-12-23__15:37 [0.11,0.22,0.32] 7.6% 39704 normal
2018-12-23__15:37 [0.10,0.21,0.32] 2.9% 39704 normal
2018-12-23__15:38 [0.09,0.21,0.31] 2.9% 39704 normal
2018-12-23__15:38 [0.17,0.22,0.32] 6.7% 40780 normal
2018-12-23__15:38 [0.15,0.22,0.32] 29.4% 41856 normal
2018-12-23__15:38 [0.53,0.29,0.34] 2.4% 40780 normal
2018-12-23__15:38 [0.89,0.37,0.37] 13.9% 40780 normal
2018-12-23__15:38 [0.82,0.37,0.36] 31.0% 41856 normal
2018-12-23__15:38 [0.75,0.36,0.36] 2.8% 40242 normal
2018-12-23__15:38 [0.69,0.35,0.36] 21.2% 40780 normal
2018-12-23__15:38 [0.64,0.35,0.36] 2.4% 40780 normal
2018-12-23__15:38 [0.66,0.36,0.36] 18.7% 42394 normal
2018-12-23__15:39 [0.61,0.35,0.36] 2.9% 40780 normal
2018-12-23__15:39 [0.59,0.36,0.36] 7.7% 40780 normal
2018-12-23__15:39 [0.54,0.35,0.36] 22.8% 41318 normal
2018-12-23__15:39 [0.50,0.34,0.36] 5.3% 40780 normal
2018-12-23__15:39 [0.46,0.34,0.36] 5.3% 40780 normal
2018-12-23__15:39 [0.42,0.33,0.35] 7.5% 40780 normal
2018-12-23__15:39 [0.47,0.34,0.36] 9.6% 41318 normal
2018-12-23__15:39 [0.43,0.34,0.36] 13.5% 40780 normal
2018-12-23__15:39 [0.36,0.33,0.35] 22.9% 40780 normal
2018-12-23__15:39 [0.33,0.32,0.35] 27.7% 40780 normal
2018-12-23__15:39 [0.31,0.31,0.35] 33.1% 40780 normal
2018-12-23__15:40 [0.28,0.31,0.35] 33.5% 41856 normal
2018-12-23__15:40 [0.26,0.30,0.34] 16.0% 41856 normal
2018-12-23__15:40 [0.24,0.30,0.34] 3.0% 40780 normal
2018-12-23__15:40 [0.22,0.29,0.34] 6.4% 40780 normal
2018-12-23__15:40 [0.18,0.28,0.34] 2.9% 39704 normal
2018-12-23__15:40 [0.17,0.28,0.33] 14.7% 40242 normal
2018-12-23__15:40 [0.16,0.27,0.33] 15.9% 40780 normal
2018-12-23__15:40 [0.14,0.27,0.33] 10.6% 40780 normal
2018-12-23__15:40 [0.13,0.26,0.33] 14.1% 41318 normal
2018-12-23__15:40 [0.12,0.26,0.33] 18.2% 41318 normal
2018-12-23__15:40 [0.11,0.26,0.32] 16.2% 40780 normal
2018-12-23__15:41 [0.10,0.25,0.32] 11.2% 40780 normal
2018-12-23__15:41 [0.68,0.37,0.36] 3.8% 40780 normal
2018-12-23__15:41 [0.70,0.38,0.37] 2.4% 40780 normal
2018-12-23__15:41 [0.65,0.38,0.36] 1.9% 39704 normal
2018-12-23__15:41 [0.59,0.37,0.36] 2.4% 40242 normal
2018-12-23__15:41 [0.55,0.36,0.36] 37.4% 40780 normal
2018-12-23__15:41 [0.58,0.38,0.36] 12.8% 40780 normal
2018-12-23__15:41 [0.54,0.37,0.36] 2.0% 40780 normal
2018-12-23__15:41 [0.45,0.36,0.36] 3.8% 39704 normal
2018-12-23__15:41 [0.42,0.35,0.35] 40.5% 41856 normal
2018-12-23__15:42 [0.46,0.36,0.36] 2.4% 40780 normal
2018-12-23__15:42 [0.43,0.35,0.36] 15.6% 41318 normal
2018-12-23__15:42 [0.39,0.35,0.35] 9.0% 40780 normal
2018-12-23__15:42 [0.36,0.34,0.35] 2.9% 40780 normal
2018-12-23__15:42 [0.41,0.35,0.36] 1.5% 40242 normal
2018-12-23__15:42 [0.35,0.34,0.35] 7.2% 40780 normal
2018-12-23__15:42 [0.48,0.37,0.36] 8.1% 41856 normal
2018-12-23__15:42 [0.44,0.36,0.36] 1.5% 40242 normal
2018-12-23__15:42 [0.41,0.36,0.36] 18.2% 40780 normal
2018-12-23__15:42 [0.37,0.35,0.36] 25.2% 41318 normal
2018-12-23__15:42 [0.34,0.34,0.35] 26.8% 41856 normal
2018-12-23__15:43 [0.31,0.34,0.35] 19.4% 41856 normal
2018-12-23__15:43 [0.35,0.34,0.35] 11.2% 41318 normal
2018-12-23__15:43 [0.32,0.34,0.35] 3.3% 40780 normal
2018-12-23__15:43 [0.29,0.33,0.35] 1.9% 39704 normal
2018-12-23__15:43 [0.27,0.33,0.35] 1.9% 40242 normal
2018-12-23__15:43 [0.25,0.32,0.35] 11.3% 40780 normal
2018-12-23__15:43 [0.23,0.32,0.34] 6.8% 40780 normal
2018-12-23__15:43 [0.29,0.33,0.35] 25.0% 41318 normal
2018-12-23__15:43 [0.27,0.32,0.35] 1.0% 40780 normal
2018-12-23__15:43 [0.46,0.36,0.36] 11.9% 40780 normal
2018-12-23__15:44 [0.75,0.42,0.38] 3.8% 40780 normal
2018-12-23__15:44 [0.77,0.43,0.38] 3.3% 40780 normal
2018-12-23__15:44 [0.71,0.42,0.38] 1.9% 40780 normal
2018-12-23__15:44 [0.65,0.42,0.38] 1.9% 40242 normal
2018-12-23__15:44 [0.60,0.41,0.38] 7.6% 39704 normal
2018-12-23__15:44 [0.55,0.40,0.37] 9.7% 40780 normal
2018-12-23__15:44 [0.62,0.42,0.38] 3.9% 41856 normal
2018-12-23__15:44 [0.57,0.41,0.38] 21.3% 41856 normal
2018-12-23__15:44 [0.60,0.42,0.38] 7.2% 40780 normal
2018-12-23__15:44 [0.56,0.42,0.38] 7.5% 40780 normal
2018-12-23__15:44 [0.51,0.41,0.38] 2.9% 40780 normal
2018-12-23__15:45 [0.47,0.40,0.37] 10.6% 40780 normal
2018-12-23__15:45 [0.51,0.41,0.38] 4.8% 40780 normal
2018-12-23__15:45 [0.43,0.40,0.37] 38.7% 40780 normal
2018-12-23__15:45 [0.40,0.39,0.37] 26.6% 40780 normal
2018-12-23__15:45 [0.37,0.39,0.37] 28.4% 40780 normal
2018-12-23__15:45 [0.74,0.46,0.39] 28.9% 40780 normal
2018-12-23__15:45 [0.68,0.45,0.39] 65.9% 41318 normal
2018-12-23__15:45 [0.62,0.45,0.39] 2.9% 41318 normal
2018-12-23__15:45 [0.57,0.44,0.38] 1.0% 40242 normal
2018-12-23__15:45 [0.48,0.42,0.38] 11.5% 41318 normal
2018-12-23__15:46 [0.45,0.42,0.38] 3.3% 40780 normal
2018-12-23__15:46 [0.49,0.43,0.38] 13.5% 40780 normal
2018-12-23__15:46 [0.45,0.42,0.38] 17.4% 40780 normal
2018-12-23__15:46 [0.41,0.41,0.38] 29.6% 41318 normal
2018-12-23__15:46 [0.38,0.40,0.37] 21.7% 41856 normal
2018-12-23__15:46 [0.35,0.40,0.37] 32.0% 40780 normal
2018-12-23__15:46 [0.48,0.42,0.38] 18.3% 40780 normal
2018-12-23__15:46 [0.64,0.46,0.39] 2.4% 41318 normal
2018-12-23__15:46 [0.58,0.45,0.39] 5.0% 40242 normal
2018-12-23__15:46 [0.54,0.44,0.39] 7.1% 39704 normal
2018-12-23__15:46 [0.57,0.45,0.39] 16.1% 40780 normal
2018-12-23__15:47 [0.53,0.45,0.39] 8.0% 40780 normal
2018-12-23__15:47 [0.49,0.44,0.39] 2.8% 39704 normal
2018-12-23__15:47 [0.53,0.45,0.39] 12.7% 40242 normal
2018-12-23__15:47 [0.52,0.45,0.39] 2.4% 39704 normal
2018-12-23__15:47 [0.48,0.44,0.39] 29.7% 39704 normal
2018-12-23__15:47 [0.44,0.43,0.39] 4.8% 40242 normal
2018-12-23__15:47 [0.40,0.43,0.38] 12.8% 40242 normal
2018-12-23__15:47 [0.37,0.42,0.38] 1.9% 40780 normal
2018-12-23__15:47 [0.34,0.41,0.38] 7.5% 40780 normal
2018-12-23__15:47 [0.31,0.40,0.38] 3.9% 40780 normal
2018-12-23__15:48 [0.27,0.39,0.37] 3.4% 40242 normal
2018-12-23__15:48 [0.24,0.38,0.37] 5.2% 40242 normal
2018-12-23__15:48 [0.22,0.38,0.37] 9.4% 40780 normal
2018-12-23__15:48 [0.21,0.37,0.36] 5.3% 40780 normal
2018-12-23__15:48 [0.19,0.36,0.36] 22.9% 40780 normal
2018-12-23__15:48 [0.17,0.36,0.36] 3.4% 40780 normal
2018-12-23__15:48 [0.16,0.35,0.36] 2.4% 40780 normal
2018-12-23__15:48 [0.15,0.35,0.36] 1.9% 39704 normal
2018-12-23__15:48 [0.20,0.35,0.36] 2.8% 40780 normal
2018-12-23__15:48 [0.18,0.35,0.36] 2.8% 40242 normal
2018-12-23__15:48 [0.17,0.34,0.35] 8.2% 40780 normal
2018-12-23__15:49 [0.15,0.33,0.35] 2.8% 39704 normal
2018-12-23__15:49 [0.22,0.34,0.36] 14.1% 39704 normal
2018-12-23__15:49 [0.20,0.34,0.35] 16.7% 40780 normal
2018-12-23__15:49 [0.19,0.33,0.35] 8.6% 40780 normal
2018-12-23__15:49 [0.32,0.35,0.36] 4.6% 39704 normal
2018-12-23__15:49 [0.53,0.40,0.37] 3.3% 39704 normal
2018-12-23__15:49 [0.57,0.41,0.38] 23.4% 40242 normal
2018-12-23__15:49 [0.52,0.40,0.37] 34.3% 40780 normal
2018-12-23__15:49 [0.48,0.40,0.37] 15.4% 40780 normal
2018-12-23__15:49 [0.44,0.39,0.37] 3.4% 40242 normal
2018-12-23__15:50 [0.41,0.38,0.37] 20.0% 40780 normal
2018-12-23__15:50 [0.34,0.37,0.36] 31.8% 40780 normal
2018-12-23__15:50 [0.32,0.36,0.36] 12.0% 40780 normal
2018-12-23__15:50 [0.37,0.37,0.36] 6.3% 40780 normal
2018-12-23__15:50 [0.34,0.37,0.36] 6.2% 39704 normal
2018-12-23__15:50 [0.31,0.36,0.36] 7.9% 40242 normal
2018-12-23__15:50 [0.37,0.37,0.36] 15.3% 40780 normal
2018-12-23__15:50 [0.34,0.37,0.36] 8.4% 40780 normal
2018-12-23__15:50 [0.29,0.35,0.36] 6.7% 40780 normal
2018-12-23__15:50 [0.26,0.35,0.36] 13.2% 40242 normal
2018-12-23__15:50 [0.24,0.34,0.35] 23.5% 40780 normal
2018-12-23__15:51 [0.30,0.35,0.36] 56.2% 40780 normal
