2018-12-23 14:48:16 0 disk 46172 26126 38.8%
2018-12-23 14:48:16 1 /dev 3893 3893 0%
2018-12-23 14:48:16 1 /snap/core/6130 90 0 100%
2018-12-23 14:49:16 0 disk 46172 26125 38.8%
2018-12-23 14:49:16 1 /dev 3893 3893 0%
2018-12-23 14:49:16 1 /snap/core/6130 90 0 100%
2018-12-23 14:50:17 0 disk 46172 26125 38.8%
2018-12-23 14:50:17 1 /dev 3893 3893 0%
2018-12-23 14:50:17 1 /snap/core/6130 90 0 100%
2018-12-23 14:51:17 0 disk 46172 26125 38.8%
2018-12-23 14:51:17 1 /dev 3893 3893 0%
2018-12-23 14:51:17 1 /snap/core/6130 90 0 100%
2018-12-23 14:52:17 0 disk 46172 26125 38.8%
2018-12-23 14:52:17 1 /dev 3893 3893 0%
2018-12-23 14:52:17 1 /snap/core/6130 90 0 100%
2018-12-23 14:53:17 0 disk 46172 26125 38.8%
2018-12-23 14:53:17 1 /dev 3893 3893 0%
2018-12-23 14:53:17 1 /snap/core/6130 90 0 100%
2018-12-23 14:54:18 0 disk 46172 26124 38.8%
2018-12-23 14:54:18 1 /dev 3893 3893 0%
2018-12-23 14:54:18 1 /snap/core/6130 90 0 100%
2018-12-23 14:55:18 0 disk 46172 26124 38.8%
2018-12-23 14:55:18 1 /dev 3893 3893 0%
2018-12-23 14:55:18 1 /snap/core/6130 90 0 100%
2018-12-23 15:07:57 0 disk 29941 14181 48.4%
2018-12-23 15:07:57 1 / 29899 14160 51%
2018-12-23 15:07:57 1 /boot 42 21 51%
2018-12-23 15:08:58 0 disk 29941 14181 48.4%
2018-12-23 15:08:58 1 / 29899 14160 51%
2018-12-23 15:08:58 1 /boot 42 21 51%
2018-12-23 15:09:59 0 disk 29941 14181 48.4%
2018-12-23 15:09:59 1 / 29899 14160 51%
2018-12-23 15:09:59 1 /boot 42 21 51%
2018-12-23 15:11:00 0 disk 29941 14181 48.4%
2018-12-23 15:11:00 1 / 29899 14160 51%
2018-12-23 15:11:00 1 /boot 42 21 51%
2018-12-23 15:12:01 0 disk 29941 14181 48.4%
2018-12-23 15:12:01 1 / 29899 14160 51%
2018-12-23 15:12:01 1 /boot 42 21 51%
2018-12-23 15:13:02 0 disk 29941 14181 48.4%
2018-12-23 15:13:02 1 / 29899 14160 51%
2018-12-23 15:13:02 1 /boot 42 21 51%
2018-12-23 15:14:04 0 disk 29941 14181 48.4%
2018-12-23 15:14:04 1 / 29899 14160 51%
2018-12-23 15:14:04 1 /boot 42 21 51%
2018-12-23 15:15:06 0 disk 29941 14181 48.4%
2018-12-23 15:15:06 1 / 29899 14160 51%
2018-12-23 15:15:06 1 /boot 42 21 51%
2018-12-23 15:16:07 0 disk 29941 14181 48.4%
2018-12-23 15:16:07 1 / 29899 14160 51%
2018-12-23 15:16:07 1 /boot 42 21 51%
2018-12-23 15:17:08 0 disk 29941 14181 48.4%
2018-12-23 15:17:08 1 / 29899 14160 51%
2018-12-23 15:17:08 1 /boot 42 21 51%
2018-12-23 15:18:09 0 disk 29941 14181 48.4%
2018-12-23 15:18:09 1 / 29899 14160 51%
2018-12-23 15:18:09 1 /boot 42 21 51%
2018-12-23 15:19:10 0 disk 29941 14181 48.4%
2018-12-23 15:19:10 1 / 29899 14160 51%
2018-12-23 15:19:10 1 /boot 42 21 51%
2018-12-23 15:20:11 0 disk 29941 14181 48.4%
2018-12-23 15:20:11 1 / 29899 14160 51%
2018-12-23 15:20:11 1 /boot 42 21 51%
2018-12-23 15:21:13 0 disk 29941 14181 48.4%
2018-12-23 15:21:13 1 / 29899 14160 51%
2018-12-23 15:21:13 1 /boot 42 21 51%
2018-12-23 15:22:14 0 disk 29941 14181 48.4%
2018-12-23 15:22:14 1 / 29899 14160 51%
2018-12-23 15:22:14 1 /boot 42 21 51%
2018-12-23 15:23:15 0 disk 29941 14181 48.4%
2018-12-23 15:23:15 1 / 29899 14160 51%
2018-12-23 15:23:15 1 /boot 42 21 51%
2018-12-23 15:24:16 0 disk 29941 14181 48.4%
2018-12-23 15:24:16 1 / 29899 14160 51%
2018-12-23 15:24:16 1 /boot 42 21 51%
2018-12-23 15:25:17 0 disk 29941 14181 48.4%
2018-12-23 15:25:17 1 / 29899 14160 51%
2018-12-23 15:25:17 1 /boot 42 21 51%
2018-12-23 15:26:18 0 disk 29941 14181 48.4%
2018-12-23 15:26:18 1 / 29899 14160 51%
2018-12-23 15:26:18 1 /boot 42 21 51%
2018-12-23 15:27:19 0 disk 29941 14181 48.4%
2018-12-23 15:27:19 1 / 29899 14160 51%
2018-12-23 15:27:19 1 /boot 42 21 51%
2018-12-23 15:28:20 0 disk 29941 14181 48.4%
2018-12-23 15:28:20 1 / 29899 14160 51%
2018-12-23 15:28:20 1 /boot 42 21 51%
2018-12-23 15:29:21 0 disk 29941 14181 48.4%
2018-12-23 15:29:21 1 / 29899 14160 51%
2018-12-23 15:29:21 1 /boot 42 21 51%
2018-12-23 15:30:23 0 disk 29941 14181 48.4%
2018-12-23 15:30:23 1 / 29899 14160 51%
2018-12-23 15:30:23 1 /boot 42 21 51%
2018-12-23 15:31:24 0 disk 29941 14181 48.4%
2018-12-23 15:31:24 1 / 29899 14160 51%
2018-12-23 15:31:24 1 /boot 42 21 51%
2018-12-23 15:32:25 0 disk 29941 14179 48.4%
2018-12-23 15:32:25 1 / 29899 14158 51%
2018-12-23 15:32:25 1 /boot 42 21 51%
2018-12-23 15:33:26 0 disk 29941 14179 48.4%
2018-12-23 15:33:26 1 / 29899 14158 51%
2018-12-23 15:33:26 1 /boot 42 21 51%
2018-12-23 15:34:27 0 disk 29941 14179 48.4%
2018-12-23 15:34:27 1 / 29899 14158 51%
2018-12-23 15:34:27 1 /boot 42 21 51%
2018-12-23 15:35:28 0 disk 29941 14179 48.4%
2018-12-23 15:35:28 1 / 29899 14158 51%
2018-12-23 15:35:28 1 /boot 42 21 51%
2018-12-23 15:36:29 0 disk 29941 14179 48.4%
2018-12-23 15:36:29 1 / 29899 14158 51%
2018-12-23 15:36:29 1 /boot 42 21 51%
2018-12-23 15:37:30 0 disk 29941 14179 48.4%
2018-12-23 15:37:30 1 / 29899 14158 51%
2018-12-23 15:37:30 1 /boot 42 21 51%
2018-12-23 15:38:31 0 disk 29941 14179 48.4%
2018-12-23 15:38:31 1 / 29899 14158 51%
2018-12-23 15:38:31 1 /boot 42 21 51%
2018-12-23 15:39:32 0 disk 29941 14179 48.4%
2018-12-23 15:39:32 1 / 29899 14158 51%
2018-12-23 15:39:32 1 /boot 42 21 51%
2018-12-23 15:40:33 0 disk 29941 14179 48.4%
2018-12-23 15:40:33 1 / 29899 14158 51%
2018-12-23 15:40:33 1 /boot 42 21 51%
2018-12-23 15:41:34 0 disk 29941 14179 48.4%
2018-12-23 15:41:34 1 / 29899 14158 51%
2018-12-23 15:41:34 1 /boot 42 21 51%
2018-12-23 15:42:35 0 disk 29941 14179 48.4%
2018-12-23 15:42:35 1 / 29899 14158 51%
2018-12-23 15:42:35 1 /boot 42 21 51%
2018-12-23 15:43:36 0 disk 29941 14179 48.4%
2018-12-23 15:43:36 1 / 29899 14158 51%
2018-12-23 15:43:36 1 /boot 42 21 51%
2018-12-23 15:44:37 0 disk 29941 14179 48.4%
2018-12-23 15:44:37 1 / 29899 14158 51%
2018-12-23 15:44:37 1 /boot 42 21 51%
2018-12-23 15:45:38 0 disk 29941 14179 48.4%
2018-12-23 15:45:38 1 / 29899 14158 51%
2018-12-23 15:45:38 1 /boot 42 21 51%
2018-12-23 15:46:40 0 disk 29941 14179 48.4%
2018-12-23 15:46:40 1 / 29899 14158 51%
2018-12-23 15:46:40 1 /boot 42 21 51%
2018-12-23 15:47:41 0 disk 29941 14179 48.4%
2018-12-23 15:47:41 1 / 29899 14158 51%
2018-12-23 15:47:41 1 /boot 42 21 51%
2018-12-23 15:48:42 0 disk 29941 14179 48.4%
2018-12-23 15:48:42 1 / 29899 14158 51%
2018-12-23 15:48:42 1 /boot 42 21 51%
2018-12-23 15:49:43 0 disk 29941 14179 48.4%
2018-12-23 15:49:43 1 / 29899 14158 51%
2018-12-23 15:49:43 1 /boot 42 21 51%
2018-12-23 15:50:45 0 disk 29941 14179 48.4%
2018-12-23 15:50:45 1 / 29899 14158 51%
2018-12-23 15:50:45 1 /boot 42 21 51%
