2018-12-18__19:21:32 ./a.out 6640 tanxiao+ 100 0.0
2018-12-18__20:34:20 ./a.out 6640 tanxiao+ 100 0.0
2018-12-20__18:53:44 ./a.out 6640 tanxiao+ 100 0.0
2018-12-20__18:54:19 ./a.out 6640 tanxiao+ 100 0.0
2018-12-20__18:54:54 ./a.out 6640 tanxiao+ 100 0.0
2018-12-20__18:55:29 ./a.out 6640 tanxiao+ 100 0.0
2018-12-20__18:56:05 ./a.out 6640 tanxiao+ 100 0.0
2018-12-20__18:56:40 ./a.out 6640 tanxiao+ 100 0.0
2018-12-20__19:17:39 ./a.out 6640 tanxiao+ 100 0.0
2018-12-20__20:15:03 ./a.out 6640 tanxiao+ 100 0.0
2018-12-20__20:15:13 ./a.out 6640 tanxiao+ 100 0.0
2018-12-20__20:30:46  TTY PID TIME CMD
 pts/1 9502 00:00:00 a.out
 pts/1 13858 00:00:00 bash
 pts/4 17938 00:00:04 Server
2018-12-20__20:30:56  TTY PID TIME CMD
 pts/1 9502 00:00:00 a.out
 pts/1 13858 00:00:00 bash
 pts/4 17938 00:00:04 Server
2018-12-20__20:31:06  TTY PID TIME CMD
 pts/1 9502 00:00:00 a.out
 pts/1 13858 00:00:00 bash
 pts/4 17938 00:00:04 Server
2018-12-20__20:31:16  TTY PID TIME CMD
 pts/1 9502 00:00:00 a.out
 pts/1 13858 00:00:00 bash
 pts/4 17938 00:00:04 Server
2018-12-20__20:31:27  TTY PID TIME CMD
 pts/1 9502 00:00:00 a.out
 pts/1 13858 00:00:00 bash
 pts/4 17938 00:00:04 Server
2018-12-20__20:31:37  TTY PID TIME CMD
 pts/1 9502 00:00:00 a.out
 pts/1 13858 00:00:00 bash
 pts/4 17938 00:00:04 Server
2018-12-20__20:31:47  TTY PID TIME CMD
 pts/1 9502 00:00:00 a.out
 pts/1 13858 00:00:00 bash
 pts/4 17938 00:00:04 Server
2018-12-20__20:31:57  TTY PID TIME CMD
 pts/1 9502 00:00:00 a.out
 pts/1 13858 00:00:00 bash
 pts/4 17938 00:00:04 Server
2018-12-20__20:32:07  TTY PID TIME CMD
 pts/1 9502 00:00:00 a.out
 pts/1 13858 00:00:00 bash
 pts/4 17938 00:00:04 Server
2018-12-20__20:32:17  TTY PID TIME CMD
 pts/1 9502 00:00:00 a.out
 pts/1 13858 00:00:00 bash
 pts/4 17938 00:00:04 Server
2018-12-20__20:32:28  TTY PID TIME CMD
 pts/1 9502 00:00:00 a.out
 pts/1 13858 00:00:00 bash
 pts/4 17938 00:00:04 Server
2018-12-20__20:32:38  TTY PID TIME CMD
 pts/1 9502 00:00:00 a.out
 pts/1 13858 00:00:00 bash
 pts/4 17938 00:00:04 Server
2018-12-20__20:32:48  TTY PID TIME CMD
 pts/1 9502 00:00:00 a.out
 pts/1 13858 00:00:00 bash
 pts/4 17938 00:00:04 Server
2018-12-20__20:32:58  TTY PID TIME CMD
 pts/1 9502 00:00:00 a.out
 pts/1 13858 00:00:00 bash
 pts/4 17938 00:00:04 Server
2018-12-20__20:33:08  TTY PID TIME CMD
 pts/1 9502 00:00:00 a.out
 pts/1 13858 00:00:00 bash
 pts/4 17938 00:00:04 Server
2018-12-20__20:33:18  TTY PID TIME CMD
 pts/1 9502 00:00:00 a.out
 pts/1 13858 00:00:00 bash
 pts/4 17938 00:00:04 Server
2018-12-20__20:33:29  TTY PID TIME CMD
 pts/1 9502 00:00:00 a.out
 pts/1 13858 00:00:00 bash
 pts/4 17938 00:00:04 Server
2018-12-20__20:33:39  TTY PID TIME CMD
 pts/1 9502 00:00:00 a.out
 pts/1 13858 00:00:00 bash
 pts/4 17938 00:00:04 Server
2018-12-20__20:33:49  TTY PID TIME CMD
 pts/1 9502 00:00:00 a.out
 pts/1 13858 00:00:00 bash
 pts/4 17938 00:00:04 Server
2018-12-20__20:33:59  TTY PID TIME CMD
 pts/1 9502 00:00:00 a.out
 pts/1 13858 00:00:00 bash
 pts/4 17938 00:00:04 Server
2018-12-20__20:34:09  TTY PID TIME CMD
 pts/1 9502 00:00:00 a.out
 pts/1 13858 00:00:00 bash
 pts/4 17938 00:00:04 Server
2018-12-20__20:34:20  TTY PID TIME CMD
 pts/1 9502 00:00:00 a.out
 pts/1 13858 00:00:00 bash
 pts/4 17938 00:00:04 Server
2018-12-20__20:34:30  TTY PID TIME CMD
 pts/1 9502 00:00:00 a.out
 pts/1 13858 00:00:00 bash
 pts/4 17938 00:00:04 Server
2018-12-20__20:34:40  TTY PID TIME CMD
 pts/1 9502 00:00:00 a.out
 pts/1 13858 00:00:00 bash
 pts/4 17938 00:00:04 Server
2018-12-20__20:34:50  TTY PID TIME CMD
 pts/1 9502 00:00:00 a.out
 pts/1 13858 00:00:00 bash
 pts/4 17938 00:00:04 Server
2018-12-20__20:35:00  TTY PID TIME CMD
 pts/1 9502 00:00:00 a.out
 pts/1 13858 00:00:00 bash
 pts/4 17938 00:00:04 Server
2018-12-20__20:35:10  TTY PID TIME CMD
 pts/1 9502 00:00:00 a.out
 pts/1 13858 00:00:00 bash
 pts/4 17938 00:00:04 Server
2018-12-20__20:35:21  TTY PID TIME CMD
 pts/1 9502 00:00:00 a.out
 pts/1 13858 00:00:00 bash
 pts/4 17938 00:00:04 Server
2018-12-20__20:35:31  TTY PID TIME CMD
 pts/1 9502 00:00:00 a.out
 pts/1 13858 00:00:00 bash
 pts/4 17938 00:00:04 Server
2018-12-20__20:35:41  TTY PID TIME CMD
 pts/1 9502 00:00:00 a.out
 pts/1 13858 00:00:00 bash
 pts/4 17938 00:00:04 Server
2018-12-20__20:35:51  TTY PID TIME CMD
 pts/1 9502 00:00:00 a.out
 pts/1 13858 00:00:00 bash
 pts/4 17938 00:00:04 Server
2018-12-20__20:36:01  TTY PID TIME CMD
 pts/1 9502 00:00:00 a.out
 pts/1 13858 00:00:00 bash
 pts/4 17938 00:00:04 Server
2018-12-20__20:36:11  TTY PID TIME CMD
 pts/1 9502 00:00:00 a.out
 pts/1 13858 00:00:00 bash
 pts/4 17938 00:00:04 Server
2018-12-20__20:36:21  TTY PID TIME CMD
 pts/1 9502 00:00:00 a.out
 pts/1 13858 00:00:00 bash
 pts/4 17938 00:00:04 Server
2018-12-20__20:36:32  TTY PID TIME CMD
 pts/1 9502 00:00:00 a.out
 pts/1 13858 00:00:00 bash
 pts/4 17938 00:00:04 Server
2018-12-20__20:36:42  TTY PID TIME CMD
 pts/1 9502 00:00:00 a.out
 pts/1 13858 00:00:00 bash
 pts/4 17938 00:00:04 Server
2018-12-20__20:36:52  TTY PID TIME CMD
 pts/1 9502 00:00:00 a.out
 pts/1 13858 00:00:00 bash
 pts/4 17938 00:00:04 Server
2018-12-20__20:37:02  TTY PID TIME CMD
 pts/1 9502 00:00:00 a.out
 pts/1 13858 00:00:00 bash
 pts/4 17938 00:00:04 Server
2018-12-20__20:37:12  TTY PID TIME CMD
 pts/1 9502 00:00:00 a.out
 pts/1 13858 00:00:00 bash
 pts/4 17938 00:00:04 Server
2018-12-20__20:37:23  TTY PID TIME CMD
 pts/1 9502 00:00:00 a.out
 pts/1 13858 00:00:00 bash
 pts/4 17938 00:00:04 Server
2018-12-20__20:37:33  TTY PID TIME CMD
 pts/1 9502 00:00:00 a.out
 pts/1 13858 00:00:00 bash
 pts/4 17938 00:00:04 Server
2018-12-20__20:37:43  TTY PID TIME CMD
 pts/1 9502 00:00:00 a.out
 pts/1 13858 00:00:00 bash
 pts/4 17938 00:00:04 Server
2018-12-20__20:37:53  TTY PID TIME CMD
 pts/1 9502 00:00:00 a.out
 pts/1 13858 00:00:00 bash
 pts/4 17938 00:00:04 Server
2018-12-20__20:38:03  TTY PID TIME CMD
 pts/1 9502 00:00:00 a.out
 pts/1 13858 00:00:00 bash
 pts/4 17938 00:00:04 Server
2018-12-20__20:38:14  TTY PID TIME CMD
 pts/1 9502 00:00:00 a.out
 pts/1 13858 00:00:00 bash
 pts/4 17938 00:00:04 Server
2018-12-20__20:38:24  TTY PID TIME CMD
 pts/1 9502 00:00:00 a.out
 pts/1 13858 00:00:00 bash
 pts/4 17938 00:00:04 Server
2018-12-20__20:38:34  TTY PID TIME CMD
 pts/1 9502 00:00:00 a.out
 pts/1 13858 00:00:00 bash
 pts/4 17938 00:00:04 Server
2018-12-20__20:38:44  TTY PID TIME CMD
 pts/1 9502 00:00:00 a.out
 pts/1 13858 00:00:00 bash
 pts/4 17938 00:00:04 Server
2018-12-20__20:38:54  TTY PID TIME CMD
 pts/1 9502 00:00:00 a.out
 pts/1 13858 00:00:00 bash
 pts/4 17938 00:00:04 Server
2018-12-20__20:39:05  TTY PID TIME CMD
 pts/1 9502 00:00:00 a.out
 pts/1 13858 00:00:00 bash
 pts/4 17938 00:00:04 Server
2018-12-20__20:39:15  TTY PID TIME CMD
 pts/1 9502 00:00:00 a.out
 pts/1 13858 00:00:00 bash
 pts/4 17938 00:00:04 Server
2018-12-20__20:39:25  TTY PID TIME CMD
 pts/1 9502 00:00:00 a.out
 pts/1 13858 00:00:00 bash
 pts/4 17938 00:00:04 Server
2018-12-20__20:39:35  TTY PID TIME CMD
 pts/1 9502 00:00:00 a.out
 pts/1 13858 00:00:00 bash
 pts/4 17938 00:00:04 Server
2018-12-20__20:39:45  TTY PID TIME CMD
 pts/1 9502 00:00:00 a.out
 pts/1 13858 00:00:00 bash
 pts/4 17938 00:00:04 Server
2018-12-20__20:39:55  TTY PID TIME CMD
 pts/1 9502 00:00:00 a.out
 pts/1 13858 00:00:00 bash
 pts/4 17938 00:00:04 Server
2018-12-20__20:40:06  TTY PID TIME CMD
 pts/1 9502 00:00:00 a.out
 pts/1 13858 00:00:00 bash
 pts/4 17938 00:00:04 Server
2018-12-20__20:40:16  TTY PID TIME CMD
 pts/1 9502 00:00:00 a.out
 pts/1 13858 00:00:00 bash
 pts/4 17938 00:00:04 Server
2018-12-20__20:40:26  TTY PID TIME CMD
 pts/1 9502 00:00:00 a.out
 pts/1 13858 00:00:00 bash
 pts/4 17938 00:00:04 Server
2018-12-20__20:40:36  TTY PID TIME CMD
 pts/1 9502 00:00:00 a.out
 pts/1 13858 00:00:00 bash
 pts/4 17938 00:00:04 Server
2018-12-20__20:40:46  TTY PID TIME CMD
 pts/1 9502 00:00:00 a.out
 pts/1 13858 00:00:00 bash
 pts/4 17938 00:00:04 Server
2018-12-20__20:40:57  TTY PID TIME CMD
 pts/1 9502 00:00:00 a.out
 pts/1 13858 00:00:00 bash
 pts/4 17938 00:00:04 Server
2018-12-20__20:41:07  TTY PID TIME CMD
 pts/1 9502 00:00:00 a.out
 pts/1 13858 00:00:00 bash
 pts/4 17938 00:00:04 Server
2018-12-20__20:41:17  TTY PID TIME CMD
 pts/1 9502 00:00:00 a.out
 pts/1 13858 00:00:00 bash
 pts/4 17938 00:00:04 Server
2018-12-20__20:41:27  TTY PID TIME CMD
 pts/1 9502 00:00:00 a.out
 pts/1 13858 00:00:00 bash
 pts/4 17938 00:00:04 Server
2018-12-20__20:41:37  TTY PID TIME CMD
 pts/1 9502 00:00:00 a.out
 pts/1 13858 00:00:00 bash
 pts/4 17938 00:00:04 Server
2018-12-20__20:41:47  TTY PID TIME CMD
 pts/1 9502 00:00:00 a.out
 pts/1 13858 00:00:00 bash
 pts/4 17938 00:00:04 Server
2018-12-20__20:41:58  TTY PID TIME CMD
 pts/1 9502 00:00:00 a.out
 pts/1 13858 00:00:00 bash
 pts/4 17938 00:00:04 Server
2018-12-20__20:42:08  TTY PID TIME CMD
 pts/1 9502 00:00:00 a.out
 pts/1 13858 00:00:00 bash
 pts/4 17938 00:00:04 Server
2018-12-20__20:42:18  TTY PID TIME CMD
 pts/1 9502 00:00:00 a.out
 pts/1 13858 00:00:00 bash
 pts/4 17938 00:00:04 Server
2018-12-20__20:42:28  TTY PID TIME CMD
 pts/1 9502 00:00:00 a.out
 pts/1 13858 00:00:00 bash
 pts/4 17938 00:00:04 Server
2018-12-20__20:42:38  TTY PID TIME CMD
 pts/1 9502 00:00:00 a.out
 pts/1 13858 00:00:00 bash
 pts/4 17938 00:00:04 Server
2018-12-20__20:42:49  TTY PID TIME CMD
 pts/1 9502 00:00:00 a.out
 pts/1 13858 00:00:00 bash
 pts/4 17938 00:00:04 Server
2018-12-20__20:42:59  TTY PID TIME CMD
 pts/1 9502 00:00:00 a.out
 pts/1 13858 00:00:00 bash
 pts/4 17938 00:00:04 Server
2018-12-20__20:43:09  TTY PID TIME CMD
 pts/1 9502 00:00:00 a.out
 pts/1 13858 00:00:00 bash
 pts/4 17938 00:00:04 Server
2018-12-20__20:43:19  TTY PID TIME CMD
 pts/1 9502 00:00:00 a.out
 pts/1 13858 00:00:00 bash
 pts/4 17938 00:00:04 Server
2018-12-20__20:43:29  TTY PID TIME CMD
 pts/1 9502 00:00:00 a.out
 pts/1 13858 00:00:00 bash
 pts/4 17938 00:00:04 Server
2018-12-20__20:43:39  TTY PID TIME CMD
 pts/1 9502 00:00:00 a.out
 pts/1 13858 00:00:00 bash
 pts/4 17938 00:00:04 Server
2018-12-20__20:43:50  TTY PID TIME CMD
 pts/1 9502 00:00:00 a.out
 pts/1 13858 00:00:00 bash
 pts/4 17938 00:00:04 Server
2018-12-20__20:44:00  TTY PID TIME CMD
 pts/1 9502 00:00:00 a.out
 pts/1 13858 00:00:00 bash
 pts/4 17938 00:00:04 Server
2018-12-20__20:44:10  TTY PID TIME CMD
 pts/1 9502 00:00:00 a.out
 pts/1 13858 00:00:00 bash
 pts/4 17938 00:00:04 Server
2018-12-20__20:44:20  TTY PID TIME CMD
 pts/1 9502 00:00:00 a.out
 pts/1 13858 00:00:00 bash
 pts/4 17938 00:00:04 Server
