2018-12-23__15:12 [0.74,0.74,0.69] 58.0% 57996 note
2018-12-23__15:13 [0.84,0.76,0.69] 7.2% 56920 note
2018-12-23__15:13 [0.77,0.75,0.69] 7.5% 55306 note
2018-12-23__15:13 [0.79,0.75,0.69] 24.2% 55306 note
2018-12-23__15:13 [1.05,0.81,0.71] 25.6% 56920 note
2018-12-23__15:13 [1.04,0.81,0.71] 20.6% 56920 note
2018-12-23__15:13 [0.88,0.78,0.70] 9.8% 55843 note
2018-12-23__15:13 [0.81,0.77,0.70] 2.9% 55843 note
2018-12-23__15:13 [0.83,0.77,0.70] 39.5% 57996 note
2018-12-23__15:13 [0.76,0.76,0.70] 32.7% 56382 note
2018-12-23__15:13 [0.78,0.77,0.70] 12.8% 55843 note
2018-12-23__15:14 [0.96,0.80,0.71] 5.9% 55306 note
2018-12-23__15:14 [0.88,0.79,0.71] 47.9% 57458 note
2018-12-23__15:14 [0.82,0.78,0.71] 17.0% 54768 note
2018-12-23__15:14 [0.75,0.77,0.70] 14.0% 55306 note
2018-12-23__15:14 [0.69,0.75,0.70] 4.3% 53692 note
2018-12-23__15:14 [0.80,0.77,0.71] 3.3% 54768 note
2018-12-23__15:14 [0.81,0.78,0.71] 29.8% 55306 note
2018-12-23__15:14 [0.83,0.78,0.71] 23.9% 54768 note
2018-12-23__15:14 [0.76,0.77,0.71] 5.8% 54230 note
2018-12-23__15:14 [0.70,0.76,0.70] 6.9% 55306 note
2018-12-23__15:14 [0.67,0.75,0.70] 13.2% 54230 note
2018-12-23__15:15 [0.78,0.77,0.71] 44.9% 56920 note
2018-12-23__15:15 [0.72,0.76,0.70] 29.5% 55843 note
2018-12-23__15:15 [0.66,0.74,0.70] 7.7% 55843 note
2018-12-23__15:15 [0.61,0.73,0.70] 21.9% 54768 note
2018-12-23__15:15 [0.64,0.74,0.70] 55.4% 55843 note
2018-12-23__15:15 [0.99,0.81,0.72] 47.4% 55843 note
2018-12-23__15:15 [0.91,0.80,0.72] 5.8% 55843 note
2018-12-23__15:15 [0.84,0.78,0.72] 11.4% 54768 note
2018-12-23__15:15 [0.77,0.77,0.71] 35.6% 55843 note
2018-12-23__15:15 [0.71,0.76,0.71] 38.1% 56920 note
2018-12-23__15:16 [0.65,0.74,0.70] 24.1% 55306 note
2018-12-23__15:16 [0.76,0.76,0.71] 2.0% 54768 note
2018-12-23__15:16 [0.70,0.75,0.71] 29.2% 54768 note
2018-12-23__15:16 [0.90,0.79,0.72] 41.4% 57996 note
2018-12-23__15:16 [0.91,0.80,0.72] 17.3% 55843 note
2018-12-23__15:16 [0.84,0.78,0.72] 7.1% 54768 note
2018-12-23__15:16 [0.85,0.79,0.72] 33.9% 55843 note
2018-12-23__15:16 [0.78,0.77,0.72] 9.8% 58533 note
2018-12-23__15:16 [0.72,0.76,0.72] 4.2% 54768 note
2018-12-23__15:16 [0.66,0.75,0.71] 3.3% 53692 note
2018-12-23__15:16 [0.61,0.74,0.71] 38.0% 55843 note
2018-12-23__15:17 [0.90,0.79,0.73] 29.2% 57996 note
2018-12-23__15:17 [1.39,0.90,0.76] 7.5% 54768 note
2018-12-23__15:17 [1.27,0.88,0.76] 5.1% 54768 note
2018-12-23__15:17 [1.25,0.88,0.76] 47.0% 56920 note
2018-12-23__15:17 [1.31,0.90,0.77] 5.8% 56382 note
2018-12-23__15:17 [1.21,0.89,0.76] 8.5% 54768 note
2018-12-23__15:17 [1.11,0.87,0.76] 18.7% 54230 note
2018-12-23__15:17 [1.09,0.88,0.76] 38.5% 55843 note
2018-12-23__15:17 [1.08,0.88,0.76] 44.9% 55843 note
2018-12-23__15:17 [1.16,0.90,0.77] 13.2% 54230 note
2018-12-23__15:17 [1.07,0.88,0.76] 11.0% 53692 note
2018-12-23__15:18 [0.98,0.87,0.76] 17.0% 54768 note
2018-12-23__15:18 [0.98,0.87,0.76] 19.2% 56920 note
2018-12-23__15:18 [0.90,0.86,0.76] 3.7% 54768 note
2018-12-23__15:18 [0.76,0.83,0.75] 1.9% 54230 note
2018-12-23__15:18 [0.70,0.81,0.74] 19.7% 54768 note
2018-12-23__15:18 [0.64,0.80,0.74] 9.9% 54768 note
2018-12-23__15:18 [0.83,0.84,0.75] 10.4% 55843 note
2018-12-23__15:18 [0.77,0.82,0.75] 1.5% 53692 note
2018-12-23__15:18 [0.71,0.81,0.74] 41.3% 54768 note
2018-12-23__15:18 [1.21,0.91,0.78] 14.0% 56382 note
2018-12-23__15:19 [1.27,0.93,0.78] 1.0% 55843 note
2018-12-23__15:19 [1.16,0.92,0.78] 10.3% 54768 note
2018-12-23__15:19 [1.06,0.90,0.77] 34.5% 54768 note
2018-12-23__15:19 [0.98,0.89,0.77] 22.9% 56382 note
2018-12-23__15:19 [0.90,0.87,0.77] 7.9% 54230 note
2018-12-23__15:19 [0.83,0.86,0.76] 13.2% 54768 note
2018-12-23__15:19 [0.76,0.84,0.76] 44.7% 56382 note
2018-12-23__15:19 [0.86,0.86,0.76] 8.6% 55843 note
2018-12-23__15:19 [0.73,0.83,0.76] 2.4% 54768 note
2018-12-23__15:19 [0.67,0.82,0.75] 3.7% 53692 note
2018-12-23__15:19 [0.62,0.80,0.75] 45.2% 55306 note
2018-12-23__15:20 [0.81,0.84,0.76] 38.3% 55843 note
2018-12-23__15:20 [0.82,0.84,0.76] 22.3% 54768 note
2018-12-23__15:20 [0.76,0.83,0.76] 11.1% 54768 note
2018-12-23__15:20 [0.70,0.81,0.75] 28.2% 54768 note
2018-12-23__15:20 [0.67,0.80,0.75] 32.0% 57458 note
2018-12-23__15:20 [0.62,0.79,0.74] 2.4% 54230 note
2018-12-23__15:20 [0.57,0.78,0.74] 4.6% 53692 note
2018-12-23__15:20 [0.60,0.78,0.74] 17.7% 55306 note
2018-12-23__15:20 [0.63,0.79,0.74] 19.6% 56920 note
2018-12-23__15:20 [0.58,0.77,0.74] 19.0% 54768 note
2018-12-23__15:21 [0.54,0.76,0.73] 23.7% 54230 note
2018-12-23__15:21 [0.73,0.80,0.75] 34.8% 55843 note
2018-12-23__15:21 [0.69,0.79,0.74] 17.2% 56382 note
2018-12-23__15:21 [0.72,0.79,0.74] 24.9% 55306 note
2018-12-23__15:21 [0.82,0.81,0.75] 7.2% 55843 note
2018-12-23__15:21 [0.76,0.80,0.75] 33.7% 55843 note
2018-12-23__15:21 [0.78,0.80,0.75] 19.1% 55843 note
2018-12-23__15:21 [0.71,0.79,0.74] 37.6% 55843 note
2018-12-23__15:21 [0.66,0.77,0.74] 13.4% 55306 note
2018-12-23__15:21 [0.80,0.80,0.75] 30.1% 56382 note
2018-12-23__15:21 [0.81,0.80,0.75] 7.0% 56382 note
2018-12-23__15:22 [0.91,0.82,0.76] 6.1% 55306 note
2018-12-23__15:22 [0.83,0.81,0.75] 8.9% 54768 note
2018-12-23__15:22 [0.77,0.79,0.75] 31.7% 56382 note
2018-12-23__15:22 [1.03,0.85,0.76] 18.1% 56382 note
2018-12-23__15:22 [0.94,0.83,0.76] 5.7% 55843 note
2018-12-23__15:22 [0.88,0.82,0.76] 13.9% 54230 note
2018-12-23__15:22 [0.97,0.84,0.76] 28.3% 57458 note
2018-12-23__15:22 [0.97,0.85,0.77] 2.4% 56920 note
2018-12-23__15:22 [0.89,0.83,0.76] 2.9% 55306 note
2018-12-23__15:22 [0.82,0.82,0.76] 3.7% 53692 note
2018-12-23__15:23 [0.76,0.80,0.75] 6.2% 55843 note
2018-12-23__15:23 [0.70,0.79,0.75] 41.9% 57458 note
2018-12-23__15:23 [0.72,0.79,0.75] 19.7% 55843 note
2018-12-23__15:23 [0.68,0.78,0.75] 13.0% 55306 note
2018-12-23__15:23 [0.71,0.79,0.75] 2.4% 56382 note
2018-12-23__15:23 [0.97,0.84,0.77] 37.0% 57996 note
2018-12-23__15:23 [1.05,0.86,0.77] 3.3% 55306 note
2018-12-23__15:23 [0.97,0.85,0.77] 3.3% 54768 note
2018-12-23__15:23 [0.97,0.85,0.77] 4.6% 55843 note
2018-12-23__15:23 [0.97,0.85,0.77] 22.8% 56382 note
2018-12-23__15:23 [0.90,0.84,0.77] 25.4% 55306 note
2018-12-23__15:24 [0.83,0.83,0.76] 3.4% 55306 note
2018-12-23__15:24 [0.84,0.83,0.77] 10.5% 55306 note
2018-12-23__15:24 [0.77,0.82,0.76] 33.4% 57996 note
2018-12-23__15:24 [0.71,0.80,0.76] 27.7% 55843 note
2018-12-23__15:24 [0.65,0.79,0.75] 4.7% 54768 note
2018-12-23__15:24 [0.68,0.79,0.75] 3.4% 55843 note
2018-12-23__15:24 [0.66,0.78,0.75] 45.3% 57458 note
2018-12-23__15:24 [0.60,0.77,0.75] 16.6% 56382 note
2018-12-23__15:24 [0.56,0.76,0.74] 19.1% 55843 note
2018-12-23__15:24 [0.59,0.76,0.74] 1.5% 55843 note
2018-12-23__15:25 [0.54,0.75,0.74] 58.1% 55843 note
2018-12-23__15:25 [0.58,0.75,0.74] 3.8% 54768 note
2018-12-23__15:25 [0.53,0.74,0.74] 13.9% 55843 note
2018-12-23__15:25 [0.65,0.76,0.74] 1.0% 55843 note
2018-12-23__15:25 [1.27,0.89,0.78] 48.8% 56920 note
2018-12-23__15:25 [1.16,0.87,0.78] 6.1% 55843 note
2018-12-23__15:25 [1.07,0.86,0.77] 7.1% 54768 note
2018-12-23__15:25 [1.15,0.87,0.78] 11.5% 55843 note
2018-12-23__15:25 [1.13,0.88,0.78] 30.0% 56920 note
2018-12-23__15:25 [1.12,0.88,0.78] 5.7% 54768 note
2018-12-23__15:25 [1.03,0.86,0.78] 6.7% 53692 note
2018-12-23__15:26 [0.87,0.84,0.77] 9.7% 55306 note
2018-12-23__15:26 [0.88,0.84,0.77] 46.1% 55843 note
2018-12-23__15:26 [0.89,0.84,0.77] 5.4% 56382 note
2018-12-23__15:26 [0.82,0.83,0.77] 9.0% 54768 note
2018-12-23__15:26 [0.76,0.81,0.77] 7.1% 54768 note
2018-12-23__15:26 [0.70,0.80,0.76] 31.4% 55843 note
2018-12-23__15:26 [0.72,0.80,0.76] 22.6% 54768 note
2018-12-23__15:26 [0.74,0.81,0.76] 11.8% 55306 note
2018-12-23__15:26 [0.71,0.80,0.76] 5.7% 53692 note
2018-12-23__15:26 [0.65,0.78,0.76] 34.2% 55306 note
2018-12-23__15:27 [0.60,0.77,0.75] 24.9% 53692 note
2018-12-23__15:27 [0.63,0.77,0.75] 10.4% 55306 note
2018-12-23__15:27 [0.58,0.76,0.75] 4.7% 53692 note
2018-12-23__15:27 [0.61,0.77,0.75] 31.2% 55843 note
2018-12-23__15:27 [0.65,0.77,0.75] 5.7% 54768 note
2018-12-23__15:27 [0.69,0.78,0.75] 9.0% 53692 note
2018-12-23__15:27 [0.72,0.78,0.76] 3.8% 54230 note
2018-12-23__15:27 [0.66,0.77,0.75] 31.8% 55843 note
2018-12-23__15:27 [0.61,0.75,0.75] 23.3% 55843 note
2018-12-23__15:27 [0.56,0.74,0.74] 9.5% 53692 note
2018-12-23__15:27 [0.59,0.75,0.74] 14.5% 54230 note
2018-12-23__15:28 [0.55,0.73,0.74] 32.6% 54768 note
2018-12-23__15:28 [0.54,0.72,0.74] 10.6% 53692 note
2018-12-23__15:28 [0.49,0.71,0.73] 35.6% 55843 note
2018-12-23__15:28 [0.45,0.70,0.73] 4.2% 53692 note
2018-12-23__15:28 [0.42,0.69,0.72] 49.1% 56382 note
2018-12-23__15:28 [0.46,0.69,0.73] 9.9% 54768 note
2018-12-23__15:28 [0.43,0.68,0.72] 3.7% 53692 note
2018-12-23__15:28 [0.47,0.69,0.72] 38.4% 53154 note
2018-12-23__15:28 [0.71,0.73,0.74] 59.0% 56920 note
2018-12-23__15:28 [0.65,0.72,0.73] 59.4% 55306 note
2018-12-23__15:29 [0.60,0.71,0.73] 3.7% 54230 note
2018-12-23__15:29 [0.63,0.71,0.73] 16.0% 54230 note
2018-12-23__15:29 [0.58,0.70,0.73] 5.7% 56382 note
2018-12-23__15:29 [0.53,0.69,0.72] 8.1% 54768 note
2018-12-23__15:29 [0.49,0.68,0.72] 12.1% 54768 note
2018-12-23__15:29 [0.45,0.66,0.71] 2.8% 53692 note
2018-12-23__15:29 [0.46,0.66,0.71] 9.0% 55843 note
2018-12-23__15:29 [0.42,0.65,0.71] 33.4% 54768 note
2018-12-23__15:29 [0.47,0.65,0.71] 1.0% 54768 note
2018-12-23__15:29 [0.43,0.64,0.71] 2.4% 53692 note
2018-12-23__15:29 [0.40,0.63,0.70] 24.8% 55843 note
2018-12-23__15:30 [0.37,0.62,0.70] 4.3% 53692 note
2018-12-23__15:30 [0.34,0.61,0.69] 3.3% 53692 note
2018-12-23__15:30 [0.36,0.61,0.69] 2.0% 54230 note
2018-12-23__15:30 [0.42,0.61,0.69] 10.7% 56382 note
2018-12-23__15:30 [0.38,0.60,0.69] 3.4% 53692 note
2018-12-23__15:30 [0.35,0.59,0.69] 15.9% 53692 note
2018-12-23__15:30 [0.32,0.58,0.68] 11.7% 53692 note
2018-12-23__15:30 [0.30,0.57,0.68] 2.9% 55306 note
2018-12-23__15:30 [0.27,0.56,0.68] 6.6% 53692 note
2018-12-23__15:30 [0.25,0.55,0.67] 2.4% 52615 note
2018-12-23__15:30 [0.36,0.57,0.67] 3.3% 53692 note
2018-12-23__15:31 [0.41,0.58,0.68] 16.1% 54768 note
2018-12-23__15:31 [0.38,0.57,0.67] 20.6% 53154 note
2018-12-23__15:31 [0.43,0.57,0.67] 21.7% 54230 note
2018-12-23__15:31 [0.47,0.58,0.68] 14.7% 53692 note
2018-12-23__15:31 [0.44,0.57,0.67] 2.4% 55306 note
2018-12-23__15:31 [0.40,0.56,0.67] 11.6% 53692 note
2018-12-23__15:31 [0.42,0.56,0.67] 17.9% 54768 note
2018-12-23__15:31 [0.39,0.55,0.66] 8.7% 53154 note
2018-12-23__15:31 [0.35,0.54,0.66] 8.0% 54230 note
2018-12-23__15:31 [0.33,0.53,0.66] 4.8% 53154 note
2018-12-23__15:32 [0.38,0.54,0.66] 15.1% 54768 note
2018-12-23__15:32 [0.35,0.53,0.65] 5.3% 54230 note
2018-12-23__15:32 [0.48,0.55,0.66] 11.2% 54230 note
2018-12-23__15:32 [0.49,0.55,0.66] 48.4% 55843 note
2018-12-23__15:32 [0.53,0.56,0.66] 15.9% 54768 note
2018-12-23__15:32 [0.49,0.55,0.66] 5.4% 54230 note
2018-12-23__15:32 [0.45,0.54,0.65] 8.1% 54768 note
2018-12-23__15:32 [0.41,0.53,0.65] 3.3% 54768 note
2018-12-23__15:32 [0.46,0.54,0.65] 9.4% 55843 note
2018-12-23__15:32 [0.58,0.56,0.66] 3.8% 53692 note
2018-12-23__15:32 [0.62,0.57,0.66] 15.8% 54768 note
2018-12-23__15:33 [0.67,0.59,0.66] 1.5% 55306 note
2018-12-23__15:33 [0.61,0.58,0.66] 11.3% 54230 note
2018-12-23__15:33 [0.57,0.57,0.66] 21.4% 54768 note
2018-12-23__15:33 [0.52,0.56,0.65] 37.9% 55843 note
2018-12-23__15:33 [0.48,0.55,0.65] 6.2% 54768 note
2018-12-23__15:33 [0.44,0.54,0.64] 14.4% 54230 note
2018-12-23__15:33 [0.40,0.53,0.64] 25.0% 54230 note
2018-12-23__15:33 [0.50,0.54,0.64] 21.0% 56920 note
2018-12-23__15:33 [0.46,0.54,0.64] 3.3% 54768 note
2018-12-23__15:33 [0.66,0.58,0.65] 12.2% 54768 note
2018-12-23__15:34 [0.61,0.57,0.65] 31.3% 55306 note
2018-12-23__15:34 [0.56,0.56,0.64] 16.0% 54768 note
2018-12-23__15:34 [0.59,0.56,0.65] 4.7% 55306 note
2018-12-23__15:34 [0.55,0.55,0.64] 1.0% 53692 note
2018-12-23__15:34 [0.50,0.55,0.64] 42.3% 56382 note
2018-12-23__15:34 [0.74,0.59,0.65] 13.1% 55843 note
2018-12-23__15:34 [0.76,0.60,0.66] 4.3% 55843 note
2018-12-23__15:34 [0.78,0.61,0.66] 6.0% 54768 note
2018-12-23__15:34 [0.80,0.61,0.66] 57.8% 56920 note
2018-12-23__15:34 [0.73,0.60,0.66] 30.1% 56920 note
2018-12-23__15:34 [0.67,0.59,0.65] 12.1% 54768 note
2018-12-23__15:35 [0.62,0.58,0.65] 37.0% 54768 note
2018-12-23__15:35 [0.73,0.61,0.66] 51.9% 56382 note
2018-12-23__15:35 [0.85,0.64,0.66] 2.4% 54230 note
2018-12-23__15:35 [0.78,0.63,0.66] 14.1% 53692 note
2018-12-23__15:35 [0.72,0.62,0.66] 7.2% 54230 note
2018-12-23__15:35 [0.74,0.62,0.66] 31.8% 56920 note
2018-12-23__15:35 [0.68,0.61,0.65] 2.4% 54230 note
2018-12-23__15:35 [0.62,0.60,0.65] 3.8% 53692 note
2018-12-23__15:35 [0.57,0.59,0.65] 12.6% 53692 note
2018-12-23__15:35 [0.72,0.62,0.66] 38.9% 56920 note
2018-12-23__15:36 [0.74,0.63,0.66] 2.9% 54768 note
2018-12-23__15:36 [0.68,0.62,0.65] 13.9% 56920 note
2018-12-23__15:36 [0.63,0.61,0.65] 32.9% 57458 note
2018-12-23__15:36 [0.58,0.60,0.65] 38.0% 57458 note
2018-12-23__15:36 [0.61,0.60,0.65] 9.8% 56382 note
2018-12-23__15:36 [0.56,0.59,0.64] 14.5% 55306 note
2018-12-23__15:36 [0.55,0.59,0.64] 14.0% 56382 note
2018-12-23__15:36 [0.59,0.60,0.64] 39.6% 56920 note
2018-12-23__15:36 [0.54,0.59,0.64] 7.1% 54768 note
2018-12-23__15:36 [0.58,0.59,0.64] 15.1% 54230 note
2018-12-23__15:36 [0.53,0.58,0.64] 6.3% 55306 note
2018-12-23__15:37 [0.49,0.57,0.63] 40.9% 55843 note
2018-12-23__15:37 [0.45,0.56,0.63] 3.3% 53692 note
2018-12-23__15:37 [0.49,0.57,0.63] 34.0% 54768 note
2018-12-23__15:37 [0.57,0.59,0.64] 11.8% 53692 note
2018-12-23__15:37 [0.68,0.61,0.65] 17.6% 56382 note
2018-12-23__15:37 [0.63,0.60,0.64] 8.0% 55306 note
2018-12-23__15:37 [0.58,0.59,0.64] 11.3% 54768 note
2018-12-23__15:37 [0.53,0.58,0.63] 14.9% 54230 note
2018-12-23__15:37 [0.49,0.57,0.63] 30.8% 56382 note
2018-12-23__15:37 [0.53,0.58,0.63] 8.5% 53692 note
2018-12-23__15:37 [0.52,0.57,0.63] 6.2% 53692 note
2018-12-23__15:38 [0.48,0.56,0.63] 5.4% 53692 note
2018-12-23__15:38 [0.52,0.57,0.63] 5.7% 55306 note
2018-12-23__15:38 [0.48,0.56,0.63] 34.5% 55843 note
2018-12-23__15:38 [0.44,0.55,0.62] 14.6% 54230 note
2018-12-23__15:38 [0.65,0.59,0.64] 47.6% 54768 note
2018-12-23__15:38 [0.85,0.64,0.65] 18.8% 54768 note
2018-12-23__15:38 [0.86,0.65,0.65] 2.9% 54230 note
2018-12-23__15:38 [0.79,0.64,0.65] 8.5% 53692 note
2018-12-23__15:38 [0.73,0.62,0.65] 6.2% 54768 note
2018-12-23__15:38 [0.67,0.61,0.64] 8.0% 55843 note
2018-12-23__15:39 [0.70,0.62,0.64] 11.3% 54230 note
2018-12-23__15:39 [0.64,0.61,0.64] 1.0% 53692 note
2018-12-23__15:39 [0.59,0.60,0.64] 10.8% 53692 note
2018-12-23__15:39 [0.81,0.65,0.65] 25.9% 54768 note
2018-12-23__15:39 [0.74,0.64,0.65] 20.9% 55843 note
2018-12-23__15:39 [0.68,0.62,0.64] 29.0% 55306 note
2018-12-23__15:39 [0.63,0.61,0.64] 10.3% 53154 note
2018-12-23__15:39 [0.58,0.60,0.64] 8.2% 56382 note
2018-12-23__15:39 [0.61,0.61,0.64] 4.2% 53692 note
2018-12-23__15:39 [0.56,0.60,0.63] 3.7% 53154 note
2018-12-23__15:40 [0.47,0.58,0.63] 13.4% 53692 note
2018-12-23__15:40 [0.52,0.59,0.63] 5.5% 54768 note
2018-12-23__15:40 [0.48,0.58,0.63] 53.3% 55306 note
2018-12-23__15:40 [0.44,0.57,0.62] 5.3% 53692 note
2018-12-23__15:40 [0.40,0.56,0.62] 11.2% 53154 note
2018-12-23__15:40 [0.45,0.57,0.62] 4.6% 54230 note
2018-12-23__15:40 [0.41,0.56,0.62] 2.9% 53692 note
2018-12-23__15:40 [0.35,0.54,0.61] 3.3% 52615 note
2018-12-23__15:40 [0.32,0.53,0.61] 63.7% 54768 note
2018-12-23__15:40 [0.38,0.54,0.61] 9.1% 54768 note
2018-12-23__15:40 [0.35,0.53,0.61] 1.0% 53692 note
2018-12-23__15:41 [0.40,0.54,0.61] 2.9% 52615 note
2018-12-23__15:41 [0.37,0.53,0.61] 26.6% 54768 note
2018-12-23__15:41 [0.34,0.52,0.60] 2.4% 55843 note
2018-12-23__15:41 [0.51,0.55,0.61] 3.8% 53692 note
2018-12-23__15:41 [0.47,0.54,0.61] 4.2% 52615 note
2018-12-23__15:41 [0.51,0.55,0.61] 6.5% 52615 note
2018-12-23__15:41 [0.87,0.62,0.64] 7.5% 54768 note
2018-12-23__15:41 [0.80,0.61,0.63] 1.9% 53154 note
2018-12-23__15:41 [0.82,0.62,0.64] 12.3% 53154 note
2018-12-23__15:41 [0.91,0.64,0.64] 3.9% 54768 note
2018-12-23__15:42 [0.92,0.65,0.64] 17.7% 55843 note
2018-12-23__15:42 [0.93,0.66,0.65] 24.9% 55843 note
2018-12-23__15:42 [0.86,0.65,0.64] 24.0% 55843 note
2018-12-23__15:42 [0.87,0.65,0.65] 15.5% 57996 note
2018-12-23__15:42 [0.88,0.66,0.65] 35.4% 57996 note
2018-12-23__15:42 [0.81,0.65,0.64] 14.7% 55843 note
2018-12-23__15:42 [0.83,0.65,0.65] 39.3% 55843 note
2018-12-23__15:42 [0.84,0.66,0.65] 7.7% 54768 note
2018-12-23__15:42 [0.79,0.66,0.65] 3.8% 55843 note
2018-12-23__15:42 [0.73,0.64,0.64] 7.9% 54768 note
2018-12-23__15:42 [0.67,0.63,0.64] 20.7% 54768 note
2018-12-23__15:43 [0.62,0.62,0.64] 19.5% 55306 note
2018-12-23__15:43 [0.57,0.61,0.63] 2.9% 55843 note
2018-12-23__15:43 [0.52,0.60,0.63] 24.3% 54768 note
2018-12-23__15:43 [0.48,0.59,0.62] 5.3% 54768 note
2018-12-23__15:43 [0.40,0.57,0.62] 7.5% 53154 note
2018-12-23__15:43 [0.45,0.58,0.62] 10.8% 55843 note
2018-12-23__15:43 [0.42,0.57,0.62] 4.8% 54230 note
2018-12-23__15:43 [0.46,0.58,0.62] 14.7% 54768 note
2018-12-23__15:43 [0.43,0.57,0.62] 12.0% 53692 note
2018-12-23__15:43 [0.47,0.57,0.62] 30.4% 55843 note
2018-12-23__15:43 [0.51,0.58,0.62] 4.3% 54768 note
2018-12-23__15:44 [0.47,0.57,0.62] 6.8% 54768 note
2018-12-23__15:44 [0.40,0.55,0.61] 6.2% 53154 note
2018-12-23__15:44 [0.37,0.54,0.61] 2.4% 54768 note
2018-12-23__15:44 [0.34,0.53,0.60] 28.4% 54768 note
2018-12-23__15:44 [0.31,0.52,0.60] 1.5% 52615 note
2018-12-23__15:44 [0.29,0.52,0.60] 2.8% 53154 note
2018-12-23__15:44 [0.74,0.61,0.63] 30.9% 54768 note
2018-12-23__15:44 [0.68,0.60,0.62] 18.1% 55843 note
2018-12-23__15:44 [0.66,0.59,0.62] 5.1% 53154 note
2018-12-23__15:44 [0.69,0.60,0.62] 3.3% 53692 note
2018-12-23__15:45 [0.71,0.61,0.63] 2.4% 54768 note
2018-12-23__15:45 [0.65,0.60,0.62] 2.8% 53692 note
2018-12-23__15:45 [0.60,0.59,0.62] 5.0% 53154 note
2018-12-23__15:45 [0.55,0.58,0.62] 10.3% 53154 note
2018-12-23__15:45 [0.59,0.58,0.62] 28.6% 54768 note
2018-12-23__15:45 [0.57,0.58,0.62] 5.0% 53154 note
2018-12-23__15:45 [0.53,0.57,0.61] 40.8% 54768 note
2018-12-23__15:45 [0.48,0.56,0.61] 20.0% 54768 note
2018-12-23__15:45 [0.44,0.55,0.61] 2.9% 55843 note
2018-12-23__15:45 [0.41,0.54,0.60] 1.5% 53692 note
2018-12-23__15:45 [0.38,0.53,0.60] 2.8% 52615 note
2018-12-23__15:46 [0.35,0.52,0.60] 31.0% 53692 note
2018-12-23__15:46 [0.37,0.52,0.60] 5.0% 54768 note
2018-12-23__15:46 [0.34,0.51,0.59] 13.2% 53692 note
2018-12-23__15:46 [0.31,0.51,0.59] 20.7% 52615 note
2018-12-23__15:46 [0.28,0.50,0.59] 52.2% 54230 note
2018-12-23__15:46 [0.58,0.56,0.60] 32.8% 55843 note
2018-12-23__15:46 [0.54,0.55,0.60] 42.2% 55306 note
2018-12-23__15:46 [0.49,0.54,0.60] 12.8% 54768 note
2018-12-23__15:46 [0.45,0.53,0.59] 58.1% 56382 note
2018-12-23__15:46 [0.75,0.59,0.62] 29.6% 55843 note
2018-12-23__15:47 [0.69,0.58,0.61] 2.8% 53692 note
2018-12-23__15:47 [0.64,0.57,0.61] 2.4% 53692 note
2018-12-23__15:47 [0.58,0.56,0.60] 41.5% 55843 note
2018-12-23__15:47 [0.54,0.55,0.60] 24.5% 54768 note
2018-12-23__15:47 [0.65,0.58,0.61] 42.3% 55843 note
2018-12-23__15:47 [0.60,0.57,0.61] 11.8% 53692 note
2018-12-23__15:47 [0.67,0.58,0.61] 33.9% 57458 note
2018-12-23__15:47 [0.62,0.57,0.61] 8.1% 57458 note
2018-12-23__15:47 [0.73,0.60,0.61] 2.9% 54768 note
2018-12-23__15:47 [1.15,0.69,0.64] 1.9% 54230 note
2018-12-23__15:47 [1.06,0.67,0.64] 33.1% 57458 note
2018-12-23__15:48 [0.97,0.66,0.64] 15.2% 54768 note
2018-12-23__15:48 [0.89,0.65,0.63] 8.3% 54768 note
2018-12-23__15:48 [0.91,0.66,0.64] 29.4% 55843 note
2018-12-23__15:48 [1.00,0.69,0.64] 48.7% 56382 note
2018-12-23__15:48 [1.00,0.69,0.65] 4.8% 54230 note
2018-12-23__15:48 [0.92,0.68,0.64] 5.1% 53154 note
2018-12-23__15:48 [0.93,0.68,0.64] 8.0% 54768 note
2018-12-23__15:48 [0.85,0.67,0.64] 33.5% 57996 note
2018-12-23__15:48 [0.78,0.66,0.64] 13.7% 54768 note
2018-12-23__15:48 [0.88,0.68,0.64] 6.2% 53692 note
2018-12-23__15:49 [0.82,0.68,0.64] 3.4% 54768 note
2018-12-23__15:49 [0.99,0.72,0.66] 49.0% 55843 note
2018-12-23__15:49 [0.91,0.70,0.65] 30.5% 55843 note
2018-12-23__15:49 [0.84,0.69,0.65] 32.2% 55843 note
2018-12-23__15:49 [0.77,0.68,0.64] 6.6% 53692 note
2018-12-23__15:49 [0.79,0.69,0.65] 29.4% 55843 note
2018-12-23__15:49 [0.89,0.71,0.65] 26.8% 54768 note
2018-12-23__15:49 [1.07,0.75,0.67] 13.0% 55843 note
2018-12-23__15:49 [0.98,0.74,0.66] 16.4% 54768 note
2018-12-23__15:49 [0.90,0.73,0.66] 29.5% 56382 note
2018-12-23__15:49 [0.83,0.71,0.66] 31.8% 54768 note
2018-12-23__15:50 [0.76,0.70,0.65] 25.0% 54768 note
2018-12-23__15:50 [0.70,0.69,0.65] 29.6% 54768 note
2018-12-23__15:50 [0.64,0.68,0.64] 29.8% 56382 note
2018-12-23__15:50 [0.62,0.67,0.64] 10.3% 53692 note
2018-12-23__15:50 [0.57,0.66,0.64] 2.8% 53692 note
2018-12-23__15:50 [0.60,0.67,0.64] 2.4% 53154 note
2018-12-23__15:50 [0.56,0.65,0.64] 38.1% 56920 note
2018-12-23__15:50 [0.51,0.64,0.63] 29.9% 56382 note
2018-12-23__15:50 [0.71,0.68,0.65] 22.9% 55843 note
2018-12-23__15:50 [0.81,0.70,0.65] 2.4% 53692 note
2018-12-23__15:51 [0.77,0.70,0.65] 48.4% 56920 note
2018-12-23__15:51 [0.71,0.69,0.65] 13.4% 55843 note
2018-12-23__15:51 [0.73,0.69,0.65] 1.0% 56382 note
2018-12-23__15:51 [0.75,0.70,0.65] 2.4% 54230 note
2018-12-23__15:51 [0.69,0.69,0.65] 20.3% 56382 note
2018-12-23__15:51 [0.88,0.72,0.66] 22.3% 56382 note
2018-12-23__15:51 [1.13,0.78,0.68] 4.6% 54230 note
2018-12-23__15:51 [1.04,0.77,0.67] 12.2% 55843 note
2018-12-23__15:51 [1.03,0.77,0.68] 20.1% 56382 note
2018-12-23__15:51 [1.03,0.78,0.68] 11.7% 56382 note
2018-12-23__15:51 [0.95,0.76,0.68] 27.7% 55843 note
2018-12-23__15:52 [0.87,0.75,0.67] 2.4% 54768 note
2018-12-23__15:52 [0.80,0.74,0.67] 9.6% 56382 note
2018-12-23__15:52 [0.74,0.73,0.66] 15.9% 54768 note
2018-12-23__15:52 [0.68,0.71,0.66] 5.3% 54768 note
2018-12-23__15:52 [0.57,0.69,0.65] 8.7% 53692 note
