2018-12-23 09:14:04 0 disk 46172 26289 38.5%
2018-12-23 09:14:04 1 /dev 3893 3893 0%
2018-12-23 09:14:04 1 /snap/core/6130 90 0 100%
2018-12-23 15:12:58 0 disk 29941 14493 47.4%
2018-12-23 15:12:58 1 / 29899 14472 50%
2018-12-23 15:12:58 1 /boot 42 21 51%
2018-12-23 15:13:59 0 disk 29941 14493 47.4%
2018-12-23 15:13:59 1 / 29899 14472 50%
2018-12-23 15:13:59 1 /boot 42 21 51%
2018-12-23 15:15:00 0 disk 29941 14493 47.4%
2018-12-23 15:15:00 1 / 29899 14472 50%
2018-12-23 15:15:00 1 /boot 42 21 51%
2018-12-23 15:16:01 0 disk 29941 14493 47.4%
2018-12-23 15:16:01 1 / 29899 14472 50%
2018-12-23 15:16:01 1 /boot 42 21 51%
2018-12-23 15:17:02 0 disk 29941 14493 47.4%
2018-12-23 15:17:02 1 / 29899 14472 50%
2018-12-23 15:17:02 1 /boot 42 21 51%
2018-12-23 15:18:03 0 disk 29941 14493 47.4%
2018-12-23 15:18:03 1 / 29899 14472 50%
2018-12-23 15:18:03 1 /boot 42 21 51%
2018-12-23 15:19:04 0 disk 29941 14493 47.4%
2018-12-23 15:19:04 1 / 29899 14472 50%
2018-12-23 15:19:04 1 /boot 42 21 51%
2018-12-23 15:20:05 0 disk 29941 14493 47.4%
2018-12-23 15:20:05 1 / 29899 14472 50%
2018-12-23 15:20:05 1 /boot 42 21 51%
2018-12-23 15:21:06 0 disk 29941 14493 47.4%
2018-12-23 15:21:06 1 / 29899 14472 50%
2018-12-23 15:21:06 1 /boot 42 21 51%
2018-12-23 15:22:07 0 disk 29941 14493 47.4%
2018-12-23 15:22:07 1 / 29899 14472 50%
2018-12-23 15:22:07 1 /boot 42 21 51%
2018-12-23 15:23:08 0 disk 29941 14493 47.4%
2018-12-23 15:23:08 1 / 29899 14472 50%
2018-12-23 15:23:08 1 /boot 42 21 51%
2018-12-23 15:24:10 0 disk 29941 14493 47.4%
2018-12-23 15:24:10 1 / 29899 14472 50%
2018-12-23 15:24:10 1 /boot 42 21 51%
2018-12-23 15:25:11 0 disk 29941 14493 47.4%
2018-12-23 15:25:11 1 / 29899 14472 50%
2018-12-23 15:25:11 1 /boot 42 21 51%
2018-12-23 15:26:12 0 disk 29941 14493 47.4%
2018-12-23 15:26:12 1 / 29899 14472 50%
2018-12-23 15:26:12 1 /boot 42 21 51%
2018-12-23 15:27:13 0 disk 29941 14493 47.4%
2018-12-23 15:27:13 1 / 29899 14472 50%
2018-12-23 15:27:13 1 /boot 42 21 51%
2018-12-23 15:28:14 0 disk 29941 14493 47.4%
2018-12-23 15:28:14 1 / 29899 14472 50%
2018-12-23 15:28:14 1 /boot 42 21 51%
2018-12-23 15:29:15 0 disk 29941 14493 47.4%
2018-12-23 15:29:15 1 / 29899 14472 50%
2018-12-23 15:29:15 1 /boot 42 21 51%
2018-12-23 15:30:16 0 disk 29941 14493 47.4%
2018-12-23 15:30:16 1 / 29899 14472 50%
2018-12-23 15:30:16 1 /boot 42 21 51%
2018-12-23 15:31:17 0 disk 29941 14493 47.4%
2018-12-23 15:31:17 1 / 29899 14472 50%
2018-12-23 15:31:17 1 /boot 42 21 51%
2018-12-23 15:32:18 0 disk 29941 14493 47.4%
2018-12-23 15:32:18 1 / 29899 14472 50%
2018-12-23 15:32:18 1 /boot 42 21 51%
2018-12-23 15:33:19 0 disk 29941 14492 47.4%
2018-12-23 15:33:19 1 / 29899 14471 50%
2018-12-23 15:33:19 1 /boot 42 21 51%
2018-12-23 15:34:20 0 disk 29941 14492 47.4%
2018-12-23 15:34:20 1 / 29899 14471 50%
2018-12-23 15:34:20 1 /boot 42 21 51%
2018-12-23 15:35:21 0 disk 29941 14492 47.4%
2018-12-23 15:35:21 1 / 29899 14471 50%
2018-12-23 15:35:21 1 /boot 42 21 51%
2018-12-23 15:36:22 0 disk 29941 14492 47.4%
2018-12-23 15:36:22 1 / 29899 14471 50%
2018-12-23 15:36:22 1 /boot 42 21 51%
2018-12-23 15:37:23 0 disk 29941 14492 47.4%
2018-12-23 15:37:23 1 / 29899 14471 50%
2018-12-23 15:37:23 1 /boot 42 21 51%
2018-12-23 15:38:24 0 disk 29941 14492 47.4%
2018-12-23 15:38:24 1 / 29899 14471 50%
2018-12-23 15:38:24 1 /boot 42 21 51%
2018-12-23 15:39:25 0 disk 29941 14492 47.4%
2018-12-23 15:39:25 1 / 29899 14471 50%
2018-12-23 15:39:25 1 /boot 42 21 51%
2018-12-23 15:40:26 0 disk 29941 14492 47.4%
2018-12-23 15:40:26 1 / 29899 14471 50%
2018-12-23 15:40:26 1 /boot 42 21 51%
2018-12-23 15:41:27 0 disk 29941 14492 47.4%
2018-12-23 15:41:27 1 / 29899 14471 50%
2018-12-23 15:41:27 1 /boot 42 21 51%
2018-12-23 15:42:29 0 disk 29941 14492 47.4%
2018-12-23 15:42:29 1 / 29899 14471 50%
2018-12-23 15:42:29 1 /boot 42 21 51%
2018-12-23 15:43:30 0 disk 29941 14492 47.4%
2018-12-23 15:43:30 1 / 29899 14471 50%
2018-12-23 15:43:30 1 /boot 42 21 51%
2018-12-23 15:44:31 0 disk 29941 14492 47.4%
2018-12-23 15:44:31 1 / 29899 14471 50%
2018-12-23 15:44:31 1 /boot 42 21 51%
2018-12-23 15:45:32 0 disk 29941 14492 47.4%
2018-12-23 15:45:32 1 / 29899 14471 50%
2018-12-23 15:45:32 1 /boot 42 21 51%
2018-12-23 15:46:33 0 disk 29941 14492 47.4%
2018-12-23 15:46:33 1 / 29899 14471 50%
2018-12-23 15:46:33 1 /boot 42 21 51%
2018-12-23 15:47:34 0 disk 29941 14492 47.4%
2018-12-23 15:47:34 1 / 29899 14471 50%
2018-12-23 15:47:34 1 /boot 42 21 51%
2018-12-23 15:48:35 0 disk 29941 14492 47.4%
2018-12-23 15:48:35 1 / 29899 14471 50%
2018-12-23 15:48:35 1 /boot 42 21 51%
2018-12-23 15:49:36 0 disk 29941 14492 47.4%
2018-12-23 15:49:36 1 / 29899 14471 50%
2018-12-23 15:49:36 1 /boot 42 21 51%
2018-12-23 15:50:37 0 disk 29941 14492 47.4%
2018-12-23 15:50:37 1 / 29899 14471 50%
2018-12-23 15:50:37 1 /boot 42 21 51%
2018-12-23 15:51:38 0 disk 29941 14492 47.4%
2018-12-23 15:51:38 1 / 29899 14471 50%
2018-12-23 15:51:38 1 /boot 42 21 51%
