2018-12-20__20:15 [0.20,0.32,0.38] .8% +43.0°C normal
2018-12-20__20:15 [0.26,0.33,0.38] 2.2% +43.0°C normal
2018-12-20__20:31 [0.16,0.30,0.26] 40.7% 45084 normal
2018-12-20__20:31 [0.14,0.30,0.25] 15.2% 45084 normal
2018-12-20__20:31 [0.13,0.29,0.25] 9.5% 44007 normal
2018-12-20__20:31 [0.20,0.30,0.26] 6.1% 44007 normal
2018-12-20__20:31 [0.17,0.29,0.25] 16.9% 45084 normal
2018-12-20__20:31 [0.16,0.29,0.25] 4.6% 45084 normal
2018-12-20__20:32 [0.30,0.32,0.26] 2.4% 45084 normal
2018-12-20__20:32 [0.28,0.31,0.26] 7.4% 44546 normal
2018-12-20__20:32 [0.34,0.32,0.27] 7.6% 45084 normal
2018-12-20__20:32 [0.31,0.32,0.26] 3.9% 45084 normal
2018-12-20__20:32 [0.29,0.31,0.26] 7.0% 45084 normal
2018-12-20__20:32 [0.32,0.32,0.27] 6.1% 45084 normal
2018-12-20__20:32 [0.29,0.31,0.26] 8.8% 45084 normal
2018-12-20__20:32 [0.35,0.32,0.27] 3.8% 45084 normal
2018-12-20__20:32 [0.32,0.32,0.27] 3.3% 45084 normal
2018-12-20__20:32 [0.29,0.31,0.27] 2.9% 45622 normal
2018-12-20__20:32 [0.59,0.37,0.29] 13.1% 46160 normal
2018-12-20__20:33 [0.54,0.37,0.28] 15.4% 46160 normal
2018-12-20__20:33 [0.54,0.37,0.29] 29.9% 47236 normal
2018-12-20__20:33 [0.50,0.37,0.28] 36.5% 46160 normal
2018-12-20__20:33 [0.46,0.36,0.28] 32.6% 45622 normal
2018-12-20__20:33 [0.42,0.35,0.28] 2.8% 45084 normal
2018-12-20__20:33 [0.39,0.35,0.28] 8.1% 45084 normal
2018-12-20__20:33 [0.35,0.34,0.28] 13.7% 45084 normal
2018-12-20__20:33 [0.49,0.37,0.29] 15.2% 45084 normal
2018-12-20__20:33 [0.53,0.38,0.29] 10.0% 45622 normal
2018-12-20__20:33 [0.52,0.38,0.29] 11.1% 45084 normal
2018-12-20__20:34 [0.48,0.38,0.29] 14.7% 45084 normal
2018-12-20__20:34 [0.44,0.37,0.29] 16.2% 46160 normal
2018-12-20__20:34 [0.64,0.41,0.30] 15.3% 45084 normal
2018-12-20__20:34 [0.59,0.41,0.30] 10.8% 45084 normal
2018-12-20__20:34 [0.55,0.40,0.30] 13.2% 45622 normal
2018-12-20__20:34 [0.50,0.39,0.30] 13.2% 45622 normal
2018-12-20__20:34 [0.64,0.43,0.31] 9.0% 46160 normal
2018-12-20__20:34 [0.83,0.47,0.32] 7.2% 46160 normal
2018-12-20__20:34 [0.77,0.46,0.32] 7.7% 46160 normal
2018-12-20__20:34 [0.71,0.46,0.32] 10.3% 46698 normal
2018-12-20__20:34 [0.65,0.45,0.32] 29.2% 46698 normal
2018-12-20__20:35 [0.60,0.44,0.32] 35.5% 47236 normal
2018-12-20__20:35 [0.55,0.43,0.31] 38.3% 46160 normal
2018-12-20__20:35 [0.54,0.44,0.32] 10.7% 45622 normal
2018-12-20__20:35 [0.49,0.43,0.31] 7.4% 46160 normal
2018-12-20__20:35 [0.45,0.42,0.31] 8.3% 45622 normal
2018-12-20__20:35 [0.42,0.41,0.31] 8.2% 46160 normal
2018-12-20__20:35 [0.38,0.41,0.31] 4.6% 45084 normal
2018-12-20__20:35 [0.43,0.42,0.31] 5.2% 45622 normal
2018-12-20__20:35 [0.40,0.41,0.31] 5.7% 45084 normal
2018-12-20__20:35 [0.48,0.43,0.32] 2.4% 45084 normal
2018-12-20__20:36 [0.61,0.45,0.33] 4.7% 45084 normal
2018-12-20__20:36 [0.56,0.45,0.32] 11.5% 45084 normal
2018-12-20__20:36 [0.83,0.51,0.34] 1.5% 46160 normal
2018-12-20__20:36 [0.77,0.50,0.34] 1.5% 45622 normal
2018-12-20__20:36 [0.95,0.54,0.36] 2.9% 46160 normal
2018-12-20__20:36 [0.87,0.53,0.35] 3.8% 46160 normal
2018-12-20__20:36 [0.80,0.52,0.35] 6.1% 45622 normal
2018-12-20__20:36 [0.83,0.54,0.36] 18.1% 46160 normal
2018-12-20__20:36 [0.84,0.55,0.36] 30.9% 46160 normal
2018-12-20__20:36 [0.86,0.55,0.37] 36.4% 47236 normal
2018-12-20__20:36 [0.79,0.54,0.37] 27.6% 45084 normal
2018-12-20__20:37 [0.72,0.53,0.36] 3.7% 45084 normal
2018-12-20__20:37 [0.75,0.54,0.37] 4.2% 45084 normal
2018-12-20__20:37 [0.69,0.53,0.36] 7.0% 45084 normal
2018-12-20__20:37 [0.58,0.52,0.36] 2.8% 45084 normal
2018-12-20__20:37 [0.53,0.51,0.36] 5.6% 45084 normal
2018-12-20__20:37 [0.49,0.50,0.36] 2.4% 45084 normal
2018-12-20__20:37 [0.53,0.51,0.36] 3.3% 46160 normal
2018-12-20__20:37 [0.49,0.50,0.36] 7.4% 45084 normal
2018-12-20__20:37 [0.45,0.49,0.36] 3.8% 46160 normal
2018-12-20__20:37 [0.41,0.48,0.35] 4.7% 45622 normal
2018-12-20__20:37 [0.35,0.46,0.35] 2.9% 45622 normal
2018-12-20__20:38 [0.40,0.47,0.35] 9.2% 45622 normal
2018-12-20__20:38 [0.45,0.48,0.36] 5.7% 45622 normal
2018-12-20__20:38 [0.41,0.47,0.36] 3.8% 46160 normal
2018-12-20__20:38 [0.38,0.47,0.35] 2.9% 46160 normal
2018-12-20__20:38 [0.35,0.46,0.35] 37.8% 46698 normal
2018-12-20__20:38 [0.32,0.45,0.35] 34.8% 47236 normal
2018-12-20__20:38 [0.38,0.46,0.35] 37.2% 46160 normal
2018-12-20__20:38 [0.39,0.46,0.36] 13.2% 46160 normal
2018-12-20__20:38 [0.36,0.45,0.35] 5.6% 45084 normal
2018-12-20__20:38 [0.33,0.45,0.35] 5.7% 44007 normal
2018-12-20__20:39 [0.39,0.45,0.36] 3.8% 45084 normal
2018-12-20__20:39 [0.43,0.46,0.36] 7.5% 45084 normal
2018-12-20__20:39 [0.40,0.46,0.36] 4.2% 45084 normal
2018-12-20__20:39 [0.53,0.48,0.37] 9.7% 45084 normal
2018-12-20__20:39 [0.59,0.50,0.37] 4.3% 45622 normal
2018-12-20__20:39 [0.55,0.49,0.37] 10.2% 45084 normal
2018-12-20__20:39 [0.58,0.50,0.37] 2.4% 45084 normal
2018-12-20__20:39 [0.54,0.49,0.37] 2.8% 45622 normal
2018-12-20__20:39 [0.49,0.48,0.37] 5.7% 45084 normal
2018-12-20__20:39 [0.45,0.47,0.37] 2.8% 45622 normal
2018-12-20__20:39 [0.50,0.48,0.37] 7.5% 45084 normal
2018-12-20__20:40 [0.50,0.48,0.37] 8.6% 46160 normal
2018-12-20__20:40 [0.46,0.47,0.37] 2.9% 46698 normal
2018-12-20__20:40 [0.42,0.47,0.37] 24.2% 46698 normal
2018-12-20__20:40 [0.63,0.51,0.38] 30.9% 46698 normal
2018-12-20__20:40 [0.58,0.50,0.38] 48.2% 46698 normal
2018-12-20__20:40 [0.53,0.49,0.38] 22.4% 46160 normal
2018-12-20__20:40 [0.57,0.50,0.38] 13.8% 45084 normal
2018-12-20__20:40 [0.48,0.48,0.37] 15.4% 45084 normal
2018-12-20__20:40 [0.44,0.47,0.37] 10.2% 45084 normal
2018-12-20__20:40 [0.41,0.47,0.37] 15.3% 46160 normal
2018-12-20__20:41 [0.37,0.46,0.37] 7.2% 45622 normal
2018-12-20__20:41 [0.42,0.47,0.37] 8.1% 46160 normal
2018-12-20__20:41 [0.39,0.46,0.37] 8.4% 45084 normal
2018-12-20__20:41 [0.36,0.45,0.37] 8.8% 45084 normal
2018-12-20__20:41 [0.38,0.45,0.37] 7.1% 45084 normal
2018-12-20__20:41 [0.35,0.45,0.36] 6.2% 45084 normal
2018-12-20__20:41 [0.40,0.46,0.37] 8.3% 45084 normal
2018-12-20__20:41 [0.37,0.45,0.37] 14.2% 46160 normal
2018-12-20__20:41 [0.34,0.44,0.36] 6.1% 45622 normal
2018-12-20__20:41 [0.31,0.43,0.36] 5.7% 46160 normal
2018-12-20__20:41 [0.29,0.43,0.36] 22.8% 47236 normal
2018-12-20__20:42 [0.26,0.42,0.36] 29.6% 47236 normal
2018-12-20__20:42 [0.37,0.44,0.36] 39.3% 46160 normal
2018-12-20__20:42 [0.34,0.43,0.36] 16.2% 45622 normal
2018-12-20__20:42 [0.31,0.42,0.36] 5.5% 45084 normal
2018-12-20__20:42 [0.29,0.41,0.36] 5.7% 45084 normal
2018-12-20__20:42 [0.34,0.42,0.36] 7.5% 45622 normal
2018-12-20__20:42 [0.48,0.45,0.37] 7.4% 45084 normal
2018-12-20__20:42 [0.44,0.44,0.37] 3.3% 45084 normal
2018-12-20__20:42 [0.37,0.43,0.36] 6.2% 45084 normal
2018-12-20__20:42 [0.34,0.42,0.36] 4.6% 45622 normal
2018-12-20__20:43 [0.31,0.41,0.36] 3.7% 45084 normal
2018-12-20__20:43 [0.69,0.49,0.38] 10.2% 45084 normal
2018-12-20__20:43 [0.63,0.48,0.38] 4.1% 45084 normal
2018-12-20__20:43 [0.58,0.47,0.38] 9.6% 46160 normal
2018-12-20__20:43 [0.54,0.46,0.38] 6.1% 45622 normal
2018-12-20__20:43 [0.45,0.45,0.37] 1.5% 46698 normal
2018-12-20__20:43 [0.82,0.52,0.40] 7.4% 46160 normal
2018-12-20__20:43 [0.75,0.52,0.39] 2.0% 46698 normal
2018-12-20__20:43 [0.69,0.51,0.39] 23.1% 46160 normal
2018-12-20__20:43 [0.64,0.50,0.39] 28.5% 47236 normal
2018-12-20__20:43 [0.58,0.49,0.39] 36.3% 46698 normal
2018-12-20__20:44 [0.70,0.52,0.40] 23.9% 45622 normal
