2018-12-23 14:48:16 0 disk 46172 26126 38.8%
2018-12-23 14:48:16 1 /dev 3893 3893 0%
2018-12-23 14:48:16 1 /snap/core/6130 90 0 100%
2018-12-23 14:49:16 0 disk 46172 26125 38.8%
2018-12-23 14:49:16 1 /dev 3893 3893 0%
2018-12-23 14:49:16 1 /snap/core/6130 90 0 100%
2018-12-23 14:50:17 0 disk 46172 26125 38.8%
2018-12-23 14:50:17 1 /dev 3893 3893 0%
2018-12-23 14:50:17 1 /snap/core/6130 90 0 100%
2018-12-23 14:51:17 0 disk 46172 26125 38.8%
2018-12-23 14:51:17 1 /dev 3893 3893 0%
2018-12-23 14:51:17 1 /snap/core/6130 90 0 100%
2018-12-23 14:52:17 0 disk 46172 26125 38.8%
2018-12-23 14:52:17 1 /dev 3893 3893 0%
2018-12-23 14:52:17 1 /snap/core/6130 90 0 100%
2018-12-23 14:53:17 0 disk 46172 26125 38.8%
2018-12-23 14:53:17 1 /dev 3893 3893 0%
2018-12-23 14:53:17 1 /snap/core/6130 90 0 100%
2018-12-23 14:54:18 0 disk 46172 26124 38.8%
2018-12-23 14:54:18 1 /dev 3893 3893 0%
2018-12-23 14:54:18 1 /snap/core/6130 90 0 100%
2018-12-23 14:55:18 0 disk 46172 26124 38.8%
2018-12-23 14:55:18 1 /dev 3893 3893 0%
2018-12-23 14:55:18 1 /snap/core/6130 90 0 100%
2018-12-23 15:08:40 0 disk 29941 13929 49.3%
2018-12-23 15:08:40 1 / 29899 13908 52%
2018-12-23 15:08:40 1 /boot 42 21 51%
2018-12-23 15:09:41 0 disk 29941 13929 49.3%
2018-12-23 15:09:41 1 / 29899 13908 52%
2018-12-23 15:09:41 1 /boot 42 21 51%
2018-12-23 15:10:42 0 disk 29941 13929 49.3%
2018-12-23 15:10:42 1 / 29899 13908 52%
2018-12-23 15:10:42 1 /boot 42 21 51%
2018-12-23 15:11:43 0 disk 29941 13929 49.3%
2018-12-23 15:11:43 1 / 29899 13908 52%
2018-12-23 15:11:43 1 /boot 42 21 51%
2018-12-23 15:12:44 0 disk 29941 13929 49.3%
2018-12-23 15:12:44 1 / 29899 13908 52%
2018-12-23 15:12:44 1 /boot 42 21 51%
2018-12-23 15:13:45 0 disk 29941 13929 49.3%
2018-12-23 15:13:45 1 / 29899 13908 52%
2018-12-23 15:13:45 1 /boot 42 21 51%
2018-12-23 15:14:47 0 disk 29941 13929 49.3%
2018-12-23 15:14:47 1 / 29899 13908 52%
2018-12-23 15:14:47 1 /boot 42 21 51%
2018-12-23 15:15:48 0 disk 29941 13929 49.3%
2018-12-23 15:15:48 1 / 29899 13908 52%
2018-12-23 15:15:48 1 /boot 42 21 51%
2018-12-23 15:16:49 0 disk 29941 13929 49.3%
2018-12-23 15:16:49 1 / 29899 13908 52%
2018-12-23 15:16:49 1 /boot 42 21 51%
2018-12-23 15:17:50 0 disk 29941 13929 49.3%
2018-12-23 15:17:50 1 / 29899 13908 52%
2018-12-23 15:17:50 1 /boot 42 21 51%
2018-12-23 15:18:51 0 disk 29941 13929 49.3%
2018-12-23 15:18:51 1 / 29899 13908 52%
2018-12-23 15:18:51 1 /boot 42 21 51%
2018-12-23 15:19:52 0 disk 29941 13929 49.3%
2018-12-23 15:19:52 1 / 29899 13908 52%
2018-12-23 15:19:52 1 /boot 42 21 51%
2018-12-23 15:20:53 0 disk 29941 13929 49.3%
2018-12-23 15:20:53 1 / 29899 13908 52%
2018-12-23 15:20:53 1 /boot 42 21 51%
2018-12-23 15:21:54 0 disk 29941 13929 49.3%
2018-12-23 15:21:54 1 / 29899 13908 52%
2018-12-23 15:21:54 1 /boot 42 21 51%
2018-12-23 15:22:56 0 disk 29941 13929 49.3%
2018-12-23 15:22:56 1 / 29899 13908 52%
2018-12-23 15:22:56 1 /boot 42 21 51%
2018-12-23 15:23:57 0 disk 29941 13929 49.3%
2018-12-23 15:23:57 1 / 29899 13908 52%
2018-12-23 15:23:57 1 /boot 42 21 51%
2018-12-23 15:24:58 0 disk 29941 13929 49.3%
2018-12-23 15:24:58 1 / 29899 13908 52%
2018-12-23 15:24:58 1 /boot 42 21 51%
2018-12-23 15:25:59 0 disk 29941 13929 49.3%
2018-12-23 15:25:59 1 / 29899 13908 52%
2018-12-23 15:25:59 1 /boot 42 21 51%
2018-12-23 15:27:00 0 disk 29941 13929 49.3%
2018-12-23 15:27:00 1 / 29899 13908 52%
2018-12-23 15:27:00 1 /boot 42 21 51%
2018-12-23 15:28:01 0 disk 29941 13929 49.3%
2018-12-23 15:28:01 1 / 29899 13908 52%
2018-12-23 15:28:01 1 /boot 42 21 51%
2018-12-23 15:29:02 0 disk 29941 13929 49.3%
2018-12-23 15:29:02 1 / 29899 13908 52%
2018-12-23 15:29:02 1 /boot 42 21 51%
2018-12-23 15:30:03 0 disk 29941 13929 49.3%
2018-12-23 15:30:03 1 / 29899 13908 52%
2018-12-23 15:30:03 1 /boot 42 21 51%
2018-12-23 15:31:04 0 disk 29941 13929 49.3%
2018-12-23 15:31:04 1 / 29899 13908 52%
2018-12-23 15:31:04 1 /boot 42 21 51%
2018-12-23 15:32:05 0 disk 29941 13929 49.3%
2018-12-23 15:32:05 1 / 29899 13908 52%
2018-12-23 15:32:05 1 /boot 42 21 51%
2018-12-23 15:33:06 0 disk 29941 13928 49.3%
2018-12-23 15:33:06 1 / 29899 13907 52%
2018-12-23 15:33:06 1 /boot 42 21 51%
2018-12-23 15:34:07 0 disk 29941 13928 49.3%
2018-12-23 15:34:07 1 / 29899 13907 52%
2018-12-23 15:34:07 1 /boot 42 21 51%
2018-12-23 15:35:08 0 disk 29941 13928 49.3%
2018-12-23 15:35:08 1 / 29899 13907 52%
2018-12-23 15:35:08 1 /boot 42 21 51%
2018-12-23 15:36:10 0 disk 29941 13928 49.3%
2018-12-23 15:36:10 1 / 29899 13907 52%
2018-12-23 15:36:10 1 /boot 42 21 51%
2018-12-23 15:37:10 0 disk 29941 13928 49.3%
2018-12-23 15:37:10 1 / 29899 13907 52%
2018-12-23 15:37:10 1 /boot 42 21 51%
2018-12-23 15:38:12 0 disk 29941 13928 49.3%
2018-12-23 15:38:12 1 / 29899 13907 52%
2018-12-23 15:38:12 1 /boot 42 21 51%
2018-12-23 15:39:13 0 disk 29941 13928 49.3%
2018-12-23 15:39:13 1 / 29899 13907 52%
2018-12-23 15:39:13 1 /boot 42 21 51%
2018-12-23 15:40:14 0 disk 29941 13928 49.3%
2018-12-23 15:40:14 1 / 29899 13907 52%
2018-12-23 15:40:14 1 /boot 42 21 51%
2018-12-23 15:41:15 0 disk 29941 13928 49.3%
2018-12-23 15:41:15 1 / 29899 13907 52%
2018-12-23 15:41:15 1 /boot 42 21 51%
2018-12-23 15:42:16 0 disk 29941 13928 49.3%
2018-12-23 15:42:16 1 / 29899 13907 52%
2018-12-23 15:42:16 1 /boot 42 21 51%
2018-12-23 15:43:18 0 disk 29941 13928 49.3%
2018-12-23 15:43:18 1 / 29899 13907 52%
2018-12-23 15:43:18 1 /boot 42 21 51%
2018-12-23 15:44:19 0 disk 29941 13928 49.3%
2018-12-23 15:44:19 1 / 29899 13907 52%
2018-12-23 15:44:19 1 /boot 42 21 51%
2018-12-23 15:45:20 0 disk 29941 13928 49.3%
2018-12-23 15:45:20 1 / 29899 13907 52%
2018-12-23 15:45:20 1 /boot 42 21 51%
2018-12-23 15:46:21 0 disk 29941 13928 49.3%
2018-12-23 15:46:21 1 / 29899 13907 52%
2018-12-23 15:46:21 1 /boot 42 21 51%
2018-12-23 15:47:22 0 disk 29941 13928 49.3%
2018-12-23 15:47:22 1 / 29899 13907 52%
2018-12-23 15:47:22 1 /boot 42 21 51%
2018-12-23 15:48:23 0 disk 29941 13928 49.3%
2018-12-23 15:48:23 1 / 29899 13907 52%
2018-12-23 15:48:23 1 /boot 42 21 51%
2018-12-23 15:49:24 0 disk 29941 13928 49.3%
2018-12-23 15:49:24 1 / 29899 13907 52%
2018-12-23 15:49:24 1 /boot 42 21 51%
2018-12-23 15:50:25 0 disk 29941 13928 49.3%
2018-12-23 15:50:25 1 / 29899 13907 52%
2018-12-23 15:50:25 1 /boot 42 21 51%
2018-12-23 15:51:26 0 disk 29941 13928 49.3%
2018-12-23 15:51:26 1 / 29899 13907 52%
2018-12-23 15:51:26 1 /boot 42 21 51%
2018-12-23 15:52:27 0 disk 29941 13928 49.3%
2018-12-23 15:52:27 1 / 29899 13907 52%
2018-12-23 15:52:27 1 /boot 42 21 51%
2018-12-23 15:53:28 0 disk 29941 13928 49.3%
2018-12-23 15:53:28 1 / 29899 13907 52%
2018-12-23 15:53:28 1 /boot 42 21 51%
