2018-12-23__09:14 [0.18,0.49,0.53] 1.0% 27800 normal
2018-12-23__15:10 [0.56,0.64,0.59] 52.7% 56920 note
2018-12-23__15:11 [0.52,0.63,0.59] 10.3% 55843 note
2018-12-23__15:11 [0.64,0.65,0.60] 27.2% 55843 note
2018-12-23__15:11 [0.59,0.64,0.59] 21.4% 55843 note
2018-12-23__15:11 [0.54,0.63,0.59] 16.8% 56920 note
2018-12-23__15:11 [0.53,0.62,0.59] 7.7% 56382 note
2018-12-23__15:11 [0.49,0.61,0.59] 6.6% 55843 note
2018-12-23__15:11 [0.45,0.60,0.58] 11.1% 55843 note
2018-12-23__15:11 [0.49,0.61,0.58] 9.5% 56382 note
2018-12-23__15:11 [0.45,0.60,0.58] 34.3% 57458 note
2018-12-23__15:11 [0.42,0.59,0.58] 10.0% 56920 note
2018-12-23__15:11 [0.46,0.60,0.58] 7.8% 56382 note
2018-12-23__15:12 [0.69,0.64,0.60] 2.4% 56920 note
2018-12-23__15:12 [0.63,0.63,0.59] 3.7% 55843 note
2018-12-23__15:12 [0.58,0.62,0.59] 12.1% 56382 note
2018-12-23__15:12 [0.61,0.63,0.59] 20.8% 55306 note
2018-12-23__15:12 [0.56,0.61,0.59] 14.1% 57996 note
2018-12-23__15:12 [0.60,0.62,0.59] 19.2% 56382 note
2018-12-23__15:12 [0.55,0.61,0.59] 74.5% 57996 note
2018-12-23__15:12 [1.15,0.73,0.63] 34.5% 56920 note
2018-12-23__15:12 [1.13,0.74,0.63] 63.9% 58533 note
2018-12-23__15:12 [1.36,0.80,0.65] 11.1% 55843 note
2018-12-23__15:13 [1.33,0.80,0.65] 44.3% 56920 note
2018-12-23__15:13 [1.31,0.80,0.65] 43.5% 56382 note
2018-12-23__15:13 [1.28,0.81,0.66] 25.2% 56382 note
2018-12-23__15:13 [1.18,0.79,0.65] 35.4% 57996 note
2018-12-23__15:13 [1.08,0.78,0.65] 36.8% 56920 note
2018-12-23__15:13 [0.99,0.77,0.65] 47.3% 57996 note
2018-12-23__15:13 [0.91,0.76,0.64] 25.3% 56382 note
2018-12-23__15:13 [0.92,0.76,0.64] 30.2% 55843 note
2018-12-23__15:13 [1.00,0.78,0.65] 25.8% 57458 note
2018-12-23__15:13 [0.92,0.77,0.65] 31.1% 57458 note
2018-12-23__15:13 [0.85,0.76,0.64] 35.1% 56920 note
2018-12-23__15:14 [0.78,0.74,0.64] 23.9% 56382 note
2018-12-23__15:14 [0.80,0.75,0.64] 19.8% 57996 note
2018-12-23__15:14 [0.90,0.77,0.65] 17.1% 56920 note
2018-12-23__15:14 [0.91,0.78,0.65] 17.6% 56920 note
2018-12-23__15:14 [0.92,0.78,0.65] 7.0% 55843 note
2018-12-23__15:14 [0.93,0.79,0.66] 2.9% 55843 note
2018-12-23__15:14 [1.01,0.81,0.66] 10.7% 55843 note
2018-12-23__15:14 [0.93,0.79,0.66] 26.6% 56382 note
2018-12-23__15:14 [0.86,0.78,0.66] 1.0% 53692 note
2018-12-23__15:14 [0.72,0.75,0.65] 14.2% 55306 note
2018-12-23__15:15 [0.67,0.74,0.64] 40.0% 55843 note
2018-12-23__15:15 [0.69,0.74,0.65] 30.1% 56382 note
2018-12-23__15:15 [0.64,0.73,0.64] 2.8% 54768 note
2018-12-23__15:15 [0.59,0.72,0.64] 26.9% 55843 note
2018-12-23__15:15 [0.62,0.72,0.64] 18.1% 54768 note
2018-12-23__15:15 [0.57,0.71,0.64] 47.4% 57458 note
2018-12-23__15:15 [0.60,0.72,0.64] 29.0% 56920 note
2018-12-23__15:15 [0.66,0.73,0.64] 31.2% 56382 note
2018-12-23__15:15 [0.61,0.71,0.64] 33.5% 55306 note
2018-12-23__15:15 [0.56,0.70,0.63] 31.7% 56920 note
2018-12-23__15:15 [0.52,0.69,0.63] 28.0% 56920 note
2018-12-23__15:16 [0.47,0.68,0.63] 2.0% 56382 note
2018-12-23__15:16 [0.60,0.70,0.64] 6.8% 54768 note
2018-12-23__15:16 [0.71,0.72,0.64] 76.3% 56920 note
2018-12-23__15:16 [0.90,0.77,0.66] 16.4% 56920 note
2018-12-23__15:16 [0.83,0.75,0.65] 12.4% 56382 note
2018-12-23__15:16 [0.76,0.74,0.65] 19.2% 55843 note
2018-12-23__15:16 [0.70,0.73,0.65] 34.2% 55843 note
2018-12-23__15:16 [0.64,0.71,0.64] 10.6% 56382 note
2018-12-23__15:16 [0.59,0.70,0.64] 20.8% 54768 note
2018-12-23__15:16 [0.55,0.69,0.63] 10.2% 55306 note
2018-12-23__15:17 [0.58,0.70,0.64] 36.8% 57458 note
2018-12-23__15:17 [0.65,0.71,0.64] 10.5% 57996 note
2018-12-23__15:17 [0.59,0.69,0.64] 7.1% 55843 note
2018-12-23__15:17 [0.55,0.68,0.63] 8.6% 55306 note
2018-12-23__15:17 [0.50,0.67,0.63] 46.6% 55843 note
2018-12-23__15:17 [0.62,0.69,0.64] 3.8% 56920 note
2018-12-23__15:17 [0.57,0.68,0.63] 3.3% 54768 note
2018-12-23__15:17 [0.69,0.70,0.64] 5.1% 54768 note
2018-12-23__15:17 [0.58,0.68,0.63] 35.0% 55306 note
2018-12-23__15:17 [0.53,0.67,0.63] 3.7% 54768 note
2018-12-23__15:17 [0.49,0.66,0.63] 40.1% 55843 note
2018-12-23__15:18 [0.53,0.66,0.63] 18.9% 55306 note
2018-12-23__15:18 [0.49,0.65,0.63] 61.6% 56382 note
2018-12-23__15:18 [0.61,0.67,0.63] 6.7% 56920 note
2018-12-23__15:18 [0.56,0.66,0.63] 13.2% 56382 note
2018-12-23__15:18 [0.47,0.64,0.62] 3.7% 54768 note
2018-12-23__15:18 [0.60,0.66,0.63] 40.6% 55843 note
2018-12-23__15:18 [0.63,0.67,0.63] 7.6% 55843 note
2018-12-23__15:18 [0.58,0.66,0.63] 1.9% 54230 note
2018-12-23__15:18 [0.53,0.65,0.63] 3.8% 55306 note
2018-12-23__15:18 [0.57,0.65,0.63] 15.0% 53692 note
2018-12-23__15:19 [0.77,0.69,0.64] 2.9% 56920 note
2018-12-23__15:19 [0.80,0.70,0.65] 26.2% 56920 note
2018-12-23__15:19 [0.74,0.69,0.64] 15.4% 54768 note
2018-12-23__15:19 [0.68,0.68,0.64] 22.4% 55843 note
2018-12-23__15:19 [0.94,0.73,0.66] 7.2% 56920 note
2018-12-23__15:19 [0.87,0.72,0.65] 12.4% 55843 note
2018-12-23__15:19 [0.88,0.73,0.65] 17.7% 54768 note
2018-12-23__15:19 [0.81,0.72,0.65] 14.8% 55306 note
2018-12-23__15:19 [0.74,0.70,0.65] 8.9% 56920 note
2018-12-23__15:19 [0.63,0.68,0.64] 21.4% 56382 note
2018-12-23__15:19 [0.66,0.68,0.64] 5.7% 55843 note
2018-12-23__15:20 [0.69,0.69,0.64] 9.2% 54768 note
2018-12-23__15:20 [0.79,0.71,0.65] 17.6% 57996 note
2018-12-23__15:20 [0.73,0.70,0.65] 16.6% 55843 note
2018-12-23__15:20 [0.67,0.69,0.64] 20.4% 55306 note
2018-12-23__15:20 [0.62,0.68,0.64] 2.9% 55306 note
2018-12-23__15:20 [0.52,0.65,0.63] 5.7% 56920 note
2018-12-23__15:20 [0.48,0.64,0.63] 9.1% 55306 note
2018-12-23__15:20 [0.44,0.63,0.62] 34.3% 56382 note
2018-12-23__15:20 [0.40,0.62,0.62] 5.3% 54768 note
2018-12-23__15:20 [0.53,0.64,0.63] 13.7% 56382 note
2018-12-23__15:21 [0.49,0.63,0.63] 28.3% 56382 note
2018-12-23__15:21 [0.45,0.62,0.62] 21.3% 55843 note
2018-12-23__15:21 [0.41,0.61,0.62] 1.0% 55843 note
2018-12-23__15:21 [0.51,0.62,0.62] 33.1% 57996 note
2018-12-23__15:21 [0.47,0.61,0.62] 1.9% 55843 note
2018-12-23__15:21 [0.59,0.64,0.63] 4.6% 54768 note
2018-12-23__15:21 [0.62,0.64,0.63] 22.5% 54768 note
2018-12-23__15:21 [0.82,0.68,0.64] 36.4% 58533 note
2018-12-23__15:21 [1.07,0.74,0.66] 2.4% 55843 note
2018-12-23__15:21 [1.06,0.74,0.66] 3.8% 53692 note
2018-12-23__15:21 [1.22,0.79,0.68] 34.8% 56920 note
2018-12-23__15:22 [1.20,0.79,0.68] 31.3% 57996 note
2018-12-23__15:22 [1.11,0.78,0.68] 6.1% 55306 note
2018-12-23__15:22 [1.02,0.76,0.67] 20.6% 55843 note
2018-12-23__15:22 [0.94,0.75,0.67] 41.6% 57458 note
2018-12-23__15:22 [0.86,0.74,0.66] 64.8% 57996 note
2018-12-23__15:22 [0.95,0.76,0.67] 11.0% 56382 note
2018-12-23__15:22 [0.81,0.73,0.66] 34.5% 56382 note
2018-12-23__15:22 [0.90,0.75,0.67] 46.2% 56382 note
2018-12-23__15:22 [0.83,0.74,0.67] 39.3% 57996 note
2018-12-23__15:22 [0.76,0.73,0.66] 7.6% 55843 note
2018-12-23__15:22 [0.70,0.72,0.66] 7.5% 55306 note
2018-12-23__15:23 [0.64,0.70,0.65] 28.6% 56382 note
2018-12-23__15:23 [0.91,0.76,0.67] 74.6% 56920 note
2018-12-23__15:23 [1.62,0.92,0.72] 9.6% 55306 note
2018-12-23__15:23 [1.49,0.90,0.72] 9.1% 55306 note
2018-12-23__15:23 [1.45,0.90,0.72] 30.6% 57996 note
2018-12-23__15:23 [1.49,0.92,0.73] 33.8% 56920 note
2018-12-23__15:23 [1.45,0.92,0.73] 13.2% 56382 note
2018-12-23__15:23 [1.42,0.92,0.73] 5.1% 54768 note
2018-12-23__15:23 [1.30,0.91,0.73] 28.9% 57996 note
2018-12-23__15:23 [1.18,0.90,0.73] 31.8% 55843 note
2018-12-23__15:24 [1.08,0.88,0.72] 13.1% 56920 note
2018-12-23__15:24 [1.07,0.88,0.72] 45.6% 56920 note
2018-12-23__15:24 [0.99,0.87,0.72] 33.9% 59072 note
2018-12-23__15:24 [0.91,0.85,0.72] 13.9% 56382 note
2018-12-23__15:24 [1.00,0.87,0.72] 2.9% 56382 note
2018-12-23__15:24 [0.92,0.86,0.72] 14.1% 55843 note
2018-12-23__15:24 [0.84,0.84,0.72] 33.2% 57996 note
2018-12-23__15:24 [0.86,0.85,0.72] 7.6% 56382 note
2018-12-23__15:24 [0.95,0.87,0.73] 4.2% 55843 note
2018-12-23__15:24 [0.87,0.85,0.72] 2.4% 55306 note
2018-12-23__15:24 [0.80,0.84,0.72] 4.3% 57458 note
2018-12-23__15:25 [0.90,0.86,0.73] 12.9% 55843 note
2018-12-23__15:25 [0.91,0.86,0.73] 4.8% 56920 note
2018-12-23__15:25 [0.84,0.85,0.72] 8.9% 56382 note
2018-12-23__15:25 [1.03,0.88,0.74] 20.2% 57996 note
2018-12-23__15:25 [0.94,0.87,0.73] 8.1% 55843 note
2018-12-23__15:25 [0.87,0.85,0.73] 15.4% 57996 note
2018-12-23__15:25 [0.80,0.84,0.72] 35.4% 56920 note
2018-12-23__15:25 [0.73,0.83,0.72] 12.0% 57996 note
2018-12-23__15:25 [0.68,0.81,0.72] 16.7% 56382 note
2018-12-23__15:25 [0.70,0.81,0.72] 15.0% 56920 note
2018-12-23__15:26 [0.81,0.83,0.73] 2.9% 55843 note
2018-12-23__15:26 [0.84,0.84,0.73] 4.3% 55306 note
2018-12-23__15:26 [0.77,0.83,0.72] 1.0% 55843 note
2018-12-23__15:26 [0.71,0.81,0.72] 13.5% 55843 note
2018-12-23__15:26 [0.65,0.80,0.72] 3.3% 54768 note
2018-12-23__15:26 [0.60,0.79,0.71] 6.3% 54768 note
2018-12-23__15:26 [0.55,0.77,0.71] 7.6% 54768 note
2018-12-23__15:26 [0.67,0.79,0.72] 11.2% 55306 note
2018-12-23__15:26 [0.64,0.78,0.71] 2.0% 55843 note
2018-12-23__15:26 [0.83,0.82,0.73] 25.9% 55306 note
2018-12-23__15:26 [0.77,0.81,0.72] 36.0% 54768 note
2018-12-23__15:27 [0.70,0.79,0.72] 3.9% 54768 note
2018-12-23__15:27 [0.65,0.78,0.72] 20.1% 54768 note
2018-12-23__15:27 [0.60,0.77,0.71] 34.8% 56382 note
2018-12-23__15:27 [0.55,0.75,0.71] 32.6% 55843 note
2018-12-23__15:27 [0.74,0.79,0.72] 3.8% 54768 note
2018-12-23__15:27 [0.71,0.78,0.72] 30.3% 54768 note
2018-12-23__15:27 [0.65,0.77,0.71] 18.5% 54230 note
2018-12-23__15:27 [0.60,0.76,0.71] 34.4% 55843 note
2018-12-23__15:27 [0.55,0.74,0.71] 23.5% 55843 note
2018-12-23__15:27 [0.59,0.75,0.71] 6.6% 54230 note
2018-12-23__15:28 [0.54,0.73,0.70] 13.9% 53692 note
2018-12-23__15:28 [0.50,0.72,0.70] 39.3% 54768 note
2018-12-23__15:28 [0.49,0.71,0.70] 8.4% 55843 note
2018-12-23__15:28 [0.45,0.70,0.69] 8.1% 55306 note
2018-12-23__15:28 [0.42,0.69,0.69] 15.0% 54230 note
2018-12-23__15:28 [0.38,0.68,0.69] 41.4% 55843 note
2018-12-23__15:28 [0.35,0.67,0.68] 5.3% 56382 note
2018-12-23__15:28 [0.32,0.66,0.68] 20.0% 54768 note
2018-12-23__15:28 [0.30,0.64,0.68] 3.0% 54768 note
2018-12-23__15:28 [0.41,0.66,0.68] 55.7% 55843 note
2018-12-23__15:28 [0.38,0.65,0.67] 6.9% 54768 note
2018-12-23__15:29 [0.35,0.64,0.67] 8.6% 53692 note
2018-12-23__15:29 [0.48,0.66,0.68] 8.9% 53692 note
2018-12-23__15:29 [0.52,0.66,0.68] 36.7% 55843 note
2018-12-23__15:29 [0.64,0.69,0.69] 29.5% 56920 note
2018-12-23__15:29 [0.59,0.67,0.68] 10.6% 54768 note
2018-12-23__15:29 [0.62,0.68,0.69] 19.2% 53692 note
2018-12-23__15:29 [0.53,0.66,0.68] 39.3% 56382 note
2018-12-23__15:29 [0.56,0.66,0.68] 1.0% 54768 note
2018-12-23__15:29 [0.52,0.65,0.68] 3.3% 53692 note
2018-12-23__15:29 [0.48,0.64,0.67] 17.8% 54230 note
2018-12-23__15:30 [0.60,0.66,0.68] 55.9% 56920 note
2018-12-23__15:30 [0.63,0.67,0.68] 1.5% 55306 note
2018-12-23__15:30 [0.58,0.66,0.68] 2.4% 52615 note
2018-12-23__15:30 [0.73,0.69,0.69] 49.3% 56382 note
2018-12-23__15:30 [0.67,0.67,0.68] 34.5% 56382 note
2018-12-23__15:30 [0.62,0.66,0.68] 9.1% 53692 note
2018-12-23__15:30 [0.57,0.65,0.67] 2.4% 53692 note
2018-12-23__15:30 [0.52,0.64,0.67] 3.3% 53692 note
2018-12-23__15:30 [0.64,0.66,0.68] 31.7% 55306 note
2018-12-23__15:30 [0.75,0.69,0.68] 8.0% 53692 note
2018-12-23__15:30 [0.63,0.66,0.68] 21.4% 54768 note
2018-12-23__15:31 [0.58,0.65,0.67] 1.5% 53692 note
2018-12-23__15:31 [0.54,0.64,0.67] 31.2% 56382 note
2018-12-23__15:31 [0.49,0.63,0.67] 17.0% 54230 note
2018-12-23__15:31 [0.45,0.62,0.66] 29.0% 55843 note
2018-12-23__15:31 [0.42,0.61,0.66] 2.9% 53692 note
2018-12-23__15:31 [0.46,0.62,0.66] 27.3% 56920 note
2018-12-23__15:31 [0.51,0.62,0.66] 2.4% 53692 note
2018-12-23__15:31 [0.51,0.62,0.66] 2.8% 54768 note
2018-12-23__15:31 [0.47,0.61,0.66] 13.5% 53692 note
2018-12-23__15:31 [0.51,0.61,0.66] 19.1% 56382 note
2018-12-23__15:32 [0.47,0.60,0.65] 3.3% 53692 note
2018-12-23__15:32 [0.91,0.69,0.68] 12.0% 53692 note
2018-12-23__15:32 [0.84,0.68,0.68] 10.1% 53692 note
2018-12-23__15:32 [0.77,0.67,0.67] 40.2% 56382 note
2018-12-23__15:32 [0.81,0.68,0.68] 15.1% 55843 note
2018-12-23__15:32 [0.74,0.67,0.67] 3.2% 53692 note
2018-12-23__15:32 [0.76,0.68,0.68] 1.0% 53692 note
2018-12-23__15:32 [0.78,0.68,0.68] 51.4% 54768 note
2018-12-23__15:32 [0.72,0.67,0.67] 6.2% 55306 note
2018-12-23__15:32 [0.66,0.66,0.67] 8.2% 53692 note
2018-12-23__15:32 [0.61,0.65,0.67] 6.7% 53692 note
2018-12-23__15:33 [0.60,0.64,0.66] 48.6% 56382 note
2018-12-23__15:33 [0.55,0.63,0.66] 6.6% 54768 note
2018-12-23__15:33 [0.50,0.62,0.66] 13.7% 53692 note
2018-12-23__15:33 [0.46,0.61,0.65] 10.0% 52615 note
2018-12-23__15:33 [0.43,0.60,0.65] 32.9% 56920 note
2018-12-23__15:33 [0.39,0.59,0.65] 3.9% 54230 note
2018-12-23__15:33 [0.44,0.60,0.65] 18.7% 54768 note
2018-12-23__15:33 [0.61,0.63,0.66] 20.6% 54230 note
2018-12-23__15:33 [0.72,0.65,0.66] 39.8% 56920 note
2018-12-23__15:33 [0.67,0.64,0.66] 13.4% 53692 note
2018-12-23__15:34 [0.61,0.63,0.66] 20.1% 53692 note
2018-12-23__15:34 [0.56,0.62,0.65] 5.2% 53692 note
2018-12-23__15:34 [0.52,0.61,0.65] 9.7% 56382 note
2018-12-23__15:34 [0.48,0.60,0.64] 2.4% 53692 note
2018-12-23__15:34 [0.60,0.62,0.65] 7.3% 55306 note
2018-12-23__15:34 [0.58,0.62,0.65] 12.4% 52615 note
2018-12-23__15:34 [0.61,0.62,0.65] 5.2% 55843 note
2018-12-23__15:34 [0.56,0.61,0.65] 1.5% 54230 note
2018-12-23__15:34 [0.52,0.60,0.64] 2.4% 53692 note
2018-12-23__15:34 [0.48,0.59,0.64] 42.0% 54230 note
2018-12-23__15:34 [0.44,0.58,0.64] 4.9% 54768 note
2018-12-23__15:35 [0.40,0.57,0.63] 2.4% 53692 note
2018-12-23__15:35 [0.34,0.55,0.63] 3.3% 53692 note
2018-12-23__15:35 [0.39,0.56,0.63] 2.8% 54230 note
2018-12-23__15:35 [0.44,0.57,0.63] 8.5% 54768 note
2018-12-23__15:35 [0.41,0.56,0.63] 10.8% 55306 note
2018-12-23__15:35 [0.37,0.55,0.62] 3.8% 53154 note
2018-12-23__15:35 [0.34,0.54,0.62] 8.8% 54230 note
2018-12-23__15:35 [0.40,0.55,0.62] 26.6% 54230 note
2018-12-23__15:35 [0.42,0.54,0.62] 11.6% 54768 note
2018-12-23__15:35 [0.38,0.54,0.62] 21.6% 54768 note
2018-12-23__15:36 [0.35,0.53,0.61] 5.1% 53154 note
2018-12-23__15:36 [0.40,0.53,0.62] 10.7% 53692 note
2018-12-23__15:36 [0.37,0.53,0.61] 3.3% 53692 note
2018-12-23__15:36 [0.42,0.53,0.62] 13.5% 54768 note
2018-12-23__15:36 [0.39,0.52,0.61] 1.5% 53692 note
2018-12-23__15:36 [0.44,0.53,0.62] 11.1% 54768 note
2018-12-23__15:36 [0.37,0.51,0.61] 15.5% 53692 note
2018-12-23__15:36 [0.34,0.51,0.60] 9.1% 53692 note
2018-12-23__15:36 [0.31,0.50,0.60] 2.9% 53692 note
2018-12-23__15:36 [0.61,0.56,0.62] 6.7% 53692 note
2018-12-23__15:36 [0.56,0.55,0.62] 1.9% 52615 note
2018-12-23__15:37 [0.59,0.55,0.62] 2.8% 52615 note
2018-12-23__15:37 [0.55,0.54,0.62] 23.2% 53154 note
2018-12-23__15:37 [0.54,0.54,0.61] 15.0% 54768 note
2018-12-23__15:37 [0.57,0.55,0.62] 13.0% 55306 note
2018-12-23__15:37 [0.53,0.54,0.61] 40.5% 54768 note
2018-12-23__15:37 [0.48,0.53,0.61] 16.4% 54230 note
2018-12-23__15:37 [0.53,0.54,0.61] 10.0% 54768 note
2018-12-23__15:37 [0.48,0.53,0.61] 2.9% 54230 note
2018-12-23__15:37 [0.44,0.52,0.61] 2.4% 53154 note
2018-12-23__15:37 [0.38,0.50,0.60] 3.8% 52615 note
2018-12-23__15:37 [0.35,0.50,0.60] 15.4% 54230 note
2018-12-23__15:38 [0.32,0.49,0.59] 27.1% 53692 note
2018-12-23__15:38 [0.29,0.48,0.59] 2.4% 53692 note
2018-12-23__15:38 [0.27,0.47,0.59] 2.4% 52078 note
2018-12-23__15:38 [0.33,0.48,0.59] 38.6% 55843 note
2018-12-23__15:38 [0.30,0.47,0.58] 9.1% 55306 note
2018-12-23__15:38 [0.25,0.45,0.58] 4.0% 53692 note
2018-12-23__15:38 [0.31,0.46,0.58] 12.6% 54230 note
2018-12-23__15:38 [0.37,0.47,0.58] 16.3% 54768 note
2018-12-23__15:38 [0.34,0.47,0.58] 22.9% 54768 note
2018-12-23__15:38 [0.31,0.46,0.58] 15.6% 53692 note
2018-12-23__15:39 [0.45,0.48,0.58] 7.6% 53692 note
2018-12-23__15:39 [0.49,0.49,0.59] 9.1% 55306 note
2018-12-23__15:39 [0.45,0.48,0.58] 17.7% 54230 note
2018-12-23__15:39 [0.38,0.47,0.58] 8.0% 53154 note
2018-12-23__15:39 [0.35,0.46,0.57] 24.0% 53692 note
2018-12-23__15:39 [0.32,0.45,0.57] 8.7% 55306 note
2018-12-23__15:39 [0.30,0.44,0.57] 6.2% 53692 note
2018-12-23__15:39 [0.27,0.44,0.56] 9.1% 53692 note
2018-12-23__15:39 [0.25,0.43,0.56] 36.8% 55306 note
2018-12-23__15:39 [0.31,0.44,0.56] 16.8% 54768 note
2018-12-23__15:39 [0.34,0.44,0.56] 1.5% 53692 note
2018-12-23__15:40 [0.32,0.43,0.56] 1.5% 52615 note
2018-12-23__15:40 [0.37,0.44,0.56] 38.8% 54768 note
2018-12-23__15:40 [0.66,0.50,0.58] 5.4% 54230 note
2018-12-23__15:40 [0.61,0.49,0.57] 7.8% 54768 note
2018-12-23__15:40 [0.56,0.49,0.57] 2.0% 53154 note
2018-12-23__15:40 [0.60,0.49,0.57] 32.6% 55843 note
2018-12-23__15:40 [0.63,0.50,0.58] 3.8% 53692 note
2018-12-23__15:40 [0.53,0.49,0.57] 3.8% 53692 note
2018-12-23__15:40 [0.49,0.48,0.57] 35.2% 54230 note
2018-12-23__15:40 [0.45,0.47,0.56] 30.2% 53692 note
2018-12-23__15:41 [0.41,0.46,0.56] 27.6% 54768 note
2018-12-23__15:41 [0.38,0.45,0.56] 17.7% 54230 note
2018-12-23__15:41 [0.35,0.45,0.55] 4.2% 53692 note
2018-12-23__15:41 [0.40,0.45,0.55] 38.0% 54768 note
2018-12-23__15:41 [0.41,0.46,0.55] 2.9% 54230 note
2018-12-23__15:41 [0.38,0.45,0.55] 11.5% 54768 note
2018-12-23__15:41 [0.51,0.47,0.56] 30.1% 54768 note
2018-12-23__15:41 [0.47,0.47,0.55] 50.3% 55306 note
2018-12-23__15:41 [0.43,0.46,0.55] 12.5% 54230 note
2018-12-23__15:41 [0.40,0.45,0.55] 3.8% 53692 note
2018-12-23__15:41 [0.44,0.46,0.55] 8.4% 53692 note
2018-12-23__15:42 [0.54,0.48,0.55] 30.0% 55843 note
2018-12-23__15:42 [0.49,0.47,0.55] 2.9% 53154 note
2018-12-23__15:42 [0.53,0.48,0.55] 7.4% 55306 note
2018-12-23__15:42 [0.49,0.47,0.55] 2.9% 53692 note
2018-12-23__15:42 [0.45,0.46,0.55] 30.8% 54768 note
2018-12-23__15:42 [0.41,0.45,0.54] 5.1% 54230 note
2018-12-23__15:42 [0.38,0.45,0.54] 8.5% 54768 note
2018-12-23__15:42 [0.35,0.44,0.54] 2.5% 53692 note
2018-12-23__15:42 [0.38,0.44,0.54] 41.0% 54768 note
2018-12-23__15:42 [0.35,0.43,0.53] 2.4% 53692 note
2018-12-23__15:43 [0.32,0.43,0.53] 2.9% 53692 note
2018-12-23__15:43 [0.29,0.42,0.53] 2.8% 52615 note
2018-12-23__15:43 [0.59,0.48,0.55] 37.9% 54768 note
2018-12-23__15:43 [0.54,0.47,0.54] 28.3% 54230 note
2018-12-23__15:43 [0.58,0.48,0.55] 2.9% 53692 note
2018-12-23__15:43 [0.49,0.46,0.54] 14.3% 53692 note
2018-12-23__15:43 [0.53,0.47,0.54] 38.5% 55843 note
2018-12-23__15:43 [0.57,0.48,0.55] 3.3% 54768 note
2018-12-23__15:43 [0.52,0.47,0.54] 8.3% 53154 note
2018-12-23__15:43 [0.48,0.46,0.54] 2.9% 52615 note
2018-12-23__15:43 [0.52,0.47,0.54] 30.9% 55843 note
2018-12-23__15:44 [0.48,0.47,0.54] 12.5% 54768 note
2018-12-23__15:44 [0.41,0.45,0.53] 11.6% 54230 note
2018-12-23__15:44 [0.37,0.44,0.53] 2.9% 53154 note
2018-12-23__15:44 [0.42,0.45,0.53] 29.2% 56382 note
2018-12-23__15:44 [0.39,0.44,0.53] 12.7% 54768 note
2018-12-23__15:44 [0.36,0.44,0.53] 26.3% 54768 note
2018-12-23__15:44 [0.33,0.43,0.53] 12.7% 53692 note
2018-12-23__15:44 [0.30,0.42,0.52] 35.5% 56920 note
2018-12-23__15:44 [0.52,0.46,0.54] 20.0% 54768 note
2018-12-23__15:44 [0.88,0.55,0.56] 8.0% 53692 note
2018-12-23__15:45 [0.89,0.55,0.56] 7.0% 53154 note
2018-12-23__15:45 [1.14,0.61,0.58] 6.4% 55843 note
2018-12-23__15:45 [1.29,0.65,0.60] 15.0% 54230 note
2018-12-23__15:45 [1.19,0.64,0.59] 11.7% 53692 note
2018-12-23__15:45 [1.65,0.75,0.63] 11.8% 53692 note
2018-12-23__15:45 [1.52,0.73,0.62] 4.9% 56382 note
2018-12-23__15:45 [1.64,0.77,0.64] 20.1% 54768 note
2018-12-23__15:45 [1.39,0.75,0.63] 9.3% 54230 note
2018-12-23__15:45 [1.27,0.73,0.63] 9.8% 54230 note
2018-12-23__15:45 [1.25,0.74,0.63] 1.9% 54768 note
2018-12-23__15:45 [1.15,0.73,0.63] 2.4% 53692 note
2018-12-23__15:46 [1.06,0.71,0.62] 28.6% 54768 note
2018-12-23__15:46 [1.05,0.72,0.62] 8.6% 54768 note
2018-12-23__15:46 [0.97,0.71,0.62] 12.0% 54768 note
2018-12-23__15:46 [0.82,0.68,0.61] 5.6% 53692 note
2018-12-23__15:46 [0.75,0.67,0.61] 13.4% 54230 note
2018-12-23__15:46 [1.73,0.88,0.68] 6.1% 55843 note
2018-12-23__15:46 [1.76,0.89,0.69] 2.4% 55843 note
2018-12-23__15:46 [1.62,0.88,0.68] 4.6% 54230 note
2018-12-23__15:46 [1.49,0.87,0.68] 9.4% 53692 note
2018-12-23__15:46 [1.37,0.85,0.67] 2.4% 53154 note
2018-12-23__15:47 [1.16,0.82,0.67] 10.2% 54768 note
2018-12-23__15:47 [1.14,0.83,0.67] 30.6% 55843 note
2018-12-23__15:47 [1.05,0.81,0.66] 36.2% 54768 note
2018-12-23__15:47 [0.97,0.80,0.66] 3.3% 53692 note
2018-12-23__15:47 [1.05,0.82,0.67] 13.4% 54768 note
2018-12-23__15:47 [0.97,0.80,0.66] 2.4% 54230 note
2018-12-23__15:47 [0.89,0.79,0.66] 9.1% 55843 note
2018-12-23__15:47 [0.75,0.76,0.65] 6.6% 53692 note
2018-12-23__15:47 [0.69,0.75,0.65] 37.5% 55843 note
2018-12-23__15:47 [0.63,0.74,0.64] 2.9% 53692 note
2018-12-23__15:47 [0.66,0.74,0.65] 28.6% 54230 note
2018-12-23__15:48 [0.61,0.73,0.64] 12.3% 53692 note
2018-12-23__15:48 [0.64,0.74,0.64] 15.0% 55843 note
2018-12-23__15:48 [0.59,0.72,0.64] 34.9% 54768 note
2018-12-23__15:48 [0.54,0.71,0.64] 39.3% 54230 note
2018-12-23__15:48 [0.53,0.70,0.63] 12.8% 53692 note
2018-12-23__15:48 [0.49,0.69,0.63] 17.9% 56382 note
2018-12-23__15:48 [0.69,0.73,0.64] 57.2% 56920 note
2018-12-23__15:48 [0.64,0.72,0.64] 8.4% 55306 note
2018-12-23__15:48 [0.66,0.72,0.64] 6.4% 54768 note
2018-12-23__15:48 [0.69,0.73,0.64] 38.1% 56382 note
2018-12-23__15:48 [0.64,0.72,0.64] 24.5% 56382 note
2018-12-23__15:49 [0.77,0.74,0.65] 21.8% 54768 note
2018-12-23__15:49 [0.79,0.75,0.65] 22.6% 55843 note
2018-12-23__15:49 [1.05,0.80,0.67] 5.7% 55843 note
2018-12-23__15:49 [1.04,0.80,0.67] 8.7% 54768 note
2018-12-23__15:49 [0.96,0.79,0.67] 33.2% 55843 note
2018-12-23__15:49 [0.88,0.78,0.66] 30.0% 55843 note
2018-12-23__15:49 [0.89,0.78,0.67] 4.6% 54768 note
2018-12-23__15:49 [0.90,0.78,0.67] 10.9% 54768 note
2018-12-23__15:49 [0.76,0.76,0.66] 23.7% 54768 note
2018-12-23__15:49 [0.70,0.75,0.66] 29.5% 55306 note
2018-12-23__15:50 [0.73,0.75,0.66] 34.0% 56382 note
2018-12-23__15:50 [0.67,0.74,0.65] 16.3% 55306 note
2018-12-23__15:50 [0.61,0.72,0.65] 10.2% 54768 note
2018-12-23__15:50 [0.64,0.73,0.65] 33.2% 55843 note
2018-12-23__15:50 [0.67,0.73,0.65] 8.3% 54768 note
2018-12-23__15:50 [0.57,0.71,0.65] 11.8% 54768 note
2018-12-23__15:50 [0.52,0.70,0.64] 13.0% 54230 note
2018-12-23__15:50 [0.48,0.69,0.64] 43.7% 55843 note
2018-12-23__15:50 [0.44,0.67,0.63] 21.0% 55843 note
2018-12-23__15:50 [0.49,0.68,0.64] 17.0% 55306 note
2018-12-23__15:50 [0.45,0.67,0.63] 5.3% 54230 note
2018-12-23__15:51 [0.49,0.67,0.64] 75.5% 56920 note
2018-12-23__15:51 [1.23,0.83,0.69] 26.9% 56382 note
2018-12-23__15:51 [1.13,0.82,0.68] 21.0% 55843 note
2018-12-23__15:51 [1.04,0.80,0.68] 11.2% 55843 note
2018-12-23__15:51 [1.20,0.84,0.69] 35.3% 57996 note
2018-12-23__15:51 [1.10,0.83,0.69] 8.7% 56920 note
2018-12-23__15:51 [1.09,0.83,0.69] 7.3% 55843 note
2018-12-23__15:51 [1.48,0.92,0.72] 23.6% 55306 note
2018-12-23__15:51 [1.69,0.97,0.74] 31.6% 58533 note
2018-12-23__15:51 [1.65,0.98,0.75] 2.4% 55843 note
2018-12-23__15:52 [1.60,0.99,0.75] 1.5% 54230 note
2018-12-23__15:52 [1.55,0.99,0.75] 2.9% 53692 note
2018-12-23__15:52 [1.43,0.97,0.74] 42.6% 57458 note
2018-12-23__15:52 [1.31,0.95,0.74] 2.9% 55306 note
2018-12-23__15:52 [1.21,0.94,0.74] 12.4% 54230 note
2018-12-23__15:52 [1.19,0.94,0.74] 33.1% 55843 note
2018-12-23__15:52 [1.40,0.99,0.76] 40.2% 57996 note
2018-12-23__15:52 [1.28,0.97,0.75] 25.3% 56920 note
2018-12-23__15:52 [1.18,0.96,0.75] 1.5% 54768 note
2018-12-23__15:52 [1.09,0.94,0.74] 27.9% 56382 note
2018-12-23__15:52 [1.08,0.94,0.74] 35.8% 57996 note
2018-12-23__15:53 [0.99,0.93,0.74] 4.2% 54230 note
2018-12-23__15:53 [0.91,0.91,0.74] 26.4% 54768 note
2018-12-23__15:53 [1.01,0.93,0.74] 2.9% 54768 note
2018-12-23__15:53 [1.17,0.97,0.76] 29.2% 56920 note
2018-12-23__15:53 [1.07,0.95,0.75] 3.3% 54230 note
2018-12-23__15:53 [0.99,0.93,0.75] 7.5% 54768 note
2018-12-23__15:53 [0.99,0.93,0.75] 10.0% 54768 note
2018-12-23__15:53 [0.91,0.92,0.74] 5.3% 57996 note
2018-12-23__15:53 [0.92,0.92,0.75] 4.7% 55306 note
2018-12-23__15:53 [1.15,0.97,0.77] 27.6% 56382 note
2018-12-23__15:54 [1.14,0.97,0.77] 4.8% 54768 note
2018-12-23__15:54 [1.13,0.97,0.77] 7.8% 55843 note
2018-12-23__15:54 [1.04,0.96,0.76] 4.2% 54768 note
2018-12-23__15:54 [1.03,0.96,0.77] 20.0% 55843 note
2018-12-23__15:54 [0.95,0.94,0.76] 2.0% 54768 note
2018-12-23__15:54 [0.87,0.93,0.76] 5.8% 55843 note
2018-12-23__15:54 [0.88,0.93,0.76] 47.2% 56920 note
2018-12-23__15:54 [0.97,0.95,0.77] 6.1% 56382 note
2018-12-23__15:54 [1.21,1.00,0.78] 7.5% 55843 note
2018-12-23__15:54 [1.36,1.03,0.80] 7.5% 56920 note
2018-12-23__15:54 [1.33,1.03,0.80] 8.9% 54230 note
2018-12-23__15:55 [1.22,1.01,0.79] 7.1% 54230 note
2018-12-23__15:55 [1.12,0.99,0.79] 22.1% 55306 note
2018-12-23__15:55 [1.03,0.98,0.78] 14.7% 56920 note
2018-12-23__15:55 [1.03,0.98,0.79] 15.5% 56382 note
2018-12-23__15:55 [0.95,0.96,0.78] 6.4% 53692 note
2018-12-23__15:55 [0.95,0.96,0.78] 8.7% 54768 note
2018-12-23__15:55 [1.36,1.05,0.81] 26.2% 56920 note
2018-12-23__15:55 [1.33,1.05,0.81] 33.2% 56920 note
2018-12-23__15:55 [1.22,1.03,0.81] 10.1% 54230 note
2018-12-23__15:55 [1.21,1.03,0.81] 24.3% 54768 note
2018-12-23__15:56 [1.10,1.01,0.81] 15.1% 56382 note
2018-12-23__15:56 [1.09,1.01,0.81] 30.7% 54768 note
2018-12-23__15:56 [1.00,0.99,0.80] 11.2% 54768 note
2018-12-23__15:56 [1.00,0.99,0.81] 6.7% 53692 note
2018-12-23__15:56 [0.92,0.98,0.80] 34.3% 56382 note
2018-12-23__15:56 [0.85,0.96,0.80] 12.1% 54768 note
2018-12-23__15:56 [0.78,0.94,0.79] 13.5% 54768 note
2018-12-23__15:56 [0.72,0.93,0.79] 4.8% 54230 note
2018-12-23__15:56 [0.85,0.95,0.80] 13.9% 57996 note
2018-12-23__15:56 [0.86,0.95,0.80] 1.9% 54768 note
2018-12-23__15:56 [0.79,0.93,0.79] 23.5% 54768 note
2018-12-23__15:57 [0.73,0.92,0.79] 23.6% 54230 note
2018-12-23__15:57 [0.67,0.90,0.78] 6.7% 56920 note
2018-12-23__15:57 [0.86,0.94,0.80] 5.0% 53692 note
2018-12-23__15:57 [0.79,0.92,0.79] 2.9% 54768 note
2018-12-23__15:57 [0.66,0.89,0.78] 2.9% 52615 note
2018-12-23__15:57 [1.17,0.99,0.82] 30.8% 55843 note
2018-12-23__15:57 [1.08,0.97,0.81] 10.0% 55843 note
2018-12-23__15:57 [1.15,0.99,0.82] 2.4% 54768 note
2018-12-23__15:57 [1.06,0.97,0.81] 21.0% 55306 note
2018-12-23__15:57 [0.97,0.96,0.81] 5.7% 57458 note
2018-12-23__15:58 [0.98,0.96,0.81] 24.0% 56382 note
2018-12-23__15:58 [0.90,0.94,0.81] 1.0% 54768 note
2018-12-23__15:58 [0.99,0.96,0.82] 19.0% 55843 note
2018-12-23__15:58 [1.15,1.00,0.83] 7.7% 56920 note
2018-12-23__15:58 [1.14,1.00,0.83] 5.1% 55306 note
2018-12-23__15:58 [1.45,1.06,0.85] 4.6% 53692 note
2018-12-23__15:58 [1.33,1.05,0.85] 22.6% 55843 note
2018-12-23__15:58 [1.22,1.03,0.84] 38.3% 56920 note
2018-12-23__15:58 [1.13,1.01,0.84] 7.7% 54768 note
2018-12-23__15:58 [0.95,0.98,0.83] 27.5% 55306 note
2018-12-23__15:58 [0.88,0.96,0.82] 3.4% 55843 note
2018-12-23__15:59 [0.97,0.98,0.83] 32.6% 57996 note
2018-12-23__15:59 [1.21,1.03,0.85] 4.2% 54230 note
2018-12-23__15:59 [1.11,1.01,0.84] 28.9% 55306 note
2018-12-23__15:59 [1.02,0.99,0.84] 9.7% 53692 note
2018-12-23__15:59 [1.02,0.99,0.84] 22.6% 56920 note
2018-12-23__15:59 [0.86,0.96,0.83] 12.5% 54230 note
2018-12-23__15:59 [0.87,0.96,0.83] 30.7% 56382 note
2018-12-23__15:59 [0.80,0.95,0.82] 5.4% 54768 note
2018-12-23__15:59 [0.82,0.95,0.82] 54.5% 57996 note
2018-12-23__15:59 [0.75,0.93,0.82] 42.5% 55843 note
2018-12-23__16:00 [0.69,0.92,0.81] 56.2% 55843 note
2018-12-23__16:00 [0.72,0.92,0.82] 23.6% 56382 note
2018-12-23__16:00 [0.76,0.92,0.82] 41.8% 59610 note
2018-12-23__16:00 [1.66,1.10,0.88] 31.9% 59072 note
2018-12-23__16:00 [1.53,1.09,0.87] 2.9% 56382 note
2018-12-23__16:00 [1.41,1.07,0.87] 6.1% 55843 note
2018-12-23__16:00 [1.45,1.08,0.87] 15.3% 58533 note
2018-12-23__16:00 [1.34,1.06,0.87] 29.9% 56920 note
2018-12-23__16:00 [1.31,1.06,0.87] 30.4% 56920 note
2018-12-23__16:00 [1.37,1.08,0.88] 20.2% 57458 note
2018-12-23__16:00 [1.63,1.14,0.90] 10.1% 57996 note
2018-12-23__16:01 [1.50,1.12,0.90] 3.4% 56920 note
2018-12-23__16:01 [1.38,1.10,0.89] 2.4% 55843 note
2018-12-23__16:01 [1.27,1.09,0.89] 17.4% 55843 note
2018-12-23__16:01 [1.33,1.10,0.89] 28.7% 56382 note
2018-12-23__16:01 [1.22,1.08,0.89] 12.1% 56382 note
2018-12-23__16:01 [1.20,1.08,0.89] 8.5% 55306 note
2018-12-23__16:01 [1.02,1.05,0.88] 29.7% 56382 note
2018-12-23__16:01 [1.02,1.04,0.88] 16.5% 57996 note
2018-12-23__16:01 [0.93,1.03,0.87] 5.4% 56382 note
2018-12-23__16:01 [0.94,1.03,0.88] 8.8% 55843 note
2018-12-23__16:01 [0.86,1.01,0.87] 8.4% 55843 note
2018-12-23__16:02 [0.79,0.99,0.87] 13.2% 57996 note
2018-12-23__16:02 [0.81,0.99,0.87] 10.4% 55843 note
2018-12-23__16:02 [0.76,0.98,0.86] 16.9% 56920 note
2018-12-23__16:02 [0.70,0.96,0.86] 13.9% 56382 note
2018-12-23__16:02 [0.88,0.99,0.87] 34.5% 59072 note
2018-12-23__16:02 [0.89,1.00,0.87] 28.2% 56920 note
2018-12-23__16:02 [0.82,0.98,0.87] 14.3% 56920 note
2018-12-23__16:02 [0.76,0.96,0.86] 3.4% 55843 note
2018-12-23__16:02 [0.69,0.95,0.86] 5.2% 58533 note
2018-12-23__16:02 [0.83,0.96,0.86] 2.0% 57996 note
2018-12-23__16:03 [0.76,0.95,0.86] 7.1% 56382 note
2018-12-23__16:03 [0.70,0.93,0.85] 2.0% 55843 note
2018-12-23__16:03 [0.81,0.95,0.86] 6.5% 56920 note
2018-12-23__16:03 [0.74,0.93,0.85] 31.5% 57996 note
2018-12-23__16:03 [0.76,0.94,0.86] 10.8% 56920 note
2018-12-23__16:03 [0.78,0.94,0.86] 10.4% 56920 note
2018-12-23__16:03 [0.80,0.94,0.86] 11.3% 57458 note
2018-12-23__16:03 [0.68,0.91,0.85] 35.2% 56382 note
2018-12-23__16:03 [0.62,0.89,0.84] 3.9% 55843 note
2018-12-23__16:03 [0.65,0.89,0.84] 41.5% 57996 note
2018-12-23__16:03 [0.76,0.91,0.85] 10.9% 57996 note
2018-12-23__16:04 [0.70,0.90,0.85] 8.3% 56382 note
2018-12-23__16:04 [0.96,0.95,0.86] 24.5% 56382 note
2018-12-23__16:04 [0.97,0.95,0.86] 5.3% 55843 note
2018-12-23__16:04 [0.82,0.92,0.85] 6.7% 56382 note
2018-12-23__16:04 [0.75,0.90,0.85] 11.3% 54768 note
2018-12-23__16:04 [0.85,0.92,0.86] 14.8% 54768 note
2018-12-23__16:04 [0.94,0.94,0.86] 13.4% 55843 note
2018-12-23__16:04 [1.11,0.97,0.87] 1.9% 55306 note
2018-12-23__16:04 [1.02,0.96,0.87] 14.7% 54768 note
2018-12-23__16:04 [0.94,0.94,0.86] 17.0% 56920 note
2018-12-23__16:05 [0.87,0.93,0.86] 27.0% 55306 note
2018-12-23__16:05 [0.80,0.91,0.85] 11.7% 55843 note
2018-12-23__16:05 [0.97,0.95,0.87] 5.8% 55843 note
2018-12-23__16:05 [0.90,0.93,0.86] 2.4% 54768 note
2018-12-23__16:05 [0.91,0.93,0.86] 14.1% 53692 note
2018-12-23__16:05 [0.91,0.93,0.86] 7.7% 54768 note
2018-12-23__16:05 [0.84,0.92,0.86] 19.3% 55843 note
2018-12-23__16:05 [0.85,0.92,0.86] 7.5% 55843 note
2018-12-23__16:05 [0.80,0.90,0.86] 33.5% 55306 note
2018-12-23__16:05 [0.73,0.89,0.85] 11.4% 55843 note
2018-12-23__16:05 [0.67,0.87,0.85] 13.6% 55843 note
2018-12-23__16:06 [0.62,0.86,0.84] 7.8% 54230 note
2018-12-23__16:06 [0.65,0.86,0.84] 33.7% 55843 note
2018-12-23__16:06 [0.68,0.86,0.84] 28.4% 55843 note
2018-12-23__16:06 [0.62,0.85,0.84] 8.2% 55843 note
2018-12-23__16:06 [0.61,0.84,0.83] 4.8% 54768 note
2018-12-23__16:06 [0.56,0.82,0.83] 33.2% 55843 note
2018-12-23__16:06 [0.51,0.81,0.82] 27.1% 55843 note
2018-12-23__16:06 [0.47,0.80,0.82] 25.2% 55843 note
2018-12-23__16:06 [0.43,0.78,0.81] 10.7% 53692 note
2018-12-23__16:06 [0.40,0.77,0.81] 54.1% 56920 note
2018-12-23__16:07 [0.77,0.84,0.83] 10.3% 55843 note
2018-12-23__16:07 [0.71,0.83,0.83] 12.8% 55306 note
2018-12-23__16:07 [0.60,0.80,0.82] 15.9% 54768 note
2018-12-23__16:07 [0.63,0.80,0.82] 52.6% 56920 note
2018-12-23__16:07 [0.58,0.79,0.81] 8.3% 55843 note
2018-12-23__16:07 [0.53,0.77,0.81] 8.7% 54768 note
2018-12-23__16:07 [0.57,0.78,0.81] 28.3% 54768 note
2018-12-23__16:07 [0.52,0.77,0.81] 47.1% 57458 note
2018-12-23__16:07 [0.56,0.77,0.81] 17.0% 54768 note
2018-12-23__16:07 [0.56,0.76,0.81] 13.5% 54230 note
2018-12-23__16:07 [0.83,0.81,0.82] 2.9% 55306 note
2018-12-23__16:08 [0.93,0.83,0.83] 30.5% 57458 note
2018-12-23__16:08 [0.85,0.82,0.83] 9.9% 54768 note
2018-12-23__16:08 [0.94,0.84,0.83] 9.4% 53692 note
2018-12-23__16:08 [1.11,0.88,0.84] 16.6% 54768 note
2018-12-23__16:08 [1.02,0.86,0.84] 10.0% 56382 note
2018-12-23__16:08 [1.02,0.86,0.84] 17.3% 54230 note
2018-12-23__16:08 [0.86,0.84,0.83] 33.5% 55843 note
2018-12-23__16:08 [1.03,0.87,0.84] 2.4% 54768 note
2018-12-23__16:08 [1.11,0.89,0.85] 5.1% 55843 note
2018-12-23__16:08 [1.02,0.88,0.84] 4.1% 53692 note
2018-12-23__16:09 [1.10,0.89,0.85] 6.1% 54768 note
2018-12-23__16:09 [1.01,0.88,0.84] 4.2% 54768 note
2018-12-23__16:09 [1.01,0.88,0.85] 5.8% 55306 note
2018-12-23__16:09 [0.85,0.85,0.84] 33.2% 55843 note
2018-12-23__16:09 [0.95,0.87,0.84] 9.6% 54768 note
2018-12-23__16:09 [1.11,0.91,0.85] 18.9% 54768 note
2018-12-23__16:09 [1.18,0.93,0.86] 6.0% 55306 note
2018-12-23__16:09 [1.09,0.91,0.85] 5.0% 54230 note
2018-12-23__16:09 [1.00,0.90,0.85] 9.0% 53692 note
2018-12-23__16:09 [0.92,0.88,0.85] 8.7% 53154 note
2018-12-23__16:09 [0.78,0.85,0.84] 27.2% 54768 note
2018-12-23__16:10 [0.72,0.84,0.83] 7.9% 55306 note
2018-12-23__16:10 [0.66,0.82,0.83] 24.6% 54230 note
2018-12-23__16:10 [0.61,0.81,0.82] 20.8% 54230 note
2018-12-23__16:10 [1.20,0.93,0.86] 41.5% 54768 note
2018-12-23__16:10 [1.10,0.91,0.85] 1.0% 54768 note
2018-12-23__16:10 [1.01,0.90,0.85] 16.3% 53692 note
2018-12-23__16:10 [0.93,0.88,0.85] 6.0% 54230 note
2018-12-23__16:10 [0.86,0.87,0.84] 10.7% 54768 note
2018-12-23__16:10 [0.87,0.87,0.84] 5.3% 54768 note
2018-12-23__16:10 [0.80,0.86,0.84] 5.7% 53692 note
2018-12-23__16:11 [0.73,0.84,0.83] 60.6% 55843 note
2018-12-23__16:11 [1.08,0.91,0.85] 23.9% 55843 note
2018-12-23__16:11 [0.99,0.90,0.85] 19.2% 53692 note
2018-12-23__16:11 [0.91,0.88,0.84] 3.0% 53692 note
2018-12-23__16:11 [0.77,0.85,0.83] 5.7% 53692 note
2018-12-23__16:11 [0.79,0.85,0.84] 9.4% 55843 note
2018-12-23__16:11 [0.72,0.84,0.83] 6.3% 53692 note
2018-12-23__16:11 [0.67,0.83,0.83] 10.0% 54230 note
2018-12-23__16:11 [0.61,0.81,0.82] 10.1% 54768 note
2018-12-23__16:11 [0.88,0.87,0.84] 4.8% 55306 note
2018-12-23__16:11 [0.81,0.85,0.83] 8.3% 53692 note
2018-12-23__16:12 [0.69,0.82,0.82] 3.8% 54230 note
2018-12-23__16:12 [0.63,0.81,0.82] 25.0% 55306 note
2018-12-23__16:12 [0.58,0.79,0.81] 2.4% 54230 note
2018-12-23__16:12 [0.53,0.78,0.81] 16.7% 54230 note
2018-12-23__16:12 [0.53,0.77,0.81] 55.4% 56382 note
2018-12-23__16:12 [0.56,0.78,0.81] 32.1% 56920 note
