2018-12-23__09:14 [0.14,0.47,0.53] 3.0% 27800 normal
2018-12-23__15:14 [0.42,0.36,0.36] 74.1% 47774 normal
2018-12-23__15:14 [0.58,0.40,0.37] 26.9% 48312 normal
2018-12-23__15:14 [0.53,0.39,0.37] 22.8% 47236 normal
2018-12-23__15:14 [0.57,0.40,0.37] 2.9% 46160 normal
2018-12-23__15:14 [0.53,0.40,0.37] 33.4% 47774 normal
2018-12-23__15:14 [0.56,0.41,0.37] 19.5% 46160 normal
2018-12-23__15:14 [0.60,0.42,0.38] 5.8% 46160 normal
2018-12-23__15:15 [0.63,0.43,0.38] 2.4% 46160 normal
2018-12-23__15:15 [0.58,0.42,0.38] 8.3% 45622 normal
2018-12-23__15:15 [0.72,0.46,0.39] 21.9% 47774 normal
2018-12-23__15:15 [0.66,0.45,0.39] 4.8% 47236 normal
2018-12-23__15:15 [0.61,0.44,0.38] 8.1% 47236 normal
2018-12-23__15:15 [0.56,0.43,0.38] 10.0% 46160 normal
2018-12-23__15:15 [0.76,0.48,0.40] 39.0% 49388 normal
2018-12-23__15:15 [0.78,0.48,0.40] 15.9% 46698 normal
2018-12-23__15:15 [0.71,0.48,0.40] 7.5% 45622 normal
2018-12-23__15:15 [0.60,0.46,0.39] 20.3% 46160 normal
2018-12-23__15:15 [0.64,0.47,0.39] 38.8% 49925 normal
2018-12-23__15:16 [0.58,0.46,0.39] 25.7% 47236 normal
2018-12-23__15:16 [0.54,0.45,0.39] 4.4% 46698 normal
2018-12-23__15:16 [0.57,0.46,0.39] 3.4% 46698 normal
2018-12-23__15:16 [0.53,0.46,0.39] 23.3% 49388 normal
2018-12-23__15:16 [0.65,0.48,0.40] 9.1% 47236 normal
2018-12-23__15:16 [0.62,0.48,0.40] 2.9% 47236 normal
2018-12-23__15:16 [0.57,0.47,0.40] 4.6% 45622 normal
2018-12-23__15:16 [0.69,0.50,0.41] 18.7% 49388 normal
2018-12-23__15:16 [0.63,0.49,0.40] 2.9% 47236 normal
2018-12-23__15:16 [0.58,0.48,0.40] 7.6% 47236 normal
2018-12-23__15:17 [0.53,0.47,0.40] 3.3% 45084 normal
2018-12-23__15:17 [0.49,0.47,0.40] 28.8% 49388 normal
2018-12-23__15:17 [0.45,0.46,0.39] 11.6% 46160 normal
2018-12-23__15:17 [0.45,0.46,0.40] 7.5% 46160 normal
2018-12-23__15:17 [0.66,0.50,0.41] 2.9% 45084 normal
2018-12-23__15:17 [0.77,0.53,0.42] 24.2% 50464 note
2018-12-23__15:17 [0.70,0.52,0.42] 28.4% 48312 normal
2018-12-23__15:17 [0.89,0.56,0.43] 3.3% 46160 normal
2018-12-23__15:17 [0.82,0.55,0.43] 28.0% 46698 normal
2018-12-23__15:17 [0.83,0.56,0.43] 31.2% 49388 normal
2018-12-23__15:17 [0.78,0.56,0.43] 14.1% 47236 normal
2018-12-23__15:18 [0.72,0.55,0.43] 8.0% 45084 normal
2018-12-23__15:18 [0.74,0.55,0.43] 27.0% 47774 normal
2018-12-23__15:18 [0.68,0.54,0.43] 36.8% 49388 normal
2018-12-23__15:18 [0.62,0.54,0.43] 4.6% 46160 normal
2018-12-23__15:18 [0.57,0.53,0.43] 35.0% 47236 normal
2018-12-23__15:18 [0.53,0.52,0.42] 1.5% 47774 normal
2018-12-23__15:18 [0.57,0.53,0.43] 31.2% 49925 normal
2018-12-23__15:18 [0.55,0.52,0.43] 4.2% 46160 normal
2018-12-23__15:18 [0.51,0.52,0.43] 15.9% 45622 normal
2018-12-23__15:18 [0.63,0.54,0.43] 10.6% 47774 normal
2018-12-23__15:19 [0.90,0.60,0.45] 30.7% 48312 normal
2018-12-23__15:19 [0.83,0.59,0.45] 21.3% 47236 normal
2018-12-23__15:19 [0.76,0.58,0.45] 2.8% 46160 normal
2018-12-23__15:19 [0.70,0.57,0.45] 26.3% 47236 normal
2018-12-23__15:19 [0.67,0.57,0.45] 31.7% 48850 normal
2018-12-23__15:19 [1.42,0.72,0.50] 13.1% 47236 normal
2018-12-23__15:19 [1.30,0.71,0.50] 3.8% 46160 normal
2018-12-23__15:19 [1.20,0.70,0.49] 8.2% 46698 normal
2018-12-23__15:19 [1.10,0.69,0.49] 50.3% 49388 normal
2018-12-23__15:19 [1.02,0.68,0.49] 1.9% 46160 normal
2018-12-23__15:19 [0.93,0.66,0.48] 27.8% 47774 normal
2018-12-23__15:20 [0.86,0.66,0.48] 2.8% 45622 normal
2018-12-23__15:20 [0.87,0.66,0.49] 33.4% 48850 normal
2018-12-23__15:20 [0.80,0.65,0.48] 4.2% 46160 normal
2018-12-23__15:20 [0.74,0.64,0.48] 30.7% 48312 normal
2018-12-23__15:20 [0.68,0.63,0.48] 2.0% 46160 normal
2018-12-23__15:20 [0.63,0.62,0.48] 31.4% 49925 normal
2018-12-23__15:20 [0.82,0.66,0.49] 2.0% 46160 normal
2018-12-23__15:20 [0.85,0.67,0.50] 51.5% 48850 normal
2018-12-23__15:20 [0.94,0.69,0.50] 12.2% 46160 normal
2018-12-23__15:20 [0.94,0.70,0.51] 45.5% 49388 normal
2018-12-23__15:21 [0.87,0.69,0.50] 33.7% 47236 normal
2018-12-23__15:21 [0.80,0.68,0.50] 6.3% 47236 normal
2018-12-23__15:21 [0.73,0.66,0.50] 6.1% 46160 normal
2018-12-23__15:21 [0.67,0.65,0.50] 36.6% 48312 normal
2018-12-23__15:21 [0.94,0.71,0.51] 8.5% 46160 normal
2018-12-23__15:21 [0.88,0.70,0.51] 19.1% 47236 normal
2018-12-23__15:21 [0.81,0.69,0.51] 10.6% 46160 normal
2018-12-23__15:21 [0.82,0.70,0.51] 44.7% 49388 normal
2018-12-23__15:21 [0.76,0.68,0.51] 5.3% 47236 normal
2018-12-23__15:21 [0.78,0.69,0.51] 11.2% 47236 normal
2018-12-23__15:21 [0.71,0.68,0.51] 7.8% 46160 normal
2018-12-23__15:22 [0.66,0.67,0.51] 45.7% 48850 normal
2018-12-23__15:22 [0.70,0.68,0.51] 45.0% 48312 normal
2018-12-23__15:22 [0.65,0.67,0.51] 4.2% 46160 normal
2018-12-23__15:22 [0.59,0.65,0.51] 2.4% 45084 normal
2018-12-23__15:22 [0.55,0.64,0.50] 38.5% 48312 normal
2018-12-23__15:22 [0.50,0.63,0.50] 48.4% 50464 note
2018-12-23__15:22 [0.46,0.62,0.50] 11.4% 47236 normal
2018-12-23__15:22 [0.42,0.61,0.50] 30.3% 47236 normal
2018-12-23__15:22 [0.67,0.66,0.51] 34.0% 48312 normal
2018-12-23__15:22 [0.78,0.68,0.52] 17.2% 48312 normal
2018-12-23__15:23 [0.72,0.67,0.52] 1.9% 45622 normal
2018-12-23__15:23 [0.66,0.66,0.52] 2.0% 46698 normal
2018-12-23__15:23 [0.69,0.66,0.52] 36.7% 48312 normal
2018-12-23__15:23 [0.71,0.67,0.52] 2.0% 48312 normal
2018-12-23__15:23 [0.66,0.66,0.52] 16.5% 46698 normal
2018-12-23__15:23 [1.07,0.75,0.55] 3.0% 46698 normal
2018-12-23__15:23 [0.98,0.74,0.55] 31.7% 49388 normal
2018-12-23__15:23 [0.99,0.74,0.55] 3.3% 48312 normal
2018-12-23__15:23 [0.91,0.73,0.55] 4.4% 47236 normal
2018-12-23__15:23 [0.83,0.72,0.54] 2.4% 46160 normal
2018-12-23__15:23 [0.77,0.70,0.54] 36.2% 47774 normal
2018-12-23__15:24 [0.87,0.73,0.55] 2.8% 47236 normal
2018-12-23__15:24 [0.80,0.71,0.54] 12.6% 46160 normal
2018-12-23__15:24 [0.75,0.71,0.54] 13.7% 46698 normal
2018-12-23__15:24 [0.69,0.69,0.54] 36.2% 47236 normal
2018-12-23__15:24 [0.63,0.68,0.54] 39.9% 49388 normal
2018-12-23__15:24 [0.58,0.67,0.54] 15.7% 47236 normal
2018-12-23__15:24 [0.62,0.68,0.54] 19.5% 46698 normal
2018-12-23__15:24 [0.57,0.67,0.54] 47.2% 47774 normal
2018-12-23__15:24 [0.68,0.69,0.54] 13.6% 47774 normal
2018-12-23__15:24 [0.65,0.68,0.54] 2.9% 46160 normal
2018-12-23__15:25 [0.60,0.67,0.54] 7.1% 45084 normal
2018-12-23__15:25 [0.55,0.66,0.54] 71.0% 48312 normal
2018-12-23__15:25 [0.51,0.65,0.53] 12.4% 48312 normal
2018-12-23__15:25 [0.46,0.64,0.53] 3.3% 46160 normal
2018-12-23__15:25 [0.51,0.64,0.53] 2.9% 45084 normal
2018-12-23__15:25 [0.47,0.63,0.53] 54.0% 48850 normal
2018-12-23__15:25 [0.54,0.64,0.54] 21.5% 47774 normal
2018-12-23__15:25 [0.50,0.63,0.53] 15.4% 47236 normal
2018-12-23__15:25 [0.46,0.62,0.53] 16.4% 47236 normal
2018-12-23__15:25 [0.42,0.61,0.53] 47.9% 49388 normal
2018-12-23__15:25 [0.55,0.63,0.54] 2.4% 47236 normal
2018-12-23__15:26 [0.50,0.62,0.53] 9.2% 47236 normal
2018-12-23__15:26 [0.46,0.61,0.53] 34.8% 47236 normal
2018-12-23__15:26 [0.43,0.60,0.53] 16.9% 46160 normal
2018-12-23__15:26 [0.51,0.62,0.53] 2.9% 46160 normal
2018-12-23__15:26 [0.47,0.61,0.53] 10.0% 45084 normal
2018-12-23__15:26 [0.51,0.61,0.53] 3.8% 45622 normal
2018-12-23__15:26 [0.47,0.60,0.53] 28.8% 47774 normal
2018-12-23__15:26 [0.51,0.61,0.53] 3.3% 46160 normal
2018-12-23__15:26 [0.55,0.62,0.54] 1.5% 46160 normal
2018-12-23__15:26 [0.51,0.61,0.53] 9.9% 46698 normal
2018-12-23__15:27 [0.50,0.60,0.53] 32.6% 46698 normal
2018-12-23__15:27 [0.46,0.59,0.53] 5.8% 46160 normal
2018-12-23__15:27 [0.42,0.58,0.53] 3.4% 46698 normal
2018-12-23__15:27 [0.39,0.57,0.52] 2.9% 45084 normal
2018-12-23__15:27 [0.36,0.56,0.52] 33.5% 46698 normal
2018-12-23__15:27 [0.41,0.57,0.52] 14.9% 46160 normal
2018-12-23__15:27 [0.38,0.56,0.52] 17.8% 46698 normal
2018-12-23__15:27 [0.47,0.57,0.53] 2.9% 46160 normal
2018-12-23__15:27 [0.44,0.56,0.52] 43.0% 47236 normal
2018-12-23__15:27 [0.40,0.55,0.52] 4.8% 46698 normal
2018-12-23__15:27 [0.37,0.55,0.52] 3.8% 46160 normal
2018-12-23__15:28 [0.42,0.55,0.52] 1.9% 46160 normal
2018-12-23__15:28 [0.39,0.54,0.52] 30.5% 47774 normal
2018-12-23__15:28 [0.51,0.57,0.53] 16.1% 48312 normal
2018-12-23__15:28 [0.47,0.56,0.52] 33.5% 47236 normal
2018-12-23__15:28 [0.47,0.56,0.52] 18.6% 46160 normal
2018-12-23__15:28 [0.44,0.55,0.52] 33.2% 47236 normal
2018-12-23__15:28 [0.40,0.54,0.52] 10.0% 47236 normal
2018-12-23__15:28 [0.37,0.53,0.51] 17.2% 46160 normal
2018-12-23__15:28 [0.34,0.52,0.51] 1.0% 46160 normal
2018-12-23__15:28 [0.31,0.51,0.51] 48.2% 48312 normal
2018-12-23__15:28 [1.09,0.67,0.56] 2.4% 47236 normal
2018-12-23__15:29 [0.92,0.65,0.55] 2.8% 45622 normal
2018-12-23__15:29 [0.85,0.64,0.55] 4.2% 45622 normal
2018-12-23__15:29 [0.78,0.62,0.55] 33.2% 47774 normal
2018-12-23__15:29 [0.72,0.61,0.54] 7.3% 46698 normal
2018-12-23__15:29 [0.66,0.60,0.54] 2.9% 45622 normal
2018-12-23__15:29 [0.61,0.59,0.54] 15.3% 45622 normal
2018-12-23__15:29 [0.56,0.58,0.53] 58.4% 49388 normal
2018-12-23__15:29 [0.62,0.60,0.54] 2.9% 46160 normal
2018-12-23__15:29 [0.57,0.59,0.54] 1.9% 45084 normal
2018-12-23__15:29 [0.68,0.61,0.54] 1.0% 46160 normal
2018-12-23__15:30 [0.79,0.63,0.55] 31.4% 48312 normal
2018-12-23__15:30 [0.72,0.62,0.55] 4.2% 45084 normal
2018-12-23__15:30 [0.67,0.61,0.55] 2.8% 45084 normal
2018-12-23__15:30 [0.61,0.60,0.54] 17.6% 46160 normal
2018-12-23__15:30 [0.80,0.64,0.56] 80.0% 53692 note
2018-12-23__15:30 [1.06,0.70,0.58] 30.4% 51540 note
2018-12-23__15:30 [1.21,0.74,0.59] 26.4% 50464 note
2018-12-23__15:30 [1.55,0.83,0.62] 61.0% 52615 note
2018-12-23__15:30 [1.50,0.84,0.62] 2.4% 49388 normal
2018-12-23__15:30 [1.46,0.84,0.63] 1.9% 47774 normal
2018-12-23__15:31 [1.35,0.82,0.62] 2.4% 46160 normal
2018-12-23__15:31 [1.44,0.86,0.64] 31.8% 49388 normal
2018-12-23__15:31 [1.40,0.87,0.64] 11.1% 47236 normal
2018-12-23__15:31 [1.29,0.85,0.64] 3.4% 47236 normal
2018-12-23__15:31 [1.19,0.84,0.63] 2.4% 46160 normal
2018-12-23__15:31 [1.09,0.82,0.63] 30.0% 47774 normal
2018-12-23__15:31 [1.00,0.81,0.63] 5.2% 47236 normal
2018-12-23__15:31 [0.92,0.80,0.62] 14.1% 46160 normal
2018-12-23__15:31 [0.93,0.80,0.63] 4.6% 46160 normal
2018-12-23__15:31 [0.87,0.79,0.62] 34.8% 48312 normal
2018-12-23__15:32 [0.80,0.78,0.62] 20.1% 46160 normal
2018-12-23__15:32 [0.81,0.78,0.62] 22.0% 46160 normal
2018-12-23__15:32 [0.83,0.78,0.63] 4.2% 45084 normal
2018-12-23__15:32 [0.76,0.77,0.62] 39.2% 48850 normal
2018-12-23__15:32 [0.70,0.76,0.62] 5.6% 46698 normal
2018-12-23__15:32 [0.64,0.74,0.62] 27.3% 47236 normal
2018-12-23__15:32 [0.62,0.74,0.61] 12.4% 45084 normal
2018-12-23__15:32 [0.65,0.74,0.62] 20.0% 48312 normal
2018-12-23__15:32 [0.60,0.73,0.61] 20.3% 47236 normal
2018-12-23__15:32 [0.55,0.72,0.61] 3.8% 46160 normal
2018-12-23__15:32 [0.51,0.70,0.61] 27.7% 46160 normal
2018-12-23__15:33 [0.63,0.73,0.61] 3.3% 46698 normal
2018-12-23__15:33 [0.58,0.71,0.61] 9.8% 46160 normal
2018-12-23__15:33 [0.49,0.69,0.60] 9.7% 45084 normal
2018-12-23__15:33 [0.61,0.71,0.61] 1.5% 45622 normal
2018-12-23__15:33 [0.64,0.72,0.61] 1.5% 47236 normal
2018-12-23__15:33 [0.59,0.70,0.61] 8.6% 46698 normal
2018-12-23__15:33 [0.54,0.69,0.61] 15.9% 45622 normal
2018-12-23__15:33 [0.50,0.68,0.60] 1.9% 45084 normal
2018-12-23__15:33 [0.46,0.67,0.60] 25.3% 49388 normal
2018-12-23__15:33 [0.50,0.67,0.60] 9.9% 46160 normal
2018-12-23__15:34 [0.42,0.65,0.60] 28.5% 46160 normal
2018-12-23__15:34 [0.39,0.64,0.59] 11.0% 45622 normal
2018-12-23__15:34 [0.68,0.70,0.61] 2.4% 46160 normal
2018-12-23__15:34 [0.62,0.69,0.61] 17.0% 45622 normal
2018-12-23__15:34 [0.57,0.67,0.60] 10.0% 46160 normal
2018-12-23__15:34 [0.53,0.66,0.60] 2.0% 45084 normal
2018-12-23__15:34 [0.48,0.65,0.60] 2.4% 47236 normal
2018-12-23__15:34 [0.49,0.65,0.60] 9.2% 45622 normal
2018-12-23__15:34 [0.45,0.64,0.59] 2.4% 45084 normal
2018-12-23__15:34 [0.41,0.62,0.59] 1.9% 46160 normal
2018-12-23__15:34 [0.46,0.63,0.59] 2.9% 46160 normal
2018-12-23__15:35 [0.42,0.62,0.59] 9.0% 46698 normal
2018-12-23__15:35 [0.39,0.61,0.59] 1.9% 45084 normal
2018-12-23__15:35 [0.36,0.60,0.58] 10.6% 46160 normal
2018-12-23__15:35 [0.38,0.60,0.58] 2.8% 46160 normal
2018-12-23__15:35 [0.35,0.59,0.58] 10.2% 45084 normal
2018-12-23__15:35 [0.32,0.58,0.57] 26.6% 46160 normal
2018-12-23__15:35 [0.30,0.57,0.57] 5.5% 45084 normal
2018-12-23__15:35 [0.35,0.57,0.57] 40.6% 47774 normal
2018-12-23__15:35 [0.33,0.56,0.57] 32.9% 46160 normal
2018-12-23__15:35 [0.38,0.57,0.57] 2.9% 45084 normal
2018-12-23__15:36 [0.32,0.55,0.57] 3.3% 45622 normal
2018-12-23__15:36 [0.30,0.54,0.56] 7.9% 47236 normal
2018-12-23__15:36 [0.27,0.53,0.56] 4.4% 45622 normal
2018-12-23__15:36 [0.25,0.52,0.56] 3.3% 44546 normal
2018-12-23__15:36 [0.31,0.53,0.56] 2.8% 45084 normal
2018-12-23__15:36 [0.53,0.57,0.57] 2.8% 46160 normal
2018-12-23__15:36 [0.48,0.56,0.57] 3.8% 46160 normal
2018-12-23__15:36 [0.41,0.54,0.56] 11.8% 45622 normal
2018-12-23__15:36 [0.46,0.55,0.56] 8.5% 45622 normal
2018-12-23__15:36 [0.42,0.54,0.56] 2.4% 46698 normal
2018-12-23__15:36 [0.39,0.53,0.56] 21.2% 46160 normal
2018-12-23__15:37 [0.35,0.52,0.55] 2.4% 45084 normal
2018-12-23__15:37 [0.33,0.52,0.55] 5.6% 45084 normal
2018-12-23__15:37 [0.38,0.52,0.55] 27.8% 47236 normal
2018-12-23__15:37 [0.35,0.52,0.55] 9.0% 45084 normal
2018-12-23__15:37 [0.29,0.50,0.54] 23.5% 46160 normal
2018-12-23__15:37 [0.27,0.49,0.54] 18.4% 45084 normal
2018-12-23__15:37 [0.33,0.50,0.54] 3.7% 45084 normal
2018-12-23__15:37 [0.30,0.49,0.54] 6.1% 45084 normal
2018-12-23__15:37 [0.28,0.48,0.54] 35.5% 45622 normal
2018-12-23__15:37 [0.26,0.47,0.53] 36.4% 47236 normal
2018-12-23__15:38 [0.32,0.48,0.54] 2.9% 46160 normal
2018-12-23__15:38 [0.27,0.47,0.53] 3.9% 46160 normal
2018-12-23__15:38 [0.25,0.46,0.53] 2.4% 45084 normal
2018-12-23__15:38 [0.23,0.45,0.52] 31.3% 47236 normal
2018-12-23__15:38 [0.21,0.44,0.52] 2.4% 45622 normal
2018-12-23__15:38 [0.35,0.47,0.53] 6.7% 45622 normal
2018-12-23__15:38 [0.40,0.48,0.53] 5.0% 44546 normal
2018-12-23__15:38 [0.37,0.47,0.53] 30.3% 46160 normal
2018-12-23__15:38 [0.47,0.49,0.54] 7.9% 45622 normal
2018-12-23__15:38 [0.43,0.48,0.53] 57.7% 45622 normal
2018-12-23__15:38 [0.40,0.47,0.53] 27.7% 46160 normal
2018-12-23__15:39 [0.36,0.46,0.53] 30.3% 47236 normal
2018-12-23__15:39 [0.33,0.45,0.52] 33.2% 47236 normal
2018-12-23__15:39 [0.31,0.45,0.52] 2.4% 45084 normal
2018-12-23__15:39 [0.28,0.44,0.52] 4.6% 45084 normal
2018-12-23__15:39 [0.32,0.44,0.52] 42.4% 47774 normal
2018-12-23__15:39 [0.37,0.45,0.52] 2.4% 45622 normal
2018-12-23__15:39 [0.34,0.44,0.52] 3.7% 44546 normal
2018-12-23__15:39 [0.32,0.43,0.52] 28.8% 45622 normal
2018-12-23__15:39 [0.29,0.43,0.51] 38.8% 47236 normal
2018-12-23__15:39 [0.27,0.42,0.51] 21.5% 46698 normal
2018-12-23__15:40 [0.25,0.41,0.51] 2.4% 45084 normal
2018-12-23__15:40 [0.47,0.46,0.52] 11.2% 46160 normal
2018-12-23__15:40 [0.55,0.47,0.53] 31.6% 47236 normal
2018-12-23__15:40 [0.50,0.47,0.52] 7.5% 45622 normal
2018-12-23__15:40 [0.46,0.46,0.52] 1.0% 45622 normal
2018-12-23__15:40 [0.43,0.45,0.52] 4.7% 45084 normal
2018-12-23__15:40 [0.71,0.51,0.54] 30.5% 47236 normal
2018-12-23__15:40 [0.66,0.50,0.53] 26.4% 46160 normal
2018-12-23__15:40 [0.60,0.49,0.53] 4.8% 45084 normal
2018-12-23__15:40 [0.51,0.48,0.52] 31.3% 45084 normal
2018-12-23__15:40 [1.11,0.60,0.57] 30.2% 48312 normal
2018-12-23__15:41 [1.98,0.82,0.64] 55.6% 46160 normal
2018-12-23__15:41 [1.83,0.80,0.63] 32.4% 47236 normal
2018-12-23__15:41 [1.68,0.79,0.63] 24.7% 46160 normal
2018-12-23__15:41 [1.54,0.78,0.63] 3.8% 45084 normal
2018-12-23__15:41 [1.42,0.76,0.62] 6.1% 45622 normal
2018-12-23__15:41 [1.43,0.79,0.63] 50.0% 47236 normal
2018-12-23__15:41 [1.56,0.83,0.65] 14.2% 46160 normal
2018-12-23__15:41 [1.43,0.81,0.64] 29.6% 46160 normal
2018-12-23__15:41 [1.40,0.81,0.64] 7.0% 45084 normal
2018-12-23__15:42 [1.28,0.80,0.64] 41.8% 47774 normal
2018-12-23__15:42 [1.18,0.79,0.64] 2.8% 45622 normal
2018-12-23__15:42 [1.09,0.77,0.63] 8.7% 45084 normal
2018-12-23__15:42 [1.00,0.77,0.63] 9.0% 45084 normal
2018-12-23__15:42 [1.00,0.77,0.63] 54.1% 47236 normal
2018-12-23__15:42 [0.92,0.76,0.63] 2.4% 45084 normal
2018-12-23__15:42 [0.85,0.74,0.63] 2.9% 45084 normal
2018-12-23__15:42 [0.78,0.73,0.62] 11.1% 45084 normal
2018-12-23__15:42 [0.72,0.72,0.62] 32.1% 47236 normal
2018-12-23__15:42 [0.90,0.76,0.63] 13.8% 46160 normal
2018-12-23__15:43 [0.76,0.73,0.63] 3.7% 45084 normal
2018-12-23__15:43 [0.86,0.75,0.63] 9.8% 45622 normal
2018-12-23__15:43 [0.79,0.74,0.63] 36.6% 47236 normal
2018-12-23__15:43 [0.73,0.73,0.63] 4.4% 46698 normal
2018-12-23__15:43 [0.67,0.72,0.62] 22.0% 46160 normal
2018-12-23__15:43 [0.61,0.70,0.62] 9.1% 45622 normal
2018-12-23__15:43 [0.57,0.69,0.62] 29.2% 48312 normal
2018-12-23__15:43 [0.63,0.70,0.62] 3.3% 45084 normal
2018-12-23__15:43 [0.58,0.69,0.62] 17.0% 46160 normal
2018-12-23__15:43 [0.53,0.68,0.62] 5.4% 45622 normal
2018-12-23__15:43 [0.57,0.68,0.62] 34.8% 48312 normal
2018-12-23__15:44 [0.60,0.69,0.62] 1.9% 45084 normal
2018-12-23__15:44 [0.55,0.68,0.62] 2.8% 45622 normal
2018-12-23__15:44 [0.51,0.66,0.61] 24.0% 45084 normal
2018-12-23__15:44 [0.66,0.69,0.62] 3.4% 46698 normal
2018-12-23__15:44 [0.69,0.70,0.63] 2.0% 46160 normal
2018-12-23__15:44 [0.64,0.69,0.62] 2.4% 45084 normal
2018-12-23__15:44 [0.58,0.68,0.62] 10.5% 45084 normal
2018-12-23__15:44 [0.54,0.66,0.62] 8.8% 46160 normal
2018-12-23__15:44 [0.49,0.65,0.61] 2.4% 45622 normal
2018-12-23__15:44 [0.45,0.64,0.61] 10.0% 44546 normal
2018-12-23__15:45 [0.70,0.69,0.62] 4.9% 46160 normal
2018-12-23__15:45 [0.72,0.69,0.63] 38.0% 47774 normal
2018-12-23__15:45 [0.67,0.68,0.62] 3.8% 45622 normal
2018-12-23__15:45 [0.61,0.67,0.62] 4.7% 45084 normal
2018-12-23__15:45 [0.56,0.66,0.62] 9.9% 44546 normal
2018-12-23__15:45 [0.52,0.65,0.61] 6.8% 47236 normal
2018-12-23__15:45 [0.48,0.64,0.61] 14.1% 45622 normal
2018-12-23__15:45 [0.44,0.62,0.61] 2.9% 45084 normal
2018-12-23__15:45 [0.37,0.60,0.60] 7.0% 45084 normal
2018-12-23__15:45 [0.66,0.66,0.62] 2.8% 46160 normal
2018-12-23__15:45 [0.61,0.65,0.61] 4.2% 45084 normal
2018-12-23__15:46 [0.56,0.64,0.61] 3.3% 45084 normal
2018-12-23__15:46 [0.51,0.63,0.61] 3.4% 46160 normal
2018-12-23__15:46 [0.55,0.63,0.61] 7.5% 46698 normal
2018-12-23__15:46 [0.51,0.62,0.61] 11.9% 45084 normal
2018-12-23__15:46 [0.43,0.60,0.60] 3.4% 45084 normal
2018-12-23__15:46 [0.40,0.59,0.60] 7.8% 45084 normal
2018-12-23__15:46 [0.44,0.60,0.60] 1.9% 45622 normal
2018-12-23__15:46 [0.49,0.61,0.60] 9.9% 45084 normal
2018-12-23__15:46 [0.45,0.60,0.60] 35.0% 46160 normal
2018-12-23__15:46 [0.41,0.58,0.59] 9.5% 45622 normal
2018-12-23__15:47 [0.46,0.59,0.60] 42.8% 47236 normal
2018-12-23__15:47 [0.69,0.64,0.61] 4.2% 45622 normal
2018-12-23__15:47 [0.64,0.63,0.61] 2.9% 45084 normal
2018-12-23__15:47 [0.58,0.62,0.61] 18.0% 45622 normal
2018-12-23__15:47 [0.62,0.62,0.61] 3.8% 46160 normal
2018-12-23__15:47 [0.57,0.61,0.60] 8.4% 45622 normal
2018-12-23__15:47 [0.52,0.60,0.60] 4.2% 45084 normal
2018-12-23__15:47 [0.48,0.59,0.60] 17.8% 45084 normal
2018-12-23__15:47 [0.68,0.63,0.61] 3.3% 46160 normal
2018-12-23__15:47 [0.66,0.63,0.61] 1.9% 45084 normal
2018-12-23__15:47 [0.61,0.62,0.61] 2.4% 44546 normal
2018-12-23__15:48 [0.56,0.61,0.60] 7.2% 45084 normal
2018-12-23__15:48 [0.59,0.61,0.61] 23.2% 46160 normal
2018-12-23__15:48 [0.54,0.60,0.60] 2.0% 46160 normal
2018-12-23__15:48 [0.50,0.59,0.60] 1.9% 45084 normal
2018-12-23__15:48 [0.46,0.58,0.60] 4.3% 45084 normal
2018-12-23__15:48 [0.39,0.56,0.59] 25.5% 47236 normal
2018-12-23__15:48 [0.36,0.55,0.59] 2.4% 45084 normal
2018-12-23__15:48 [0.33,0.54,0.58] 2.0% 45622 normal
2018-12-23__15:48 [0.30,0.54,0.58] 23.8% 45084 normal
2018-12-23__15:48 [0.36,0.54,0.58] 3.3% 46160 normal
2018-12-23__15:49 [0.33,0.53,0.58] 13.7% 45084 normal
2018-12-23__15:49 [0.30,0.52,0.57] 2.8% 46160 normal
2018-12-23__15:49 [0.26,0.51,0.57] 21.4% 46160 normal
2018-12-23__15:49 [0.40,0.53,0.58] 2.4% 46160 normal
2018-12-23__15:49 [0.36,0.52,0.57] 9.4% 45084 normal
2018-12-23__15:49 [0.33,0.51,0.57] 3.8% 45084 normal
2018-12-23__15:49 [0.39,0.52,0.57] 36.5% 46160 normal
2018-12-23__15:49 [0.44,0.53,0.57] 1.5% 46160 normal
2018-12-23__15:49 [0.40,0.52,0.57] 2.4% 45084 normal
2018-12-23__15:49 [0.34,0.50,0.56] 17.9% 45084 normal
2018-12-23__15:49 [0.31,0.49,0.56] 29.3% 46698 normal
2018-12-23__15:50 [0.29,0.49,0.56] 2.9% 46160 normal
2018-12-23__15:50 [0.58,0.54,0.57] 3.3% 45084 normal
2018-12-23__15:50 [0.62,0.55,0.58] 29.4% 46698 normal
2018-12-23__15:50 [0.57,0.54,0.57] 30.6% 47236 normal
2018-12-23__15:50 [0.60,0.55,0.58] 2.8% 46160 normal
2018-12-23__15:50 [0.59,0.55,0.58] 12.0% 46160 normal
2018-12-23__15:50 [0.54,0.54,0.57] 1.5% 45084 normal
2018-12-23__15:50 [0.50,0.53,0.57] 32.0% 46160 normal
2018-12-23__15:50 [0.46,0.52,0.56] 14.5% 46160 normal
2018-12-23__15:50 [0.42,0.51,0.56] 1.0% 45622 normal
2018-12-23__15:51 [0.39,0.50,0.56] 3.3% 45084 normal
2018-12-23__15:51 [0.36,0.50,0.55] 69.8% 48312 normal
2018-12-23__15:51 [0.57,0.54,0.57] 25.0% 47236 normal
2018-12-23__15:51 [0.64,0.55,0.57] 2.4% 45084 normal
2018-12-23__15:51 [0.58,0.54,0.57] 5.0% 45084 normal
2018-12-23__15:51 [0.54,0.53,0.57] 29.9% 47236 normal
2018-12-23__15:51 [0.49,0.53,0.56] 3.3% 45622 normal
2018-12-23__15:51 [0.45,0.52,0.56] 12.4% 45084 normal
2018-12-23__15:51 [0.42,0.51,0.56] 6.6% 45084 normal
2018-12-23__15:51 [0.46,0.52,0.56] 65.5% 47774 normal
2018-12-23__15:51 [0.76,0.58,0.58] 10.9% 46160 normal
2018-12-23__15:52 [0.70,0.57,0.58] 2.4% 45084 normal
2018-12-23__15:52 [0.72,0.58,0.58] 2.9% 45084 normal
2018-12-23__15:52 [0.67,0.57,0.57] 4.2% 46698 normal
2018-12-23__15:52 [0.61,0.56,0.57] 3.7% 45084 normal
2018-12-23__15:52 [0.59,0.56,0.57] 6.0% 45084 normal
2018-12-23__15:52 [0.54,0.55,0.57] 15.1% 45622 normal
2018-12-23__15:52 [0.58,0.56,0.57] 10.2% 47236 normal
2018-12-23__15:52 [0.53,0.55,0.57] 3.3% 45084 normal
2018-12-23__15:52 [0.49,0.54,0.56] 2.4% 45084 normal
2018-12-23__15:52 [0.45,0.53,0.56] 4.4% 45084 normal
2018-12-23__15:53 [0.41,0.52,0.56] 2.8% 46160 normal
2018-12-23__15:53 [0.35,0.50,0.55] 35.9% 47236 normal
2018-12-23__15:53 [0.32,0.49,0.54] 22.4% 46160 normal
2018-12-23__15:53 [0.30,0.48,0.54] 2.4% 45084 normal
2018-12-23__15:53 [0.67,0.56,0.57] 3.3% 46160 normal
2018-12-23__15:53 [0.70,0.57,0.57] 34.7% 47236 normal
2018-12-23__15:53 [0.64,0.56,0.57] 1.0% 46160 normal
2018-12-23__15:53 [0.59,0.55,0.56] 4.6% 44546 normal
2018-12-23__15:53 [0.50,0.53,0.56] 6.9% 46160 normal
2018-12-23__15:53 [0.46,0.52,0.55] 7.4% 46160 normal
2018-12-23__15:53 [0.42,0.51,0.55] 8.6% 45084 normal
2018-12-23__15:54 [0.39,0.50,0.54] 2.9% 45084 normal
2018-12-23__15:54 [0.44,0.51,0.55] 5.2% 46160 normal
2018-12-23__15:54 [0.40,0.50,0.54] 2.9% 46160 normal
2018-12-23__15:54 [0.37,0.49,0.54] 14.1% 46160 normal
2018-12-23__15:54 [0.31,0.48,0.54] 2.4% 45084 normal
2018-12-23__15:54 [0.29,0.47,0.53] 5.1% 46160 normal
2018-12-23__15:54 [0.26,0.46,0.53] 1.5% 45084 normal
