2018-12-23 09:14:04 0 disk 46172 26289 38.5%
2018-12-23 09:14:04 1 /dev 3893 3893 0%
2018-12-23 09:14:04 1 /snap/core/6130 90 0 100%
2018-12-23 15:14:22 0 disk 29941 13763 49.8%
2018-12-23 15:14:22 1 / 29899 13742 53%
2018-12-23 15:14:22 1 /boot 42 21 51%
2018-12-23 15:15:23 0 disk 29941 13763 49.8%
2018-12-23 15:15:23 1 / 29899 13742 53%
2018-12-23 15:15:23 1 /boot 42 21 51%
2018-12-23 15:16:25 0 disk 29941 13763 49.8%
2018-12-23 15:16:25 1 / 29899 13742 53%
2018-12-23 15:16:25 1 /boot 42 21 51%
2018-12-23 15:17:26 0 disk 29941 13763 49.8%
2018-12-23 15:17:26 1 / 29899 13742 53%
2018-12-23 15:17:26 1 /boot 42 21 51%
2018-12-23 15:18:27 0 disk 29941 13763 49.8%
2018-12-23 15:18:27 1 / 29899 13742 53%
2018-12-23 15:18:27 1 /boot 42 21 51%
2018-12-23 15:19:28 0 disk 29941 13763 49.8%
2018-12-23 15:19:28 1 / 29899 13742 53%
2018-12-23 15:19:28 1 /boot 42 21 51%
2018-12-23 15:20:29 0 disk 29941 13763 49.8%
2018-12-23 15:20:29 1 / 29899 13742 53%
2018-12-23 15:20:29 1 /boot 42 21 51%
2018-12-23 15:21:30 0 disk 29941 13763 49.8%
2018-12-23 15:21:30 1 / 29899 13742 53%
2018-12-23 15:21:30 1 /boot 42 21 51%
2018-12-23 15:22:31 0 disk 29941 13763 49.8%
2018-12-23 15:22:31 1 / 29899 13742 53%
2018-12-23 15:22:31 1 /boot 42 21 51%
2018-12-23 15:23:32 0 disk 29941 13763 49.8%
2018-12-23 15:23:32 1 / 29899 13742 53%
2018-12-23 15:23:32 1 /boot 42 21 51%
2018-12-23 15:24:34 0 disk 29941 13763 49.8%
2018-12-23 15:24:34 1 / 29899 13742 53%
2018-12-23 15:24:34 1 /boot 42 21 51%
2018-12-23 15:25:35 0 disk 29941 13763 49.8%
2018-12-23 15:25:35 1 / 29899 13742 53%
2018-12-23 15:25:35 1 /boot 42 21 51%
2018-12-23 15:26:36 0 disk 29941 13763 49.8%
2018-12-23 15:26:36 1 / 29899 13742 53%
2018-12-23 15:26:36 1 /boot 42 21 51%
2018-12-23 15:27:37 0 disk 29941 13763 49.8%
2018-12-23 15:27:37 1 / 29899 13742 53%
2018-12-23 15:27:37 1 /boot 42 21 51%
2018-12-23 15:28:38 0 disk 29941 13763 49.8%
2018-12-23 15:28:38 1 / 29899 13742 53%
2018-12-23 15:28:38 1 /boot 42 21 51%
2018-12-23 15:29:39 0 disk 29941 13763 49.8%
2018-12-23 15:29:39 1 / 29899 13742 53%
2018-12-23 15:29:39 1 /boot 42 21 51%
2018-12-23 15:30:42 0 disk 29941 13652 50.2%
2018-12-23 15:30:42 1 / 29899 13631 53%
2018-12-23 15:30:42 1 /boot 42 21 51%
2018-12-23 15:31:44 0 disk 29941 13763 49.8%
2018-12-23 15:31:44 1 / 29899 13742 53%
2018-12-23 15:31:44 1 /boot 42 21 51%
2018-12-23 15:32:46 0 disk 29941 13762 49.8%
2018-12-23 15:32:46 1 / 29899 13741 53%
2018-12-23 15:32:46 1 /boot 42 21 51%
2018-12-23 15:33:47 0 disk 29941 13762 49.8%
2018-12-23 15:33:47 1 / 29899 13741 53%
2018-12-23 15:33:47 1 /boot 42 21 51%
2018-12-23 15:34:48 0 disk 29941 13762 49.8%
2018-12-23 15:34:48 1 / 29899 13741 53%
2018-12-23 15:34:48 1 /boot 42 21 51%
2018-12-23 15:35:49 0 disk 29941 13762 49.8%
2018-12-23 15:35:49 1 / 29899 13741 53%
2018-12-23 15:35:49 1 /boot 42 21 51%
2018-12-23 15:36:50 0 disk 29941 13762 49.8%
2018-12-23 15:36:50 1 / 29899 13741 53%
2018-12-23 15:36:50 1 /boot 42 21 51%
2018-12-23 15:37:52 0 disk 29941 13762 49.8%
2018-12-23 15:37:52 1 / 29899 13741 53%
2018-12-23 15:37:52 1 /boot 42 21 51%
2018-12-23 15:38:53 0 disk 29941 13762 49.8%
2018-12-23 15:38:53 1 / 29899 13741 53%
2018-12-23 15:38:53 1 /boot 42 21 51%
2018-12-23 15:39:54 0 disk 29941 13762 49.8%
2018-12-23 15:39:54 1 / 29899 13741 53%
2018-12-23 15:39:54 1 /boot 42 21 51%
2018-12-23 15:40:55 0 disk 29941 13762 49.8%
2018-12-23 15:40:55 1 / 29899 13741 53%
2018-12-23 15:40:55 1 /boot 42 21 51%
2018-12-23 15:41:56 0 disk 29941 13762 49.8%
2018-12-23 15:41:56 1 / 29899 13741 53%
2018-12-23 15:41:56 1 /boot 42 21 51%
2018-12-23 15:42:57 0 disk 29941 13762 49.8%
2018-12-23 15:42:57 1 / 29899 13741 53%
2018-12-23 15:42:57 1 /boot 42 21 51%
2018-12-23 15:43:58 0 disk 29941 13762 49.8%
2018-12-23 15:43:58 1 / 29899 13741 53%
2018-12-23 15:43:58 1 /boot 42 21 51%
2018-12-23 15:44:59 0 disk 29941 13762 49.8%
2018-12-23 15:44:59 1 / 29899 13741 53%
2018-12-23 15:44:59 1 /boot 42 21 51%
2018-12-23 15:46:00 0 disk 29941 13762 49.8%
2018-12-23 15:46:00 1 / 29899 13741 53%
2018-12-23 15:46:00 1 /boot 42 21 51%
2018-12-23 15:47:01 0 disk 29941 13762 49.8%
2018-12-23 15:47:01 1 / 29899 13741 53%
2018-12-23 15:47:01 1 /boot 42 21 51%
2018-12-23 15:48:03 0 disk 29941 13762 49.8%
2018-12-23 15:48:03 1 / 29899 13741 53%
2018-12-23 15:48:03 1 /boot 42 21 51%
2018-12-23 15:49:04 0 disk 29941 13762 49.8%
2018-12-23 15:49:04 1 / 29899 13741 53%
2018-12-23 15:49:04 1 /boot 42 21 51%
2018-12-23 15:50:05 0 disk 29941 13762 49.8%
2018-12-23 15:50:05 1 / 29899 13741 53%
2018-12-23 15:50:05 1 /boot 42 21 51%
2018-12-23 15:51:06 0 disk 29941 13762 49.8%
2018-12-23 15:51:06 1 / 29899 13741 53%
2018-12-23 15:51:06 1 /boot 42 21 51%
2018-12-23 15:52:07 0 disk 29941 13762 49.8%
2018-12-23 15:52:07 1 / 29899 13741 53%
2018-12-23 15:52:07 1 /boot 42 21 51%
2018-12-23 15:53:08 0 disk 29941 13762 49.8%
2018-12-23 15:53:08 1 / 29899 13741 53%
2018-12-23 15:53:08 1 /boot 42 21 51%
2018-12-23 15:54:09 0 disk 29941 13762 49.8%
2018-12-23 15:54:09 1 / 29899 13741 53%
2018-12-23 15:54:09 1 /boot 42 21 51%
