2018-12-23 15:14 89 [TanXze,wpz,gaoyu] [pi
caohaiyan
lifaqiang
jack
ACnoWA
moying12138
Zou-JianFeng
Daniel
HuashuiL
hanxu
ryo
testuser
yjh
wzh
zhp
lyf
lzhy
wq
zhhy
hzhch
llxxnn
ChongH
jiangyouwen
lkrkrl
yuxiaowei
Tesla
sanjin
zoe
hai_ngu
sunowsir
zhushuo
james
ZRsoftware
xinyue
gaoyu
zale
wyz208282
JoMA
Faust
Myisking
peranda
llyy
wpz
TanXze
limingzhe
Vincent] [zhushuo_192.168.1.238_pts/0xinyue_192.168.1.156_pts/1wpz_192.168.1.73_pts/2TanXze_192.168.1.178_pts/3wpz_192.168.1.73_pts/4zale_192.168.1.99_pts/5pi_192.168.1.10_pts/6]
2018-12-23 15:16 89 [TanXze,wpz,gaoyu] [pi
caohaiyan
lifaqiang
jack
ACnoWA
moying12138
Zou-JianFeng
Daniel
HuashuiL
hanxu
ryo
testuser
yjh
wzh
zhp
lyf
lzhy
wq
zhhy
hzhch
llxxnn
ChongH
jiangyouwen
lkrkrl
yuxiaowei
Tesla
sanjin
zoe
hai_ngu
sunowsir
zhushuo
james
ZRsoftware
xinyue
gaoyu
zale
wyz208282
JoMA
Faust
Myisking
peranda
llyy
wpz
TanXze
limingzhe
Vincent] [zhushuo_192.168.1.238_pts/0xinyue_192.168.1.156_pts/1wpz_192.168.1.73_pts/2TanXze_192.168.1.178_pts/3wpz_192.168.1.73_pts/4zale_192.168.1.99_pts/5pi_192.168.1.10_pts/6]
2018-12-23 15:17 89 [TanXze,wpz,gaoyu] [pi
caohaiyan
lifaqiang
jack
ACnoWA
moying12138
Zou-JianFeng
Daniel
HuashuiL
hanxu
ryo
testuser
yjh
wzh
zhp
lyf
lzhy
wq
zhhy
hzhch
llxxnn
ChongH
jiangyouwen
lkrkrl
yuxiaowei
Tesla
sanjin
zoe
hai_ngu
sunowsir
zhushuo
james
ZRsoftware
xinyue
gaoyu
zale
wyz208282
JoMA
Faust
Myisking
peranda
llyy
wpz
TanXze
limingzhe
Vincent] [zhushuo_192.168.1.238_pts/0xinyue_192.168.1.156_pts/1wpz_192.168.1.73_pts/2TanXze_192.168.1.178_pts/3wpz_192.168.1.73_pts/4zale_192.168.1.99_pts/5pi_192.168.1.10_pts/6]
2018-12-23 15:18 89 [TanXze,wpz,gaoyu] [pi
caohaiyan
lifaqiang
jack
ACnoWA
moying12138
Zou-JianFeng
Daniel
HuashuiL
hanxu
ryo
testuser
yjh
wzh
zhp
lyf
lzhy
wq
zhhy
hzhch
llxxnn
ChongH
jiangyouwen
lkrkrl
yuxiaowei
Tesla
sanjin
zoe
hai_ngu
sunowsir
zhushuo
james
ZRsoftware
xinyue
gaoyu
zale
wyz208282
JoMA
Faust
Myisking
peranda
llyy
wpz
TanXze
limingzhe
Vincent] [zhushuo_192.168.1.238_pts/0xinyue_192.168.1.156_pts/1wpz_192.168.1.73_pts/2TanXze_192.168.1.178_pts/3wpz_192.168.1.73_pts/4zale_192.168.1.99_pts/5pi_192.168.1.10_pts/6]
2018-12-23 15:20 89 [TanXze,wpz,gaoyu] [pi
caohaiyan
lifaqiang
jack
ACnoWA
moying12138
Zou-JianFeng
Daniel
HuashuiL
hanxu
ryo
testuser
yjh
wzh
zhp
lyf
lzhy
wq
zhhy
hzhch
llxxnn
ChongH
jiangyouwen
lkrkrl
yuxiaowei
Tesla
sanjin
zoe
hai_ngu
sunowsir
zhushuo
james
ZRsoftware
xinyue
gaoyu
zale
wyz208282
JoMA
Faust
Myisking
peranda
llyy
wpz
TanXze
limingzhe
Vincent] [zhushuo_192.168.1.238_pts/0xinyue_192.168.1.156_pts/1wpz_192.168.1.73_pts/2TanXze_192.168.1.178_pts/3wpz_192.168.1.73_pts/4zale_192.168.1.99_pts/5pi_192.168.1.10_pts/6]
2018-12-23 15:22 89 [TanXze,wpz,gaoyu] [pi
caohaiyan
lifaqiang
jack
ACnoWA
moying12138
Zou-JianFeng
Daniel
HuashuiL
hanxu
ryo
testuser
yjh
wzh
zhp
lyf
lzhy
wq
zhhy
hzhch
llxxnn
ChongH
jiangyouwen
lkrkrl
yuxiaowei
Tesla
sanjin
zoe
hai_ngu
sunowsir
zhushuo
james
ZRsoftware
xinyue
gaoyu
zale
wyz208282
JoMA
Faust
Myisking
peranda
llyy
wpz
TanXze
limingzhe
Vincent] [zhushuo_192.168.1.238_pts/0xinyue_192.168.1.156_pts/1wpz_192.168.1.73_pts/2TanXze_192.168.1.178_pts/3wpz_192.168.1.73_pts/4zale_192.168.1.99_pts/5pi_192.168.1.10_pts/6]
2018-12-23 15:26 89 [TanXze,wpz,gaoyu] [pi
caohaiyan
lifaqiang
jack
ACnoWA
moying12138
Zou-JianFeng
Daniel
HuashuiL
hanxu
ryo
testuser
yjh
wzh
zhp
lyf
lzhy
wq
zhhy
hzhch
llxxnn
ChongH
jiangyouwen
lkrkrl
yuxiaowei
Tesla
sanjin
zoe
hai_ngu
sunowsir
zhushuo
james
ZRsoftware
xinyue
gaoyu
zale
wyz208282
JoMA
Faust
Myisking
peranda
llyy
wpz
TanXze
limingzhe
Vincent] [zhushuo_192.168.1.238_pts/0xinyue_192.168.1.156_pts/1wpz_192.168.1.73_pts/2TanXze_192.168.1.178_pts/3wpz_192.168.1.73_pts/4zale_192.168.1.99_pts/5pi_192.168.1.10_pts/6]
2018-12-23 15:29 89 [root,TanXze,wpz] [pi
caohaiyan
lifaqiang
jack
ACnoWA
moying12138
Zou-JianFeng
Daniel
HuashuiL
hanxu
ryo
testuser
yjh
wzh
zhp
lyf
lzhy
wq
zhhy
hzhch
llxxnn
ChongH
jiangyouwen
lkrkrl
yuxiaowei
Tesla
sanjin
zoe
hai_ngu
sunowsir
zhushuo
james
ZRsoftware
xinyue
gaoyu
zale
wyz208282
JoMA
Faust
Myisking
peranda
llyy
wpz
TanXze
limingzhe
Vincent] [zhushuo_192.168.1.238_pts/0xinyue_192.168.1.156_pts/1wpz_192.168.1.73_pts/2TanXze_192.168.1.178_pts/3wpz_192.168.1.73_pts/4pi_192.168.1.10_pts/6]
2018-12-23 15:34 89 [root,TanXze,wpz] [pi
caohaiyan
lifaqiang
jack
ACnoWA
moying12138
Zou-JianFeng
Daniel
HuashuiL
hanxu
ryo
testuser
yjh
wzh
zhp
lyf
lzhy
wq
zhhy
hzhch
llxxnn
ChongH
jiangyouwen
lkrkrl
yuxiaowei
Tesla
sanjin
zoe
hai_ngu
sunowsir
zhushuo
james
ZRsoftware
xinyue
gaoyu
zale
wyz208282
JoMA
Faust
Myisking
peranda
llyy
wpz
TanXze
limingzhe
Vincent] [zhushuo_192.168.1.238_pts/0xinyue_192.168.1.156_pts/1wpz_192.168.1.73_pts/2TanXze_192.168.1.178_pts/3wpz_192.168.1.73_pts/4pi_192.168.1.10_pts/6]
2018-12-23 15:40 89 [root,TanXze,wpz] [pi
caohaiyan
lifaqiang
jack
ACnoWA
moying12138
Zou-JianFeng
Daniel
HuashuiL
hanxu
ryo
testuser
yjh
wzh
zhp
lyf
lzhy
wq
zhhy
hzhch
llxxnn
ChongH
jiangyouwen
lkrkrl
yuxiaowei
Tesla
sanjin
zoe
hai_ngu
sunowsir
zhushuo
james
ZRsoftware
xinyue
gaoyu
zale
wyz208282
JoMA
Faust
Myisking
peranda
llyy
wpz
TanXze
limingzhe
Vincent] [zhushuo_192.168.1.238_pts/0xinyue_192.168.1.156_pts/1wpz_192.168.1.73_pts/2TanXze_192.168.1.178_pts/3wpz_192.168.1.73_pts/4pi_192.168.1.10_pts/6]
2018-12-23 15:47 89 [root,TanXze,wpz] [pi
caohaiyan
lifaqiang
jack
ACnoWA
moying12138
Zou-JianFeng
Daniel
HuashuiL
hanxu
ryo
testuser
yjh
wzh
zhp
lyf
lzhy
wq
zhhy
hzhch
llxxnn
ChongH
jiangyouwen
lkrkrl
yuxiaowei
Tesla
sanjin
zoe
hai_ngu
sunowsir
zhushuo
james
ZRsoftware
xinyue
gaoyu
zale
wyz208282
JoMA
Faust
Myisking
peranda
llyy
wpz
TanXze
limingzhe
Vincent] [zhushuo_192.168.1.238_pts/0xinyue_192.168.1.156_pts/1wpz_192.168.1.73_pts/2TanXze_192.168.1.178_pts/3wpz_192.168.1.73_pts/4pi_192.168.1.10_pts/6]
2018-12-23 15:54 89 [zale,root,TanXze] [pi
caohaiyan
lifaqiang
jack
ACnoWA
moying12138
Zou-JianFeng
Daniel
HuashuiL
hanxu
ryo
testuser
yjh
wzh
zhp
lyf
lzhy
wq
zhhy
hzhch
llxxnn
ChongH
jiangyouwen
lkrkrl
yuxiaowei
Tesla
sanjin
zoe
hai_ngu
sunowsir
zhushuo
james
ZRsoftware
xinyue
gaoyu
zale
wyz208282
JoMA
Faust
Myisking
peranda
llyy
wpz
TanXze
limingzhe
Vincent] [zhushuo_192.168.1.238_pts/0xinyue_192.168.1.156_pts/1wpz_192.168.1.73_pts/2TanXze_192.168.1.178_pts/3wpz_192.168.1.73_pts/4zale_192.168.1.99_pts/5pi_192.168.1.10_pts/6]
