2018-12-23__14:47 [0.77,0.75,0.68] 1.0% 27800 normal
2018-12-23__14:47 [0.71,0.73,0.68] 3.1% 27800 normal
2018-12-23__14:47 [0.73,0.74,0.68] .3% 27800 normal
2018-12-23__14:47 [0.67,0.73,0.68] 1.8% 27800 normal
2018-12-23__14:47 [0.64,0.72,0.68] 1.3% 27800 normal
2018-12-23__14:47 [0.67,0.72,0.68] 20.1% 27800 normal
2018-12-23__14:48 [0.78,0.74,0.68] 24.7% 27800 normal
2018-12-23__14:48 [0.88,0.77,0.69] 17.3% 27800 normal
2018-12-23__14:48 [1.29,0.85,0.72] 18.7% 27800 normal
2018-12-23__14:48 [1.42,0.89,0.73] 13.9% 27800 normal
2018-12-23__14:48 [1.55,0.92,0.75] 14.0% 27800 normal
2018-12-23__14:48 [1.75,0.97,0.76] 16.3% 27800 normal
2018-12-23__14:48 [1.85,1.01,0.78] 15.0% 27800 normal
2018-12-23__14:48 [1.87,1.04,0.79] 11.1% 27800 normal
2018-12-23__14:48 [2.04,1.09,0.81] 14.3% 27800 normal
2018-12-23__14:48 [2.04,1.11,0.81] 15.6% 27800 normal
2018-12-23__14:48 [2.04,1.12,0.82] 21.6% 27800 normal
2018-12-23__14:49 [2.03,1.14,0.83] 17.4% 27800 normal
2018-12-23__14:49 [2.35,1.22,0.85] 17.3% 27800 normal
2018-12-23__14:49 [2.56,1.28,0.88] 13.5% 27800 normal
2018-12-23__14:49 [2.52,1.29,0.88] 18.1% 27800 normal
2018-12-23__14:49 [2.44,1.32,0.90] 16.0% 27800 normal
2018-12-23__14:49 [2.72,1.39,0.92] 16.6% 27800 normal
2018-12-23__14:49 [2.66,1.40,0.93] 17.8% 27800 normal
2018-12-23__14:49 [2.85,1.46,0.95] 13.9% 27800 normal
2018-12-23__14:49 [2.78,1.47,0.96] 17.1% 27800 normal
2018-12-23__14:49 [2.72,1.48,0.96] 4.2% 27800 normal
2018-12-23__14:49 [2.66,1.49,0.97] 15.0% 27800 normal
2018-12-23__14:50 [2.53,1.48,0.97] 19.0% 27800 normal
2018-12-23__14:50 [2.49,1.49,0.98] 13.9% 27800 normal
2018-12-23__14:50 [2.33,1.49,0.98] 14.7% 27800 normal
2018-12-23__14:50 [2.63,1.57,1.01] 19.2% 27800 normal
2018-12-23__14:50 [2.58,1.57,1.01] 11.6% 27800 normal
2018-12-23__14:50 [2.45,1.56,1.01] 17.4% 27800 normal
2018-12-23__14:50 [2.41,1.57,1.02] 11.5% 27800 normal
2018-12-23__14:50 [2.38,1.58,1.02] 18.4% 27800 normal
2018-12-23__14:50 [2.43,1.60,1.04] 10.2% 27800 normal
2018-12-23__14:50 [2.39,1.61,1.04] 14.6% 27800 normal
2018-12-23__14:51 [2.41,1.64,1.06] 13.9% 27800 normal
2018-12-23__14:51 [2.54,1.68,1.07] 13.7% 27800 normal
2018-12-23__14:51 [2.49,1.68,1.08] 13.0% 27800 normal
2018-12-23__14:51 [2.45,1.69,1.08] 13.9% 27800 normal
2018-12-23__14:51 [2.34,1.68,1.08] 11.7% 27800 normal
2018-12-23__14:51 [2.23,1.67,1.08] 13.5% 27800 normal
2018-12-23__14:51 [2.21,1.67,1.09] 14.9% 27800 normal
2018-12-23__14:51 [2.11,1.66,1.09] 11.6% 27800 normal
2018-12-23__14:51 [2.02,1.66,1.09] 15.0% 27800 normal
2018-12-23__14:51 [2.02,1.66,1.10] 8.9% 27800 normal
2018-12-23__14:51 [2.10,1.68,1.11] 12.8% 27800 normal
2018-12-23__14:52 [2.01,1.67,1.11] 13.2% 27800 normal
2018-12-23__14:52 [2.01,1.68,1.11] 13.0% 27800 normal
2018-12-23__14:52 [2.09,1.70,1.12] 10.6% 27800 normal
2018-12-23__14:52 [2.00,1.69,1.12] 11.8% 27800 normal
2018-12-23__14:52 [2.00,1.69,1.13] 13.0% 27800 normal
2018-12-23__14:52 [2.00,1.70,1.13] 16.1% 27800 normal
2018-12-23__14:52 [2.15,1.74,1.15] 16.0% 27800 normal
2018-12-23__14:52 [2.22,1.76,1.16] 18.5% 27800 normal
2018-12-23__14:52 [2.52,1.83,1.19] 14.2% 27800 normal
2018-12-23__14:52 [2.32,1.80,1.18] 8.8% 27800 normal
2018-12-23__14:52 [2.14,1.77,1.17] 9.1% 27800 normal
2018-12-23__14:53 [1.96,1.74,1.17] 7.3% 27800 normal
2018-12-23__14:53 [1.81,1.71,1.16] 9.7% 27800 normal
2018-12-23__14:53 [1.66,1.69,1.16] 11.1% 27800 normal
2018-12-23__14:53 [1.56,1.66,1.15] 8.6% 27800 normal
2018-12-23__14:53 [1.76,1.70,1.17] 17.7% 27800 normal
2018-12-23__14:53 [1.78,1.71,1.17] 7.4% 27800 normal
2018-12-23__14:53 [1.63,1.68,1.17] 5.0% 27800 normal
2018-12-23__14:53 [1.58,1.67,1.17] 6.2% 27800 normal
2018-12-23__14:53 [1.46,1.64,1.16] 8.8% 27800 normal
2018-12-23__14:53 [1.34,1.61,1.15] 6.5% 27800 normal
2018-12-23__14:53 [1.23,1.58,1.15] 18.1% 27800 normal
2018-12-23__14:54 [1.21,1.58,1.15] 14.0% 27800 normal
2018-12-23__14:54 [1.33,1.59,1.16] 12.6% 27800 normal
2018-12-23__14:54 [1.71,1.66,1.18] 16.4% 27800 normal
2018-12-23__14:54 [1.73,1.67,1.19] 12.1% 27800 normal
2018-12-23__14:54 [1.75,1.67,1.19] 14.4% 27800 normal
2018-12-23__14:54 [1.85,1.70,1.20] 14.1% 27800 normal
2018-12-23__14:54 [1.87,1.70,1.21] 12.5% 27800 normal
2018-12-23__14:54 [1.88,1.71,1.21] 12.5% 27800 normal
2018-12-23__14:54 [2.05,1.75,1.23] 13.1% 27800 normal
2018-12-23__14:54 [2.04,1.75,1.23] 17.8% 27800 normal
2018-12-23__14:55 [2.19,1.79,1.25] 13.6% 27800 normal
2018-12-23__14:55 [2.10,1.78,1.25] 16.2% 27800 normal
2018-12-23__14:55 [2.09,1.78,1.25] 12.3% 27800 normal
2018-12-23__14:55 [2.16,1.80,1.26] 21.3% 27800 normal
2018-12-23__14:55 [2.07,1.79,1.26] 13.5% 27800 normal
2018-12-23__14:55 [2.14,1.81,1.27] 15.0% 27800 normal
2018-12-23__14:55 [2.13,1.81,1.27] 13.0% 27800 normal
2018-12-23__14:55 [2.12,1.82,1.28] 15.7% 27800 normal
2018-12-23__14:55 [2.40,1.89,1.31] 14.3% 27800 normal
2018-12-23__14:55 [2.28,1.87,1.31] 18.5% 27800 normal
2018-12-23__14:55 [2.10,1.84,1.30] 10.0% 27800 normal
2018-12-23__14:56 [1.93,1.81,1.29] 11.9% 27800 normal
2018-12-23__15:07 [0.59,0.67,0.71] 72.9% 56382 note
2018-12-23__15:07 [0.65,0.68,0.72] 10.6% 55843 note
2018-12-23__15:07 [0.60,0.67,0.71] 41.2% 55306 note
2018-12-23__15:07 [0.87,0.73,0.73] 25.6% 54230 note
2018-12-23__15:07 [0.80,0.72,0.72] 28.8% 54768 note
2018-12-23__15:07 [0.82,0.72,0.73] 19.2% 55843 note
2018-12-23__15:07 [0.75,0.71,0.72] 13.3% 54768 note
2018-12-23__15:07 [0.77,0.71,0.72] 10.5% 54230 note
2018-12-23__15:08 [0.71,0.70,0.72] 31.2% 54768 note
2018-12-23__15:08 [0.83,0.73,0.73] 15.8% 54230 note
2018-12-23__15:08 [0.85,0.73,0.73] 1.5% 55843 note
2018-12-23__15:08 [0.78,0.72,0.73] 2.4% 55306 note
2018-12-23__15:08 [0.72,0.71,0.72] 28.4% 55306 note
2018-12-23__15:08 [0.66,0.70,0.72] 14.1% 54230 note
2018-12-23__15:08 [0.61,0.69,0.72] 10.8% 56382 note
2018-12-23__15:08 [0.64,0.69,0.72] 8.0% 53692 note
2018-12-23__15:08 [0.69,0.70,0.72] 2.8% 53692 note
2018-12-23__15:08 [0.63,0.69,0.72] 4.2% 53692 note
2018-12-23__15:09 [0.66,0.69,0.72] 7.9% 54768 note
2018-12-23__15:09 [0.69,0.70,0.72] 16.7% 55306 note
2018-12-23__15:09 [1.19,0.80,0.75] 29.5% 54768 note
2018-12-23__15:09 [1.10,0.79,0.75] 10.9% 53692 note
2018-12-23__15:09 [1.01,0.78,0.75] 39.4% 55843 note
2018-12-23__15:09 [1.15,0.82,0.76] 11.7% 53692 note
2018-12-23__15:09 [1.14,0.82,0.76] 16.2% 54768 note
2018-12-23__15:09 [1.13,0.82,0.76] 9.0% 54230 note
2018-12-23__15:09 [1.04,0.81,0.76] 33.9% 55843 note
2018-12-23__15:09 [0.95,0.80,0.75] 20.3% 54230 note
2018-12-23__15:09 [0.96,0.80,0.75] 6.8% 55306 note
2018-12-23__15:10 [1.12,0.84,0.77] 11.4% 54768 note
2018-12-23__15:10 [1.03,0.82,0.76] 37.7% 55306 note
2018-12-23__15:10 [0.95,0.81,0.76] 8.1% 55306 note
2018-12-23__15:10 [0.87,0.80,0.76] 15.5% 54230 note
2018-12-23__15:10 [0.80,0.78,0.75] 13.4% 54768 note
2018-12-23__15:10 [0.74,0.77,0.75] 45.5% 56382 note
2018-12-23__15:10 [0.68,0.76,0.74] 24.0% 54768 note
2018-12-23__15:10 [0.62,0.75,0.74] 25.9% 55843 note
2018-12-23__15:10 [0.57,0.73,0.73] 21.9% 55306 note
2018-12-23__15:10 [0.56,0.72,0.73] 39.1% 55843 note
2018-12-23__15:11 [0.60,0.73,0.73] 8.1% 55843 note
2018-12-23__15:11 [0.63,0.73,0.73] 11.4% 55843 note
2018-12-23__15:11 [0.58,0.72,0.73] 22.1% 55843 note
2018-12-23__15:11 [0.53,0.71,0.72] 36.9% 56382 note
2018-12-23__15:11 [0.57,0.72,0.73] 25.2% 56382 note
2018-12-23__15:11 [0.53,0.70,0.72] 9.4% 55843 note
2018-12-23__15:11 [0.48,0.69,0.72] 5.2% 55306 note
2018-12-23__15:11 [0.48,0.68,0.72] 42.2% 54768 note
2018-12-23__15:11 [0.68,0.72,0.73] 8.7% 55843 note
2018-12-23__15:11 [0.63,0.71,0.72] 6.1% 55306 note
2018-12-23__15:11 [0.66,0.72,0.73] 6.5% 53692 note
2018-12-23__15:12 [0.61,0.70,0.72] 18.7% 54768 note
2018-12-23__15:12 [0.72,0.73,0.73] 6.1% 56382 note
2018-12-23__15:12 [0.82,0.75,0.74] 22.3% 55843 note
2018-12-23__15:12 [0.77,0.74,0.73] 3.3% 54230 note
2018-12-23__15:12 [0.71,0.73,0.73] 22.6% 54768 note
2018-12-23__15:12 [0.65,0.71,0.73] 19.0% 55843 note
2018-12-23__15:12 [0.68,0.72,0.73] 8.7% 55306 note
2018-12-23__15:12 [0.70,0.72,0.73] 28.0% 55843 note
2018-12-23__15:12 [0.65,0.71,0.72] 5.5% 54230 note
2018-12-23__15:12 [0.60,0.70,0.72] 10.6% 55306 note
2018-12-23__15:13 [0.50,0.68,0.71] 6.7% 53692 note
2018-12-23__15:13 [0.46,0.66,0.71] 5.0% 53692 note
2018-12-23__15:13 [0.43,0.65,0.70] 5.5% 54768 note
2018-12-23__15:13 [0.47,0.66,0.71] 7.4% 56382 note
2018-12-23__15:13 [0.51,0.67,0.71] 3.7% 54768 note
2018-12-23__15:13 [0.71,0.70,0.72] 8.9% 54230 note
2018-12-23__15:13 [0.82,0.73,0.73] 2.9% 54230 note
2018-12-23__15:13 [0.83,0.73,0.73] 55.5% 56382 note
2018-12-23__15:13 [0.78,0.72,0.73] 5.8% 55306 note
2018-12-23__15:13 [0.72,0.71,0.72] 2.9% 54768 note
2018-12-23__15:13 [0.66,0.70,0.72] 4.2% 53692 note
2018-12-23__15:14 [0.60,0.69,0.72] 38.4% 55843 note
2018-12-23__15:14 [0.56,0.68,0.71] 9.0% 55843 note
2018-12-23__15:14 [0.51,0.66,0.71] 21.4% 54768 note
2018-12-23__15:14 [0.47,0.65,0.70] 58.9% 55843 note
2018-12-23__15:14 [0.70,0.70,0.72] 47.6% 55306 note
2018-12-23__15:14 [0.64,0.69,0.71] 28.1% 54768 note
2018-12-23__15:14 [0.67,0.69,0.72] 22.6% 55843 note
2018-12-23__15:14 [0.62,0.68,0.71] 17.0% 54768 note
2018-12-23__15:14 [0.57,0.67,0.71] 12.7% 54768 note
2018-12-23__15:14 [0.52,0.66,0.70] 23.1% 54230 note
2018-12-23__15:14 [0.48,0.65,0.70] 6.1% 55843 note
2018-12-23__15:15 [0.60,0.67,0.71] 31.0% 54768 note
2018-12-23__15:15 [0.58,0.66,0.71] 14.6% 54768 note
2018-12-23__15:15 [0.54,0.65,0.70] 2.0% 54230 note
2018-12-23__15:15 [0.49,0.64,0.70] 2.0% 54768 note
2018-12-23__15:15 [0.45,0.63,0.69] 48.2% 55843 note
2018-12-23__15:15 [0.50,0.64,0.70] 3.3% 53692 note
2018-12-23__15:15 [0.46,0.63,0.69] 11.7% 52615 note
2018-12-23__15:15 [0.42,0.61,0.69] 8.1% 54768 note
2018-12-23__15:15 [0.36,0.59,0.68] 30.0% 55306 note
2018-12-23__15:15 [0.33,0.58,0.68] 5.1% 53692 note
2018-12-23__15:16 [0.30,0.57,0.67] 7.2% 52615 note
2018-12-23__15:16 [0.36,0.58,0.67] 33.1% 54768 note
2018-12-23__15:16 [0.33,0.57,0.67] 31.7% 54768 note
2018-12-23__15:16 [0.62,0.63,0.69] 3.7% 53692 note
2018-12-23__15:16 [0.57,0.62,0.68] 11.7% 52615 note
2018-12-23__15:16 [0.48,0.60,0.68] 4.2% 53692 note
2018-12-23__15:16 [0.44,0.59,0.67] 32.5% 54768 note
2018-12-23__15:16 [0.41,0.58,0.67] 8.0% 53692 note
2018-12-23__15:16 [0.38,0.57,0.67] 32.4% 54768 note
2018-12-23__15:16 [0.35,0.56,0.66] 9.7% 53692 note
2018-12-23__15:16 [0.32,0.55,0.66] 40.5% 54768 note
2018-12-23__15:17 [0.45,0.57,0.66] 4.8% 53692 note
2018-12-23__15:17 [0.42,0.56,0.66] 24.0% 55843 note
2018-12-23__15:17 [0.57,0.59,0.67] 8.5% 53692 note
2018-12-23__15:17 [0.53,0.58,0.67] 42.8% 54768 note
2018-12-23__15:17 [0.48,0.57,0.66] 13.0% 54768 note
2018-12-23__15:17 [0.44,0.56,0.66] 5.3% 54768 note
2018-12-23__15:17 [0.41,0.55,0.65] 16.3% 53154 note
2018-12-23__15:17 [0.46,0.56,0.66] 34.9% 53692 note
2018-12-23__15:17 [0.58,0.59,0.66] 41.1% 54768 note
2018-12-23__15:17 [0.64,0.60,0.67] 7.5% 54768 note
2018-12-23__15:18 [0.59,0.59,0.66] 11.1% 53154 note
2018-12-23__15:18 [0.54,0.58,0.66] 30.9% 54230 note
2018-12-23__15:18 [0.58,0.59,0.66] 4.7% 54230 note
2018-12-23__15:18 [0.61,0.59,0.66] 3.3% 53692 note
2018-12-23__15:18 [0.56,0.58,0.66] 4.2% 52078 note
2018-12-23__15:18 [0.52,0.57,0.66] 32.5% 53692 note
2018-12-23__15:18 [0.64,0.60,0.66] 13.1% 54230 note
2018-12-23__15:18 [0.54,0.58,0.65] 2.4% 53692 note
2018-12-23__15:18 [0.49,0.57,0.65] 12.4% 53692 note
2018-12-23__15:18 [0.45,0.56,0.65] 4.2% 52615 note
2018-12-23__15:18 [0.50,0.57,0.65] 29.7% 55843 note
2018-12-23__15:19 [0.54,0.57,0.65] 7.8% 53154 note
2018-12-23__15:19 [0.50,0.56,0.65] 6.2% 53692 note
2018-12-23__15:19 [0.45,0.55,0.64] 2.8% 53154 note
2018-12-23__15:19 [0.47,0.55,0.64] 24.0% 56382 note
2018-12-23__15:19 [0.43,0.54,0.64] 2.4% 53692 note
2018-12-23__15:19 [0.47,0.55,0.64] 6.8% 53692 note
2018-12-23__15:19 [0.44,0.54,0.64] 16.9% 53692 note
2018-12-23__15:19 [0.48,0.55,0.64] 19.6% 56920 note
2018-12-23__15:19 [0.44,0.54,0.63] 14.6% 54768 note
2018-12-23__15:19 [0.49,0.55,0.64] 3.3% 53692 note
2018-12-23__15:20 [0.49,0.55,0.64] 26.7% 53692 note
2018-12-23__15:20 [0.53,0.55,0.64] 11.1% 54230 note
2018-12-23__15:20 [0.49,0.54,0.63] 4.6% 53692 note
2018-12-23__15:20 [0.45,0.54,0.63] 3.8% 53692 note
2018-12-23__15:20 [0.41,0.53,0.63] 2.4% 52615 note
2018-12-23__15:20 [0.46,0.53,0.63] 19.2% 55843 note
2018-12-23__15:20 [0.42,0.52,0.63] 9.4% 54768 note
2018-12-23__15:20 [0.47,0.53,0.63] 4.2% 53154 note
2018-12-23__15:20 [0.40,0.52,0.62] 2.4% 52615 note
2018-12-23__15:20 [0.37,0.51,0.62] 11.9% 54768 note
2018-12-23__15:20 [0.50,0.53,0.63] 4.7% 53692 note
2018-12-23__15:21 [0.54,0.54,0.63] 3.8% 52615 note
2018-12-23__15:21 [0.65,0.56,0.64] 14.1% 53154 note
2018-12-23__15:21 [0.76,0.59,0.64] 9.6% 54768 note
2018-12-23__15:21 [0.78,0.59,0.65] 16.4% 53692 note
2018-12-23__15:21 [0.73,0.59,0.64] 2.4% 53692 note
2018-12-23__15:21 [0.68,0.58,0.64] 9.8% 53154 note
2018-12-23__15:21 [0.70,0.59,0.64] 9.9% 55843 note
2018-12-23__15:21 [0.81,0.61,0.65] 2.4% 53692 note
2018-12-23__15:21 [0.74,0.60,0.65] 4.6% 52615 note
2018-12-23__15:21 [0.76,0.61,0.65] 31.0% 53692 note
2018-12-23__15:22 [0.78,0.62,0.65] 11.1% 53692 note
2018-12-23__15:22 [0.73,0.61,0.65] 15.8% 53692 note
2018-12-23__15:22 [0.68,0.60,0.64] 18.2% 53692 note
2018-12-23__15:22 [0.62,0.59,0.64] 30.7% 55306 note
2018-12-23__15:22 [0.65,0.60,0.64] 11.1% 54768 note
2018-12-23__15:22 [0.68,0.60,0.64] 3.3% 53154 note
2018-12-23__15:22 [0.63,0.59,0.64] 32.1% 54230 note
2018-12-23__15:22 [0.58,0.58,0.64] 10.5% 54768 note
2018-12-23__15:22 [0.57,0.58,0.63] 17.0% 54230 note
2018-12-23__15:22 [0.52,0.57,0.63] 8.9% 53692 note
2018-12-23__15:22 [0.56,0.58,0.63] 9.3% 52078 note
2018-12-23__15:23 [0.60,0.59,0.64] 33.5% 53692 note
2018-12-23__15:23 [0.63,0.59,0.64] 20.0% 55306 note
2018-12-23__15:23 [0.58,0.58,0.63] 4.3% 53692 note
2018-12-23__15:23 [0.53,0.57,0.63] 6.5% 53692 note
2018-12-23__15:23 [0.60,0.59,0.64] 10.8% 53692 note
2018-12-23__15:23 [0.56,0.58,0.63] 10.3% 53692 note
2018-12-23__15:23 [0.59,0.59,0.64] 5.1% 54230 note
2018-12-23__15:23 [0.54,0.58,0.63] 5.5% 53154 note
2018-12-23__15:23 [0.66,0.60,0.64] 17.4% 53692 note
2018-12-23__15:23 [0.69,0.61,0.64] 18.3% 54768 note
2018-12-23__15:24 [0.63,0.60,0.64] 7.0% 54768 note
2018-12-23__15:24 [0.66,0.60,0.64] 16.8% 54230 note
2018-12-23__15:24 [0.56,0.58,0.63] 11.9% 54230 note
2018-12-23__15:24 [0.52,0.57,0.63] 8.3% 53692 note
2018-12-23__15:24 [0.47,0.56,0.63] 4.2% 53692 note
2018-12-23__15:24 [0.52,0.57,0.63] 27.3% 55306 note
2018-12-23__15:24 [0.47,0.56,0.62] 10.5% 53692 note
2018-12-23__15:24 [0.52,0.57,0.63] 17.9% 53692 note
2018-12-23__15:24 [0.56,0.58,0.63] 6.3% 53692 note
2018-12-23__15:24 [0.55,0.57,0.63] 32.3% 55843 note
2018-12-23__15:24 [0.51,0.56,0.62] 18.9% 53154 note
2018-12-23__15:25 [0.79,0.62,0.64] 3.7% 53692 note
2018-12-23__15:25 [0.72,0.61,0.64] 4.2% 53692 note
2018-12-23__15:25 [0.66,0.60,0.64] 2.4% 55306 note
2018-12-23__15:25 [0.61,0.59,0.63] 24.9% 54230 note
2018-12-23__15:25 [0.64,0.60,0.63] 9.6% 54768 note
2018-12-23__15:25 [0.54,0.58,0.63] 2.8% 53692 note
2018-12-23__15:25 [0.58,0.58,0.63] 2.9% 53692 note
2018-12-23__15:25 [0.53,0.57,0.63] 25.5% 54768 note
2018-12-23__15:25 [0.49,0.56,0.62] 3.8% 54768 note
2018-12-23__15:25 [0.69,0.60,0.64] 7.5% 53692 note
2018-12-23__15:26 [0.72,0.61,0.64] 4.6% 53154 note
2018-12-23__15:26 [0.66,0.60,0.63] 22.1% 53692 note
2018-12-23__15:26 [0.85,0.64,0.65] 4.2% 52615 note
2018-12-23__15:26 [0.72,0.62,0.64] 10.1% 53692 note
2018-12-23__15:26 [0.66,0.61,0.64] 3.3% 52615 note
2018-12-23__15:26 [0.61,0.60,0.63] 35.5% 53692 note
2018-12-23__15:26 [0.56,0.59,0.63] 25.4% 53154 note
2018-12-23__15:26 [0.51,0.58,0.63] 3.9% 54230 note
2018-12-23__15:26 [0.47,0.57,0.62] 3.4% 52615 note
2018-12-23__15:26 [0.43,0.56,0.62] 29.1% 53692 note
2018-12-23__15:26 [0.44,0.56,0.62] 3.3% 52615 note
2018-12-23__15:27 [0.40,0.55,0.61] 3.3% 52615 note
2018-12-23__15:27 [0.37,0.54,0.61] 2.4% 52078 note
2018-12-23__15:27 [0.34,0.53,0.61] 31.8% 53692 note
2018-12-23__15:27 [0.31,0.52,0.60] 2.4% 52615 note
2018-12-23__15:27 [0.29,0.51,0.60] 7.6% 52615 note
2018-12-23__15:27 [0.27,0.50,0.60] 10.0% 52615 note
2018-12-23__15:27 [0.38,0.52,0.60] 30.6% 53692 note
2018-12-23__15:27 [0.51,0.54,0.61] 2.4% 52615 note
2018-12-23__15:27 [0.47,0.53,0.61] 4.3% 53154 note
2018-12-23__15:27 [0.43,0.53,0.60] 3.3% 51540 note
2018-12-23__15:27 [0.39,0.52,0.60] 59.3% 54230 note
2018-12-23__15:28 [0.36,0.51,0.60] 26.0% 52615 note
2018-12-23__15:28 [0.33,0.50,0.59] 3.3% 52078 note
2018-12-23__15:28 [0.28,0.48,0.59] 2.4% 51540 note
2018-12-23__15:28 [0.34,0.49,0.59] 35.6% 54768 note
2018-12-23__15:28 [0.39,0.50,0.59] 2.9% 53692 note
2018-12-23__15:28 [0.36,0.49,0.59] 7.4% 52078 note
2018-12-23__15:28 [0.33,0.48,0.58] 4.2% 51540 note
2018-12-23__15:28 [0.63,0.54,0.60] 7.8% 53692 note
2018-12-23__15:28 [0.58,0.53,0.60] 2.9% 52615 note
2018-12-23__15:28 [0.49,0.51,0.59] 5.6% 52615 note
2018-12-23__15:29 [0.45,0.51,0.59] 4.2% 51540 note
2018-12-23__15:29 [0.65,0.55,0.60] 25.6% 54230 note
2018-12-23__15:29 [0.60,0.54,0.60] 8.3% 53154 note
2018-12-23__15:29 [0.55,0.53,0.60] 5.8% 52615 note
2018-12-23__15:29 [0.51,0.52,0.59] 2.8% 51540 note
2018-12-23__15:29 [0.47,0.51,0.59] 5.0% 53692 note
2018-12-23__15:29 [0.47,0.51,0.59] 3.7% 52078 note
2018-12-23__15:29 [0.44,0.50,0.58] 40.9% 53692 note
2018-12-23__15:29 [0.40,0.49,0.58] 36.0% 53154 note
2018-12-23__15:29 [0.45,0.50,0.58] 4.6% 53154 note
2018-12-23__15:30 [0.41,0.49,0.58] 5.5% 52078 note
2018-12-23__15:30 [0.38,0.48,0.58] 17.4% 52615 note
2018-12-23__15:30 [0.35,0.48,0.57] 1.0% 52615 note
2018-12-23__15:30 [0.40,0.49,0.58] 16.7% 53692 note
2018-12-23__15:30 [0.34,0.47,0.57] 2.4% 52078 note
2018-12-23__15:30 [0.31,0.46,0.57] 10.6% 51540 note
2018-12-23__15:30 [0.29,0.45,0.56] 2.8% 51540 note
2018-12-23__15:30 [0.34,0.46,0.56] 7.2% 52615 note
2018-12-23__15:30 [0.32,0.45,0.56] 4.2% 53154 note
2018-12-23__15:30 [0.37,0.46,0.56] 6.1% 52615 note
2018-12-23__15:30 [0.34,0.46,0.56] 12.6% 52615 note
2018-12-23__15:31 [0.44,0.47,0.56] 2.4% 53154 note
2018-12-23__15:31 [0.40,0.47,0.56] 2.4% 51540 note
2018-12-23__15:31 [0.37,0.46,0.56] 12.5% 52078 note
2018-12-23__15:31 [0.34,0.45,0.55] 11.4% 52078 note
2018-12-23__15:31 [0.39,0.46,0.56] 20.5% 52615 note
2018-12-23__15:31 [0.36,0.45,0.55] 17.1% 52615 note
2018-12-23__15:31 [0.33,0.44,0.55] 17.3% 52078 note
2018-12-23__15:31 [0.28,0.43,0.54] 20.4% 52078 note
2018-12-23__15:31 [0.26,0.42,0.54] 9.7% 52615 note
2018-12-23__15:31 [0.24,0.41,0.54] 7.5% 53692 note
2018-12-23__15:31 [0.22,0.41,0.53] 5.8% 52078 note
2018-12-23__15:32 [0.20,0.40,0.53] 32.5% 52615 note
2018-12-23__15:32 [0.99,0.56,0.58] 34.3% 54230 note
2018-12-23__15:32 [0.99,0.57,0.58] 4.6% 52615 note
2018-12-23__15:32 [0.92,0.56,0.58] 10.2% 51540 note
2018-12-23__15:32 [0.84,0.55,0.58] 31.8% 54768 note
2018-12-23__15:32 [0.77,0.55,0.58] 3.3% 52615 note
2018-12-23__15:32 [0.71,0.54,0.57] 5.5% 51540 note
2018-12-23__15:32 [0.65,0.53,0.57] 42.8% 53154 note
2018-12-23__15:32 [0.60,0.52,0.57] 33.1% 55306 note
2018-12-23__15:32 [0.55,0.51,0.56] 4.6% 52615 note
2018-12-23__15:33 [0.54,0.51,0.56] 4.6% 51540 note
2018-12-23__15:33 [0.50,0.50,0.56] 11.5% 51540 note
2018-12-23__15:33 [0.86,0.57,0.58] 32.1% 54768 note
2018-12-23__15:33 [0.79,0.56,0.58] 4.2% 52078 note
2018-12-23__15:33 [0.73,0.56,0.58] 6.3% 51540 note
2018-12-23__15:33 [0.67,0.55,0.57] 10.3% 51540 note
2018-12-23__15:33 [0.70,0.55,0.58] 31.3% 54230 note
2018-12-23__15:33 [0.72,0.56,0.58] 14.1% 52615 note
2018-12-23__15:33 [0.68,0.56,0.58] 3.8% 51540 note
2018-12-23__15:33 [0.63,0.55,0.57] 7.7% 51540 note
2018-12-23__15:33 [0.74,0.57,0.58] 32.9% 54230 note
2018-12-23__15:34 [0.68,0.56,0.58] 4.2% 52078 note
2018-12-23__15:34 [0.62,0.55,0.57] 3.4% 52615 note
2018-12-23__15:34 [0.65,0.56,0.58] 6.1% 52615 note
2018-12-23__15:34 [0.60,0.55,0.57] 8.5% 53692 note
2018-12-23__15:34 [0.58,0.55,0.57] 7.4% 52615 note
2018-12-23__15:34 [0.54,0.54,0.57] 10.8% 52615 note
2018-12-23__15:34 [0.49,0.53,0.57] 25.7% 51540 note
2018-12-23__15:34 [0.45,0.52,0.56] 4.2% 53692 note
2018-12-23__15:34 [0.50,0.53,0.56] 9.3% 52615 note
2018-12-23__15:34 [0.46,0.52,0.56] 3.4% 53692 note
2018-12-23__15:35 [0.42,0.51,0.56] 5.7% 52615 note
2018-12-23__15:35 [0.36,0.50,0.55] 9.4% 52615 note
2018-12-23__15:35 [0.33,0.49,0.55] 16.3% 53154 note
2018-12-23__15:35 [0.30,0.48,0.54] 2.8% 52078 note
2018-12-23__15:35 [0.28,0.47,0.54] 12.2% 52078 note
2018-12-23__15:35 [0.33,0.48,0.54] 1.0% 52615 note
2018-12-23__15:35 [0.39,0.49,0.55] 4.2% 52078 note
2018-12-23__15:35 [0.36,0.48,0.54] 4.1% 51540 note
2018-12-23__15:35 [0.30,0.46,0.54] 25.5% 52078 note
2018-12-23__15:35 [0.28,0.46,0.53] 2.4% 53692 note
2018-12-23__15:35 [0.58,0.51,0.55] 3.3% 52078 note
2018-12-23__15:36 [0.53,0.51,0.55] 4.2% 51540 note
2018-12-23__15:36 [0.49,0.50,0.55] 3.3% 51540 note
2018-12-23__15:36 [0.53,0.51,0.55] 12.9% 53692 note
2018-12-23__15:36 [0.49,0.50,0.55] 2.4% 52615 note
2018-12-23__15:36 [0.41,0.48,0.54] 3.7% 51540 note
2018-12-23__15:36 [0.38,0.47,0.54] 9.3% 52078 note
2018-12-23__15:36 [0.35,0.46,0.53] 1.0% 53692 note
2018-12-23__15:36 [0.32,0.46,0.53] 3.3% 51540 note
2018-12-23__15:36 [0.29,0.45,0.53] 2.9% 52615 note
2018-12-23__15:36 [0.27,0.44,0.52] 29.4% 53692 note
2018-12-23__15:37 [0.41,0.47,0.53] 3.8% 52615 note
2018-12-23__15:37 [0.42,0.47,0.53] 13.7% 52615 note
2018-12-23__15:37 [0.39,0.46,0.53] 3.3% 50464 note
2018-12-23__15:37 [0.35,0.45,0.53] 48.9% 53154 note
2018-12-23__15:37 [0.33,0.44,0.52] 4.2% 52615 note
2018-12-23__15:37 [0.30,0.44,0.52] 4.2% 51540 note
2018-12-23__15:37 [0.27,0.43,0.52] 3.8% 52078 note
2018-12-23__15:37 [0.25,0.42,0.52] 32.1% 53692 note
2018-12-23__15:37 [0.47,0.46,0.53] 4.2% 51540 note
2018-12-23__15:37 [0.47,0.47,0.53] 5.1% 51540 note
2018-12-23__15:37 [0.43,0.46,0.53] 11.5% 52615 note
2018-12-23__15:38 [0.40,0.45,0.52] 31.0% 54768 note
2018-12-23__15:38 [0.37,0.44,0.52] 3.3% 53154 note
2018-12-23__15:38 [0.34,0.43,0.52] 17.1% 53154 note
2018-12-23__15:38 [0.31,0.43,0.51] 7.2% 52615 note
2018-12-23__15:38 [0.45,0.45,0.52] 35.3% 53692 note
2018-12-23__15:38 [0.45,0.45,0.52] 8.8% 52078 note
2018-12-23__15:38 [0.41,0.45,0.52] 15.6% 53692 note
2018-12-23__15:38 [0.38,0.44,0.52] 8.4% 52615 note
2018-12-23__15:38 [0.35,0.43,0.51] 50.0% 54768 note
2018-12-23__15:38 [0.40,0.44,0.52] 26.5% 53692 note
2018-12-23__15:39 [0.45,0.45,0.52] 37.8% 53692 note
2018-12-23__15:39 [0.41,0.44,0.52] 3.3% 52078 note
2018-12-23__15:39 [0.43,0.45,0.52] 24.5% 54230 note
2018-12-23__15:39 [0.40,0.44,0.51] 1.5% 53692 note
2018-12-23__15:39 [0.52,0.46,0.52] 22.7% 53692 note
2018-12-23__15:39 [0.48,0.46,0.52] 6.4% 52615 note
2018-12-23__15:39 [0.44,0.45,0.52] 13.8% 54768 note
2018-12-23__15:39 [0.41,0.44,0.51] 15.4% 53692 note
2018-12-23__15:39 [0.37,0.43,0.51] 3.3% 53154 note
2018-12-23__15:39 [0.32,0.42,0.50] 2.4% 53692 note
2018-12-23__15:39 [0.37,0.43,0.51] 3.4% 54230 note
2018-12-23__15:40 [0.42,0.44,0.51] 34.5% 55306 note
2018-12-23__15:40 [0.39,0.43,0.51] 23.1% 53692 note
2018-12-23__15:40 [0.36,0.42,0.50] 20.1% 52615 note
2018-12-23__15:40 [0.41,0.43,0.51] 9.0% 54768 note
2018-12-23__15:40 [0.70,0.49,0.53] 3.3% 53692 note
2018-12-23__15:40 [0.64,0.48,0.52] 11.2% 52078 note
2018-12-23__15:40 [0.62,0.48,0.52] 4.3% 52615 note
2018-12-23__15:40 [0.65,0.49,0.53] 19.9% 54230 note
2018-12-23__15:40 [0.60,0.49,0.52] 10.4% 52615 note
2018-12-23__15:40 [0.63,0.49,0.53] 8.0% 52615 note
2018-12-23__15:41 [0.58,0.49,0.52] 21.6% 54230 note
2018-12-23__15:41 [0.53,0.48,0.52] 7.5% 54768 note
2018-12-23__15:41 [0.49,0.47,0.52] 8.0% 53692 note
2018-12-23__15:41 [0.49,0.47,0.52] 14.5% 53154 note
2018-12-23__15:41 [0.45,0.46,0.52] 12.8% 52615 note
2018-12-23__15:41 [0.57,0.49,0.52] 10.8% 53692 note
2018-12-23__15:41 [0.61,0.50,0.53] 3.0% 52615 note
2018-12-23__15:41 [0.56,0.49,0.52] 3.3% 52078 note
2018-12-23__15:41 [0.52,0.48,0.52] 9.1% 53692 note
2018-12-23__15:41 [0.55,0.49,0.52] 2.8% 53692 note
2018-12-23__15:41 [0.47,0.47,0.52] 9.5% 52615 note
2018-12-23__15:42 [0.43,0.46,0.51] 4.3% 53692 note
2018-12-23__15:42 [0.40,0.46,0.51] 4.7% 53154 note
2018-12-23__15:42 [0.44,0.47,0.51] 3.3% 53692 note
2018-12-23__15:42 [0.41,0.46,0.51] 15.6% 53692 note
2018-12-23__15:42 [0.46,0.47,0.51] 2.9% 53154 note
2018-12-23__15:42 [0.42,0.46,0.51] 3.3% 52615 note
2018-12-23__15:42 [0.65,0.51,0.53] 2.4% 53154 note
2018-12-23__15:42 [0.60,0.50,0.52] 22.6% 54230 note
2018-12-23__15:42 [0.63,0.51,0.53] 3.3% 52615 note
2018-12-23__15:42 [0.58,0.50,0.52] 47.0% 53692 note
2018-12-23__15:43 [0.69,0.53,0.53] 14.1% 54230 note
2018-12-23__15:43 [0.64,0.52,0.53] 8.1% 53692 note
2018-12-23__15:43 [0.59,0.51,0.53] 12.2% 53692 note
2018-12-23__15:43 [0.54,0.50,0.52] 3.3% 52615 note
2018-12-23__15:43 [0.46,0.48,0.52] 2.8% 53692 note
2018-12-23__15:43 [0.42,0.47,0.52] 5.3% 53692 note
2018-12-23__15:43 [0.39,0.47,0.51] 4.7% 52615 note
2018-12-23__15:43 [0.43,0.47,0.52] 22.3% 52615 note
2018-12-23__15:43 [0.48,0.48,0.52] 22.1% 54230 note
2018-12-23__15:43 [0.44,0.48,0.52] 28.8% 54768 note
2018-12-23__15:43 [0.49,0.48,0.52] 8.0% 53692 note
2018-12-23__15:44 [0.41,0.47,0.51] 45.9% 53692 note
2018-12-23__15:44 [0.38,0.46,0.51] 6.2% 53692 note
2018-12-23__15:44 [0.35,0.45,0.51] 10.3% 52615 note
2018-12-23__15:44 [0.40,0.46,0.51] 13.9% 53154 note
2018-12-23__15:44 [0.37,0.45,0.51] 46.1% 54768 note
2018-12-23__15:44 [0.42,0.46,0.51] 3.3% 53154 note
2018-12-23__15:44 [0.38,0.45,0.51] 11.1% 52615 note
2018-12-23__15:44 [0.33,0.44,0.50] 2.4% 52078 note
2018-12-23__15:44 [0.30,0.43,0.50] 36.7% 54768 note
2018-12-23__15:44 [0.27,0.42,0.50] 21.0% 53692 note
2018-12-23__15:45 [0.25,0.42,0.49] 18.4% 53692 note
2018-12-23__15:45 [0.23,0.41,0.49] 41.8% 54230 note
2018-12-23__15:45 [0.21,0.40,0.49] 46.1% 55843 note
2018-12-23__15:45 [0.28,0.41,0.49] 2.4% 53692 note
2018-12-23__15:45 [0.23,0.40,0.48] 12.1% 52615 note
2018-12-23__15:45 [0.54,0.46,0.50] 4.7% 52615 note
2018-12-23__15:45 [0.49,0.45,0.50] 38.4% 54768 note
2018-12-23__15:45 [0.45,0.44,0.50] 12.0% 52615 note
2018-12-23__15:45 [0.42,0.44,0.49] 29.2% 53692 note
2018-12-23__15:45 [0.46,0.45,0.50] 25.6% 53692 note
2018-12-23__15:45 [0.43,0.44,0.49] 70.7% 56382 note
2018-12-23__15:46 [0.55,0.46,0.50] 11.6% 52615 note
2018-12-23__15:46 [0.55,0.47,0.50] 33.2% 53692 note
2018-12-23__15:46 [0.66,0.49,0.51] 3.7% 53154 note
2018-12-23__15:46 [0.61,0.48,0.51] 33.4% 54768 note
2018-12-23__15:46 [0.56,0.47,0.50] 13.0% 53692 note
2018-12-23__15:46 [0.52,0.47,0.50] 6.4% 52615 note
2018-12-23__15:46 [0.56,0.48,0.50] 17.4% 52615 note
2018-12-23__15:46 [0.51,0.47,0.50] 29.6% 55843 note
2018-12-23__15:46 [0.65,0.50,0.51] 4.6% 52615 note
2018-12-23__15:46 [0.60,0.49,0.51] 6.3% 54230 note
2018-12-23__15:47 [0.55,0.48,0.51] 22.3% 53692 note
2018-12-23__15:47 [0.51,0.48,0.50] 38.4% 56382 note
2018-12-23__15:47 [0.47,0.47,0.50] 6.3% 54768 note
2018-12-23__15:47 [0.91,0.56,0.53] 7.6% 53692 note
2018-12-23__15:47 [0.84,0.55,0.53] 22.9% 53692 note
2018-12-23__15:47 [0.77,0.54,0.52] 25.8% 55843 note
2018-12-23__15:47 [0.80,0.56,0.53] 15.6% 54230 note
2018-12-23__15:47 [0.81,0.56,0.53] 2.9% 53154 note
2018-12-23__15:47 [0.83,0.57,0.54] 3.7% 53692 note
2018-12-23__15:47 [0.76,0.56,0.53] 8.2% 55843 note
2018-12-23__15:47 [0.70,0.55,0.53] 2.0% 54768 note
2018-12-23__15:48 [0.64,0.54,0.53] 3.8% 53692 note
2018-12-23__15:48 [0.59,0.53,0.52] 3.3% 53692 note
2018-12-23__15:48 [0.50,0.51,0.52] 16.9% 55843 note
2018-12-23__15:48 [0.46,0.51,0.52] 19.4% 54230 note
2018-12-23__15:48 [0.42,0.50,0.51] 8.3% 53692 note
2018-12-23__15:48 [0.39,0.49,0.51] 2.0% 53692 note
2018-12-23__15:48 [0.44,0.50,0.51] 17.3% 55843 note
2018-12-23__15:48 [0.40,0.49,0.51] 3.8% 53154 note
2018-12-23__15:48 [0.37,0.48,0.51] 2.8% 53154 note
2018-12-23__15:48 [0.58,0.52,0.52] 16.7% 53692 note
2018-12-23__15:49 [0.57,0.52,0.52] 5.6% 55306 note
2018-12-23__15:49 [0.52,0.51,0.52] 2.9% 54230 note
2018-12-23__15:49 [0.48,0.50,0.51] 18.4% 54230 note
2018-12-23__15:49 [0.52,0.51,0.52] 3.3% 53692 note
2018-12-23__15:49 [0.56,0.52,0.52] 5.1% 54768 note
2018-12-23__15:49 [0.51,0.51,0.52] 7.4% 54768 note
2018-12-23__15:49 [0.47,0.50,0.51] 6.1% 53154 note
2018-12-23__15:49 [0.40,0.49,0.51] 7.9% 53692 note
2018-12-23__15:49 [0.37,0.48,0.51] 8.7% 54230 note
2018-12-23__15:49 [0.34,0.47,0.50] 4.6% 53154 note
2018-12-23__15:49 [0.31,0.46,0.50] 7.2% 53692 note
