2018-12-18__19:21 [0.68,0.71,0.69] 3.7% +45.0째C normal
2018-12-18__19:21 [0.88,0.75,0.70] 4.0% +45.0째C normal
2018-12-18__20:06 [0.07,0.09,0.09] 55.2%  normal
2018-12-18__20:06 [0.06,0.09,0.09] 3.8%  normal
2018-12-18__20:06 [0.06,0.09,0.09] 11.0%  normal
2018-12-18__20:06 [0.05,0.09,0.08] 4.6%  normal
2018-12-18__20:07 [0.04,0.08,0.08] 2.4%  normal
2018-12-18__20:07 [0.04,0.08,0.08] 3.3%  normal
2018-12-18__20:10 [0.07,0.11,0.09] 39.4%  normal
2018-12-18__20:10 [0.15,0.12,0.09] 16.6%  normal
2018-12-18__20:10 [0.14,0.12,0.09] 8.5%  normal
2018-12-18__20:10 [0.11,0.11,0.09] 2.8%  normal
2018-12-18__20:10 [0.10,0.11,0.09] 5.1%  normal
2018-12-18__20:31 [0.16,0.14,0.12] 53.3% 47236 normal
2018-12-18__20:32 [0.73,0.27,0.16] 3.3% 47236 normal
2018-12-18__20:32 [0.68,0.27,0.16] 2.8% 46698 normal
2018-12-18__20:32 [0.62,0.26,0.16] 7.4% 45622 normal
2018-12-18__20:34 [0.26,0.22,0.15] 55.4% 47236 normal
2018-12-18__20:34 [0.24,0.21,0.15] 7.8% 46160 normal
2018-12-18__20:34 [0.22,0.21,0.15] 3.3% 46160 normal
2018-12-18__20:34 [0.20,0.20,0.15] 3.3% 46160 normal
2018-12-18__20:34 [0.18,0.20,0.15] 3.7% 46160 normal
2018-12-18__20:34 [0.15,0.19,0.15] 21.9% 46160 normal
2018-12-18__20:38 [0.16,0.15,0.13] 47.8% 47236 normal
2018-12-18__20:38 [0.23,0.16,0.13] 1.9% 47236 normal
2018-12-18__20:38 [0.19,0.16,0.13] 5.0% 46698 normal
2018-12-18__20:39 [0.18,0.15,0.13] 4.1% 46160 normal
2018-12-18__20:39 [0.16,0.15,0.13] 7.4% 46698 normal
2018-12-18__20:39 [0.23,0.16,0.14] 3.3% 46160 normal
2018-12-18__20:39 [0.21,0.16,0.13] 3.3% 46160 normal
2018-12-20__18:06 [0.05,0.06,0.06] 50.5% 48850 normal
2018-12-20__18:06 [0.04,0.06,0.06] 2.4% 48312 normal
2018-12-20__18:06 [0.04,0.06,0.06] 4.6% 47774 normal
2018-12-20__18:06 [0.03,0.05,0.06] 16.7% 48312 normal
2018-12-20__18:06 [0.03,0.05,0.06] 4.6% 48312 normal
2018-12-20__18:07 [0.03,0.05,0.06] 2.9% 48312 normal
2018-12-20__18:07 [0.02,0.05,0.06] 3.7% 47774 normal
2018-12-20__18:07 [0.02,0.05,0.06] 7.6% 48312 normal
2018-12-20__18:07 [0.02,0.05,0.06] 3.3% 47774 normal
2018-12-20__18:07 [0.18,0.08,0.07] 2.4% 48312 normal
2018-12-20__18:07 [0.16,0.08,0.07] 19.5% 48312 normal
2018-12-20__18:07 [0.15,0.08,0.06] 4.2% 48850 normal
2018-12-20__18:07 [0.14,0.08,0.06] 4.2% 47774 normal
2018-12-20__18:07 [0.12,0.07,0.06] 3.3% 48312 normal
2018-12-20__18:07 [0.11,0.07,0.06] 27.7% 48312 normal
2018-12-20__18:07 [0.11,0.07,0.06] 19.7% 48312 normal
2018-12-20__18:07 [0.18,0.09,0.07] 5.8% 48312 normal
2018-12-20__18:08 [0.16,0.09,0.07] 3.3% 47774 normal
2018-12-20__18:08 [0.15,0.08,0.07] 2.8% 47774 normal
2018-12-20__18:08 [0.14,0.08,0.07] 5.5% 47236 normal
2018-12-20__18:08 [0.21,0.10,0.07] 4.2% 48312 normal
2018-12-20__18:08 [0.26,0.11,0.08] 9.8% 48312 normal
2018-12-20__18:08 [0.24,0.11,0.08] 3.3% 48312 normal
2018-12-20__18:08 [0.22,0.11,0.08] 17.4% 48312 normal
2018-12-20__18:08 [0.28,0.12,0.08] 3.3% 47236 normal
2018-12-20__18:08 [0.26,0.12,0.08] 7.5% 48312 normal
2018-12-20__18:08 [0.24,0.12,0.08] 5.5% 48312 normal
2018-12-20__18:09 [0.22,0.12,0.08] 2.8% 48312 normal
2018-12-20__18:09 [0.33,0.14,0.09] 3.8% 48312 normal
2018-12-20__18:09 [0.30,0.14,0.09] 4.6% 47774 normal
2018-12-20__18:09 [0.28,0.14,0.09] 3.3% 47774 normal
2018-12-20__18:09 [0.42,0.17,0.10] 3.7% 47774 normal
2018-12-20__18:09 [0.38,0.17,0.10] 4.3% 48312 normal
2018-12-20__18:09 [0.35,0.17,0.10] 5.2% 47774 normal
2018-12-20__18:09 [0.65,0.23,0.12] 3.7% 48312 normal
2018-12-20__18:09 [0.62,0.24,0.12] 4.2% 48850 normal
2018-12-20__18:11 [0.09,0.16,0.10] 48.0% 49388 normal
2018-12-20__18:11 [0.08,0.15,0.10] 2.9% 48312 normal
2018-12-20__18:11 [0.07,0.15,0.10] 2.8% 48312 normal
2018-12-20__18:12 [0.10,0.15,0.10] 52.6% 49388 normal
2018-12-20__18:12 [0.37,0.20,0.12] 66.4% 49925 normal
2018-12-20__18:12 [0.34,0.20,0.11] 4.7% 49925 normal
2018-12-20__18:13 [0.31,0.20,0.11] 36.3% 49388 normal
2018-12-20__18:13 [0.22,0.18,0.11] 51.9% 49388 normal
2018-12-20__18:13 [0.20,0.18,0.11] 12.5% 49925 normal
2018-12-20__18:13 [0.19,0.17,0.11] 30.4% 49925 normal
2018-12-20__18:13 [0.25,0.19,0.11] 8.6% 49925 normal
2018-12-20__18:13 [0.23,0.19,0.11] 18.1% 48312 normal
2018-12-20__18:13 [0.21,0.18,0.11] 5.5% 49388 normal
2018-12-20__18:13 [0.36,0.21,0.12] 2.4% 49388 normal
2018-12-20__18:14 [0.30,0.20,0.12] 9.5% 49388 normal
2018-12-20__18:14 [0.28,0.20,0.12] 5.5% 48850 normal
2018-12-20__18:14 [0.25,0.20,0.12] 11.9% 49388 normal
2018-12-20__18:14 [0.31,0.21,0.12] 19.3% 49388 normal
2018-12-20__18:14 [0.37,0.22,0.13] 9.5% 50464 note
2018-12-20__18:14 [0.34,0.22,0.13] 4.2% 48850 normal
2018-12-20__18:14 [0.36,0.23,0.13] 4.7% 49388 normal
2018-12-20__18:14 [0.33,0.23,0.13] 2.8% 48312 normal
2018-12-20__18:14 [0.31,0.22,0.13] 3.3% 48312 normal
2018-12-20__18:14 [0.28,0.22,0.13] 3.7% 48312 normal
2018-12-20__18:14 [0.26,0.21,0.13] 4.2% 48312 normal
2018-12-20__18:15 [0.40,0.24,0.14] 38.8% 49388 normal
2018-12-20__18:15 [0.53,0.27,0.15] 3.3% 49388 normal
2018-12-20__18:15 [0.74,0.33,0.17] 29.1% 48312 normal
2018-12-20__18:15 [0.68,0.32,0.16] 6.5% 48850 normal
2018-12-20__18:15 [0.71,0.33,0.17] 5.5% 49388 normal
2018-12-20__18:15 [0.65,0.33,0.17] 5.6% 49388 normal
2018-12-20__18:15 [0.60,0.32,0.17] 3.7% 49388 normal
2018-12-20__18:15 [0.63,0.33,0.17] 17.1% 49388 normal
2018-12-20__18:15 [0.58,0.33,0.17] 3.3% 49925 normal
2018-12-20__18:15 [0.56,0.33,0.18] 17.9% 49388 normal
2018-12-20__18:16 [0.52,0.33,0.17] 4.4% 49388 normal
2018-12-20__18:16 [0.48,0.32,0.17] 8.2% 49388 normal
2018-12-20__18:16 [0.44,0.32,0.17] 13.0% 49388 normal
2018-12-20__18:16 [0.40,0.31,0.17] 3.4% 49925 normal
2018-12-20__18:16 [0.37,0.31,0.17] 11.4% 49388 normal
2018-12-20__18:16 [0.34,0.30,0.17] 8.0% 49388 normal
2018-12-20__18:16 [0.31,0.30,0.17] 14.7% 49925 normal
2018-12-20__18:16 [0.34,0.30,0.17] 10.4% 49388 normal
2018-12-20__18:16 [0.31,0.30,0.17] 3.8% 49388 normal
2018-12-20__18:16 [0.29,0.29,0.17] 3.8% 49388 normal
2018-12-20__18:16 [0.26,0.29,0.17] 4.2% 48312 normal
2018-12-20__18:17 [0.48,0.33,0.19] 6.1% 48312 normal
2018-12-20__18:17 [0.44,0.33,0.18] 4.2% 48312 normal
2018-12-20__18:17 [0.41,0.32,0.18] 48.4% 48850 normal
2018-12-20__18:17 [0.49,0.34,0.19] 1.9% 48850 normal
2018-12-20__18:17 [0.45,0.34,0.19] 25.9% 48850 normal
2018-12-20__18:17 [0.42,0.33,0.19] 1.9% 48312 normal
2018-12-20__18:17 [0.38,0.33,0.19] 4.2% 48312 normal
2018-12-20__18:17 [0.35,0.32,0.18] 8.0% 48312 normal
2018-12-20__18:17 [0.32,0.31,0.18] 3.3% 47774 normal
2018-12-20__18:17 [0.30,0.31,0.18] 3.3% 47774 normal
2018-12-20__18:18 [0.25,0.30,0.18] 6.0% 48312 normal
2018-12-20__18:18 [0.23,0.29,0.18] 10.1% 48312 normal
2018-12-20__18:18 [0.21,0.29,0.18] 2.8% 48312 normal
2018-12-20__18:18 [0.19,0.28,0.18] 3.7% 47774 normal
2018-12-20__18:18 [0.18,0.28,0.18] 5.8% 47774 normal
2018-12-20__18:18 [0.25,0.29,0.18] 22.4% 49388 normal
2018-12-20__18:18 [0.22,0.29,0.18] 5.0% 48312 normal
2018-12-20__18:18 [0.19,0.28,0.18] 5.0% 48312 normal
2018-12-20__18:18 [0.17,0.27,0.18] 3.8% 48312 normal
2018-12-20__18:18 [0.16,0.27,0.18] 2.8% 47774 normal
2018-12-20__18:19 [0.15,0.26,0.17] 3.7% 48312 normal
2018-12-20__18:19 [0.14,0.26,0.17] 8.5% 48312 normal
2018-12-20__18:19 [0.12,0.25,0.17] 2.4% 48312 normal
2018-12-20__18:19 [0.11,0.25,0.17] 2.8% 48312 normal
2018-12-20__18:19 [0.10,0.24,0.17] 3.7% 47774 normal
2018-12-20__18:19 [0.09,0.23,0.17] 2.9% 47774 normal
2018-12-20__18:19 [0.16,0.25,0.17] 2.9% 48850 normal
2018-12-20__18:19 [0.15,0.24,0.17] 3.3% 48312 normal
2018-12-20__18:19 [0.14,0.24,0.17] 7.5% 48312 normal
2018-12-20__18:19 [0.12,0.23,0.17] 2.4% 47774 normal
2018-12-20__18:19 [0.11,0.23,0.17] 2.4% 47774 normal
2018-12-20__18:20 [0.32,0.27,0.18] 29.1% 48850 normal
2018-12-20__18:20 [0.30,0.27,0.18] 5.1% 48850 normal
2018-12-20__18:20 [0.27,0.26,0.18] 3.3% 48312 normal
2018-12-20__18:20 [0.25,0.26,0.18] 5.0% 48312 normal
2018-12-20__18:20 [0.23,0.25,0.18] 1.9% 48312 normal
2018-12-20__18:20 [0.21,0.25,0.18] 2.4% 48312 normal
2018-12-20__18:20 [0.28,0.26,0.18] 4.6% 48312 normal
2018-12-20__18:20 [0.23,0.25,0.18] 3.7% 47774 normal
2018-12-20__18:20 [0.29,0.27,0.19] 5.5% 48312 normal
2018-12-20__18:20 [0.27,0.26,0.18] 3.8% 48312 normal
2018-12-20__18:21 [0.25,0.26,0.18] 3.3% 47774 normal
2018-12-20__18:21 [0.23,0.25,0.18] 9.4% 48312 normal
2018-12-20__18:21 [0.21,0.25,0.18] 4.2% 47774 normal
2018-12-20__18:21 [0.67,0.34,0.21] 3.8% 48312 normal
2018-12-20__18:21 [0.57,0.33,0.21] 2.8% 48312 normal
2018-12-20__18:21 [0.52,0.33,0.21] 3.8% 48312 normal
2018-12-20__18:21 [0.48,0.32,0.21] 38.0% 49388 normal
2018-12-20__18:21 [0.44,0.32,0.20] 3.8% 48312 normal
2018-12-20__18:21 [0.41,0.31,0.20] 3.3% 48850 normal
2018-12-20__18:21 [0.37,0.30,0.20] 3.3% 48312 normal
2018-12-20__18:21 [0.39,0.31,0.20] 3.3% 48312 normal
2018-12-20__18:22 [0.36,0.31,0.20] 2.4% 48312 normal
2018-12-20__18:22 [0.33,0.30,0.20] 15.9% 47774 normal
2018-12-20__18:22 [0.30,0.29,0.20] 60.5% 48312 normal
2018-12-20__18:22 [0.28,0.29,0.20] 3.8% 48312 normal
2018-12-20__18:22 [0.26,0.28,0.20] 2.4% 47774 normal
2018-12-20__18:22 [0.24,0.28,0.20] 3.3% 48312 normal
2018-12-20__18:22 [0.28,0.29,0.20] 2.9% 48850 normal
2018-12-20__18:22 [0.26,0.28,0.20] 2.4% 48312 normal
2018-12-20__18:22 [0.24,0.28,0.20] 5.6% 47774 normal
2018-12-20__18:22 [0.22,0.27,0.19] 2.4% 48312 normal
2018-12-20__18:23 [0.20,0.27,0.19] 28.6% 48312 normal
2018-12-20__18:23 [0.18,0.26,0.19] 11.1% 48312 normal
2018-12-20__18:23 [0.25,0.28,0.20] 30.5% 48850 normal
2018-12-20__18:23 [0.36,0.30,0.20] 2.4% 48312 normal
2018-12-20__18:23 [0.34,0.29,0.20] 4.6% 48312 normal
2018-12-20__18:23 [0.31,0.29,0.20] 3.7% 47774 normal
2018-12-20__18:23 [0.28,0.28,0.20] 6.8% 48312 normal
2018-12-20__18:23 [0.26,0.28,0.20] 3.3% 48312 normal
2018-12-20__18:23 [0.24,0.27,0.20] 2.4% 48312 normal
2018-12-20__18:23 [0.22,0.27,0.20] 6.4% 48312 normal
2018-12-20__18:23 [0.18,0.26,0.19] 4.2% 48312 normal
2018-12-20__18:24 [0.17,0.26,0.19] 4.6% 48312 normal
2018-12-20__18:24 [0.16,0.25,0.19] 4.7% 48312 normal
2018-12-20__18:24 [0.14,0.25,0.19] 6.7% 48312 normal
2018-12-20__18:24 [0.13,0.24,0.19] 9.4% 48312 normal
2018-12-20__18:24 [0.12,0.24,0.19] 6.0% 48312 normal
2018-12-20__18:24 [0.11,0.23,0.18] 4.2% 47774 normal
2018-12-20__18:24 [0.09,0.23,0.18] 4.2% 47774 normal
2018-12-20__18:24 [0.09,0.22,0.18] 18.1% 48312 normal
2018-12-20__18:24 [0.08,0.22,0.18] 7.4% 48312 normal
2018-12-20__18:24 [0.07,0.21,0.18] 7.9% 47774 normal
2018-12-20__18:25 [0.07,0.21,0.18] 5.1% 48312 normal
2018-12-20__18:25 [0.06,0.21,0.18] 10.6% 48312 normal
2018-12-20__18:25 [0.06,0.20,0.18] 2.9% 48312 normal
2018-12-20__18:25 [0.05,0.20,0.17] 3.8% 48312 normal
2018-12-20__18:25 [0.12,0.21,0.18] 2.4% 48312 normal
2018-12-20__18:25 [0.11,0.21,0.18] 5.6% 47774 normal
2018-12-20__18:25 [0.18,0.22,0.18] 7.1% 47774 normal
2018-12-20__18:25 [0.17,0.22,0.18] 43.6% 48312 normal
2018-12-20__18:25 [0.16,0.21,0.18] 6.1% 48850 normal
2018-12-20__18:25 [0.14,0.21,0.18] 4.6% 48312 normal
2018-12-20__18:25 [0.20,0.22,0.18] 17.5% 48312 normal
2018-12-20__18:26 [0.18,0.21,0.18] 6.0% 48312 normal
2018-12-20__18:26 [0.17,0.21,0.18] 3.3% 47774 normal
2018-12-20__18:26 [0.16,0.21,0.18] 5.4% 48312 normal
2018-12-20__18:26 [0.14,0.20,0.18] 2.9% 48312 normal
2018-12-20__18:26 [0.29,0.23,0.19] 3.3% 48312 normal
2018-12-20__18:26 [0.27,0.23,0.19] 3.3% 48312 normal
2018-12-20__18:26 [0.23,0.22,0.18] 21.3% 48312 normal
2018-12-20__18:26 [0.77,0.33,0.22] 14.1% 48850 normal
2018-12-20__18:26 [0.72,0.34,0.22] 2.9% 48312 normal
2018-12-20__18:26 [0.67,0.33,0.22] 6.5% 48850 normal
2018-12-20__18:27 [0.61,0.33,0.22] 11.6% 48850 normal
2018-12-20__18:27 [0.64,0.34,0.22] 2.4% 48312 normal
2018-12-20__18:27 [0.59,0.33,0.22] 7.1% 48312 normal
2018-12-20__18:27 [0.54,0.33,0.22] 26.5% 49388 normal
2018-12-20__18:27 [0.50,0.32,0.22] 7.2% 48850 normal
2018-12-20__18:27 [0.50,0.33,0.22] 6.3% 49388 normal
2018-12-20__18:27 [0.46,0.32,0.22] 12.4% 49388 normal
2018-12-20__18:27 [0.42,0.32,0.22] 29.5% 49388 normal
2018-12-20__18:27 [0.39,0.31,0.22] 5.2% 49388 normal
2018-12-20__18:27 [0.35,0.30,0.22] 5.2% 49388 normal
2018-12-20__18:28 [0.33,0.30,0.22] 9.4% 48850 normal
2018-12-20__18:28 [0.30,0.29,0.21] 2.8% 48850 normal
2018-12-20__18:28 [0.25,0.28,0.21] 5.0% 47774 normal
2018-12-20__18:28 [0.23,0.28,0.21] 2.8% 48312 normal
2018-12-20__18:28 [0.21,0.27,0.21] 13.9% 49388 normal
2018-12-20__18:28 [0.20,0.27,0.21] 7.4% 48850 normal
2018-12-20__18:29 [0.20,0.26,0.20] 53.1% 49388 normal
2018-12-20__18:29 [0.27,0.27,0.21] 3.3% 48850 normal
2018-12-20__18:29 [0.39,0.29,0.22] 3.3% 48312 normal
2018-12-20__18:29 [0.60,0.34,0.23] 3.3% 48312 normal
2018-12-20__18:29 [0.55,0.33,0.23] 3.3% 48312 normal
2018-12-20__18:29 [0.50,0.33,0.23] 3.3% 48312 normal
2018-12-20__18:29 [0.46,0.32,0.23] 4.2% 47774 normal
2018-12-20__18:30 [0.43,0.32,0.23] 6.7% 48312 normal
2018-12-20__18:30 [0.39,0.31,0.22] 3.3% 48312 normal
2018-12-20__18:30 [0.33,0.30,0.22] 3.3% 47774 normal
2018-12-20__18:30 [0.30,0.29,0.22] 8.2% 48312 normal
2018-12-20__18:30 [0.28,0.29,0.22] 9.6% 49388 normal
2018-12-20__18:30 [0.26,0.28,0.22] 3.4% 49388 normal
2018-12-20__18:30 [0.24,0.28,0.22] 4.6% 48312 normal
2018-12-20__18:30 [0.22,0.27,0.21] 3.7% 48850 normal
2018-12-20__18:30 [0.20,0.27,0.21] 4.3% 48312 normal
2018-12-20__18:30 [0.17,0.26,0.21] 6.7% 49388 normal
2018-12-20__18:30 [0.15,0.26,0.21] 8.1% 49388 normal
2018-12-20__18:31 [0.14,0.25,0.21] 12.4% 48312 normal
2018-12-20__18:31 [0.13,0.25,0.21] 11.0% 48312 normal
2018-12-20__18:31 [0.12,0.24,0.20] 5.5% 48312 normal
2018-12-20__18:31 [0.11,0.24,0.20] 15.7% 49388 normal
2018-12-20__18:31 [0.18,0.25,0.21] 7.0% 49925 normal
2018-12-20__18:31 [0.37,0.29,0.22] 14.5% 49388 normal
2018-12-20__18:31 [0.34,0.29,0.22] 17.8% 49388 normal
2018-12-20__18:31 [0.32,0.28,0.22] 9.6% 48312 normal
2018-12-20__18:31 [0.29,0.28,0.22] 6.4% 48312 normal
2018-12-20__18:31 [0.27,0.27,0.22] 5.6% 48850 normal
2018-12-20__18:32 [0.25,0.27,0.21] 5.7% 48312 normal
2018-12-20__18:32 [0.23,0.26,0.21] 8.7% 48312 normal
2018-12-20__18:32 [0.35,0.29,0.22] 4.6% 48312 normal
2018-12-20__18:32 [0.32,0.28,0.22] 8.8% 48312 normal
2018-12-20__18:32 [0.29,0.28,0.22] 6.7% 48850 normal
2018-12-20__18:32 [0.27,0.27,0.22] 8.0% 48850 normal
2018-12-20__18:32 [0.25,0.27,0.22] 11.0% 49388 normal
2018-12-20__18:32 [0.23,0.26,0.21] 4.7% 48312 normal
2018-12-20__18:32 [0.21,0.26,0.21] 2.4% 48850 normal
2018-12-20__18:32 [0.18,0.25,0.21] 4.3% 48850 normal
2018-12-20__18:32 [0.24,0.26,0.21] 4.2% 48312 normal
2018-12-20__18:33 [0.22,0.26,0.21] 9.6% 48312 normal
2018-12-20__18:33 [0.20,0.25,0.21] 4.6% 48312 normal
2018-12-20__18:33 [0.19,0.25,0.21] 9.4% 49388 normal
2018-12-20__18:33 [0.17,0.24,0.21] 4.4% 49388 normal
2018-12-20__18:33 [0.16,0.24,0.21] 38.9% 49388 normal
2018-12-20__18:33 [0.63,0.34,0.24] 3.3% 49388 normal
2018-12-20__18:33 [0.53,0.32,0.23] 29.4% 48312 normal
2018-12-20__18:33 [0.57,0.34,0.24] 6.1% 48850 normal
2018-12-20__18:33 [0.52,0.33,0.24] 19.2% 49388 normal
2018-12-20__18:33 [0.48,0.32,0.24] 4.2% 48850 normal
2018-12-20__18:34 [0.44,0.32,0.23] 4.6% 48312 normal
2018-12-20__18:34 [0.41,0.31,0.23] 9.2% 48850 normal
2018-12-20__18:34 [0.34,0.30,0.23] 2.8% 48312 normal
2018-12-20__18:34 [0.31,0.30,0.23] 3.3% 48312 normal
2018-12-20__18:34 [0.29,0.29,0.23] 4.6% 47774 normal
2018-12-20__18:34 [0.27,0.29,0.23] 12.2% 48850 normal
2018-12-20__18:34 [0.24,0.28,0.22] 4.6% 48312 normal
2018-12-20__18:34 [0.31,0.29,0.23] 4.2% 48312 normal
2018-12-20__18:34 [0.28,0.29,0.23] 3.7% 48312 normal
2018-12-20__18:52 [0.04,0.10,0.13] 48.0% 48850 normal
2018-12-20__18:52 [0.03,0.09,0.13] 3.8% 48850 normal
2018-12-20__18:52 [0.03,0.09,0.13] 3.3% 48312 normal
2018-12-20__18:52 [0.03,0.09,0.13] 4.8% 48312 normal
2018-12-20__18:52 [0.02,0.09,0.13] 2.4% 47774 normal
2018-12-20__18:53 [0.02,0.09,0.12] 1.9% 47774 normal
2018-12-20__18:53 [0.02,0.08,0.12] 3.3% 48312 normal
2018-12-20__18:53 [0.02,0.08,0.12] 8.9% 48312 normal
2018-12-20__18:53 [0.02,0.08,0.12] 2.9% 48312 normal
2018-12-20__18:53 [0.01,0.08,0.12] 5.5% 48312 normal
2018-12-20__18:53 [0.01,0.08,0.12] 31.7% 48312 normal
2018-12-20__18:53 [0.01,0.08,0.12] 23.2% 49388 normal
2018-12-20__18:53 [0.01,0.07,0.12] 7.0% 48312 normal
2018-12-20__18:53 [0.01,0.07,0.12] 3.7% 48312 normal
2018-12-20__18:53 [0.01,0.07,0.11] 5.0% 48312 normal
2018-12-20__18:54 [0.01,0.07,0.11] 3.3% 48312 normal
2018-12-20__18:54 [0.01,0.07,0.11] 3.3% 48312 normal
2018-12-20__18:54 [0.00,0.07,0.11] 5.9% 47774 normal
2018-12-20__18:54 [0.00,0.06,0.11] 14.5% 48312 normal
2018-12-20__18:54 [0.00,0.06,0.11] 10.7% 48312 normal
2018-12-20__18:54 [0.00,0.06,0.11] 10.7% 47774 normal
2018-12-20__18:54 [0.54,0.17,0.14] 3.3% 48312 normal
2018-12-20__18:54 [0.66,0.21,0.16] 3.3% 49388 normal
2018-12-20__18:54 [0.60,0.20,0.15] 3.8% 48312 normal
2018-12-20__18:54 [0.55,0.20,0.15] 2.4% 48312 normal
2018-12-20__18:55 [0.75,0.25,0.17] 21.2% 49388 normal
2018-12-20__18:55 [0.69,0.24,0.17] 7.1% 48312 normal
2018-12-20__18:55 [0.63,0.24,0.17] 3.3% 48312 normal
2018-12-20__18:55 [0.54,0.23,0.16] 2.4% 48312 normal
2018-12-20__18:55 [0.49,0.22,0.16] 9.2% 48850 normal
2018-12-20__18:55 [0.45,0.22,0.16] 3.8% 48312 normal
2018-12-20__18:55 [0.42,0.22,0.16] 2.8% 48312 normal
2018-12-20__18:55 [0.38,0.21,0.16] 5.5% 48312 normal
2018-12-20__18:55 [0.35,0.21,0.16] 8.4% 49388 normal
2018-12-20__18:55 [0.48,0.24,0.17] 5.0% 48312 normal
2018-12-20__18:55 [0.41,0.23,0.17] 2.8% 48312 normal
2018-12-20__18:56 [0.38,0.23,0.17] 2.4% 48312 normal
2018-12-20__18:56 [0.35,0.22,0.17] 3.3% 48312 normal
2018-12-20__18:56 [0.32,0.22,0.17] 16.1% 48312 normal
2018-12-20__18:56 [0.29,0.21,0.16] 3.3% 48312 normal
2018-12-20__18:56 [0.27,0.21,0.16] 6.3% 48312 normal
2018-12-20__18:56 [0.25,0.21,0.16] 2.8% 48312 normal
2018-12-20__18:56 [0.28,0.22,0.17] 2.4% 48312 normal
2018-12-20__18:56 [0.26,0.21,0.17] 24.0% 49388 normal
2018-12-20__18:56 [0.24,0.21,0.16] 6.6% 49388 normal
2018-12-20__19:17 [0.07,0.06,0.09] 49.8% 49925 normal
2018-12-20__19:17 [0.14,0.08,0.10] 10.7% 49388 normal
2018-12-20__19:17 [0.27,0.11,0.11] 3.9% 49388 normal
2018-12-20__19:17 [0.25,0.11,0.11] 4.7% 49388 normal
2018-12-20__19:17 [0.31,0.12,0.11] 9.6% 49388 normal
2018-12-20__19:17 [0.44,0.15,0.12] 6.1% 49388 normal
2018-12-20__19:17 [0.41,0.15,0.12] 3.8% 49388 normal
2018-12-20__19:18 [0.37,0.15,0.12] 9.3% 49388 normal
2018-12-20__20:15 [0.20,0.32,0.38] .8% +43.0째C normal
2018-12-20__20:15 [0.26,0.33,0.38] 2.2% +43.0째C normal
2018-12-20__20:29 [0.22,0.27,0.32] 46.8% 49388 normal
2018-12-20__20:29 [0.20,0.26,0.32] 2.9% 49388 normal
2018-12-20__20:29 [0.18,0.26,0.31] 7.4% 49388 normal
2018-12-20__20:30 [0.25,0.27,0.32] 8.8% 49388 normal
2018-12-20__20:30 [0.31,0.29,0.32] 6.5% 49925 normal
2018-12-20__20:30 [0.29,0.28,0.32] 3.7% 49925 normal
2018-12-20__20:30 [0.26,0.28,0.32] 3.3% 49388 normal
2018-12-20__20:30 [0.30,0.28,0.32] 35.2% 50464 note
2018-12-20__20:30 [0.28,0.28,0.32] 63.6% 50464 note
2018-12-20__20:30 [0.25,0.27,0.32] 9.0% 49388 normal
2018-12-20__20:30 [0.39,0.30,0.33] 6.9% 49925 normal
2018-12-20__20:30 [0.44,0.31,0.33] 6.9% 49388 normal
2018-12-20__20:30 [0.41,0.31,0.33] 6.6% 49388 normal
2018-12-20__20:30 [0.38,0.30,0.33] 3.3% 49925 normal
2018-12-20__20:31 [0.56,0.34,0.34] 26.1% 51002 note
2018-12-20__20:31 [0.51,0.34,0.34] 37.3% 51540 note
2018-12-20__20:31 [0.47,0.33,0.33] 3.7% 49388 normal
2018-12-20__20:31 [0.43,0.32,0.33] 12.6% 50464 note
2018-12-20__20:31 [0.64,0.37,0.35] 3.8% 50464 note
2018-12-20__20:31 [0.67,0.38,0.35] 13.4% 49925 normal
2018-12-20__20:31 [0.70,0.39,0.35] 5.6% 49925 normal
2018-12-20__20:31 [0.67,0.39,0.36] 27.8% 50464 note
2018-12-20__20:31 [0.61,0.39,0.35] 35.1% 51002 note
2018-12-20__20:31 [0.57,0.38,0.35] 28.4% 50464 note
2018-12-20__20:32 [0.52,0.37,0.35] 9.8% 49388 normal
2018-12-20__20:32 [0.64,0.40,0.36] 18.9% 49925 normal
2018-12-20__20:32 [0.59,0.39,0.36] 10.5% 50464 note
2018-12-20__20:32 [0.72,0.43,0.37] 12.5% 50464 note
2018-12-20__20:32 [0.75,0.44,0.37] 10.5% 50464 note
2018-12-20__20:32 [0.69,0.43,0.37] 22.2% 50464 note
2018-12-20__20:32 [0.63,0.43,0.37] 45.5% 50464 note
2018-12-20__20:32 [0.58,0.42,0.37] 14.2% 49925 normal
2018-12-20__20:32 [0.62,0.43,0.37] 4.7% 49925 normal
2018-12-20__20:32 [0.65,0.44,0.37] 8.9% 50464 note
2018-12-20__20:32 [0.79,0.47,0.39] 3.3% 50464 note
2018-12-20__20:33 [0.80,0.48,0.39] 9.1% 50464 note
2018-12-20__20:33 [0.82,0.49,0.39] 7.0% 50464 note
2018-12-20__20:33 [0.91,0.52,0.40] 29.0% 50464 note
2018-12-20__20:33 [0.84,0.51,0.40] 33.8% 50464 note
2018-12-20__20:33 [0.77,0.50,0.40] 18.6% 50464 note
2018-12-20__20:33 [0.79,0.51,0.40] 7.4% 50464 note
2018-12-20__20:33 [0.67,0.49,0.39] 3.7% 49925 normal
2018-12-20__20:33 [0.62,0.48,0.39] 9.8% 51540 note
2018-12-20__20:33 [0.65,0.49,0.40] 3.3% 50464 note
2018-12-20__20:33 [0.60,0.48,0.39] 6.8% 51540 note
2018-12-20__20:34 [0.55,0.47,0.39] 35.2% 50464 note
2018-12-20__20:34 [0.50,0.47,0.39] 22.0% 50464 note
2018-12-20__20:34 [0.54,0.48,0.39] 9.6% 50464 note
2018-12-20__20:34 [0.90,0.55,0.42] 3.7% 50464 note
2018-12-20__20:34 [0.76,0.53,0.41] 6.6% 50464 note
2018-12-20__20:34 [0.78,0.54,0.42] 9.4% 50464 note
2018-12-20__20:34 [0.80,0.55,0.42] 9.7% 50464 note
2018-12-20__20:34 [0.73,0.54,0.42] 35.8% 50464 note
2018-12-20__20:34 [0.68,0.53,0.41] 45.1% 50464 note
2018-12-20__20:34 [0.86,0.57,0.43] 21.4% 49925 normal
2018-12-20__20:34 [0.80,0.57,0.43] 2.4% 50464 note
2018-12-20__20:35 [0.74,0.56,0.43] 2.8% 49925 normal
2018-12-20__20:35 [0.76,0.57,0.43] 53.8% 51002 note
2018-12-20__20:35 [0.70,0.56,0.43] 17.7% 51002 note
2018-12-20__20:35 [0.64,0.55,0.43] 30.9% 51540 note
2018-12-20__20:35 [0.59,0.54,0.42] 36.3% 50464 note
2018-12-20__20:35 [0.70,0.56,0.43] 8.3% 50464 note
2018-12-20__20:35 [0.59,0.54,0.43] 6.4% 50464 note
2018-12-20__20:35 [0.55,0.53,0.42] 5.1% 50464 note
2018-12-20__20:35 [0.50,0.52,0.42] 6.4% 50464 note
2018-12-20__20:35 [0.62,0.55,0.43] 3.3% 50464 note
2018-12-20__20:36 [0.57,0.54,0.43] 8.8% 52078 note
2018-12-20__20:36 [0.53,0.53,0.43] 35.4% 51540 note
2018-12-20__20:36 [0.48,0.52,0.42] 34.2% 51540 note
2018-12-20__20:36 [0.48,0.52,0.42] 21.3% 50464 note
2018-12-20__20:36 [0.44,0.51,0.42] 9.4% 49925 normal
2018-12-20__20:36 [0.41,0.50,0.42] 2.8% 49925 normal
2018-12-20__20:36 [0.46,0.51,0.42] 1.5% 51540 note
2018-12-20__20:36 [0.42,0.50,0.42] 5.7% 50464 note
2018-12-20__20:36 [0.39,0.49,0.42] 33.2% 51002 note
2018-12-20__20:36 [0.35,0.49,0.42] 49.1% 51002 note
2018-12-20__20:36 [0.45,0.50,0.42] 2.9% 51002 note
2018-12-20__20:37 [0.42,0.49,0.42] 9.6% 50464 note
2018-12-20__20:37 [0.38,0.49,0.42] 3.3% 50464 note
2018-12-20__20:37 [0.43,0.50,0.42] 9.6% 50464 note
2018-12-20__20:37 [0.40,0.49,0.42] 7.5% 49925 normal
2018-12-20__20:37 [0.37,0.48,0.42] 10.6% 51540 note
2018-12-20__20:37 [0.34,0.47,0.41] 30.0% 51002 note
2018-12-20__20:37 [0.36,0.47,0.41] 47.8% 51002 note
2018-12-20__20:37 [0.33,0.46,0.41] 16.9% 50464 note
2018-12-20__20:37 [0.30,0.45,0.41] 17.9% 50464 note
2018-12-20__20:37 [0.44,0.48,0.42] 10.6% 50464 note
2018-12-20__20:38 [0.40,0.47,0.42] 9.9% 50464 note
2018-12-20__20:38 [0.37,0.46,0.41] 21.6% 50464 note
2018-12-20__20:38 [0.34,0.46,0.41] 35.7% 50464 note
2018-12-20__20:38 [0.36,0.46,0.41] 30.6% 50464 note
2018-12-20__20:38 [0.33,0.45,0.41] 15.7% 50464 note
2018-12-20__20:38 [0.31,0.44,0.41] 9.7% 50464 note
2018-12-20__20:38 [0.36,0.45,0.41] 11.2% 50464 note
2018-12-20__20:38 [0.33,0.44,0.41] 7.0% 51540 note
2018-12-20__20:38 [0.31,0.44,0.41] 36.5% 51002 note
2018-12-20__20:38 [0.44,0.46,0.41] 32.3% 51002 note
2018-12-20__20:38 [0.68,0.51,0.43] 31.3% 51540 note
2018-12-20__20:39 [0.62,0.50,0.43] 22.0% 50464 note
2018-12-20__20:39 [0.57,0.50,0.43] 8.3% 50464 note
2018-12-20__20:39 [0.53,0.49,0.42] 8.3% 50464 note
2018-12-20__20:39 [0.72,0.53,0.44] 5.7% 51002 note
2018-12-20__20:39 [0.67,0.52,0.44] 3.7% 50464 note
2018-12-20__20:39 [0.61,0.51,0.43] 15.1% 50464 note
2018-12-20__20:39 [0.60,0.51,0.43] 34.6% 50464 note
2018-12-20__20:39 [0.63,0.52,0.44] 25.6% 50464 note
2018-12-20__20:39 [0.58,0.51,0.44] 7.4% 49925 normal
2018-12-20__20:39 [0.53,0.50,0.43] 5.7% 49925 normal
2018-12-20__20:40 [0.57,0.51,0.44] 8.9% 51002 note
2018-12-20__20:40 [0.60,0.52,0.44] 4.3% 49925 normal
2018-12-20__20:40 [0.64,0.53,0.44] 8.9% 50464 note
2018-12-20__20:40 [0.62,0.53,0.44] 32.9% 51002 note
2018-12-20__20:40 [0.57,0.52,0.44] 51.6% 50464 note
2018-12-20__20:40 [0.52,0.51,0.44] 4.6% 50464 note
2018-12-20__20:40 [0.48,0.50,0.44] 8.5% 50464 note
2018-12-20__20:40 [0.52,0.51,0.44] 2.9% 50464 note
2018-12-20__20:40 [0.48,0.50,0.44] 16.9% 50464 note
2018-12-20__20:40 [0.44,0.49,0.44] 8.5% 50464 note
2018-12-20__20:40 [0.53,0.51,0.44] 6.6% 50464 note
2018-12-20__20:41 [0.73,0.55,0.46] 33.5% 52078 note
2018-12-20__20:41 [2.35,0.92,0.58] 57.0% 50464 note
2018-12-20__20:41 [2.25,0.92,0.58] 3.8% 50464 note
2018-12-20__20:41 [2.07,0.91,0.58] 8.9% 50464 note
2018-12-20__20:41 [1.75,0.88,0.57] 4.6% 49925 normal
2018-12-20__20:41 [1.69,0.88,0.58] 10.1% 50464 note
2018-12-20__20:41 [1.55,0.87,0.57] 5.1% 51540 note
2018-12-20__20:42 [1.43,0.85,0.57] 35.4% 51540 note
2018-12-20__20:42 [1.31,0.84,0.57] 55.7% 51540 note
2018-12-20__20:42 [1.37,0.86,0.57] 9.6% 51540 note
2018-12-20__20:42 [1.34,0.86,0.58] 3.4% 50464 note
2018-12-20__20:42 [1.13,0.83,0.57] 6.1% 50464 note
2018-12-20__20:42 [1.04,0.82,0.57] 7.9% 50464 note
2018-12-20__20:42 [1.12,0.84,0.57] 4.7% 51002 note
2018-12-20__20:42 [1.03,0.82,0.57] 12.4% 51540 note
2018-12-20__20:42 [1.03,0.83,0.57] 28.4% 51540 note
2018-12-20__20:42 [0.94,0.81,0.57] 33.1% 50464 note
2018-12-20__20:42 [0.95,0.81,0.57] 9.8% 50464 note
2018-12-20__20:43 [0.88,0.80,0.57] 7.0% 50464 note
2018-12-20__20:43 [1.13,0.86,0.59] 8.8% 49925 normal
2018-12-20__20:43 [1.20,0.88,0.60] 7.8% 50464 note
2018-12-20__20:43 [1.10,0.86,0.59] 9.1% 50464 note
2018-12-20__20:43 [1.01,0.85,0.59] 44.6% 51540 note
2018-12-20__20:43 [1.41,0.93,0.62] 29.2% 51002 note
2018-12-20__20:43 [1.38,0.93,0.62] 6.1% 50464 note
2018-12-20__20:43 [1.17,0.90,0.61] 16.9% 50464 note
2018-12-20__20:43 [1.07,0.89,0.61] 4.7% 51002 note
2018-12-20__20:43 [1.07,0.89,0.61] 7.2% 50464 note
