2018-12-23 14:48:16 0 disk 46172 26126 38.8%
2018-12-23 14:48:16 1 /dev 3893 3893 0%
2018-12-23 14:48:16 1 /snap/core/6130 90 0 100%
2018-12-23 14:49:16 0 disk 46172 26125 38.8%
2018-12-23 14:49:16 1 /dev 3893 3893 0%
2018-12-23 14:49:16 1 /snap/core/6130 90 0 100%
2018-12-23 14:50:17 0 disk 46172 26125 38.8%
2018-12-23 14:50:17 1 /dev 3893 3893 0%
2018-12-23 14:50:17 1 /snap/core/6130 90 0 100%
2018-12-23 14:51:17 0 disk 46172 26125 38.8%
2018-12-23 14:51:17 1 /dev 3893 3893 0%
2018-12-23 14:51:17 1 /snap/core/6130 90 0 100%
2018-12-23 14:52:17 0 disk 46172 26125 38.8%
2018-12-23 14:52:17 1 /dev 3893 3893 0%
2018-12-23 14:52:17 1 /snap/core/6130 90 0 100%
2018-12-23 14:53:17 0 disk 46172 26125 38.8%
2018-12-23 14:53:17 1 /dev 3893 3893 0%
2018-12-23 14:53:17 1 /snap/core/6130 90 0 100%
2018-12-23 14:54:18 0 disk 46172 26124 38.8%
2018-12-23 14:54:18 1 /dev 3893 3893 0%
2018-12-23 14:54:18 1 /snap/core/6130 90 0 100%
2018-12-23 14:55:18 0 disk 46172 26124 38.8%
2018-12-23 14:55:18 1 /dev 3893 3893 0%
2018-12-23 14:55:18 1 /snap/core/6130 90 0 100%
2018-12-23 15:15:07 0 disk 29941 6104 75.4%
2018-12-23 15:15:07 1 / 29899 6083 79%
2018-12-23 15:15:07 1 /boot 42 21 51%
2018-12-23 15:16:09 0 disk 29941 6104 75.4%
2018-12-23 15:16:09 1 / 29899 6083 79%
2018-12-23 15:16:09 1 /boot 42 21 51%
2018-12-23 15:17:11 0 disk 29941 6104 75.4%
2018-12-23 15:17:11 1 / 29899 6083 79%
2018-12-23 15:17:11 1 /boot 42 21 51%
2018-12-23 15:18:12 0 disk 29941 6104 75.4%
2018-12-23 15:18:12 1 / 29899 6083 79%
2018-12-23 15:18:12 1 /boot 42 21 51%
2018-12-23 15:19:14 0 disk 29941 6104 75.4%
2018-12-23 15:19:14 1 / 29899 6083 79%
2018-12-23 15:19:14 1 /boot 42 21 51%
2018-12-23 15:20:15 0 disk 29941 6103 75.4%
2018-12-23 15:20:15 1 / 29899 6082 79%
2018-12-23 15:20:15 1 /boot 42 21 51%
2018-12-23 15:21:16 0 disk 29941 6103 75.4%
2018-12-23 15:21:16 1 / 29899 6082 79%
2018-12-23 15:21:16 1 /boot 42 21 51%
2018-12-23 15:22:17 0 disk 29941 6103 75.4%
2018-12-23 15:22:17 1 / 29899 6082 79%
2018-12-23 15:22:17 1 /boot 42 21 51%
2018-12-23 15:23:18 0 disk 29941 6103 75.4%
2018-12-23 15:23:18 1 / 29899 6082 79%
2018-12-23 15:23:18 1 /boot 42 21 51%
2018-12-23 15:24:19 0 disk 29941 6103 75.4%
2018-12-23 15:24:19 1 / 29899 6082 79%
2018-12-23 15:24:19 1 /boot 42 21 51%
2018-12-23 15:25:20 0 disk 29941 6103 75.4%
2018-12-23 15:25:20 1 / 29899 6082 79%
2018-12-23 15:25:20 1 /boot 42 21 51%
2018-12-23 15:26:21 0 disk 29941 6103 75.4%
2018-12-23 15:26:21 1 / 29899 6082 79%
2018-12-23 15:26:21 1 /boot 42 21 51%
2018-12-23 15:27:23 0 disk 29941 6103 75.4%
2018-12-23 15:27:23 1 / 29899 6082 79%
2018-12-23 15:27:23 1 /boot 42 21 51%
2018-12-23 15:28:25 0 disk 29941 6103 75.4%
2018-12-23 15:28:25 1 / 29899 6082 79%
2018-12-23 15:28:25 1 /boot 42 21 51%
2018-12-23 15:29:26 0 disk 29941 6103 75.4%
2018-12-23 15:29:26 1 / 29899 6082 79%
2018-12-23 15:29:26 1 /boot 42 21 51%
2018-12-23 15:30:27 0 disk 29941 6103 75.4%
2018-12-23 15:30:27 1 / 29899 6082 79%
2018-12-23 15:30:27 1 /boot 42 21 51%
2018-12-23 15:31:29 0 disk 29941 6102 75.4%
2018-12-23 15:31:29 1 / 29899 6081 79%
2018-12-23 15:31:29 1 /boot 42 21 51%
2018-12-23 15:32:30 0 disk 29941 6101 75.4%
2018-12-23 15:32:30 1 / 29899 6080 79%
2018-12-23 15:32:30 1 /boot 42 21 51%
2018-12-23 15:33:31 0 disk 29941 6101 75.4%
2018-12-23 15:33:31 1 / 29899 6080 79%
2018-12-23 15:33:31 1 /boot 42 21 51%
2018-12-23 15:34:32 0 disk 29941 6101 75.4%
2018-12-23 15:34:32 1 / 29899 6080 79%
2018-12-23 15:34:32 1 /boot 42 21 51%
2018-12-23 15:35:33 0 disk 29941 6101 75.4%
2018-12-23 15:35:33 1 / 29899 6080 79%
2018-12-23 15:35:33 1 /boot 42 21 51%
2018-12-23 15:36:34 0 disk 29941 6101 75.4%
2018-12-23 15:36:34 1 / 29899 6080 79%
2018-12-23 15:36:34 1 /boot 42 21 51%
2018-12-23 15:37:35 0 disk 29941 6101 75.4%
2018-12-23 15:37:35 1 / 29899 6080 79%
2018-12-23 15:37:35 1 /boot 42 21 51%
2018-12-23 15:38:37 0 disk 29941 6101 75.4%
2018-12-23 15:38:37 1 / 29899 6080 79%
2018-12-23 15:38:37 1 /boot 42 21 51%
2018-12-23 15:39:38 0 disk 29941 6101 75.4%
2018-12-23 15:39:38 1 / 29899 6080 79%
2018-12-23 15:39:38 1 /boot 42 21 51%
2018-12-23 15:40:40 0 disk 29941 6100 75.4%
2018-12-23 15:40:40 1 / 29899 6079 79%
2018-12-23 15:40:40 1 /boot 42 21 51%
2018-12-23 15:41:42 0 disk 29941 6100 75.4%
2018-12-23 15:41:42 1 / 29899 6079 79%
2018-12-23 15:41:42 1 /boot 42 21 51%
2018-12-23 15:42:46 0 disk 29941 6100 75.4%
2018-12-23 15:42:46 1 / 29899 6079 79%
2018-12-23 15:42:46 1 /boot 42 21 51%
2018-12-23 15:43:47 0 disk 29941 6100 75.4%
2018-12-23 15:43:47 1 / 29899 6079 79%
2018-12-23 15:43:47 1 /boot 42 21 51%
2018-12-23 15:44:48 0 disk 29941 6100 75.4%
2018-12-23 15:44:48 1 / 29899 6079 79%
2018-12-23 15:44:48 1 /boot 42 21 51%
2018-12-23 15:45:50 0 disk 29941 6100 75.4%
2018-12-23 15:45:50 1 / 29899 6079 79%
2018-12-23 15:45:50 1 /boot 42 21 51%
2018-12-23 15:46:51 0 disk 29941 6100 75.4%
2018-12-23 15:46:51 1 / 29899 6079 79%
2018-12-23 15:46:51 1 /boot 42 21 51%
2018-12-23 15:47:52 0 disk 29941 6100 75.4%
2018-12-23 15:47:52 1 / 29899 6079 79%
2018-12-23 15:47:52 1 /boot 42 21 51%
2018-12-23 15:48:53 0 disk 29941 6100 75.4%
2018-12-23 15:48:53 1 / 29899 6079 79%
2018-12-23 15:48:53 1 /boot 42 21 51%
2018-12-23 15:49:54 0 disk 29941 6100 75.4%
2018-12-23 15:49:54 1 / 29899 6079 79%
2018-12-23 15:49:54 1 /boot 42 21 51%
2018-12-23 15:50:55 0 disk 29941 6100 75.4%
2018-12-23 15:50:55 1 / 29899 6079 79%
2018-12-23 15:50:55 1 /boot 42 21 51%
2018-12-23 15:51:56 0 disk 29941 6099 75.4%
2018-12-23 15:51:56 1 / 29899 6078 79%
2018-12-23 15:51:56 1 /boot 42 21 51%
2018-12-23 15:52:57 0 disk 29941 6099 75.4%
2018-12-23 15:52:57 1 / 29899 6078 79%
2018-12-23 15:52:57 1 /boot 42 21 51%
2018-12-23 15:53:58 0 disk 29941 6099 75.4%
2018-12-23 15:53:58 1 / 29899 6078 79%
2018-12-23 15:53:58 1 /boot 42 21 51%
2018-12-23 15:54:59 0 disk 29941 6099 75.4%
2018-12-23 15:54:59 1 / 29899 6078 79%
2018-12-23 15:54:59 1 /boot 42 21 51%
2018-12-23 15:56:01 0 disk 29941 6098 75.4%
2018-12-23 15:56:01 1 / 29899 6077 79%
2018-12-23 15:56:01 1 /boot 42 21 51%
