2018-12-23__09:14 [0.18,0.49,0.53] 1.0% 27800 normal
2018-12-23__09:14 [0.17,0.49,0.53] 1.0% 27800 normal
2018-12-23__15:11 [0.30,0.37,0.33] 59.6% 47774 normal
2018-12-23__15:12 [0.28,0.36,0.33] 13.3% 47236 normal
2018-12-23__15:12 [0.60,0.43,0.35] 7.1% 46698 normal
2018-12-23__15:12 [0.55,0.42,0.35] 7.5% 46698 normal
2018-12-23__15:12 [0.51,0.41,0.35] 8.6% 46160 normal
2018-12-23__15:12 [0.47,0.41,0.35] 21.2% 46160 normal
2018-12-23__15:12 [0.43,0.40,0.35] 22.8% 47236 normal
2018-12-23__15:12 [0.56,0.43,0.36] 10.6% 47236 normal
2018-12-23__15:12 [0.75,0.47,0.37] 19.4% 46698 normal
2018-12-23__15:12 [0.69,0.46,0.37] 45.5% 48312 normal
2018-12-23__15:12 [0.89,0.51,0.39] 3.4% 47236 normal
2018-12-23__15:12 [0.98,0.54,0.39] 15.4% 48312 normal
2018-12-23__15:13 [1.14,0.58,0.41] 6.7% 47236 normal
2018-12-23__15:13 [1.13,0.59,0.41] 12.0% 46698 normal
2018-12-23__15:13 [1.04,0.58,0.41] 5.3% 47236 normal
2018-12-23__15:13 [0.95,0.57,0.41] 6.3% 47236 normal
2018-12-23__15:13 [0.96,0.57,0.41] 14.6% 46698 normal
2018-12-23__15:13 [0.81,0.55,0.41] 27.6% 47236 normal
2018-12-23__15:13 [1.07,0.61,0.43] 37.1% 47774 normal
2018-12-23__15:13 [0.98,0.60,0.42] 18.9% 47236 normal
2018-12-23__15:13 [0.90,0.59,0.42] 21.2% 47236 normal
2018-12-23__15:13 [0.83,0.58,0.42] 47.5% 47774 normal
2018-12-23__15:14 [0.76,0.57,0.42] 55.2% 48312 normal
2018-12-23__15:14 [0.70,0.56,0.41] 26.6% 47774 normal
2018-12-23__15:14 [0.64,0.55,0.41] 25.0% 47236 normal
2018-12-23__15:14 [0.69,0.57,0.42] 19.6% 47774 normal
2018-12-23__15:14 [0.72,0.57,0.42] 7.2% 47236 normal
2018-12-23__15:14 [0.74,0.58,0.42] 17.8% 46160 normal
2018-12-23__15:14 [0.68,0.57,0.42] 18.4% 46160 normal
2018-12-23__15:14 [0.63,0.56,0.42] 12.7% 46698 normal
2018-12-23__15:14 [0.58,0.55,0.42] 3.4% 45622 normal
2018-12-23__15:14 [0.53,0.54,0.41] 1.9% 45622 normal
2018-12-23__15:14 [0.45,0.52,0.41] 2.4% 45622 normal
2018-12-23__15:15 [0.41,0.52,0.41] 4.7% 46698 normal
2018-12-23__15:15 [0.46,0.52,0.41] 10.3% 46160 normal
2018-12-23__15:15 [0.50,0.53,0.41] 19.4% 46160 normal
2018-12-23__15:15 [0.46,0.52,0.41] 5.8% 46160 normal
2018-12-23__15:15 [0.51,0.53,0.41] 1.0% 45622 normal
2018-12-23__15:15 [0.47,0.52,0.41] 21.6% 46698 normal
2018-12-23__15:15 [0.43,0.51,0.41] 5.9% 46160 normal
2018-12-23__15:15 [0.73,0.58,0.43] 2.4% 46160 normal
2018-12-23__15:15 [0.67,0.57,0.43] 4.6% 45084 normal
2018-12-23__15:15 [0.62,0.56,0.43] 2.4% 46160 normal
2018-12-23__15:16 [0.65,0.57,0.43] 42.9% 47236 normal
2018-12-23__15:16 [0.60,0.56,0.43] 8.5% 45622 normal
2018-12-23__15:16 [0.55,0.55,0.43] 8.5% 45084 normal
2018-12-23__15:16 [0.50,0.54,0.42] 4.4% 46160 normal
2018-12-23__15:16 [0.51,0.54,0.42] 8.4% 45622 normal
2018-12-23__15:16 [0.47,0.53,0.42] 37.9% 46160 normal
2018-12-23__15:16 [0.43,0.52,0.42] 12.4% 45622 normal
2018-12-23__15:16 [0.39,0.51,0.42] 11.6% 46160 normal
2018-12-23__15:16 [0.36,0.50,0.41] 2.9% 46160 normal
2018-12-23__15:16 [0.41,0.51,0.42] 6.1% 45084 normal
2018-12-23__15:16 [0.38,0.50,0.42] 7.7% 45084 normal
2018-12-23__15:17 [0.32,0.48,0.41] 1.9% 46160 normal
2018-12-23__15:17 [0.29,0.48,0.41] 2.9% 45084 normal
2018-12-23__15:17 [0.27,0.47,0.41] 18.9% 45084 normal
2018-12-23__15:17 [0.25,0.46,0.40] 23.9% 46160 normal
2018-12-23__15:17 [0.87,0.58,0.44] 3.4% 46160 normal
2018-12-23__15:17 [0.80,0.58,0.44] 2.9% 46160 normal
2018-12-23__15:17 [0.82,0.58,0.45] 3.3% 45084 normal
2018-12-23__15:17 [0.69,0.56,0.44] 14.1% 46160 normal
2018-12-23__15:17 [0.63,0.55,0.44] 18.8% 46160 normal
2018-12-23__15:17 [0.58,0.54,0.44] 5.8% 46160 normal
2018-12-23__15:17 [0.54,0.53,0.43] 7.6% 46160 normal
2018-12-23__15:18 [0.57,0.54,0.44] 8.7% 45622 normal
2018-12-23__15:18 [0.53,0.53,0.43] 11.8% 45622 normal
2018-12-23__15:18 [0.48,0.52,0.43] 27.2% 46160 normal
2018-12-23__15:18 [0.69,0.57,0.45] 13.5% 46698 normal
2018-12-23__15:18 [0.58,0.55,0.44] 7.0% 45622 normal
2018-12-23__15:18 [0.85,0.60,0.46] 7.1% 46160 normal
2018-12-23__15:18 [0.87,0.61,0.46] 7.4% 45622 normal
2018-12-23__15:18 [0.80,0.60,0.46] 6.5% 45084 normal
2018-12-23__15:18 [0.73,0.59,0.46] 4.2% 45084 normal
2018-12-23__15:18 [0.67,0.58,0.45] 11.9% 45084 normal
2018-12-23__15:19 [0.94,0.64,0.47] 43.6% 46698 normal
2018-12-23__15:19 [0.87,0.63,0.47] 22.4% 47236 normal
2018-12-23__15:19 [0.80,0.62,0.47] 2.0% 46160 normal
2018-12-23__15:19 [0.90,0.64,0.48] 3.8% 46160 normal
2018-12-23__15:19 [0.90,0.65,0.48] 1.9% 45622 normal
2018-12-23__15:19 [0.83,0.64,0.48] 3.8% 45084 normal
2018-12-23__15:19 [0.76,0.63,0.48] 1.5% 46160 normal
2018-12-23__15:19 [0.70,0.62,0.47] 8.4% 45084 normal
2018-12-23__15:19 [0.59,0.60,0.47] 1.9% 45084 normal
2018-12-23__15:19 [0.55,0.59,0.46] 3.3% 45622 normal
2018-12-23__15:19 [0.50,0.58,0.46] 15.6% 45622 normal
2018-12-23__15:20 [0.54,0.58,0.46] 11.6% 47236 normal
2018-12-23__15:20 [0.50,0.58,0.46] 3.4% 46160 normal
2018-12-23__15:20 [0.46,0.57,0.46] 19.2% 47236 normal
2018-12-23__15:20 [0.42,0.56,0.46] 37.8% 46698 normal
2018-12-23__15:20 [0.43,0.55,0.46] 7.1% 46160 normal
2018-12-23__15:20 [0.40,0.54,0.45] 3.3% 46160 normal
2018-12-23__15:20 [0.36,0.54,0.45] 2.4% 45622 normal
2018-12-23__15:20 [0.33,0.53,0.45] 1.9% 45622 normal
2018-12-23__15:20 [0.31,0.52,0.45] 3.3% 45084 normal
2018-12-23__15:20 [0.28,0.51,0.44] 40.6% 46698 normal
2018-12-23__15:21 [0.26,0.50,0.44] 1.0% 46160 normal
2018-12-23__15:21 [0.22,0.48,0.44] 3.4% 46160 normal
2018-12-23__15:21 [0.20,0.47,0.43] 15.1% 46160 normal
2018-12-23__15:21 [0.18,0.47,0.43] 11.7% 46160 normal
2018-12-23__15:21 [0.33,0.49,0.44] 6.2% 46160 normal
2018-12-23__15:21 [0.30,0.48,0.44] 14.5% 46160 normal
2018-12-23__15:21 [0.28,0.48,0.43] 11.7% 45622 normal
2018-12-23__15:21 [0.26,0.47,0.43] 22.0% 46160 normal
2018-12-23__15:21 [0.32,0.48,0.44] 14.2% 46160 normal
2018-12-23__15:21 [0.71,0.56,0.46] 21.5% 46160 normal
2018-12-23__15:21 [0.73,0.57,0.47] 8.5% 46160 normal
2018-12-23__15:22 [0.67,0.56,0.46] 8.8% 46160 normal
2018-12-23__15:22 [0.62,0.55,0.46] 5.6% 45622 normal
2018-12-23__15:22 [0.57,0.54,0.46] 3.3% 45622 normal
2018-12-23__15:22 [0.52,0.53,0.45] 2.8% 45622 normal
2018-12-23__15:22 [0.64,0.55,0.46] 4.6% 45084 normal
2018-12-23__15:22 [0.54,0.54,0.46] 10.3% 46160 normal
2018-12-23__15:22 [0.50,0.53,0.45] 5.7% 45622 normal
2018-12-23__15:22 [0.46,0.52,0.45] 27.6% 46160 normal
2018-12-23__15:22 [0.42,0.51,0.45] 2.4% 46160 normal
2018-12-23__15:22 [0.39,0.50,0.45] 7.5% 45084 normal
2018-12-23__15:23 [0.36,0.49,0.44] 21.4% 46160 normal
2018-12-23__15:23 [0.49,0.52,0.45] 20.3% 47774 normal
2018-12-23__15:23 [0.49,0.52,0.45] 4.8% 46698 normal
2018-12-23__15:23 [0.45,0.51,0.45] 4.8% 46160 normal
2018-12-23__15:23 [0.57,0.53,0.46] 6.6% 46160 normal
2018-12-23__15:23 [0.53,0.52,0.46] 13.5% 46160 normal
2018-12-23__15:23 [0.48,0.51,0.45] 20.5% 46160 normal
2018-12-23__15:23 [0.45,0.51,0.45] 16.3% 46160 normal
2018-12-23__15:23 [0.41,0.50,0.45] 4.8% 46160 normal
2018-12-23__15:23 [0.35,0.48,0.44] 5.5% 46160 normal
2018-12-23__15:23 [0.32,0.47,0.44] 11.3% 46160 normal
2018-12-23__15:24 [0.29,0.46,0.44] 15.0% 46160 normal
2018-12-23__15:24 [0.35,0.47,0.44] 3.3% 45622 normal
2018-12-23__15:24 [0.48,0.50,0.45] 2.4% 46160 normal
2018-12-23__15:24 [0.44,0.49,0.45] 5.6% 46160 normal
2018-12-23__15:24 [0.49,0.50,0.45] 17.4% 47236 normal
2018-12-23__15:24 [0.49,0.50,0.45] 32.5% 46160 normal
2018-12-23__15:24 [0.45,0.49,0.45] 4.4% 46160 normal
2018-12-23__15:24 [0.41,0.48,0.45] 2.9% 46160 normal
2018-12-23__15:24 [0.38,0.47,0.45] 3.3% 46160 normal
2018-12-23__15:24 [0.35,0.47,0.44] 1.5% 45622 normal
2018-12-23__15:25 [0.32,0.46,0.44] 4.7% 46160 normal
2018-12-23__15:25 [0.29,0.45,0.44] 7.8% 46160 normal
2018-12-23__15:25 [0.43,0.48,0.45] 2.9% 46160 normal
2018-12-23__15:25 [0.36,0.46,0.44] 1.9% 45622 normal
2018-12-23__15:25 [0.41,0.47,0.45] 22.8% 46698 normal
2018-12-23__15:25 [0.38,0.46,0.44] 8.1% 46160 normal
2018-12-23__15:25 [0.35,0.45,0.44] 18.9% 46698 normal
2018-12-23__15:25 [0.32,0.45,0.44] 2.4% 46160 normal
2018-12-23__15:25 [0.30,0.44,0.44] 2.9% 45622 normal
2018-12-23__15:25 [0.51,0.48,0.45] 18.3% 46160 normal
2018-12-23__15:25 [0.43,0.46,0.45] 20.4% 46160 normal
2018-12-23__15:26 [0.40,0.46,0.44] 2.0% 46160 normal
2018-12-23__15:26 [0.37,0.45,0.44] 39.6% 46698 normal
2018-12-23__15:26 [0.34,0.44,0.44] 3.3% 45622 normal
2018-12-23__15:26 [0.31,0.43,0.44] 9.5% 46160 normal
2018-12-23__15:26 [0.28,0.43,0.43] 17.5% 46160 normal
2018-12-23__15:26 [0.26,0.42,0.43] 2.4% 46160 normal
2018-12-23__15:26 [0.22,0.40,0.43] 4.1% 45084 normal
2018-12-23__15:26 [0.20,0.40,0.42] 1.9% 45084 normal
2018-12-23__15:26 [0.19,0.39,0.42] 11.7% 45084 normal
2018-12-23__15:26 [0.17,0.38,0.42] 11.8% 45622 normal
2018-12-23__15:27 [0.32,0.41,0.43] 2.9% 45084 normal
2018-12-23__15:27 [0.29,0.40,0.42] 1.9% 45622 normal
2018-12-23__15:27 [0.27,0.40,0.42] 1.0% 46160 normal
2018-12-23__15:27 [0.30,0.40,0.42] 24.7% 46160 normal
2018-12-23__15:27 [0.28,0.39,0.42] 4.8% 46698 normal
2018-12-23__15:27 [0.25,0.39,0.42] 2.4% 45622 normal
2018-12-23__15:27 [0.23,0.38,0.42] 2.4% 45622 normal
2018-12-23__15:27 [0.21,0.37,0.41] 13.2% 46160 normal
2018-12-23__15:27 [0.20,0.37,0.41] 11.4% 45622 normal
2018-12-23__15:27 [0.18,0.36,0.41] 4.4% 45622 normal
2018-12-23__15:27 [0.17,0.35,0.41] 2.9% 45084 normal
2018-12-23__15:28 [0.14,0.34,0.40] 2.8% 45084 normal
2018-12-23__15:28 [0.13,0.34,0.40] 1.9% 45084 normal
2018-12-23__15:28 [0.12,0.33,0.40] 26.9% 46160 normal
2018-12-23__15:28 [0.11,0.32,0.39] 3.9% 46160 normal
2018-12-23__15:28 [0.18,0.34,0.40] 6.3% 45084 normal
2018-12-23__15:28 [0.17,0.33,0.39] 7.9% 45084 normal
2018-12-23__15:28 [0.15,0.32,0.39] 7.4% 45084 normal
2018-12-23__15:28 [0.13,0.31,0.39] 11.6% 45084 normal
2018-12-23__15:28 [0.12,0.31,0.39] 4.8% 45622 normal
2018-12-23__15:28 [0.19,0.32,0.39] 5.4% 45622 normal
2018-12-23__15:29 [0.17,0.31,0.39] 7.1% 45084 normal
2018-12-23__15:29 [0.16,0.31,0.38] 4.8% 45622 normal
2018-12-23__15:29 [0.15,0.30,0.38] 27.2% 46160 normal
2018-12-23__15:29 [0.21,0.31,0.38] 3.9% 46160 normal
2018-12-23__15:29 [0.36,0.34,0.39] 2.4% 45622 normal
2018-12-23__15:29 [0.30,0.33,0.39] 2.9% 45084 normal
2018-12-23__15:29 [0.28,0.33,0.39] 2.9% 45084 normal
2018-12-23__15:29 [0.26,0.32,0.38] 11.1% 45084 normal
2018-12-23__15:29 [0.24,0.31,0.38] 8.7% 45622 normal
2018-12-23__15:29 [0.22,0.31,0.38] 3.3% 45084 normal
2018-12-23__15:29 [0.44,0.35,0.39] 2.4% 45084 normal
2018-12-23__15:30 [0.40,0.35,0.39] 23.3% 45622 normal
2018-12-23__15:30 [0.41,0.35,0.39] 3.4% 45622 normal
2018-12-23__15:30 [0.38,0.35,0.39] 20.1% 46698 normal
2018-12-23__15:30 [0.35,0.34,0.39] 6.0% 45084 normal
2018-12-23__15:30 [0.32,0.33,0.38] 2.4% 45084 normal
2018-12-23__15:30 [0.30,0.33,0.38] 12.6% 45084 normal
2018-12-23__15:30 [0.27,0.32,0.38] 2.9% 45084 normal
2018-12-23__15:30 [0.25,0.32,0.38] 2.9% 45084 normal
2018-12-23__15:30 [0.21,0.31,0.37] 2.9% 45084 normal
2018-12-23__15:30 [0.19,0.30,0.37] 2.4% 45084 normal
2018-12-23__15:31 [0.18,0.30,0.37] 28.0% 45622 normal
2018-12-23__15:31 [0.16,0.29,0.36] 2.4% 45622 normal
2018-12-23__15:31 [0.15,0.29,0.36] 2.0% 45084 normal
2018-12-23__15:31 [0.22,0.30,0.37] 3.8% 46160 normal
2018-12-23__15:31 [0.20,0.29,0.36] 7.6% 46160 normal
2018-12-23__15:31 [0.18,0.29,0.36] 10.3% 45622 normal
2018-12-23__15:31 [0.23,0.29,0.36] 2.0% 46160 normal
2018-12-23__15:31 [0.21,0.29,0.36] 6.6% 45084 normal
2018-12-23__15:31 [0.19,0.28,0.36] 3.3% 45084 normal
2018-12-23__15:31 [0.26,0.30,0.36] 3.7% 45084 normal
2018-12-23__15:31 [0.24,0.29,0.36] 22.8% 45084 normal
2018-12-23__15:32 [0.22,0.29,0.36] 4.3% 46160 normal
2018-12-23__15:32 [0.20,0.28,0.36] 1.9% 45084 normal
2018-12-23__15:32 [0.17,0.27,0.35] 1.5% 45084 normal
2018-12-23__15:32 [0.16,0.27,0.35] 8.1% 46698 normal
2018-12-23__15:32 [0.14,0.26,0.35] 12.1% 46160 normal
2018-12-23__15:32 [0.13,0.26,0.35] 1.5% 45622 normal
2018-12-23__15:32 [0.12,0.25,0.35] 6.0% 45622 normal
2018-12-23__15:32 [0.11,0.25,0.34] 10.8% 45084 normal
2018-12-23__15:32 [0.26,0.28,0.35] 15.5% 45622 normal
2018-12-23__15:32 [0.22,0.27,0.35] 11.8% 45622 normal
2018-12-23__15:33 [0.20,0.26,0.35] 1.5% 45622 normal
2018-12-23__15:33 [0.27,0.28,0.35] 2.4% 45084 normal
2018-12-23__15:33 [0.25,0.27,0.35] 2.9% 45084 normal
2018-12-23__15:33 [0.23,0.27,0.35] 25.4% 45084 normal
2018-12-23__15:33 [0.21,0.26,0.34] 10.1% 46160 normal
2018-12-23__15:33 [0.27,0.27,0.35] 2.4% 46160 normal
2018-12-23__15:33 [0.33,0.29,0.35] 3.8% 45084 normal
2018-12-23__15:33 [0.28,0.28,0.35] 2.4% 45084 normal
2018-12-23__15:33 [0.26,0.27,0.35] 21.7% 45622 normal
2018-12-23__15:33 [0.24,0.27,0.34] 1.0% 45622 normal
2018-12-23__15:33 [0.22,0.26,0.34] 2.9% 45622 normal
2018-12-23__15:34 [0.28,0.27,0.35] 6.6% 45084 normal
2018-12-23__15:34 [0.26,0.27,0.34] 6.1% 45084 normal
2018-12-23__15:34 [0.24,0.27,0.34] 6.7% 45084 normal
2018-12-23__15:34 [0.28,0.27,0.34] 11.4% 46160 normal
2018-12-23__15:34 [0.34,0.29,0.35] 4.8% 45622 normal
2018-12-23__15:34 [0.31,0.28,0.35] 7.0% 45084 normal
2018-12-23__15:34 [0.29,0.28,0.34] 9.1% 45084 normal
2018-12-23__15:34 [0.26,0.27,0.34] 28.8% 45084 normal
2018-12-23__15:34 [0.24,0.27,0.34] 3.9% 46160 normal
2018-12-23__15:34 [0.22,0.26,0.34] 6.3% 45084 normal
2018-12-23__15:35 [0.19,0.25,0.33] 4.3% 45084 normal
2018-12-23__15:35 [0.17,0.25,0.33] 2.9% 45084 normal
2018-12-23__15:35 [0.16,0.24,0.33] 6.9% 45084 normal
2018-12-23__15:35 [0.14,0.24,0.33] 8.8% 45084 normal
2018-12-23__15:35 [0.13,0.23,0.33] 1.5% 45084 normal
2018-12-23__15:35 [0.36,0.28,0.34] 1.9% 45084 normal
2018-12-23__15:35 [0.33,0.28,0.34] 2.8% 45084 normal
2018-12-23__15:35 [0.58,0.33,0.36] 27.3% 45084 normal
2018-12-23__15:35 [0.53,0.33,0.36] 10.0% 45622 normal
2018-12-23__15:35 [0.49,0.32,0.35] 5.0% 45084 normal
2018-12-23__15:35 [0.45,0.31,0.35] 2.4% 45084 normal
2018-12-23__15:36 [0.41,0.31,0.35] 1.9% 45084 normal
2018-12-23__15:36 [0.38,0.30,0.35] 12.1% 45084 normal
2018-12-23__15:36 [0.35,0.30,0.35] 3.9% 45084 normal
2018-12-23__15:36 [0.32,0.29,0.34] 2.0% 45084 normal
2018-12-23__15:36 [0.27,0.28,0.34] 12.6% 45622 normal
2018-12-23__15:36 [0.25,0.28,0.34] 22.3% 45622 normal
2018-12-23__15:36 [0.31,0.29,0.34] 3.4% 45622 normal
2018-12-23__15:36 [0.28,0.29,0.34] 3.4% 45084 normal
2018-12-23__15:36 [0.26,0.28,0.34] 2.8% 45622 normal
2018-12-23__15:36 [0.24,0.28,0.34] 3.3% 45084 normal
2018-12-23__15:36 [0.22,0.27,0.33] 2.8% 45084 normal
2018-12-23__15:37 [0.19,0.26,0.33] 11.3% 45084 normal
2018-12-23__15:37 [0.17,0.26,0.33] 2.9% 45084 normal
2018-12-23__15:37 [0.16,0.25,0.33] 2.9% 45084 normal
2018-12-23__15:37 [0.14,0.25,0.32] 22.6% 46160 normal
2018-12-23__15:37 [0.13,0.24,0.32] 26.9% 45622 normal
2018-12-23__15:37 [0.12,0.24,0.32] 5.8% 45622 normal
2018-12-23__15:37 [0.11,0.24,0.32] 1.5% 45084 normal
2018-12-23__15:37 [0.26,0.26,0.33] 2.4% 44546 normal
2018-12-23__15:37 [0.22,0.26,0.32] 2.9% 45084 normal
2018-12-23__15:37 [0.20,0.25,0.32] 10.7% 45622 normal
2018-12-23__15:38 [0.19,0.25,0.32] 9.2% 45084 normal
2018-12-23__15:38 [0.17,0.24,0.32] 6.2% 45622 normal
2018-12-23__15:38 [0.16,0.24,0.32] 2.9% 45084 normal
2018-12-23__15:38 [0.15,0.23,0.31] 2.4% 45084 normal
2018-12-23__15:38 [0.77,0.36,0.36] 27.8% 46160 normal
2018-12-23__15:38 [0.66,0.35,0.35] 4.8% 45622 normal
2018-12-23__15:38 [0.60,0.34,0.35] 1.0% 45622 normal
2018-12-23__15:38 [0.55,0.34,0.35] 6.4% 45084 normal
2018-12-23__15:38 [0.51,0.33,0.35] 1.0% 45622 normal
2018-12-23__15:38 [0.47,0.33,0.34] 2.4% 45084 normal
2018-12-23__15:38 [0.43,0.32,0.34] 8.6% 45622 normal
2018-12-23__15:39 [0.40,0.32,0.34] 5.3% 45084 normal
2018-12-23__15:39 [0.33,0.31,0.34] 2.9% 45084 normal
2018-12-23__15:39 [0.39,0.32,0.34] 2.4% 44546 normal
2018-12-23__15:39 [0.36,0.31,0.34] 30.0% 45084 normal
2018-12-23__15:39 [0.33,0.31,0.34] 6.4% 45622 normal
2018-12-23__15:39 [0.30,0.30,0.33] 2.9% 45084 normal
2018-12-23__15:39 [0.28,0.30,0.33] 2.4% 45084 normal
2018-12-23__15:39 [0.26,0.29,0.33] 7.0% 45084 normal
2018-12-23__15:39 [0.56,0.35,0.35] 7.0% 45084 normal
2018-12-23__15:39 [0.47,0.34,0.35] 14.1% 45084 normal
2018-12-23__15:40 [0.43,0.33,0.34] 12.8% 45622 normal
2018-12-23__15:40 [0.40,0.33,0.34] 15.9% 45622 normal
2018-12-23__15:40 [0.36,0.32,0.34] 9.2% 45084 normal
2018-12-23__15:40 [0.34,0.32,0.34] 22.1% 45622 normal
2018-12-23__15:40 [0.31,0.31,0.34] 26.6% 46160 normal
2018-12-23__15:40 [0.36,0.32,0.34] 6.2% 45084 normal
2018-12-23__15:40 [0.31,0.31,0.34] 5.7% 45084 normal
2018-12-23__15:40 [0.28,0.31,0.33] 6.2% 45084 normal
2018-12-23__15:40 [0.26,0.30,0.33] 6.0% 45084 normal
2018-12-23__15:40 [0.24,0.30,0.33] 17.8% 45622 normal
2018-12-23__15:40 [0.22,0.29,0.33] 2.4% 45084 normal
2018-12-23__15:41 [0.20,0.29,0.33] 1.0% 45084 normal
2018-12-23__15:41 [0.43,0.33,0.34] 21.6% 45084 normal
2018-12-23__15:41 [0.44,0.34,0.34] 8.5% 46160 normal
2018-12-23__15:41 [0.49,0.35,0.35] 2.9% 45084 normal
2018-12-23__15:41 [0.45,0.34,0.35] 2.9% 46160 normal
2018-12-23__15:41 [0.41,0.34,0.34] 1.0% 45084 normal
2018-12-23__15:41 [0.38,0.33,0.34] 5.5% 45084 normal
2018-12-23__15:41 [0.35,0.32,0.34] 2.9% 45084 normal
2018-12-23__15:41 [0.32,0.32,0.34] 11.8% 45622 normal
2018-12-23__15:41 [0.34,0.32,0.34] 1.5% 45084 normal
2018-12-23__15:42 [0.32,0.32,0.34] 2.9% 45084 normal
2018-12-23__15:42 [0.29,0.31,0.34] 18.9% 45084 normal
2018-12-23__15:42 [0.27,0.31,0.33] 12.1% 45622 normal
2018-12-23__15:42 [0.25,0.30,0.33] 5.7% 45084 normal
2018-12-23__15:42 [0.22,0.30,0.33] 1.9% 45084 normal
2018-12-23__15:42 [0.21,0.29,0.33] 3.4% 45622 normal
2018-12-23__15:42 [0.27,0.30,0.33] 2.4% 45084 normal
2018-12-23__15:42 [0.38,0.33,0.34] 2.9% 45084 normal
2018-12-23__15:42 [0.35,0.32,0.34] 12.3% 44546 normal
2018-12-23__15:42 [0.32,0.32,0.34] 2.9% 45622 normal
2018-12-23__15:42 [0.29,0.31,0.33] 2.4% 45084 normal
2018-12-23__15:43 [0.27,0.30,0.33] 18.2% 45084 normal
2018-12-23__15:43 [0.25,0.30,0.33] 6.3% 45084 normal
2018-12-23__15:43 [0.23,0.29,0.33] 3.8% 45084 normal
2018-12-23__15:43 [0.19,0.28,0.32] 2.4% 45084 normal
2018-12-23__15:43 [0.18,0.28,0.32] 3.3% 44546 normal
2018-12-23__15:43 [0.16,0.27,0.32] 2.8% 45084 normal
2018-12-23__15:43 [0.15,0.27,0.32] 1.9% 45084 normal
2018-12-23__15:43 [0.62,0.36,0.35] 11.0% 45084 normal
2018-12-23__15:43 [0.57,0.36,0.35] 17.5% 45622 normal
2018-12-23__15:43 [0.52,0.35,0.34] 2.9% 45084 normal
2018-12-23__15:44 [0.44,0.34,0.34] 24.4% 45622 normal
2018-12-23__15:44 [0.41,0.33,0.34] 2.4% 45084 normal
2018-12-23__15:44 [0.37,0.33,0.34] 2.8% 45084 normal
2018-12-23__15:44 [0.34,0.32,0.33] 9.2% 44546 normal
2018-12-23__15:44 [0.39,0.33,0.34] 2.9% 45084 normal
2018-12-23__15:44 [0.36,0.33,0.34] 25.5% 47236 normal
2018-12-23__15:44 [0.33,0.32,0.33] 4.2% 44546 normal
2018-12-23__15:44 [0.28,0.31,0.33] 14.7% 45084 normal
2018-12-23__15:44 [0.26,0.31,0.33] 4.3% 45084 normal
2018-12-23__15:44 [0.24,0.30,0.33] 2.4% 45084 normal
2018-12-23__15:44 [0.22,0.30,0.33] 21.5% 45622 normal
2018-12-23__15:45 [0.20,0.29,0.32] 2.4% 45084 normal
2018-12-23__15:45 [0.18,0.29,0.32] 2.9% 45084 normal
2018-12-23__15:45 [0.17,0.28,0.32] 3.3% 45084 normal
2018-12-23__15:45 [0.24,0.29,0.32] 2.4% 44546 normal
2018-12-23__15:45 [0.35,0.32,0.33] 9.4% 45084 normal
2018-12-23__15:45 [0.40,0.33,0.33] 7.6% 45622 normal
2018-12-23__15:45 [0.37,0.32,0.33] 16.1% 45084 normal
2018-12-23__15:45 [0.42,0.33,0.34] 9.5% 46160 normal
2018-12-23__15:45 [0.38,0.33,0.33] 15.4% 45622 normal
2018-12-23__15:45 [0.43,0.34,0.34] 13.1% 46698 normal
2018-12-23__15:46 [0.40,0.33,0.34] 5.3% 45084 normal
2018-12-23__15:46 [0.34,0.32,0.33] 6.2% 45084 normal
2018-12-23__15:46 [0.31,0.32,0.33] 6.2% 45084 normal
2018-12-23__15:46 [0.28,0.31,0.33] 5.7% 45084 normal
2018-12-23__15:46 [0.26,0.31,0.33] 7.9% 44546 normal
2018-12-23__15:46 [0.48,0.35,0.34] 2.9% 44546 normal
2018-12-23__15:46 [0.44,0.34,0.34] 10.5% 45084 normal
2018-12-23__15:46 [0.81,0.42,0.36] 13.5% 46160 normal
2018-12-23__15:46 [0.92,0.46,0.38] 25.5% 46698 normal
2018-12-23__15:46 [1.01,0.48,0.39] 11.6% 46160 normal
2018-12-23__15:46 [0.93,0.48,0.38] 21.2% 46160 normal
2018-12-23__15:47 [0.85,0.47,0.38] 22.5% 46160 normal
2018-12-23__15:47 [0.79,0.46,0.38] 15.2% 46160 normal
2018-12-23__15:47 [0.72,0.45,0.38] 11.0% 46160 normal
2018-12-23__15:47 [0.66,0.44,0.37] 7.2% 45622 normal
2018-12-23__15:47 [0.61,0.44,0.37] 8.1% 45622 normal
2018-12-23__15:47 [0.60,0.44,0.37] 36.7% 46698 normal
2018-12-23__15:47 [0.71,0.46,0.38] 23.8% 47236 normal
2018-12-23__15:47 [0.65,0.46,0.38] 14.7% 46160 normal
2018-12-23__15:47 [0.60,0.45,0.38] 7.3% 46160 normal
2018-12-23__15:47 [0.55,0.44,0.37] 7.1% 45622 normal
2018-12-23__15:48 [0.51,0.43,0.37] 8.3% 45084 normal
2018-12-23__15:48 [0.47,0.43,0.37] 8.7% 45622 normal
2018-12-23__15:48 [0.39,0.41,0.36] 20.8% 45622 normal
2018-12-23__15:48 [0.36,0.40,0.36] 6.2% 45084 normal
2018-12-23__15:48 [0.33,0.40,0.36] 9.7% 45622 normal
2018-12-23__15:48 [0.31,0.39,0.36] 19.8% 45622 normal
2018-12-23__15:48 [0.36,0.40,0.36] 9.4% 46698 normal
2018-12-23__15:48 [0.65,0.46,0.38] 2.9% 46160 normal
2018-12-23__15:48 [0.60,0.45,0.38] 3.8% 46160 normal
2018-12-23__15:48 [0.51,0.44,0.37] 18.4% 45622 normal
2018-12-23__15:48 [0.55,0.45,0.38] 11.2% 46160 normal
2018-12-23__15:49 [0.50,0.44,0.37] 6.1% 45084 normal
2018-12-23__15:49 [0.46,0.43,0.37] 17.0% 46160 normal
2018-12-23__15:49 [0.43,0.43,0.37] 21.0% 46160 normal
2018-12-23__15:49 [0.39,0.42,0.37] 22.6% 46160 normal
2018-12-23__15:49 [0.36,0.41,0.37] 31.0% 46160 normal
2018-12-23__15:49 [0.65,0.47,0.38] 3.8% 45084 normal
2018-12-23__15:49 [0.87,0.52,0.40] 32.0% 47774 normal
2018-12-23__15:49 [1.28,0.61,0.43] 30.5% 47236 normal
2018-12-23__15:49 [1.18,0.60,0.43] 15.8% 47236 normal
2018-12-23__15:49 [1.08,0.59,0.43] 11.0% 46160 normal
2018-12-23__15:49 [1.00,0.58,0.42] 2.9% 46160 normal
2018-12-23__15:50 [1.00,0.59,0.43] .5% 45622 normal
2018-12-23__15:50 [0.92,0.58,0.43] 5.0% 45622 normal
2018-12-23__15:50 [0.78,0.56,0.42] 1.5% 45622 normal
2018-12-23__15:50 [0.79,0.57,0.42] 31.3% 46160 normal
2018-12-23__15:50 [0.73,0.56,0.42] 24.1% 46160 normal
2018-12-23__15:50 [0.67,0.55,0.42] 14.3% 46698 normal
2018-12-23__15:50 [0.62,0.54,0.42] 5.7% 47236 normal
2018-12-23__15:50 [0.65,0.55,0.42] 2.0% 46160 normal
2018-12-23__15:50 [0.60,0.54,0.42] 2.4% 46160 normal
2018-12-23__15:50 [0.71,0.56,0.43] 1.9% 45622 normal
2018-12-23__15:51 [0.60,0.54,0.42] 3.3% 45084 normal
2018-12-23__15:51 [0.63,0.55,0.43] 2.4% 45084 normal
2018-12-23__15:51 [0.66,0.56,0.43] 20.0% 46160 normal
2018-12-23__15:51 [0.61,0.55,0.43] 35.4% 46698 normal
2018-12-23__15:51 [0.56,0.54,0.42] 5.3% 46160 normal
2018-12-23__15:51 [0.52,0.53,0.42] 1.9% 45622 normal
2018-12-23__15:51 [0.47,0.52,0.42] 33.7% 47236 normal
