2018-12-23 09:14:04 0 disk 46172 26289 38.5%
2018-12-23 09:14:04 1 /dev 3893 3893 0%
2018-12-23 09:14:04 1 /snap/core/6130 90 0 100%
2018-12-23 15:11:55 0 disk 29941 14328 47.9%
2018-12-23 15:11:55 1 / 29899 14307 51%
2018-12-23 15:11:55 1 /boot 42 21 51%
2018-12-23 15:12:56 0 disk 29941 14328 47.9%
2018-12-23 15:12:56 1 / 29899 14307 51%
2018-12-23 15:12:56 1 /boot 42 21 51%
2018-12-23 15:13:58 0 disk 29941 14328 47.9%
2018-12-23 15:13:58 1 / 29899 14307 51%
2018-12-23 15:13:58 1 /boot 42 21 51%
2018-12-23 15:14:59 0 disk 29941 14328 47.9%
2018-12-23 15:14:59 1 / 29899 14307 51%
2018-12-23 15:14:59 1 /boot 42 21 51%
2018-12-23 15:16:00 0 disk 29941 14328 47.9%
2018-12-23 15:16:00 1 / 29899 14307 51%
2018-12-23 15:16:00 1 /boot 42 21 51%
2018-12-23 15:17:01 0 disk 29941 14328 47.9%
2018-12-23 15:17:01 1 / 29899 14307 51%
2018-12-23 15:17:01 1 /boot 42 21 51%
2018-12-23 15:18:02 0 disk 29941 14328 47.9%
2018-12-23 15:18:02 1 / 29899 14307 51%
2018-12-23 15:18:02 1 /boot 42 21 51%
2018-12-23 15:19:03 0 disk 29941 14328 47.9%
2018-12-23 15:19:03 1 / 29899 14307 51%
2018-12-23 15:19:03 1 /boot 42 21 51%
2018-12-23 15:20:04 0 disk 29941 14328 47.9%
2018-12-23 15:20:04 1 / 29899 14307 51%
2018-12-23 15:20:04 1 /boot 42 21 51%
2018-12-23 15:21:05 0 disk 29941 14328 47.9%
2018-12-23 15:21:05 1 / 29899 14307 51%
2018-12-23 15:21:05 1 /boot 42 21 51%
2018-12-23 15:22:06 0 disk 29941 14328 47.9%
2018-12-23 15:22:06 1 / 29899 14307 51%
2018-12-23 15:22:06 1 /boot 42 21 51%
2018-12-23 15:23:07 0 disk 29941 14328 47.9%
2018-12-23 15:23:07 1 / 29899 14307 51%
2018-12-23 15:23:07 1 /boot 42 21 51%
2018-12-23 15:24:08 0 disk 29941 14328 47.9%
2018-12-23 15:24:08 1 / 29899 14307 51%
2018-12-23 15:24:08 1 /boot 42 21 51%
2018-12-23 15:25:09 0 disk 29941 14328 47.9%
2018-12-23 15:25:09 1 / 29899 14307 51%
2018-12-23 15:25:09 1 /boot 42 21 51%
2018-12-23 15:26:10 0 disk 29941 14328 47.9%
2018-12-23 15:26:10 1 / 29899 14307 51%
2018-12-23 15:26:10 1 /boot 42 21 51%
2018-12-23 15:27:11 0 disk 29941 14328 47.9%
2018-12-23 15:27:11 1 / 29899 14307 51%
2018-12-23 15:27:11 1 /boot 42 21 51%
2018-12-23 15:28:12 0 disk 29941 14328 47.9%
2018-12-23 15:28:12 1 / 29899 14307 51%
2018-12-23 15:28:12 1 /boot 42 21 51%
2018-12-23 15:29:13 0 disk 29941 14328 47.9%
2018-12-23 15:29:13 1 / 29899 14307 51%
2018-12-23 15:29:13 1 /boot 42 21 51%
2018-12-23 15:30:14 0 disk 29941 14328 47.9%
2018-12-23 15:30:14 1 / 29899 14307 51%
2018-12-23 15:30:14 1 /boot 42 21 51%
2018-12-23 15:31:15 0 disk 29941 14328 47.9%
2018-12-23 15:31:15 1 / 29899 14307 51%
2018-12-23 15:31:15 1 /boot 42 21 51%
2018-12-23 15:32:16 0 disk 29941 14328 47.9%
2018-12-23 15:32:16 1 / 29899 14307 51%
2018-12-23 15:32:16 1 /boot 42 21 51%
2018-12-23 15:33:17 0 disk 29941 14327 47.9%
2018-12-23 15:33:17 1 / 29899 14306 51%
2018-12-23 15:33:17 1 /boot 42 21 51%
2018-12-23 15:34:18 0 disk 29941 14327 47.9%
2018-12-23 15:34:18 1 / 29899 14306 51%
2018-12-23 15:34:18 1 /boot 42 21 51%
2018-12-23 15:35:19 0 disk 29941 14327 47.9%
2018-12-23 15:35:19 1 / 29899 14306 51%
2018-12-23 15:35:19 1 /boot 42 21 51%
2018-12-23 15:36:20 0 disk 29941 14327 47.9%
2018-12-23 15:36:20 1 / 29899 14306 51%
2018-12-23 15:36:20 1 /boot 42 21 51%
2018-12-23 15:37:21 0 disk 29941 14327 47.9%
2018-12-23 15:37:21 1 / 29899 14306 51%
2018-12-23 15:37:21 1 /boot 42 21 51%
2018-12-23 15:38:22 0 disk 29941 14327 47.9%
2018-12-23 15:38:22 1 / 29899 14306 51%
2018-12-23 15:38:22 1 /boot 42 21 51%
2018-12-23 15:39:23 0 disk 29941 14327 47.9%
2018-12-23 15:39:23 1 / 29899 14306 51%
2018-12-23 15:39:23 1 /boot 42 21 51%
2018-12-23 15:40:24 0 disk 29941 14327 47.9%
2018-12-23 15:40:24 1 / 29899 14306 51%
2018-12-23 15:40:24 1 /boot 42 21 51%
2018-12-23 15:41:25 0 disk 29941 14327 47.9%
2018-12-23 15:41:25 1 / 29899 14306 51%
2018-12-23 15:41:25 1 /boot 42 21 51%
2018-12-23 15:42:27 0 disk 29941 14327 47.9%
2018-12-23 15:42:27 1 / 29899 14306 51%
2018-12-23 15:42:27 1 /boot 42 21 51%
2018-12-23 15:43:28 0 disk 29941 14327 47.9%
2018-12-23 15:43:28 1 / 29899 14306 51%
2018-12-23 15:43:28 1 /boot 42 21 51%
2018-12-23 15:44:29 0 disk 29941 14327 47.9%
2018-12-23 15:44:29 1 / 29899 14306 51%
2018-12-23 15:44:29 1 /boot 42 21 51%
2018-12-23 15:45:30 0 disk 29941 14327 47.9%
2018-12-23 15:45:30 1 / 29899 14306 51%
2018-12-23 15:45:30 1 /boot 42 21 51%
2018-12-23 15:46:31 0 disk 29941 14327 47.9%
2018-12-23 15:46:31 1 / 29899 14306 51%
2018-12-23 15:46:31 1 /boot 42 21 51%
2018-12-23 15:47:32 0 disk 29941 14327 47.9%
2018-12-23 15:47:32 1 / 29899 14306 51%
2018-12-23 15:47:32 1 /boot 42 21 51%
2018-12-23 15:48:33 0 disk 29941 14327 47.9%
2018-12-23 15:48:33 1 / 29899 14306 51%
2018-12-23 15:48:33 1 /boot 42 21 51%
2018-12-23 15:49:34 0 disk 29941 14327 47.9%
2018-12-23 15:49:34 1 / 29899 14306 51%
2018-12-23 15:49:34 1 /boot 42 21 51%
2018-12-23 15:50:35 0 disk 29941 14327 47.9%
2018-12-23 15:50:35 1 / 29899 14306 51%
2018-12-23 15:50:35 1 /boot 42 21 51%
2018-12-23 15:51:36 0 disk 29941 14327 47.9%
2018-12-23 15:51:36 1 / 29899 14306 51%
2018-12-23 15:51:36 1 /boot 42 21 51%
