2018-12-23__18:01 [0.17,0.49,0.99] 4.7% 27800 normal
2018-12-23__18:01 [0.44,0.54,1.00] 5.7% 27800 normal
2018-12-23__18:01 [0.41,0.53,0.99] 6.6% 27800 normal
2018-12-23__18:01 [0.45,0.54,0.99] 5.9% 27800 normal
2018-12-23__18:01 [0.50,0.55,0.99] 7.8% 27800 normal
2018-12-23__18:01 [0.54,0.56,0.99] 5.2% 27800 normal
2018-12-23__18:01 [0.58,0.56,0.99] 6.4% 27800 normal
2018-12-23__18:01 [0.53,0.55,0.99] 6.9% 27800 normal
2018-12-23__18:01 [0.57,0.56,0.99] 10.0% 27800 normal
2018-12-23__18:02 [0.60,0.57,0.99] 10.4% 27800 normal
2018-12-23__18:02 [0.67,0.58,0.99] 10.9% 27800 normal
2018-12-23__18:02 [0.70,0.59,0.99] 10.3% 27800 normal
2018-12-23__18:02 [0.72,0.60,0.99] 9.6% 27800 normal
2018-12-23__18:02 [0.66,0.59,0.98] 10.5% 27800 normal
2018-12-23__18:02 [0.69,0.60,0.98] 6.0% 27800 normal
2018-12-23__18:02 [0.72,0.60,0.99] 4.5% 27800 normal
2018-12-23__18:02 [0.74,0.61,0.99] 4.8% 27800 normal
2018-12-23__18:02 [0.68,0.60,0.98] 7.7% 27800 normal
2018-12-23__18:02 [0.70,0.61,0.98] 7.1% 27800 normal
2018-12-23__18:03 [0.84,0.64,0.99] 14.4% 27800 normal
2018-12-23__18:03 [0.85,0.64,0.99] 13.0% 27800 normal
2018-12-23__18:03 [0.78,0.63,0.98] 4.5% 27800 normal
2018-12-23__18:03 [0.80,0.64,0.98] 6.2% 27800 normal
2018-12-23__18:03 [0.73,0.63,0.98] 7.1% 27800 normal
2018-12-23__18:03 [0.76,0.63,0.98] 6.4% 27800 normal
2018-12-23__18:03 [0.70,0.62,0.97] 5.7% 27800 normal
2018-12-23__18:03 [0.64,0.61,0.97] 6.1% 27800 normal
2018-12-23__18:03 [0.54,0.59,0.96] 6.4% 27800 normal
2018-12-23__18:03 [0.50,0.58,0.95] 10.8% 27800 normal
2018-12-23__18:03 [0.62,0.60,0.96] 5.9% 27800 normal
2018-12-23__18:04 [0.57,0.59,0.95] 7.7% 27800 normal
2018-12-23__18:04 [0.52,0.58,0.95] 6.4% 27800 normal
2018-12-23__18:04 [0.48,0.57,0.94] 6.7% 27800 normal
2018-12-23__18:04 [0.44,0.56,0.93] 6.9% 27800 normal
2018-12-23__18:04 [0.41,0.55,0.93] 5.5% 27800 normal
2018-12-23__18:04 [0.37,0.55,0.92] 7.3% 27800 normal
2018-12-23__18:04 [0.47,0.56,0.93] 7.3% 27800 normal
2018-12-23__18:04 [0.43,0.55,0.92] 7.1% 27800 normal
2018-12-23__18:04 [0.48,0.56,0.92] 8.4% 27800 normal
2018-12-23__18:04 [0.52,0.57,0.92] 9.5% 27800 normal
2018-12-23__18:04 [0.48,0.56,0.92] 6.9% 27800 normal
2018-12-23__18:05 [0.44,0.55,0.91] 8.2% 27800 normal
2018-12-23__18:05 [0.40,0.54,0.90] 6.9% 27800 normal
2018-12-23__18:05 [0.45,0.55,0.91] 6.7% 27800 normal
2018-12-23__18:05 [0.41,0.54,0.90] 5.3% 27800 normal
2018-12-23__18:05 [0.35,0.52,0.89] 5.9% 27800 normal
2018-12-23__18:05 [0.32,0.51,0.89] 5.2% 27800 normal
2018-12-23__18:05 [0.46,0.53,0.89] 8.7% 27800 normal
2018-12-23__18:05 [0.42,0.53,0.89] 5.7% 27800 normal
2018-12-23__18:05 [0.47,0.53,0.89] 7.1% 27800 normal
2018-12-23__18:05 [0.43,0.52,0.88] 8.1% 27800 normal
2018-12-23__18:05 [0.39,0.52,0.88] 6.0% 27800 normal
2018-12-23__18:06 [0.36,0.51,0.87] 10.5% 27800 normal
2018-12-23__18:06 [0.49,0.53,0.88] 9.9% 27800 normal
2018-12-23__18:06 [0.87,0.61,0.90] 8.8% 27800 normal
2018-12-23__18:06 [0.88,0.62,0.90] 6.8% 27800 normal
2018-12-23__18:06 [0.89,0.63,0.91] 4.3% 27800 normal
2018-12-23__18:06 [0.90,0.63,0.91] 7.6% 27800 normal
2018-12-23__18:06 [0.91,0.64,0.91] 4.0% 27800 normal
2018-12-23__18:06 [0.83,0.63,0.90] 5.7% 27800 normal
2018-12-23__18:06 [0.85,0.63,0.90] 5.7% 27800 normal
2018-12-23__18:06 [0.78,0.62,0.90] 6.7% 27800 normal
2018-12-23__18:07 [0.66,0.60,0.89] 6.9% 27800 normal
2018-12-23__18:07 [0.61,0.59,0.88] 7.1% 27800 normal
2018-12-23__18:07 [0.56,0.58,0.88] 6.4% 27800 normal
2018-12-23__18:07 [0.67,0.61,0.89] 6.0% 27800 normal
2018-12-23__18:07 [0.70,0.61,0.89] 6.5% 27800 normal
2018-12-23__18:07 [0.64,0.60,0.88] 12.5% 27800 normal
2018-12-23__18:07 [0.83,0.64,0.89] 6.5% 27800 normal
2018-12-23__18:07 [0.85,0.65,0.89] 8.2% 27800 normal
2018-12-23__18:07 [0.78,0.64,0.89] 5.7% 27800 normal
2018-12-23__18:07 [1.06,0.70,0.91] 5.0% 27800 normal
2018-12-23__18:07 [1.05,0.70,0.91] 7.6% 27800 normal
2018-12-23__18:08 [0.97,0.69,0.90] 5.9% 27800 normal
2018-12-23__18:08 [1.05,0.72,0.91] 5.9% 27800 normal
2018-12-23__18:08 [0.97,0.70,0.90] 6.2% 27800 normal
2018-12-23__18:08 [0.89,0.69,0.90] 9.3% 27800 normal
2018-12-23__18:08 [0.90,0.70,0.90] 5.0% 27800 normal
2018-12-23__18:08 [0.83,0.68,0.90] 6.1% 27800 normal
2018-12-23__18:08 [0.76,0.67,0.89] 5.0% 27800 normal
2018-12-23__18:08 [0.64,0.65,0.88] 6.0% 27800 normal
2018-12-23__18:08 [0.59,0.64,0.88] 7.7% 27800 normal
2018-12-23__18:08 [0.62,0.65,0.88] 6.1% 27800 normal
2018-12-23__18:08 [0.65,0.65,0.88] 7.7% 27800 normal
2018-12-23__18:09 [0.60,0.64,0.87] 5.0% 27800 normal
2018-12-23__18:09 [0.55,0.63,0.87] 6.9% 27800 normal
2018-12-23__18:09 [0.59,0.64,0.87] 8.1% 27800 normal
2018-12-23__18:09 [0.54,0.63,0.86] 6.9% 27800 normal
2018-12-23__18:09 [0.46,0.60,0.85] 5.9% 27800 normal
2018-12-23__18:09 [0.58,0.63,0.86] 7.4% 27800 normal
2018-12-23__18:09 [0.54,0.62,0.86] 8.0% 27800 normal
2018-12-23__18:09 [0.49,0.61,0.85] 6.9% 27800 normal
2018-12-23__18:09 [0.45,0.60,0.85] 8.1% 27800 normal
2018-12-23__18:09 [0.42,0.59,0.84] 4.5% 27800 normal
2018-12-23__18:09 [0.46,0.59,0.84] 9.1% 27800 normal
2018-12-23__18:10 [0.59,0.62,0.85] 5.7% 27800 normal
2018-12-23__18:10 [0.54,0.61,0.84] 8.6% 27800 normal
2018-12-23__18:10 [0.60,0.62,0.85] 4.7% 27800 normal
2018-12-23__18:10 [0.56,0.61,0.84] 6.4% 27800 normal
2018-12-23__18:10 [0.51,0.60,0.84] 7.4% 27800 normal
2018-12-23__18:10 [0.47,0.59,0.83] 6.6% 27800 normal
2018-12-23__18:10 [0.67,0.63,0.84] 6.6% 27800 normal
2018-12-23__18:10 [0.78,0.65,0.85] 7.2% 27800 normal
2018-12-23__18:10 [0.72,0.64,0.84] 8.4% 27800 normal
2018-12-23__18:10 [0.66,0.63,0.84] 7.9% 27800 normal
2018-12-23__18:10 [0.77,0.65,0.85] 13.4% 27800 normal
2018-12-23__18:11 [0.73,0.65,0.84] 8.9% 27800 normal
2018-12-23__18:11 [0.75,0.65,0.84] 5.5% 27800 normal
2018-12-23__18:11 [0.69,0.64,0.84] 6.6% 27800 normal
2018-12-23__18:11 [0.71,0.65,0.84] 5.7% 27800 normal
2018-12-23__18:11 [0.66,0.64,0.83] 7.4% 27800 normal
2018-12-23__18:11 [0.68,0.64,0.83] 6.1% 27800 normal
2018-12-23__18:11 [0.63,0.63,0.83] 6.4% 27800 normal
2018-12-23__18:11 [0.58,0.62,0.82] 5.7% 27800 normal
2018-12-23__18:11 [0.64,0.63,0.83] 10.3% 27800 normal
2018-12-23__18:11 [0.59,0.62,0.82] 10.9% 27800 normal
2018-12-23__18:12 [0.54,0.61,0.82] 7.3% 27800 normal
2018-12-23__18:12 [0.66,0.64,0.82] 6.9% 27800 normal
2018-12-23__18:12 [0.61,0.63,0.82] 8.5% 27800 normal
2018-12-23__18:12 [0.56,0.62,0.81] 6.6% 27800 normal
2018-12-23__18:12 [0.60,0.62,0.82] 7.6% 27800 normal
2018-12-23__18:12 [0.55,0.61,0.81] 6.9% 27800 normal
2018-12-23__18:12 [0.50,0.60,0.81] 6.9% 27800 normal
2018-12-23__18:12 [0.65,0.63,0.81] 5.2% 27800 normal
2018-12-23__18:12 [0.60,0.62,0.81] 11.3% 27800 normal
2018-12-23__18:12 [0.63,0.63,0.81] 10.5% 27800 normal
2018-12-23__18:12 [0.66,0.63,0.81] 6.1% 27800 normal
2018-12-23__18:13 [0.61,0.62,0.81] 7.0% 27800 normal
2018-12-23__18:13 [0.56,0.61,0.80] 7.8% 27800 normal
2018-12-23__18:13 [0.52,0.60,0.80] 6.3% 27800 normal
2018-12-23__18:13 [0.47,0.59,0.80] 5.0% 27800 normal
2018-12-23__18:13 [0.44,0.58,0.79] 6.1% 27800 normal
2018-12-23__18:13 [0.75,0.64,0.81] 6.1% 27800 normal
2018-12-23__18:13 [0.69,0.63,0.81] 4.8% 27800 normal
2018-12-23__18:13 [0.63,0.62,0.80] 15.5% 27800 normal
2018-12-23__18:13 [0.58,0.61,0.80] 4.5% 27800 normal
2018-12-23__18:13 [0.54,0.60,0.79] 7.4% 27800 normal
2018-12-23__18:13 [0.49,0.59,0.79] 5.9% 27800 normal
2018-12-23__18:14 [0.45,0.58,0.78] 12.0% 27800 normal
2018-12-23__18:14 [0.42,0.57,0.78] 8.4% 27800 normal
2018-12-23__18:14 [0.74,0.64,0.80] 6.3% 27800 normal
2018-12-23__18:14 [1.00,0.69,0.82] 6.5% 27800 normal
2018-12-23__18:14 [1.32,0.76,0.84] 9.8% 27800 normal
2018-12-23__18:14 [1.22,0.75,0.83] 13.3% 27800 normal
2018-12-23__18:14 [1.12,0.74,0.83] 8.3% 27800 normal
2018-12-23__18:14 [1.03,0.72,0.82] 7.4% 27800 normal
2018-12-23__18:14 [0.95,0.71,0.82] 5.7% 27800 normal
2018-12-23__18:14 [0.95,0.72,0.82] 6.9% 27800 normal
2018-12-23__18:14 [0.87,0.71,0.82] 7.6% 27800 normal
2018-12-23__18:15 [0.82,0.70,0.81] 6.4% 27800 normal
2018-12-23__18:15 [0.83,0.70,0.81] 4.3% 27800 normal
2018-12-23__18:15 [0.77,0.69,0.81] 5.5% 27800 normal
2018-12-23__18:15 [0.71,0.68,0.81] 4.7% 27800 normal
2018-12-23__18:15 [0.89,0.72,0.82] 8.6% 27800 normal
2018-12-23__18:15 [0.82,0.71,0.81] 4.3% 27800 normal
2018-12-23__18:15 [0.75,0.70,0.81] 5.2% 27800 normal
2018-12-23__18:15 [0.69,0.68,0.80] 6.4% 27800 normal
2018-12-23__18:15 [0.72,0.69,0.81] 8.8% 27800 normal
2018-12-23__18:15 [0.61,0.67,0.80] 8.0% 27800 normal
2018-12-23__18:16 [0.56,0.65,0.79] 5.5% 27800 normal
2018-12-23__18:16 [0.51,0.64,0.79] 6.6% 27800 normal
2018-12-23__18:16 [0.71,0.68,0.80] 6.2% 27800 normal
2018-12-23__18:16 [0.65,0.67,0.80] 5.4% 27800 normal
2018-12-23__18:16 [0.60,0.66,0.79] 9.2% 27800 normal
2018-12-23__18:16 [0.55,0.65,0.79] 5.9% 27800 normal
2018-12-23__18:16 [0.75,0.69,0.80] 5.4% 27800 normal
2018-12-23__18:16 [0.69,0.68,0.80] 5.0% 27800 normal
2018-12-23__18:16 [0.82,0.70,0.80] 7.9% 27800 normal
2018-12-23__18:16 [0.76,0.69,0.80] 6.1% 27800 normal
2018-12-23__18:16 [0.70,0.68,0.79] 7.2% 27800 normal
2018-12-23__18:17 [0.72,0.69,0.80] 5.7% 27800 normal
2018-12-23__18:17 [0.66,0.67,0.79] 6.2% 27800 normal
2018-12-23__18:17 [0.69,0.68,0.79] 7.3% 27800 normal
2018-12-23__18:17 [0.63,0.67,0.79] 7.9% 27800 normal
2018-12-23__18:17 [0.66,0.67,0.79] 3.8% 27800 normal
2018-12-23__18:17 [0.56,0.65,0.78] 5.9% 27800 normal
2018-12-23__18:17 [0.60,0.66,0.78] 5.0% 27800 normal
2018-12-23__18:17 [0.55,0.65,0.78] 3.5% 27800 normal
2018-12-23__18:17 [0.50,0.64,0.77] 5.5% 27800 normal
2018-12-23__18:17 [0.46,0.62,0.77] 4.5% 27800 normal
2018-12-23__18:17 [0.51,0.63,0.77] 6.4% 27800 normal
2018-12-23__18:18 [0.47,0.62,0.77] 6.2% 27800 normal
2018-12-23__18:18 [0.43,0.61,0.76] 9.7% 27800 normal
2018-12-23__18:18 [0.47,0.62,0.76] 5.4% 27800 normal
2018-12-23__18:18 [0.40,0.60,0.75] 5.0% 27800 normal
2018-12-23__18:18 [0.53,0.62,0.76] 4.8% 27800 normal
2018-12-23__18:18 [0.49,0.61,0.76] 6.1% 27800 normal
2018-12-23__18:18 [0.45,0.60,0.75] 5.7% 27800 normal
2018-12-23__18:18 [0.41,0.59,0.75] 14.0% 27800 normal
2018-12-23__18:18 [0.54,0.61,0.76] 7.4% 27800 normal
2018-12-23__18:18 [0.50,0.60,0.75] 7.3% 27800 normal
2018-12-23__18:18 [0.62,0.62,0.76] 6.9% 27800 normal
2018-12-23__18:19 [0.73,0.65,0.76] 10.0% 27800 normal
2018-12-23__18:19 [0.76,0.66,0.77] 6.9% 27800 normal
2018-12-23__18:19 [0.86,0.68,0.77] 6.4% 27800 normal
2018-12-23__18:19 [0.87,0.69,0.78] 3.3% 27800 normal
2018-12-23__18:19 [0.80,0.68,0.77] 5.7% 27800 normal
2018-12-23__18:19 [0.74,0.66,0.77] 5.7% 27800 normal
2018-12-23__18:19 [0.76,0.67,0.77] 5.3% 27800 normal
2018-12-23__18:19 [0.70,0.66,0.76] 6.7% 27800 normal
2018-12-23__18:19 [0.64,0.65,0.76] 8.3% 27800 normal
2018-12-23__18:19 [0.70,0.66,0.76] 9.8% 27800 normal
2018-12-23__18:20 [0.72,0.66,0.76] 5.9% 27800 normal
2018-12-23__18:20 [0.74,0.67,0.77] 7.0% 27800 normal
2018-12-23__18:20 [0.68,0.66,0.76] 6.8% 27800 normal
2018-12-23__18:20 [0.71,0.67,0.76] 6.9% 27800 normal
2018-12-23__18:20 [0.65,0.65,0.76] 5.3% 27800 normal
2018-12-23__18:20 [0.68,0.66,0.76] 6.3% 27800 normal
2018-12-23__18:20 [0.71,0.67,0.76] 5.0% 27800 normal
2018-12-23__18:20 [0.65,0.65,0.76] 5.5% 27800 normal
2018-12-23__18:20 [0.71,0.67,0.76] 5.5% 27800 normal
2018-12-23__18:20 [0.65,0.66,0.75] 10.2% 27800 normal
2018-12-23__18:20 [0.68,0.66,0.76] 6.4% 27800 normal
2018-12-23__18:21 [0.63,0.65,0.75] 6.2% 27800 normal
2018-12-23__18:21 [0.58,0.64,0.75] 5.4% 27800 normal
2018-12-23__18:21 [0.53,0.63,0.74] 5.6% 27800 normal
2018-12-23__18:21 [0.57,0.63,0.74] 6.0% 27800 normal
2018-12-23__18:21 [0.52,0.62,0.74] 9.0% 27800 normal
2018-12-23__18:21 [0.72,0.66,0.75] 5.4% 27800 normal
2018-12-23__18:21 [0.92,0.71,0.77] 5.7% 27800 normal
2018-12-23__18:21 [0.84,0.70,0.76] 9.9% 27800 normal
2018-12-23__18:21 [1.02,0.73,0.77] 12.4% 27800 normal
2018-12-23__18:21 [1.18,0.77,0.79] 13.3% 27800 normal
2018-12-23__18:21 [1.16,0.78,0.79] 6.9% 27800 normal
2018-12-23__18:22 [1.23,0.80,0.79] 14.9% 27800 normal
2018-12-23__18:22 [1.29,0.82,0.80] 15.4% 27800 normal
2018-12-23__18:22 [1.27,0.82,0.80] 10.0% 27800 normal
2018-12-23__18:22 [1.53,0.89,0.83] 10.6% 27800 normal
2018-12-23__18:22 [1.49,0.89,0.83] 3.6% 27800 normal
2018-12-23__18:22 [1.53,0.91,0.83] 8.9% 27800 normal
2018-12-23__18:22 [1.57,0.93,0.84] 14.4% 27800 normal
2018-12-23__18:22 [1.44,0.91,0.83] 7.5% 27800 normal
2018-12-23__18:22 [1.48,0.93,0.84] 7.8% 27800 normal
2018-12-23__18:22 [1.53,0.95,0.85] 11.9% 27800 normal
2018-12-23__18:23 [1.56,0.97,0.85] 13.3% 27800 normal
2018-12-23__18:23 [1.76,1.02,0.87] 9.3% 27800 normal
2018-12-23__18:23 [1.65,1.02,0.87] 6.3% 27800 normal
2018-12-23__18:23 [1.52,1.00,0.87] 6.9% 27800 normal
2018-12-23__18:23 [1.64,1.04,0.88] 11.1% 27800 normal
2018-12-23__18:23 [1.58,1.03,0.88] 8.0% 27800 normal
2018-12-23__18:23 [1.62,1.05,0.89] 14.2% 27800 normal
2018-12-23__18:23 [1.73,1.08,0.90] 8.5% 27800 normal
2018-12-23__18:23 [1.59,1.06,0.89] 9.0% 27800 normal
2018-12-23__18:23 [1.78,1.11,0.91] 14.0% 27800 normal
2018-12-23__18:23 [1.88,1.16,0.93] 11.4% 27800 normal
2018-12-23__18:24 [1.97,1.19,0.94] 11.0% 27800 normal
2018-12-23__18:24 [1.89,1.19,0.94] 5.7% 27800 normal
2018-12-23__18:24 [1.90,1.20,0.94] 5.2% 27800 normal
2018-12-23__18:24 [1.83,1.20,0.95] 6.3% 27800 normal
2018-12-23__18:24 [1.76,1.19,0.95] 10.6% 27800 normal
2018-12-23__18:24 [1.70,1.19,0.95] 11.9% 27800 normal
2018-12-23__18:24 [1.72,1.20,0.95] 5.7% 27800 normal
2018-12-23__18:24 [1.85,1.25,0.97] 5.0% 27800 normal
2018-12-23__18:24 [1.70,1.23,0.96] 10.7% 27800 normal
2018-12-23__18:24 [1.72,1.24,0.97] 10.8% 27800 normal
2018-12-23__18:24 [1.59,1.22,0.96] 11.0% 27800 normal
2018-12-23__18:25 [1.54,1.21,0.96] 5.4% 27800 normal
2018-12-23__18:25 [1.66,1.24,0.98] 11.0% 27800 normal
2018-12-23__18:25 [1.52,1.22,0.97] 6.9% 27800 normal
2018-12-23__18:25 [1.40,1.20,0.97] 4.7% 27800 normal
2018-12-23__18:25 [1.29,1.18,0.96] 4.0% 27800 normal
2018-12-23__18:25 [1.32,1.19,0.97] 5.6% 27800 normal
2018-12-23__18:25 [1.21,1.17,0.96] 5.9% 27800 normal
2018-12-23__18:25 [1.11,1.15,0.96] 5.5% 27800 normal
2018-12-23__18:25 [1.02,1.13,0.95] 3.3% 27800 normal
2018-12-23__18:25 [0.94,1.11,0.94] 3.5% 27800 normal
2018-12-23__18:25 [0.87,1.10,0.94] 4.0% 27800 normal
2018-12-23__18:26 [0.80,1.08,0.93] 5.4% 27800 normal
2018-12-23__18:26 [0.73,1.06,0.93] 7.4% 27800 normal
2018-12-23__18:26 [0.67,1.04,0.92] 4.3% 27800 normal
2018-12-23__18:26 [0.57,1.01,0.91] 4.8% 27800 normal
2018-12-23__18:26 [0.52,0.99,0.91] 3.7% 27800 normal
2018-12-23__18:26 [0.48,0.97,0.90] 4.2% 27800 normal
2018-12-23__18:26 [0.52,0.97,0.90] 4.2% 27800 normal
2018-12-23__18:26 [0.48,0.96,0.90] 5.2% 27800 normal
2018-12-23__18:26 [0.44,0.94,0.89] 3.3% 27800 normal
2018-12-23__18:26 [0.41,0.92,0.89] 4.0% 27800 normal
2018-12-23__18:27 [0.37,0.91,0.88] 4.5% 27800 normal
2018-12-23__18:27 [0.50,0.93,0.89] 5.7% 27800 normal
2018-12-23__18:27 [0.43,0.90,0.88] 6.2% 27800 normal
2018-12-23__18:27 [0.47,0.90,0.88] 5.0% 27800 normal
2018-12-23__18:27 [0.43,0.88,0.88] 4.2% 27800 normal
2018-12-23__18:27 [0.48,0.89,0.88] 2.8% 27800 normal
2018-12-23__18:27 [0.44,0.87,0.87] 4.9% 27800 normal
2018-12-23__18:27 [0.41,0.86,0.87] 1.5% 27800 normal
2018-12-23__18:27 [0.37,0.84,0.86] 5.9% 27800 normal
2018-12-23__18:27 [0.34,0.83,0.86] 6.2% 27800 normal
2018-12-23__18:27 [0.32,0.81,0.85] 3.5% 27800 normal
2018-12-23__18:28 [0.42,0.82,0.85] 5.9% 27800 normal
2018-12-23__18:28 [0.47,0.82,0.86] 4.2% 27800 normal
2018-12-23__18:28 [0.43,0.81,0.85] 4.5% 27800 normal
2018-12-23__18:28 [0.40,0.80,0.85] 3.8% 27800 normal
2018-12-23__18:28 [0.36,0.78,0.84] 3.5% 27800 normal
2018-12-23__18:28 [0.33,0.77,0.84] 4.0% 27800 normal
2018-12-23__18:28 [0.31,0.76,0.83] 3.8% 27800 normal
2018-12-23__18:28 [0.28,0.74,0.83] 3.7% 27800 normal
2018-12-23__18:28 [0.47,0.77,0.83] 7.6% 27800 normal
2018-12-23__18:28 [0.52,0.77,0.83] 8.4% 27800 normal
2018-12-23__18:28 [0.56,0.78,0.84] 5.0% 27800 normal
2018-12-23__18:29 [0.51,0.76,0.83] 4.5% 27800 normal
2018-12-23__18:29 [0.47,0.75,0.83] 4.7% 27800 normal
2018-12-23__18:29 [0.43,0.74,0.82] 5.5% 27800 normal
2018-12-23__18:29 [0.40,0.72,0.82] 3.0% 27800 normal
2018-12-23__18:29 [0.69,0.78,0.83] 9.4% 27800 normal
2018-12-23__18:29 [0.71,0.78,0.83] 2.8% 27800 normal
2018-12-23__18:29 [0.60,0.76,0.83] 5.0% 27800 normal
2018-12-23__18:29 [0.63,0.76,0.83] 5.6% 27800 normal
2018-12-23__18:29 [0.82,0.80,0.84] 8.9% 27800 normal
2018-12-23__18:29 [0.84,0.80,0.84] 8.4% 27800 normal
2018-12-23__18:29 [0.77,0.79,0.83] 3.5% 27800 normal
2018-12-23__18:30 [0.71,0.78,0.83] 6.6% 27800 normal
2018-12-23__18:30 [0.65,0.76,0.82] 4.9% 27800 normal
2018-12-23__18:30 [0.68,0.77,0.83] 3.0% 27800 normal
2018-12-23__18:30 [1.35,0.90,0.87] 8.0% 27800 normal
2018-12-23__18:30 [1.14,0.87,0.86] 5.3% 27800 normal
2018-12-23__18:30 [1.05,0.86,0.85] 7.4% 27800 normal
2018-12-23__18:30 [0.96,0.84,0.85] 9.7% 27800 normal
2018-12-23__18:30 [0.89,0.83,0.84] 7.2% 27800 normal
2018-12-23__18:30 [0.81,0.82,0.84] 5.5% 27800 normal
2018-12-23__18:30 [0.75,0.80,0.83] 2.0% 27800 normal
2018-12-23__18:30 [0.69,0.79,0.83] 4.2% 27800 normal
2018-12-23__18:31 [0.63,0.77,0.83] 4.6% 27800 normal
2018-12-23__18:31 [0.58,0.76,0.82] 2.8% 27800 normal
2018-12-23__18:31 [0.57,0.75,0.82] 2.3% 27800 normal
2018-12-23__18:31 [0.53,0.74,0.81] 5.1% 27800 normal
2018-12-23__18:31 [0.57,0.75,0.81] 3.7% 27800 normal
2018-12-23__18:31 [0.52,0.73,0.81] 8.3% 27800 normal
2018-12-23__18:31 [0.56,0.74,0.81] 6.2% 27800 normal
2018-12-23__18:31 [0.51,0.72,0.81] 7.8% 27800 normal
2018-12-23__18:31 [0.47,0.71,0.80] 5.7% 27800 normal
2018-12-23__18:31 [0.51,0.72,0.80] 6.7% 27800 normal
2018-12-23__18:32 [0.55,0.72,0.81] 6.2% 27800 normal
2018-12-23__18:32 [0.47,0.70,0.80] 8.2% 27800 normal
2018-12-23__18:32 [0.43,0.69,0.79] 5.2% 27800 normal
2018-12-23__18:32 [0.40,0.67,0.79] 8.6% 27800 normal
2018-12-23__18:32 [0.36,0.66,0.78] 5.5% 27800 normal
2018-12-23__18:32 [0.42,0.67,0.78] 6.2% 27800 normal
2018-12-23__18:32 [0.38,0.66,0.78] 7.9% 27800 normal
2018-12-23__18:32 [0.35,0.65,0.78] 6.5% 27800 normal
2018-12-23__18:32 [0.48,0.67,0.78] 7.2% 27800 normal
2018-12-23__18:32 [0.44,0.66,0.78] 5.2% 27800 normal
2018-12-23__18:32 [0.52,0.67,0.78] 5.0% 27800 normal
2018-12-23__18:33 [0.56,0.67,0.78] 2.8% 27800 normal
2018-12-23__18:33 [0.60,0.68,0.78] 4.9% 27800 normal
2018-12-23__18:33 [0.63,0.69,0.79] 6.0% 27800 normal
2018-12-23__18:33 [0.74,0.71,0.79] 6.5% 27800 normal
2018-12-23__18:33 [0.68,0.70,0.79] 5.4% 27800 normal
2018-12-23__18:33 [0.63,0.68,0.78] 4.0% 27800 normal
2018-12-23__18:33 [0.66,0.69,0.78] 6.5% 27800 normal
2018-12-23__18:33 [0.64,0.68,0.78] 5.9% 27800 normal
2018-12-23__18:33 [0.58,0.67,0.78] 10.9% 27800 normal
2018-12-23__18:33 [0.62,0.68,0.78] 4.7% 27800 normal
2018-12-23__18:33 [0.81,0.72,0.79] 5.7% 27800 normal
2018-12-23__18:34 [0.74,0.70,0.79] 6.2% 27800 normal
2018-12-23__18:34 [0.68,0.69,0.78] 4.2% 27800 normal
2018-12-23__18:34 [0.63,0.68,0.78] 6.0% 27800 normal
2018-12-23__18:34 [0.58,0.67,0.77] 5.0% 27800 normal
2018-12-23__18:34 [0.53,0.66,0.77] 7.7% 27800 normal
2018-12-23__18:34 [0.45,0.64,0.76] 5.0% 27800 normal
2018-12-23__18:34 [0.41,0.62,0.76] 5.7% 27800 normal
2018-12-23__18:34 [0.46,0.63,0.76] 5.9% 27800 normal
2018-12-23__18:34 [0.42,0.62,0.75] 3.8% 27800 normal
2018-12-23__18:34 [0.63,0.66,0.77] 4.7% 27800 normal
2018-12-23__18:34 [0.58,0.65,0.76] 5.0% 27800 normal
2018-12-23__18:35 [0.53,0.64,0.76] 4.9% 27800 normal
2018-12-23__18:35 [0.57,0.64,0.76] 8.1% 27800 normal
2018-12-23__18:35 [0.52,0.63,0.75] 5.9% 27800 normal
2018-12-23__18:35 [0.76,0.68,0.77] 5.7% 27800 normal
2018-12-23__18:35 [0.78,0.68,0.77] 4.7% 27800 normal
2018-12-23__18:35 [0.72,0.67,0.76] 4.5% 27800 normal
2018-12-23__18:35 [0.66,0.66,0.76] 2.8% 27800 normal
2018-12-23__18:35 [0.61,0.65,0.75] 2.0% 27800 normal
2018-12-23__18:35 [0.56,0.64,0.75] 4.5% 27800 normal
2018-12-23__18:35 [0.51,0.63,0.75] 4.5% 27800 normal
2018-12-23__18:36 [0.47,0.62,0.74] 4.7% 27800 normal
2018-12-23__18:36 [0.43,0.61,0.74] 4.0% 27800 normal
2018-12-23__18:36 [0.37,0.59,0.73] 4.9% 27800 normal
2018-12-23__18:36 [0.34,0.58,0.72] 7.4% 27800 normal
2018-12-23__18:36 [0.31,0.57,0.72] 4.2% 27800 normal
2018-12-23__18:36 [0.45,0.59,0.73] 4.7% 27800 normal
2018-12-23__18:36 [0.49,0.60,0.73] 5.7% 27800 normal
2018-12-23__18:36 [0.45,0.59,0.72] 6.1% 27800 normal
2018-12-23__18:36 [0.50,0.59,0.73] 8.8% 27800 normal
2018-12-23__18:36 [0.54,0.60,0.73] 9.8% 27800 normal
2018-12-23__18:36 [0.65,0.62,0.74] 16.7% 27800 normal
2018-12-23__18:37 [0.78,0.65,0.74] 12.7% 27800 normal
2018-12-23__18:37 [0.88,0.68,0.75] 10.0% 27800 normal
2018-12-23__18:37 [0.97,0.70,0.76] 5.2% 27800 normal
2018-12-23__18:37 [0.89,0.69,0.75] 13.3% 27800 normal
2018-12-23__18:37 [1.30,0.77,0.78] 6.4% 27800 normal
2018-12-23__18:37 [1.36,0.80,0.79] 5.2% 27800 normal
2018-12-23__18:37 [1.41,0.82,0.79] 3.8% 27800 normal
2018-12-23__18:37 [1.30,0.80,0.79] 4.0% 27800 normal
2018-12-23__18:37 [1.18,0.79,0.79] 5.4% 27800 normal
2018-12-23__18:37 [1.16,0.80,0.79] 10.1% 27800 normal
2018-12-23__18:37 [1.07,0.78,0.78] 7.4% 27800 normal
2018-12-23__18:38 [0.98,0.77,0.78] 5.0% 27800 normal
2018-12-23__18:38 [0.98,0.77,0.78] 4.5% 27800 normal
2018-12-23__18:38 [0.90,0.76,0.78] 6.6% 27800 normal
2018-12-23__18:38 [0.83,0.75,0.77] 6.0% 27800 normal
2018-12-23__18:38 [0.77,0.73,0.77] 2.8% 27800 normal
2018-12-23__18:38 [0.70,0.72,0.76] 5.5% 27800 normal
2018-12-23__18:38 [0.74,0.73,0.77] 7.0% 27800 normal
2018-12-23__18:38 [0.68,0.72,0.76] 6.9% 27800 normal
2018-12-23__18:38 [0.63,0.71,0.76] 15.2% 27800 normal
2018-12-23__18:38 [0.58,0.69,0.75] 5.2% 27800 normal
2018-12-23__18:38 [0.53,0.68,0.75] 5.7% 27800 normal
2018-12-23__18:39 [0.57,0.69,0.75] 3.8% 27800 normal
2018-12-23__18:39 [0.52,0.68,0.75] 8.1% 27800 normal
2018-12-23__18:39 [0.48,0.66,0.74] 10.9% 27800 normal
2018-12-23__18:39 [1.00,0.77,0.78] 8.6% 27800 normal
2018-12-23__18:39 [0.85,0.74,0.77] 7.2% 27800 normal
2018-12-23__18:39 [0.94,0.77,0.77] 25.7% 27800 normal
2018-12-23__18:39 [0.95,0.77,0.77] 30.9% 27800 normal
2018-12-23__18:39 [0.87,0.76,0.77] 4.0% 27800 normal
2018-12-23__18:39 [0.96,0.78,0.78] 4.7% 27800 normal
2018-12-23__18:39 [0.88,0.76,0.77] 4.7% 27800 normal
2018-12-23__18:40 [0.89,0.77,0.77] 8.8% 27800 normal
2018-12-23__18:40 [0.90,0.77,0.78] 8.4% 27800 normal
2018-12-23__18:40 [1.39,0.88,0.81] 6.7% 27800 normal
2018-12-23__18:40 [1.25,0.86,0.81] 5.0% 27800 normal
2018-12-23__18:40 [1.63,0.95,0.83] 6.9% 27800 normal
2018-12-23__18:40 [1.50,0.93,0.83] 10.3% 27800 normal
2018-12-23__18:40 [1.38,0.92,0.83] 8.5% 27800 normal
2018-12-23__18:40 [1.35,0.92,0.83] 10.0% 27800 normal
2018-12-23__18:40 [1.32,0.92,0.83] 9.1% 27800 normal
2018-12-23__18:40 [1.21,0.90,0.82] 5.1% 27800 normal
2018-12-23__18:40 [1.12,0.89,0.82] 4.0% 27800 normal
2018-12-23__18:41 [1.03,0.87,0.81] 5.4% 27800 normal
2018-12-23__18:41 [0.95,0.86,0.81] 4.7% 27800 normal
2018-12-23__18:41 [0.87,0.85,0.81] 4.5% 27800 normal
2018-12-23__18:41 [0.80,0.83,0.80] 5.2% 27800 normal
2018-12-23__18:41 [0.74,0.82,0.80] 7.6% 27800 normal
2018-12-23__18:41 [1.16,0.91,0.83] 6.1% 27800 normal
2018-12-23__18:41 [1.15,0.91,0.83] 5.0% 27800 normal
2018-12-23__18:41 [1.21,0.93,0.83] 4.7% 27800 normal
2018-12-23__18:41 [1.12,0.91,0.83] 4.5% 27800 normal
2018-12-23__18:41 [0.94,0.88,0.82] 4.2% 27800 normal
2018-12-23__18:41 [0.87,0.87,0.81] 3.3% 27800 normal
2018-12-23__18:42 [1.04,0.90,0.83] 7.6% 27800 normal
2018-12-23__18:42 [0.96,0.89,0.82] 13.7% 27800 normal
2018-12-23__18:42 [0.88,0.87,0.82] 10.4% 27800 normal
2018-12-23__18:42 [0.81,0.86,0.81] 10.9% 27800 normal
2018-12-23__18:42 [0.82,0.86,0.81] 4.9% 27800 normal
2018-12-23__18:42 [0.76,0.84,0.81] 3.5% 27800 normal
2018-12-23__18:42 [0.86,0.86,0.82] 7.1% 27800 normal
2018-12-23__18:42 [1.24,0.95,0.84] 7.5% 27800 normal
2018-12-23__18:42 [1.38,0.98,0.86] 22.3% 27800 normal
2018-12-23__18:42 [1.27,0.97,0.85] 9.9% 27800 normal
2018-12-23__18:42 [1.17,0.95,0.85] 14.2% 27800 normal
2018-12-23__18:43 [1.24,0.97,0.85] 18.8% 27800 normal
2018-12-23__18:43 [1.22,0.97,0.85] 10.0% 27800 normal
2018-12-23__18:43 [1.28,0.99,0.86] 6.3% 27800 normal
2018-12-23__18:43 [1.26,0.99,0.86] 17.9% 27800 normal
2018-12-23__18:43 [1.24,0.99,0.86] 11.7% 27800 normal
2018-12-23__18:43 [1.12,0.97,0.86] 7.3% 27800 normal
2018-12-23__18:43 [1.35,1.02,0.87] 8.5% 27800 normal
2018-12-23__18:43 [1.24,1.01,0.87] 3.3% 27800 normal
2018-12-23__18:43 [1.14,0.99,0.87] 9.5% 27800 normal
2018-12-23__18:43 [1.05,0.97,0.86] 4.5% 27800 normal
2018-12-23__18:43 [0.97,0.95,0.86] 4.0% 27800 normal
2018-12-23__18:44 [0.89,0.94,0.85] 7.2% 27800 normal
2018-12-23__18:44 [0.82,0.92,0.85] 3.2% 27800 normal
2018-12-23__18:44 [0.83,0.92,0.85] 2.7% 27800 normal
2018-12-23__18:44 [0.70,0.89,0.84] 4.8% 27800 normal
2018-12-23__18:44 [0.65,0.88,0.83] 4.2% 27800 normal
2018-12-23__18:44 [0.60,0.86,0.83] 4.2% 27800 normal
2018-12-23__18:44 [0.55,0.85,0.82] 2.8% 27800 normal
2018-12-23__18:44 [0.50,0.84,0.82] 4.0% 27800 normal
2018-12-23__18:44 [0.46,0.82,0.81] 3.2% 27800 normal
2018-12-23__18:44 [0.51,0.82,0.81] 5.7% 27800 normal
2018-12-23__18:45 [0.47,0.81,0.81] 6.4% 27800 normal
2018-12-23__18:45 [0.43,0.80,0.81] 2.8% 27800 normal
2018-12-23__18:45 [0.44,0.79,0.80] 8.6% 27800 normal
2018-12-23__18:45 [0.41,0.77,0.80] 3.0% 27800 normal
2018-12-23__18:45 [0.37,0.76,0.79] 4.4% 27800 normal
2018-12-23__18:45 [0.34,0.75,0.79] 4.0% 27800 normal
2018-12-23__18:45 [0.32,0.74,0.79] 5.4% 27800 normal
2018-12-23__18:45 [0.37,0.74,0.79] 2.5% 27800 normal
2018-12-23__18:45 [0.66,0.79,0.80] 6.6% 27800 normal
2018-12-23__18:45 [0.61,0.78,0.80] 4.5% 27800 normal
2018-12-23__18:45 [0.64,0.78,0.80] 10.9% 27800 normal
2018-12-23__18:46 [0.54,0.76,0.79] 5.0% 27800 normal
2018-12-23__18:46 [1.06,0.86,0.83] 3.0% 27800 normal
2018-12-23__18:46 [1.05,0.86,0.83] 4.9% 27800 normal
2018-12-23__18:46 [0.97,0.85,0.82] 3.5% 27800 normal
2018-12-23__18:46 [0.89,0.84,0.82] 2.5% 27800 normal
2018-12-23__18:46 [0.82,0.82,0.81] 4.2% 27800 normal
2018-12-23__18:46 [0.75,0.81,0.81] 3.5% 27800 normal
2018-12-23__18:46 [0.69,0.79,0.80] 3.5% 27800 normal
2018-12-23__18:46 [0.64,0.78,0.80] 6.7% 27800 normal
2018-12-23__18:46 [0.54,0.75,0.79] 2.8% 27800 normal
2018-12-23__18:46 [0.50,0.74,0.79] 3.5% 27800 normal
2018-12-23__18:47 [0.54,0.75,0.79] 3.5% 27800 normal
2018-12-23__18:47 [0.57,0.75,0.79] 3.2% 27800 normal
2018-12-23__18:47 [0.53,0.74,0.79] 4.0% 27800 normal
2018-12-23__18:47 [0.48,0.72,0.78] 2.8% 27800 normal
2018-12-23__18:47 [0.45,0.71,0.78] 3.3% 27800 normal
2018-12-23__18:47 [0.41,0.70,0.77] 4.1% 27800 normal
2018-12-23__18:47 [0.35,0.68,0.76] 5.5% 27800 normal
2018-12-23__18:47 [0.32,0.67,0.76] 8.8% 27800 normal
2018-12-23__18:47 [0.29,0.65,0.75] 3.5% 27800 normal
2018-12-23__18:47 [0.35,0.66,0.76] 2.8% 27800 normal
2018-12-23__18:47 [0.32,0.65,0.75] 3.0% 27800 normal
2018-12-23__18:48 [0.30,0.64,0.75] 3.5% 27800 normal
2018-12-23__18:48 [0.35,0.64,0.75] 5.4% 27800 normal
2018-12-23__18:48 [0.32,0.63,0.74] 5.0% 27800 normal
2018-12-23__18:48 [0.38,0.64,0.75] 3.7% 27800 normal
2018-12-23__18:48 [0.32,0.62,0.74] 5.4% 27800 normal
2018-12-23__18:48 [0.29,0.61,0.73] 3.2% 27800 normal
2018-12-23__18:48 [0.27,0.60,0.73] 8.6% 27800 normal
2018-12-23__18:48 [0.25,0.59,0.72] 5.0% 27800 normal
2018-12-23__18:48 [0.23,0.58,0.72] 4.2% 27800 normal
2018-12-23__18:48 [0.29,0.58,0.72] 2.3% 27800 normal
2018-12-23__18:49 [0.27,0.57,0.72] 4.9% 27800 normal
2018-12-23__18:49 [0.41,0.60,0.72] 10.9% 27800 normal
2018-12-23__18:49 [0.61,0.64,0.74] 5.9% 27800 normal
2018-12-23__18:49 [0.59,0.63,0.73] 4.9% 27800 normal
2018-12-23__18:49 [0.54,0.62,0.73] 7.0% 27800 normal
2018-12-23__18:49 [0.50,0.61,0.73] 10.7% 27800 normal
2018-12-23__18:49 [0.46,0.60,0.72] 5.7% 27800 normal
2018-12-23__18:49 [0.42,0.59,0.72] 4.5% 27800 normal
2018-12-23__18:49 [0.39,0.58,0.71] 4.2% 27800 normal
2018-12-23__18:49 [0.36,0.57,0.71] 5.9% 27800 normal
2018-12-23__18:49 [0.33,0.56,0.71] 5.0% 27800 normal
2018-12-23__18:50 [0.46,0.59,0.71] 4.7% 27800 normal
2018-12-23__18:50 [0.39,0.57,0.71] 4.7% 27800 normal
2018-12-23__18:50 [0.44,0.57,0.71] 6.6% 27800 normal
2018-12-23__18:50 [0.41,0.56,0.70] 3.5% 27800 normal
2018-12-23__18:50 [0.37,0.55,0.70] 7.6% 27800 normal
2018-12-23__18:50 [0.42,0.56,0.70] 6.1% 27800 normal
2018-12-23__18:50 [0.39,0.55,0.70] 5.7% 27800 normal
2018-12-23__18:50 [0.36,0.54,0.69] 2.8% 27800 normal
2018-12-23__18:50 [0.33,0.53,0.69] 4.2% 27800 normal
2018-12-23__18:50 [0.38,0.54,0.69] 9.1% 27800 normal
2018-12-23__18:50 [0.32,0.52,0.68] 2.8% 27800 normal
2018-12-23__18:51 [0.30,0.51,0.68] 3.7% 27800 normal
2018-12-23__18:51 [0.35,0.52,0.68] 8.3% 27800 normal
2018-12-23__18:51 [0.57,0.56,0.70] 4.2% 27800 normal
2018-12-23__18:51 [0.52,0.55,0.69] 3.8% 27800 normal
2018-12-23__18:51 [0.48,0.55,0.69] 3.0% 27800 normal
2018-12-23__18:51 [0.44,0.54,0.68] 6.0% 27800 normal
2018-12-23__18:51 [0.64,0.58,0.70] 5.9% 27800 normal
2018-12-23__18:51 [0.83,0.62,0.71] 2.8% 27800 normal
2018-12-23__18:51 [0.78,0.61,0.71] 2.5% 27800 normal
2018-12-23__18:51 [0.96,0.65,0.72] 6.4% 27800 normal
2018-12-23__18:51 [0.88,0.64,0.72] 2.3% 27800 normal
2018-12-23__18:52 [0.81,0.63,0.71] 2.8% 27800 normal
2018-12-23__18:52 [0.74,0.62,0.71] 5.9% 27800 normal
2018-12-23__18:52 [0.68,0.61,0.70] 3.0% 27800 normal
2018-12-23__18:52 [0.63,0.60,0.70] 5.4% 27800 normal
2018-12-23__18:52 [0.90,0.66,0.72] 4.7% 27800 normal
2018-12-23__18:52 [0.83,0.65,0.72] 4.7% 27800 normal
2018-12-23__18:52 [0.77,0.64,0.71] 3.5% 27800 normal
2018-12-23__18:52 [0.71,0.63,0.71] 3.7% 27800 normal
2018-12-23__18:52 [0.65,0.62,0.70] 4.5% 27800 normal
2018-12-23__18:52 [0.60,0.61,0.70] 2.5% 27800 normal
2018-12-23__18:52 [0.55,0.60,0.70] 5.7% 27800 normal
2018-12-23__18:53 [0.75,0.64,0.71] 8.1% 27800 normal
2018-12-23__18:53 [0.69,0.63,0.71] 4.2% 27800 normal
2018-12-23__18:53 [0.63,0.62,0.70] 3.2% 27800 normal
2018-12-23__18:53 [0.61,0.61,0.70] 6.8% 27800 normal
2018-12-23__18:53 [0.64,0.62,0.70] 6.2% 27800 normal
2018-12-23__18:53 [0.59,0.61,0.70] 4.5% 27800 normal
2018-12-23__18:53 [0.63,0.62,0.70] 3.7% 27800 normal
2018-12-23__18:53 [0.58,0.60,0.70] 3.7% 27800 normal
2018-12-23__18:53 [0.53,0.59,0.69] 2.8% 27800 normal
2018-12-23__18:53 [0.49,0.58,0.69] 6.9% 27800 normal
2018-12-23__18:54 [0.53,0.59,0.69] 4.4% 27800 normal
2018-12-23__18:54 [0.49,0.58,0.69] 5.0% 27800 normal
2018-12-23__18:54 [0.41,0.56,0.68] 4.9% 27800 normal
2018-12-23__18:54 [0.38,0.55,0.67] 3.7% 27800 normal
2018-12-23__18:54 [0.35,0.54,0.67] 2.8% 27800 normal
2018-12-23__18:54 [0.32,0.53,0.67] 4.7% 27800 normal
2018-12-23__18:54 [0.37,0.54,0.67] 3.0% 27800 normal
2018-12-23__18:54 [0.34,0.53,0.66] 3.5% 27800 normal
2018-12-23__18:54 [0.32,0.52,0.66] 5.2% 27800 normal
2018-12-23__18:54 [0.29,0.51,0.66] 6.9% 27800 normal
2018-12-23__18:54 [0.35,0.52,0.66] 2.5% 27800 normal
2018-12-23__18:55 [0.37,0.52,0.66] 2.5% 27800 normal
2018-12-23__18:55 [0.34,0.51,0.65] 3.7% 27800 normal
2018-12-23__18:55 [0.39,0.52,0.65] 3.5% 27800 normal
2018-12-23__18:55 [0.36,0.51,0.65] 2.7% 27800 normal
2018-12-23__18:55 [0.49,0.54,0.66] 3.7% 27800 normal
2018-12-23__18:55 [0.45,0.53,0.65] 2.3% 27800 normal
2018-12-23__18:55 [0.41,0.52,0.65] 3.5% 27800 normal
2018-12-23__18:55 [0.38,0.51,0.65] 4.7% 27800 normal
2018-12-23__18:55 [0.35,0.50,0.64] 6.9% 27800 normal
2018-12-23__18:55 [0.54,0.53,0.65] 4.5% 27800 normal
2018-12-23__18:55 [0.81,0.59,0.67] 3.3% 27800 normal
2018-12-23__18:56 [0.75,0.58,0.67] 6.0% 27800 normal
2018-12-23__18:56 [0.77,0.59,0.67] 3.3% 27800 normal
2018-12-23__18:56 [0.71,0.58,0.66] 5.0% 27800 normal
2018-12-23__18:56 [0.73,0.59,0.67] 3.2% 27800 normal
2018-12-23__18:56 [0.67,0.58,0.66] 2.8% 27800 normal
2018-12-23__18:56 [0.70,0.58,0.66] 5.0% 27800 normal
2018-12-23__18:56 [0.88,0.62,0.68] 9.2% 27800 normal
2018-12-23__18:56 [0.82,0.62,0.67] 2.0% 27800 normal
2018-12-23__18:56 [0.76,0.61,0.67] 6.7% 27800 normal
2018-12-23__18:56 [0.69,0.60,0.67] 9.1% 27800 normal
2018-12-23__18:56 [0.64,0.59,0.66] 4.9% 27800 normal
2018-12-23__18:57 [0.75,0.61,0.67] 8.8% 27800 normal
2018-12-23__18:57 [0.85,0.64,0.68] 7.4% 27800 normal
2018-12-23__18:57 [0.78,0.62,0.67] 2.8% 27800 normal
2018-12-23__18:57 [0.72,0.61,0.67] 4.7% 27800 normal
2018-12-23__18:57 [0.74,0.62,0.67] 14.2% 27800 normal
2018-12-23__18:57 [0.77,0.63,0.67] 7.9% 27800 normal
2018-12-23__18:57 [0.87,0.66,0.68] 3.5% 27800 normal
2018-12-23__18:57 [1.12,0.71,0.70] 4.7% 27800 normal
2018-12-23__18:57 [1.03,0.70,0.70] 4.2% 27800 normal
2018-12-23__18:57 [1.11,0.72,0.70] 4.9% 27800 normal
2018-12-23__18:58 [1.02,0.71,0.70] 3.7% 27800 normal
2018-12-23__18:58 [0.94,0.70,0.70] 3.8% 27800 normal
2018-12-23__18:58 [0.86,0.69,0.69] 4.2% 27800 normal
2018-12-23__18:58 [0.73,0.66,0.68] 4.2% 27800 normal
2018-12-23__18:58 [0.75,0.67,0.69] 3.8% 27800 normal
2018-12-23__18:58 [0.69,0.66,0.68] 6.3% 27800 normal
2018-12-23__18:58 [0.64,0.65,0.68] 3.0% 27800 normal
2018-12-23__18:58 [0.67,0.65,0.68] 5.7% 27800 normal
2018-12-23__18:58 [0.61,0.64,0.68] 4.0% 27800 normal
2018-12-23__18:58 [0.64,0.65,0.68] 6.0% 27800 normal
2018-12-23__18:58 [0.59,0.64,0.67] 8.3% 27800 normal
2018-12-23__18:59 [0.62,0.64,0.68] 5.2% 27800 normal
2018-12-23__18:59 [0.53,0.62,0.67] 6.7% 27800 normal
2018-12-23__18:59 [0.49,0.61,0.66] 6.2% 27800 normal
2018-12-23__18:59 [0.45,0.60,0.66] 11.2% 27800 normal
2018-12-23__18:59 [0.41,0.59,0.66] 2.8% 27800 normal
2018-12-23__18:59 [0.38,0.58,0.65] 9.8% 27800 normal
2018-12-23__18:59 [0.35,0.57,0.65] 2.8% 27800 normal
2018-12-23__18:59 [0.32,0.56,0.64] 5.7% 27800 normal
2018-12-23__18:59 [0.29,0.55,0.64] 6.4% 27800 normal
2018-12-23__18:59 [0.27,0.54,0.64] 6.5% 27800 normal
2018-12-23__18:59 [0.31,0.54,0.64] 8.6% 27800 normal
2018-12-23__19:00 [0.28,0.53,0.63] 3.3% 27800 normal
2018-12-23__19:00 [0.26,0.52,0.63] 17.7% 27800 normal
2018-12-23__19:00 [0.24,0.51,0.63] 7.3% 27800 normal
2018-12-23__19:00 [0.22,0.50,0.62] 2.0% 27800 normal
2018-12-23__19:00 [0.20,0.49,0.62] 3.5% 27800 normal
2018-12-23__19:00 [0.35,0.52,0.63] 3.8% 27800 normal
2018-12-23__19:00 [0.32,0.51,0.62] 4.5% 27800 normal
2018-12-23__19:00 [0.29,0.50,0.62] 5.9% 27800 normal
2018-12-23__19:00 [0.41,0.52,0.62] 4.0% 27800 normal
2018-12-23__19:00 [0.37,0.51,0.62] 6.1% 27800 normal
2018-12-23__19:00 [0.34,0.50,0.62] 6.5% 27800 normal
2018-12-23__19:01 [0.48,0.53,0.62] 5.6% 27800 normal
2018-12-23__19:01 [0.44,0.52,0.62] 7.9% 27800 normal
2018-12-23__19:01 [0.48,0.53,0.62] 5.7% 27800 normal
2018-12-23__19:01 [0.44,0.52,0.62] 16.3% 27800 normal
2018-12-23__19:01 [0.49,0.53,0.62] 3.2% 27800 normal
2018-12-23__19:01 [0.45,0.52,0.62] 4.6% 27800 normal
2018-12-23__19:01 [0.54,0.53,0.62] 5.9% 27800 normal
2018-12-23__19:01 [0.57,0.54,0.63] 2.5% 27800 normal
2018-12-23__19:01 [0.53,0.53,0.62] 4.9% 27800 normal
2018-12-23__19:01 [0.56,0.54,0.63] 4.2% 27800 normal
2018-12-23__19:02 [0.52,0.53,0.62] 6.7% 27800 normal
2018-12-23__19:02 [0.48,0.52,0.62] 5.4% 27800 normal
2018-12-23__19:02 [0.44,0.51,0.62] 6.4% 27800 normal
2018-12-23__19:02 [0.48,0.52,0.62] 4.2% 27800 normal
2018-12-23__19:02 [0.45,0.51,0.61] 5.1% 27800 normal
2018-12-23__19:02 [0.53,0.53,0.62] 6.6% 27800 normal
2018-12-23__19:02 [0.49,0.52,0.62] 3.3% 27800 normal
2018-12-23__19:02 [0.45,0.51,0.61] 5.7% 27800 normal
2018-12-23__19:02 [0.41,0.50,0.61] 5.9% 27800 normal
2018-12-23__19:02 [0.38,0.49,0.61] 4.5% 27800 normal
2018-12-23__19:02 [0.35,0.48,0.60] 6.0% 27800 normal
2018-12-23__19:03 [0.32,0.48,0.60] 3.5% 27800 normal
2018-12-23__19:03 [0.29,0.47,0.60] 6.5% 27800 normal
2018-12-23__19:03 [0.43,0.49,0.60] 5.0% 27800 normal
2018-12-23__19:03 [0.51,0.51,0.61] 3.2% 27800 normal
2018-12-23__19:03 [0.47,0.50,0.60] 2.3% 27800 normal
2018-12-23__19:03 [0.43,0.49,0.60] 5.4% 27800 normal
2018-12-23__19:03 [0.40,0.48,0.60] 4.9% 27800 normal
2018-12-23__19:03 [0.37,0.48,0.59] 6.7% 27800 normal
2018-12-23__19:03 [0.34,0.47,0.59] 6.6% 27800 normal
2018-12-23__19:03 [0.31,0.46,0.59] 8.0% 27800 normal
2018-12-23__19:03 [0.36,0.47,0.59] 5.0% 27800 normal
2018-12-23__19:04 [0.31,0.45,0.58] 3.5% 27800 normal
2018-12-23__19:04 [0.28,0.45,0.58] 4.7% 27800 normal
2018-12-23__19:04 [0.34,0.46,0.58] 3.0% 27800 normal
2018-12-23__19:04 [0.39,0.46,0.58] 4.2% 27800 normal
2018-12-23__19:04 [0.36,0.46,0.58] 4.7% 27800 normal
2018-12-23__19:04 [0.33,0.45,0.58] 3.8% 27800 normal
2018-12-23__19:04 [0.31,0.44,0.57] 5.6% 27800 normal
2018-12-23__19:04 [0.36,0.45,0.58] 6.0% 27800 normal
2018-12-23__19:04 [0.33,0.44,0.57] 3.0% 27800 normal
2018-12-23__19:04 [0.28,0.43,0.57] 14.4% 27800 normal
2018-12-23__19:04 [0.26,0.42,0.56] 6.2% 27800 normal
2018-12-23__19:05 [0.32,0.43,0.57] 7.6% 27800 normal
2018-12-23__19:05 [0.37,0.44,0.57] 4.0% 27800 normal
2018-12-23__19:05 [0.42,0.45,0.57] 5.9% 27800 normal
2018-12-23__19:05 [0.39,0.44,0.57] 4.5% 27800 normal
2018-12-23__19:05 [0.36,0.43,0.56] 4.7% 27800 normal
2018-12-23__19:05 [0.33,0.43,0.56] 9.4% 27800 normal
2018-12-23__19:05 [0.30,0.42,0.56] 7.5% 27800 normal
2018-12-23__19:05 [0.41,0.44,0.56] 15.7% 27800 normal
2018-12-23__19:05 [0.38,0.43,0.56] 16.5% 27800 normal
2018-12-23__19:05 [0.43,0.44,0.56] 5.8% 27800 normal
2018-12-23__19:05 [0.39,0.43,0.56] 8.7% 27800 normal
2018-12-23__19:06 [0.60,0.48,0.57] 3.0% 27800 normal
2018-12-23__19:06 [0.55,0.47,0.57] 2.0% 27800 normal
2018-12-23__19:06 [0.51,0.46,0.56] 3.2% 27800 normal
2018-12-23__19:06 [0.47,0.45,0.56] 5.4% 27800 normal
2018-12-23__19:06 [0.43,0.44,0.56] 2.3% 27800 normal
2018-12-23__19:06 [0.44,0.45,0.56] 7.4% 27800 normal
2018-12-23__19:06 [0.49,0.46,0.56] 3.3% 27800 normal
2018-12-23__19:06 [0.45,0.45,0.55] 4.2% 27800 normal
2018-12-23__19:06 [0.41,0.44,0.55] 2.7% 27800 normal
2018-12-23__19:06 [0.38,0.43,0.55] 5.4% 27800 normal
2018-12-23__19:07 [0.43,0.44,0.55] 3.7% 27800 normal
2018-12-23__19:07 [0.40,0.43,0.55] 3.5% 27800 normal
2018-12-23__19:07 [0.36,0.43,0.54] 17.5% 27800 normal
2018-12-23__19:07 [0.33,0.42,0.54] 5.9% 27800 normal
2018-12-23__19:07 [0.28,0.41,0.53] 4.7% 27800 normal
2018-12-23__19:07 [0.26,0.40,0.53] 5.9% 27800 normal
2018-12-23__19:07 [0.24,0.39,0.53] 3.0% 27800 normal
2018-12-23__19:07 [0.22,0.39,0.53] 4.7% 27800 normal
2018-12-23__19:07 [0.20,0.38,0.52] 5.5% 27800 normal
2018-12-23__19:07 [0.18,0.37,0.52] 2.3% 27800 normal
2018-12-23__19:07 [0.17,0.37,0.52] 4.0% 27800 normal
2018-12-23__19:08 [0.16,0.36,0.51] 3.0% 27800 normal
2018-12-23__19:08 [0.14,0.35,0.51] 4.2% 27800 normal
2018-12-23__19:08 [0.12,0.34,0.51] 6.9% 27800 normal
2018-12-23__19:08 [0.11,0.33,0.50] 6.7% 27800 normal
2018-12-23__19:08 [0.10,0.33,0.50] 6.1% 27800 normal
2018-12-23__19:08 [0.09,0.32,0.50] 5.4% 27800 normal
2018-12-23__19:08 [0.33,0.37,0.51] 3.5% 27800 normal
2018-12-23__19:08 [0.30,0.36,0.51] 3.0% 27800 normal
2018-12-23__19:08 [0.28,0.36,0.50] 4.2% 27800 normal
2018-12-23__19:08 [0.25,0.35,0.50] 3.7% 27800 normal
2018-12-23__19:08 [0.39,0.38,0.51] 7.2% 27800 normal
2018-12-23__19:09 [0.48,0.40,0.52] 5.6% 27800 normal
2018-12-23__19:09 [0.44,0.39,0.51] 4.4% 27800 normal
2018-12-23__19:09 [0.41,0.38,0.51] 9.7% 27800 normal
2018-12-23__19:09 [0.61,0.43,0.52] 4.2% 27800 normal
2018-12-23__19:09 [0.81,0.47,0.54] 6.9% 27800 normal
2018-12-23__19:09 [0.82,0.48,0.54] 3.3% 27800 normal
2018-12-23__19:09 [0.84,0.49,0.54] 4.0% 27800 normal
2018-12-23__19:09 [0.85,0.50,0.55] 3.3% 27800 normal
2018-12-23__19:09 [0.72,0.48,0.54] 3.3% 27800 normal
2018-12-23__19:09 [0.66,0.47,0.54] 3.8% 27800 normal
2018-12-23__19:09 [0.61,0.46,0.53] 4.5% 27800 normal
2018-12-23__19:10 [0.56,0.46,0.53] 12.9% 27800 normal
2018-12-23__19:10 [0.51,0.45,0.53] 5.1% 27800 normal
2018-12-23__19:10 [0.47,0.44,0.52] 9.7% 27800 normal
2018-12-23__19:10 [0.43,0.43,0.52] 7.7% 27800 normal
2018-12-23__19:10 [0.40,0.43,0.52] 3.8% 27800 normal
2018-12-23__19:10 [0.37,0.42,0.52] 6.9% 27800 normal
2018-12-23__19:10 [0.39,0.42,0.52] 16.4% 27800 normal
2018-12-23__19:10 [0.44,0.43,0.52] 5.2% 27800 normal
2018-12-23__19:10 [0.40,0.42,0.52] 3.7% 27800 normal
2018-12-23__19:10 [0.37,0.42,0.51] 5.2% 27800 normal
2018-12-23__19:11 [0.34,0.41,0.51] 5.2% 27800 normal
2018-12-23__19:11 [0.31,0.40,0.51] 5.9% 27800 normal
2018-12-23__19:11 [0.29,0.40,0.50] 3.2% 27800 normal
2018-12-23__19:11 [0.35,0.41,0.51] 10.1% 27800 normal
2018-12-23__19:11 [0.32,0.40,0.50] 5.2% 27800 normal
2018-12-23__19:11 [0.27,0.39,0.50] 3.3% 27800 normal
2018-12-23__19:11 [0.25,0.38,0.50] 4.8% 27800 normal
2018-12-23__19:11 [0.31,0.39,0.50] 3.3% 27800 normal
2018-12-23__19:11 [0.28,0.38,0.50] 5.8% 27800 normal
2018-12-23__19:11 [0.26,0.38,0.49] 4.5% 27800 normal
2018-12-23__19:11 [0.24,0.37,0.49] 6.9% 27800 normal
2018-12-23__19:12 [0.22,0.36,0.49] 5.7% 27800 normal
2018-12-23__19:12 [0.20,0.36,0.48] 3.3% 27800 normal
2018-12-23__19:12 [0.18,0.35,0.48] 4.3% 27800 normal
2018-12-23__19:12 [0.16,0.34,0.47] 4.9% 27800 normal
2018-12-23__19:12 [0.54,0.42,0.50] 7.1% 27800 normal
2018-12-23__19:12 [0.50,0.41,0.50] 3.0% 27800 normal
2018-12-23__19:12 [0.46,0.40,0.49] 4.2% 27800 normal
2018-12-23__19:12 [0.42,0.40,0.49] 6.3% 27800 normal
2018-12-23__19:12 [0.39,0.39,0.49] 6.7% 27800 normal
2018-12-23__19:12 [0.36,0.38,0.48] 2.8% 27800 normal
2018-12-23__19:12 [0.33,0.38,0.48] 5.2% 27800 normal
2018-12-23__19:13 [0.46,0.40,0.49] 6.1% 27800 normal
2018-12-23__19:13 [0.47,0.41,0.49] 4.9% 27800 normal
2018-12-23__19:13 [0.43,0.40,0.49] 4.7% 27800 normal
2018-12-23__19:13 [0.39,0.39,0.48] 14.3% 27800 normal
2018-12-23__19:13 [0.36,0.39,0.48] 14.7% 27800 normal
2018-12-23__19:13 [0.57,0.43,0.50] 14.2% 27800 normal
2018-12-23__19:13 [0.77,0.47,0.51] 5.2% 27800 normal
2018-12-23__19:13 [0.71,0.46,0.51] 6.7% 27800 normal
2018-12-23__19:13 [0.65,0.46,0.50] 6.4% 27800 normal
2018-12-23__19:13 [0.68,0.46,0.51] 2.8% 27800 normal
2018-12-23__19:13 [0.57,0.45,0.50] 4.5% 27800 normal
2018-12-23__19:14 [0.53,0.44,0.50] 2.8% 27800 normal
2018-12-23__19:14 [0.56,0.45,0.50] 7.1% 27800 normal
2018-12-23__19:14 [0.52,0.44,0.50] 4.0% 27800 normal
2018-12-23__19:14 [0.48,0.43,0.49] 4.0% 27800 normal
2018-12-23__19:14 [0.52,0.44,0.50] 4.0% 27800 normal
2018-12-23__19:14 [0.48,0.44,0.49] 4.2% 27800 normal
2018-12-23__19:14 [0.60,0.46,0.50] 5.7% 27800 normal
2018-12-23__19:14 [0.63,0.47,0.51] 3.2% 27800 normal
2018-12-23__19:14 [0.53,0.46,0.50] 5.9% 27800 normal
2018-12-23__19:14 [0.57,0.47,0.50] 1.8% 27800 normal
2018-12-23__19:14 [0.53,0.46,0.50] 3.5% 27800 normal
2018-12-23__19:15 [0.48,0.45,0.50] 4.0% 27800 normal
2018-12-23__19:15 [0.44,0.44,0.49] 3.7% 27800 normal
2018-12-23__19:15 [0.41,0.43,0.49] 5.9% 27800 normal
2018-12-23__19:15 [0.38,0.43,0.49] 4.7% 27800 normal
2018-12-23__19:15 [0.35,0.42,0.48] 7.2% 27800 normal
2018-12-23__19:15 [0.61,0.47,0.50] 2.8% 27800 normal
2018-12-23__19:15 [0.72,0.50,0.51] 3.0% 27800 normal
2018-12-23__19:15 [0.67,0.49,0.51] 4.7% 27800 normal
2018-12-23__19:15 [0.61,0.48,0.50] 5.9% 27800 normal
2018-12-23__19:15 [0.72,0.51,0.51] 3.2% 27800 normal
2018-12-23__19:16 [0.66,0.50,0.51] 3.7% 27800 normal
2018-12-23__19:16 [0.69,0.51,0.51] 3.5% 27800 normal
2018-12-23__19:16 [0.64,0.50,0.51] 3.5% 27800 normal
2018-12-23__19:16 [0.67,0.51,0.51] 3.2% 27800 normal
2018-12-23__19:16 [0.56,0.49,0.51] 8.8% 27800 normal
2018-12-23__19:16 [0.52,0.48,0.50] 5.9% 27800 normal
2018-12-23__19:16 [0.48,0.47,0.50] 3.7% 27800 normal
2018-12-23__19:16 [0.44,0.46,0.50] 4.3% 27800 normal
2018-12-23__19:16 [0.40,0.46,0.49] 5.6% 27800 normal
2018-12-23__19:16 [0.37,0.45,0.49] 5.2% 27800 normal
2018-12-23__19:16 [0.34,0.44,0.49] 3.9% 27800 normal
2018-12-23__19:17 [0.31,0.43,0.49] 3.7% 27800 normal
2018-12-23__19:17 [0.29,0.43,0.48] 5.9% 27800 normal
2018-12-23__19:17 [0.24,0.41,0.48] 4.5% 27800 normal
2018-12-23__19:17 [0.22,0.40,0.47] 6.4% 27800 normal
2018-12-23__19:17 [0.20,0.40,0.47] 6.1% 27800 normal
2018-12-23__19:17 [0.19,0.39,0.47] 3.3% 27800 normal
2018-12-23__19:17 [0.17,0.38,0.46] 2.5% 27800 normal
2018-12-23__19:17 [0.16,0.38,0.46] 4.2% 27800 normal
2018-12-23__19:17 [0.15,0.37,0.46] 2.8% 27800 normal
2018-12-23__19:17 [0.13,0.36,0.46] 4.0% 27800 normal
2018-12-23__19:17 [0.20,0.38,0.46] 3.3% 27800 normal
2018-12-23__19:18 [0.17,0.36,0.45] 3.3% 27800 normal
2018-12-23__19:18 [0.16,0.36,0.45] 6.5% 27800 normal
2018-12-23__19:18 [0.14,0.35,0.45] 4.7% 27800 normal
2018-12-23__19:18 [0.13,0.34,0.45] 4.0% 27800 normal
2018-12-23__19:18 [0.12,0.34,0.44] 5.9% 27800 normal
2018-12-23__19:18 [0.11,0.33,0.44] 4.7% 27800 normal
2018-12-23__19:18 [0.10,0.33,0.44] 3.0% 27800 normal
2018-12-23__19:18 [0.09,0.32,0.44] 5.7% 27800 normal
2018-12-23__19:18 [0.09,0.32,0.43] 2.5% 27800 normal
2018-12-23__19:18 [0.07,0.30,0.43] 11.5% 27800 normal
2018-12-23__19:18 [0.15,0.32,0.43] 3.0% 27800 normal
2018-12-23__19:19 [0.14,0.31,0.43] 4.8% 27800 normal
2018-12-23__19:19 [0.12,0.31,0.43] 6.4% 27800 normal
2018-12-23__19:19 [0.11,0.30,0.42] 4.9% 27800 normal
2018-12-23__19:19 [0.10,0.29,0.42] 12.6% 27800 normal
2018-12-23__19:19 [0.10,0.29,0.42] 4.5% 27800 normal
2018-12-23__19:19 [0.09,0.28,0.42] 5.2% 27800 normal
2018-12-23__19:19 [0.32,0.33,0.43] 4.2% 27800 normal
2018-12-23__19:19 [0.27,0.32,0.43] 3.7% 27800 normal
2018-12-23__19:19 [0.25,0.31,0.42] 4.4% 27800 normal
2018-12-23__19:19 [0.23,0.31,0.42] 5.9% 27800 normal
2018-12-23__19:20 [0.21,0.30,0.42] 4.2% 27800 normal
2018-12-23__19:20 [0.19,0.30,0.42] 3.5% 27800 normal
2018-12-23__19:20 [0.18,0.29,0.41] 4.4% 27800 normal
2018-12-23__19:20 [0.16,0.29,0.41] 4.0% 27800 normal
2018-12-23__19:20 [0.15,0.28,0.41] 5.2% 27800 normal
2018-12-23__19:20 [0.20,0.29,0.41] 3.2% 27800 normal
2018-12-23__19:20 [0.18,0.28,0.41] 3.7% 27800 normal
2018-12-23__19:20 [0.17,0.28,0.41] 4.2% 27800 normal
2018-12-23__19:20 [0.16,0.27,0.40] 4.5% 27800 normal
2018-12-23__19:20 [0.14,0.27,0.40] 11.4% 27800 normal
2018-12-23__19:20 [0.13,0.26,0.40] 7.7% 27800 normal
2018-12-23__19:21 [0.12,0.26,0.40] 3.2% 27800 normal
2018-12-23__19:21 [0.11,0.26,0.39] 4.5% 27800 normal
2018-12-23__19:21 [0.10,0.25,0.39] 4.7% 27800 normal
2018-12-23__19:21 [0.09,0.24,0.39] 3.5% 27800 normal
2018-12-23__19:21 [0.08,0.24,0.38] 5.6% 27800 normal
2018-12-23__19:21 [0.07,0.23,0.38] 2.5% 27800 normal
2018-12-23__19:21 [0.07,0.23,0.38] 7.1% 27800 normal
2018-12-23__19:21 [0.06,0.23,0.38] 12.2% 27800 normal
2018-12-23__19:21 [0.14,0.24,0.38] 15.2% 27800 normal
2018-12-23__19:21 [0.21,0.25,0.38] 8.6% 27800 normal
2018-12-23__19:21 [0.19,0.25,0.38] 18.9% 27800 normal
