2018-12-11 19:19:25 0 disk 46170 26428 38.2%
2018-12-11 19:19:25 1 /dev 3893 3893 0%
2018-12-11 19:19:25 1 /snap/core/6034 90 0 100%
2018-12-13 18:43:56 0 disk 46170 26347 38.3%
2018-12-13 18:43:56 1 
2018-12-13 18:43:56 1 
2018-12-13 18:44:23 0 disk 46170 26347 38.3%
2018-12-13 18:44:23 1 /dev 3893 3893 0%
2018-12-13 18:44:23 1 /snap/core/6034 90 0 100%
2018-12-13 18:51:54 0 disk 46170 26347 38.3%
2018-12-13 18:51:54 1 /dev 3893 3893 0%
2018-12-13 18:51:54 1 /snap/core/6034 90 0 100%
2018-12-16 12:07:29 1 
2018-12-16 12:07:29 1 
2018-12-16 12:07:59 1 
2018-12-16 12:07:59 1 
2018-12-16 12:10:24 0 disk 46170 26827 37.3%
2018-12-16 12:10:24 1 /dev 3893 3893 0%
2018-12-16 12:10:24 1 /boot/efi 496 459 8%
2018-12-16 12:11:43 0 disk 46170 26827 37.3%
2018-12-16 12:11:43 1 /dev 3893 3893 0%
2018-12-16 12:11:43 1 /boot/efi 496 459 8%
2018-12-16 12:12:43 0 disk 46170 26827 37.3%
2018-12-16 12:12:43 1 /dev 3893 3893 0%
2018-12-16 12:12:43 1 /boot/efi 496 459 8%
2018-12-16 12:13:44 0 disk 46170 26827 37.3%
2018-12-16 12:13:44 1 /dev 3893 3893 0%
2018-12-16 12:13:44 1 /boot/efi 496 459 8%
2018-12-16 12:14:44 0 disk 46170 26827 37.3%
2018-12-16 12:14:44 1 /dev 3893 3893 0%
2018-12-16 12:14:44 1 /boot/efi 496 459 8%
2018-12-16 12:15:44 0 disk 46170 26827 37.3%
2018-12-16 12:15:44 1 /dev 3893 3893 0%
2018-12-16 12:15:44 1 /boot/efi 496 459 8%
2018-12-16 12:16:44 0 disk 46170 26827 37.3%
2018-12-16 12:16:44 1 /dev 3893 3893 0%
2018-12-16 12:16:44 1 /boot/efi 496 459 8%
2018-12-16 12:17:44 0 disk 46170 26827 37.3%
2018-12-16 12:17:44 1 /dev 3893 3893 0%
2018-12-16 12:17:44 1 /boot/efi 496 459 8%
2018-12-16 12:18:45 0 disk 46170 26827 37.3%
2018-12-16 12:18:45 1 /dev 3893 3893 0%
2018-12-16 12:18:45 1 /boot/efi 496 459 8%
2018-12-16 12:19:45 0 disk 46170 26827 37.3%
2018-12-16 12:19:45 1 /dev 3893 3893 0%
2018-12-16 12:19:45 1 /boot/efi 496 459 8%
2018-12-16 12:20:45 0 disk 46170 26827 37.3%
2018-12-16 12:20:45 1 /dev 3893 3893 0%
2018-12-16 12:20:45 1 /boot/efi 496 459 8%
2018-12-16 12:21:45 0 disk 46170 26827 37.3%
2018-12-16 12:21:45 1 /dev 3893 3893 0%
2018-12-16 12:21:45 1 /boot/efi 496 459 8%
2018-12-16 12:22:45 0 disk 46170 26827 37.3%
2018-12-16 12:22:45 1 /dev 3893 3893 0%
2018-12-16 12:22:45 1 /boot/efi 496 459 8%
2018-12-16 12:23:46 0 disk 46170 26827 37.3%
2018-12-16 12:23:46 1 /dev 3893 3893 0%
2018-12-16 12:23:46 1 /boot/efi 496 459 8%
2018-12-16 12:24:46 0 disk 46170 26827 37.3%
2018-12-16 12:24:46 1 /dev 3893 3893 0%
2018-12-16 12:24:46 1 /boot/efi 496 459 8%
2018-12-16 12:25:46 0 disk 46170 26827 37.3%
2018-12-16 12:25:46 1 /dev 3893 3893 0%
2018-12-16 12:25:46 1 /boot/efi 496 459 8%
2018-12-16 12:26:46 0 disk 46170 26827 37.3%
2018-12-16 12:26:46 1 /dev 3893 3893 0%
2018-12-16 12:26:46 1 /boot/efi 496 459 8%
2018-12-16 12:27:46 0 disk 46170 26827 37.3%
2018-12-16 12:27:46 1 /dev 3893 3893 0%
2018-12-16 12:27:46 1 /boot/efi 496 459 8%
2018-12-16 12:28:47 0 disk 46170 26827 37.3%
2018-12-16 12:28:47 1 /dev 3893 3893 0%
2018-12-16 12:28:47 1 /boot/efi 496 459 8%
2018-12-16 12:29:47 0 disk 46170 26827 37.3%
2018-12-16 12:29:47 1 /dev 3893 3893 0%
2018-12-16 12:29:47 1 /boot/efi 496 459 8%
2018-12-16 12:30:47 0 disk 46170 26827 37.3%
2018-12-16 12:30:47 1 /dev 3893 3893 0%
2018-12-16 12:30:47 1 /boot/efi 496 459 8%
2018-12-16 12:31:47 0 disk 46170 26827 37.3%
2018-12-16 12:31:47 1 /dev 3893 3893 0%
2018-12-16 12:31:47 1 /boot/efi 496 459 8%
2018-12-16 12:32:47 0 disk 46170 26827 37.3%
2018-12-16 12:32:47 1 /dev 3893 3893 0%
2018-12-16 12:32:47 1 /boot/efi 496 459 8%
2018-12-16 12:33:48 0 disk 46170 26827 37.3%
2018-12-16 12:33:48 1 /dev 3893 3893 0%
2018-12-16 12:33:48 1 /boot/efi 496 459 8%
2018-12-16 12:34:48 0 disk 46170 26827 37.3%
2018-12-16 12:34:48 1 /dev 3893 3893 0%
2018-12-16 12:34:48 1 /boot/efi 496 459 8%
2018-12-16 12:35:48 0 disk 46170 26827 37.3%
2018-12-16 12:35:48 1 /dev 3893 3893 0%
2018-12-16 12:35:48 1 /boot/efi 496 459 8%
2018-12-16 12:36:48 0 disk 46170 26827 37.3%
2018-12-16 12:36:48 1 /dev 3893 3893 0%
2018-12-16 12:36:48 1 /boot/efi 496 459 8%
2018-12-16 12:37:48 0 disk 46170 26827 37.3%
2018-12-16 12:37:48 1 /dev 3893 3893 0%
2018-12-16 12:37:48 1 /boot/efi 496 459 8%
2018-12-16 12:38:48 0 disk 46170 26827 37.3%
2018-12-16 12:38:48 1 /dev 3893 3893 0%
2018-12-16 12:38:48 1 /boot/efi 496 459 8%
2018-12-16 12:39:49 0 disk 46170 26827 37.3%
2018-12-16 12:39:49 1 /dev 3893 3893 0%
2018-12-16 12:39:49 1 /boot/efi 496 459 8%
2018-12-16 12:40:49 0 disk 46170 26827 37.3%
2018-12-16 12:40:49 1 /dev 3893 3893 0%
2018-12-16 12:40:49 1 /boot/efi 496 459 8%
2018-12-16 12:41:49 0 disk 46170 26827 37.3%
2018-12-16 12:41:49 1 /dev 3893 3893 0%
2018-12-16 12:41:49 1 /boot/efi 496 459 8%
2018-12-16 12:42:49 0 disk 46170 26827 37.3%
2018-12-16 12:42:49 1 /dev 3893 3893 0%
2018-12-16 12:42:49 1 /boot/efi 496 459 8%
2018-12-16 12:43:49 0 disk 46170 26827 37.3%
2018-12-16 12:43:49 1 /dev 3893 3893 0%
2018-12-16 12:43:49 1 /boot/efi 496 459 8%
2018-12-16 12:44:50 0 disk 46170 26827 37.3%
2018-12-16 12:44:50 1 /dev 3893 3893 0%
2018-12-16 12:44:50 1 /boot/efi 496 459 8%
2018-12-16 12:45:50 0 disk 46170 26827 37.3%
2018-12-16 12:45:50 1 /dev 3893 3893 0%
2018-12-16 12:45:50 1 /boot/efi 496 459 8%
2018-12-16 12:46:50 0 disk 46170 26827 37.3%
2018-12-16 12:46:50 1 /dev 3893 3893 0%
2018-12-16 12:46:50 1 /boot/efi 496 459 8%
2018-12-16 12:47:50 0 disk 46170 26827 37.3%
2018-12-16 12:47:50 1 /dev 3893 3893 0%
2018-12-16 12:47:50 1 /boot/efi 496 459 8%
2018-12-16 12:48:50 0 disk 46170 26827 37.3%
2018-12-16 12:48:50 1 /dev 3893 3893 0%
2018-12-16 12:48:50 1 /boot/efi 496 459 8%
2018-12-16 12:49:51 0 disk 46170 26827 37.3%
2018-12-16 12:49:51 1 /dev 3893 3893 0%
2018-12-16 12:49:51 1 /boot/efi 496 459 8%
2018-12-16 12:50:51 0 disk 46170 26827 37.3%
2018-12-16 12:50:51 1 /dev 3893 3893 0%
2018-12-16 12:50:51 1 /boot/efi 496 459 8%
2018-12-16 12:51:51 0 disk 46170 26827 37.3%
2018-12-16 12:51:51 1 /dev 3893 3893 0%
2018-12-16 12:51:51 1 /boot/efi 496 459 8%
2018-12-16 12:52:51 0 disk 46170 26827 37.3%
2018-12-16 12:52:51 1 /dev 3893 3893 0%
2018-12-16 12:52:51 1 /boot/efi 496 459 8%
2018-12-16 12:53:51 0 disk 46170 26827 37.3%
2018-12-16 12:53:51 1 /dev 3893 3893 0%
2018-12-16 12:53:51 1 /boot/efi 496 459 8%
2018-12-16 12:54:52 0 disk 46170 26827 37.3%
2018-12-16 12:54:52 1 /dev 3893 3893 0%
2018-12-16 12:54:52 1 /boot/efi 496 459 8%
2018-12-16 12:55:52 0 disk 46170 26827 37.3%
2018-12-16 12:55:52 1 /dev 3893 3893 0%
2018-12-16 12:55:52 1 /boot/efi 496 459 8%
2018-12-16 12:56:52 0 disk 46170 26827 37.3%
2018-12-16 12:56:52 1 /dev 3893 3893 0%
2018-12-16 12:56:52 1 /boot/efi 496 459 8%
2018-12-16 12:57:52 0 disk 46170 26827 37.3%
2018-12-16 12:57:52 1 /dev 3893 3893 0%
2018-12-16 12:57:52 1 /boot/efi 496 459 8%
2018-12-16 12:58:52 0 disk 46170 26827 37.3%
2018-12-16 12:58:52 1 /dev 3893 3893 0%
2018-12-16 12:58:52 1 /boot/efi 496 459 8%
2018-12-16 12:59:53 0 disk 46170 26827 37.3%
2018-12-16 12:59:53 1 /dev 3893 3893 0%
2018-12-16 12:59:53 1 /boot/efi 496 459 8%
2018-12-16 13:00:53 0 disk 46170 26827 37.3%
2018-12-16 13:00:53 1 /dev 3893 3893 0%
2018-12-16 13:00:53 1 /boot/efi 496 459 8%
2018-12-16 13:01:53 0 disk 46170 26827 37.3%
2018-12-16 13:01:53 1 /dev 3893 3893 0%
2018-12-16 13:01:53 1 /boot/efi 496 459 8%
2018-12-16 13:02:53 0 disk 46170 26827 37.3%
2018-12-16 13:02:53 1 /dev 3893 3893 0%
2018-12-16 13:02:53 1 /boot/efi 496 459 8%
2018-12-16 13:03:53 0 disk 46170 26827 37.3%
2018-12-16 13:03:53 1 /dev 3893 3893 0%
2018-12-16 13:03:53 1 /boot/efi 496 459 8%
2018-12-16 13:04:53 0 disk 46170 26827 37.3%
2018-12-16 13:04:53 1 /dev 3893 3893 0%
2018-12-16 13:04:53 1 /boot/efi 496 459 8%
2018-12-16 13:05:54 0 disk 46170 26827 37.3%
2018-12-16 13:05:54 1 /dev 3893 3893 0%
2018-12-16 13:05:54 1 /boot/efi 496 459 8%
2018-12-16 13:06:54 0 disk 46170 26827 37.3%
2018-12-16 13:06:54 1 /dev 3893 3893 0%
2018-12-16 13:06:54 1 /boot/efi 496 459 8%
2018-12-16 13:07:54 0 disk 46170 26827 37.3%
2018-12-16 13:07:54 1 /dev 3893 3893 0%
2018-12-16 13:07:54 1 /boot/efi 496 459 8%
2018-12-16 13:08:54 0 disk 46170 26827 37.3%
2018-12-16 13:08:54 1 /dev 3893 3893 0%
2018-12-16 13:08:54 1 /boot/efi 496 459 8%
2018-12-16 13:09:54 0 disk 46170 26827 37.3%
2018-12-16 13:09:54 1 /dev 3893 3893 0%
2018-12-16 13:09:54 1 /boot/efi 496 459 8%
2018-12-16 13:10:55 0 disk 46170 26827 37.3%
2018-12-16 13:10:55 1 /dev 3893 3893 0%
2018-12-16 13:10:55 1 /boot/efi 496 459 8%
2018-12-16 13:11:55 0 disk 46170 26827 37.3%
2018-12-16 13:11:55 1 /dev 3893 3893 0%
2018-12-16 13:11:55 1 /boot/efi 496 459 8%
2018-12-16 13:12:55 0 disk 46170 26827 37.3%
2018-12-16 13:12:55 1 /dev 3893 3893 0%
2018-12-16 13:12:55 1 /boot/efi 496 459 8%
2018-12-16 13:13:55 0 disk 46170 26827 37.3%
2018-12-16 13:13:55 1 /dev 3893 3893 0%
2018-12-16 13:13:55 1 /boot/efi 496 459 8%
2018-12-16 13:14:55 0 disk 46170 26827 37.3%
2018-12-16 13:14:55 1 /dev 3893 3893 0%
2018-12-16 13:14:55 1 /boot/efi 496 459 8%
2018-12-16 13:15:56 0 disk 46170 26827 37.3%
2018-12-16 13:15:56 1 /dev 3893 3893 0%
2018-12-16 13:15:56 1 /boot/efi 496 459 8%
2018-12-16 13:16:56 0 disk 46170 26827 37.3%
2018-12-16 13:16:56 1 /dev 3893 3893 0%
2018-12-16 13:16:56 1 /boot/efi 496 459 8%
2018-12-16 13:17:56 0 disk 46170 26827 37.3%
2018-12-16 13:17:56 1 /dev 3893 3893 0%
2018-12-16 13:17:56 1 /boot/efi 496 459 8%
2018-12-16 13:18:56 0 disk 46170 26827 37.3%
2018-12-16 13:18:56 1 /dev 3893 3893 0%
2018-12-16 13:18:56 1 /boot/efi 496 459 8%
2018-12-16 13:19:56 0 disk 46170 26827 37.3%
2018-12-16 13:19:56 1 /dev 3893 3893 0%
2018-12-16 13:19:56 1 /boot/efi 496 459 8%
2018-12-16 13:20:57 0 disk 46170 26827 37.3%
2018-12-16 13:20:57 1 /dev 3893 3893 0%
2018-12-16 13:20:57 1 /boot/efi 496 459 8%
2018-12-16 13:21:57 0 disk 46170 26827 37.3%
2018-12-16 13:21:57 1 /dev 3893 3893 0%
2018-12-16 13:21:57 1 /boot/efi 496 459 8%
2018-12-16 13:22:57 0 disk 46170 26827 37.3%
2018-12-16 13:22:57 1 /dev 3893 3893 0%
2018-12-16 13:22:57 1 /boot/efi 496 459 8%
2018-12-16 13:23:57 0 disk 46170 26827 37.3%
2018-12-16 13:23:57 1 /dev 3893 3893 0%
2018-12-16 13:23:57 1 /boot/efi 496 459 8%
2018-12-16 13:24:57 0 disk 46170 26827 37.3%
2018-12-16 13:24:57 1 /dev 3893 3893 0%
2018-12-16 13:24:57 1 /boot/efi 496 459 8%
2018-12-16 13:25:58 0 disk 46170 26827 37.3%
2018-12-16 13:25:58 1 /dev 3893 3893 0%
2018-12-16 13:25:58 1 /boot/efi 496 459 8%
2018-12-16 13:26:58 0 disk 46170 26827 37.3%
2018-12-16 13:26:58 1 /dev 3893 3893 0%
2018-12-16 13:26:58 1 /boot/efi 496 459 8%
2018-12-16 13:27:58 0 disk 46170 26827 37.3%
2018-12-16 13:27:58 1 /dev 3893 3893 0%
2018-12-16 13:27:58 1 /boot/efi 496 459 8%
2018-12-16 13:28:58 0 disk 46170 26827 37.3%
2018-12-16 13:28:58 1 /dev 3893 3893 0%
2018-12-16 13:28:58 1 /boot/efi 496 459 8%
2018-12-16 13:29:58 0 disk 46170 26827 37.3%
2018-12-16 13:29:58 1 /dev 3893 3893 0%
2018-12-16 13:29:58 1 /boot/efi 496 459 8%
2018-12-16 13:30:59 0 disk 46170 26827 37.3%
2018-12-16 13:30:59 1 /dev 3893 3893 0%
2018-12-16 13:30:59 1 /boot/efi 496 459 8%
2018-12-16 13:31:59 0 disk 46170 26827 37.3%
2018-12-16 13:31:59 1 /dev 3893 3893 0%
2018-12-16 13:31:59 1 /boot/efi 496 459 8%
2018-12-16 13:32:59 0 disk 46170 26827 37.3%
2018-12-16 13:32:59 1 /dev 3893 3893 0%
2018-12-16 13:32:59 1 /boot/efi 496 459 8%
2018-12-16 13:33:59 0 disk 46170 26827 37.3%
2018-12-16 13:33:59 1 /dev 3893 3893 0%
2018-12-16 13:33:59 1 /boot/efi 496 459 8%
2018-12-16 13:34:59 0 disk 46170 26827 37.3%
2018-12-16 13:34:59 1 /dev 3893 3893 0%
2018-12-16 13:34:59 1 /boot/efi 496 459 8%
2018-12-16 13:36:00 0 disk 46170 26827 37.3%
2018-12-16 13:36:00 1 /dev 3893 3893 0%
2018-12-16 13:36:00 1 /boot/efi 496 459 8%
2018-12-16 13:37:00 0 disk 46170 26827 37.3%
2018-12-16 13:37:00 1 /dev 3893 3893 0%
2018-12-16 13:37:00 1 /boot/efi 496 459 8%
2018-12-16 13:38:00 0 disk 46170 26827 37.3%
2018-12-16 13:38:00 1 /dev 3893 3893 0%
2018-12-16 13:38:00 1 /boot/efi 496 459 8%
2018-12-16 13:39:00 0 disk 46170 26827 37.3%
2018-12-16 13:39:00 1 /dev 3893 3893 0%
2018-12-16 13:39:00 1 /boot/efi 496 459 8%
2018-12-16 13:40:00 0 disk 46170 26827 37.3%
2018-12-16 13:40:00 1 /dev 3893 3893 0%
2018-12-16 13:40:00 1 /boot/efi 496 459 8%
2018-12-16 13:41:00 0 disk 46170 26827 37.3%
2018-12-16 13:41:00 1 /dev 3893 3893 0%
2018-12-16 13:41:00 1 /boot/efi 496 459 8%
2018-12-16 13:42:01 0 disk 46170 26827 37.3%
2018-12-16 13:42:01 1 /dev 3893 3893 0%
2018-12-16 13:42:01 1 /boot/efi 496 459 8%
2018-12-16 13:43:01 0 disk 46170 26827 37.3%
2018-12-16 13:43:01 1 /dev 3893 3893 0%
2018-12-16 13:43:01 1 /boot/efi 496 459 8%
2018-12-16 13:44:01 0 disk 46170 26827 37.3%
2018-12-16 13:44:01 1 /dev 3893 3893 0%
2018-12-16 13:44:01 1 /boot/efi 496 459 8%
2018-12-16 13:45:01 0 disk 46170 26827 37.3%
2018-12-16 13:45:01 1 /dev 3893 3893 0%
2018-12-16 13:45:01 1 /boot/efi 496 459 8%
2018-12-16 13:46:01 0 disk 46170 26827 37.3%
2018-12-16 13:46:01 1 /dev 3893 3893 0%
2018-12-16 13:46:01 1 /boot/efi 496 459 8%
2018-12-16 13:47:02 0 disk 46170 26827 37.3%
2018-12-16 13:47:02 1 /dev 3893 3893 0%
2018-12-16 13:47:02 1 /boot/efi 496 459 8%
2018-12-16 13:48:02 0 disk 46170 26827 37.3%
2018-12-16 13:48:02 1 /dev 3893 3893 0%
2018-12-16 13:48:02 1 /boot/efi 496 459 8%
2018-12-16 13:49:02 0 disk 46170 26827 37.3%
2018-12-16 13:49:02 1 /dev 3893 3893 0%
2018-12-16 13:49:02 1 /boot/efi 496 459 8%
2018-12-16 13:50:02 0 disk 46170 26827 37.3%
2018-12-16 13:50:02 1 /dev 3893 3893 0%
2018-12-16 13:50:02 1 /boot/efi 496 459 8%
2018-12-16 13:51:02 0 disk 46170 26827 37.3%
2018-12-16 13:51:02 1 /dev 3893 3893 0%
2018-12-16 13:51:02 1 /boot/efi 496 459 8%
2018-12-16 13:52:03 0 disk 46170 26827 37.3%
2018-12-16 13:52:03 1 /dev 3893 3893 0%
2018-12-16 13:52:03 1 /boot/efi 496 459 8%
2018-12-16 13:53:03 0 disk 46170 26827 37.3%
2018-12-16 13:53:03 1 /dev 3893 3893 0%
2018-12-16 13:53:03 1 /boot/efi 496 459 8%
2018-12-16 13:54:03 0 disk 46170 26827 37.3%
2018-12-16 13:54:03 1 /dev 3893 3893 0%
2018-12-16 13:54:03 1 /boot/efi 496 459 8%
2018-12-16 13:55:03 0 disk 46170 26827 37.3%
2018-12-16 13:55:03 1 /dev 3893 3893 0%
2018-12-16 13:55:03 1 /boot/efi 496 459 8%
2018-12-16 13:56:03 0 disk 46170 26827 37.3%
2018-12-16 13:56:03 1 /dev 3893 3893 0%
2018-12-16 13:56:03 1 /boot/efi 496 459 8%
2018-12-16 13:57:04 0 disk 46170 26827 37.3%
2018-12-16 13:57:04 1 /dev 3893 3893 0%
2018-12-16 13:57:04 1 /boot/efi 496 459 8%
2018-12-16 13:58:04 0 disk 46170 26827 37.3%
2018-12-16 13:58:04 1 /dev 3893 3893 0%
2018-12-16 13:58:04 1 /boot/efi 496 459 8%
2018-12-16 13:59:04 0 disk 46170 26827 37.3%
2018-12-16 13:59:04 1 /dev 3893 3893 0%
2018-12-16 13:59:04 1 /boot/efi 496 459 8%
2018-12-16 14:00:04 0 disk 46170 26827 37.3%
2018-12-16 14:00:04 1 /dev 3893 3893 0%
2018-12-16 14:00:04 1 /boot/efi 496 459 8%
2018-12-16 14:01:04 0 disk 46170 26827 37.3%
2018-12-16 14:01:04 1 /dev 3893 3893 0%
2018-12-16 14:01:04 1 /boot/efi 496 459 8%
2018-12-16 14:02:05 0 disk 46170 26827 37.3%
2018-12-16 14:02:05 1 /dev 3893 3893 0%
2018-12-16 14:02:05 1 /boot/efi 496 459 8%
2018-12-16 14:03:05 0 disk 46170 26827 37.3%
2018-12-16 14:03:05 1 /dev 3893 3893 0%
2018-12-16 14:03:05 1 /boot/efi 496 459 8%
2018-12-16 14:04:05 0 disk 46170 26827 37.3%
2018-12-16 14:04:05 1 /dev 3893 3893 0%
2018-12-16 14:04:05 1 /boot/efi 496 459 8%
2018-12-16 14:05:05 0 disk 46170 26819 37.3%
2018-12-16 14:05:05 1 /dev 3893 3893 0%
2018-12-16 14:05:05 1 /boot/efi 496 459 8%
2018-12-16 14:12:18 0 disk 46170 26817 37.3%
2018-12-16 14:12:18 1 /dev 3893 3893 0%
2018-12-16 14:12:18 1 /boot/efi 496 459 8%
2018-12-16 14:13:03 0 disk 46170 26816 37.3%
2018-12-16 14:13:03 1 /dev 3893 3893 0%
2018-12-16 14:13:03 1 /boot/efi 496 459 8%
2018-12-16 14:22:36 0 disk 46170 26815 37.3%
2018-12-16 14:22:36 1 /dev 3893 3893 0%
2018-12-16 14:22:36 1 /boot/efi 496 459 8%
2018-12-16 14:25:50 0 disk 46170 26814 37.3%
2018-12-16 14:25:50 1 /dev 3893 3893 0%
2018-12-16 14:25:50 1 /boot/efi 496 459 8%
2018-12-16 14:50:13 0 disk 46170 26791 37.4%
2018-12-16 14:50:13 1 /dev 3893 3893 0%
2018-12-16 14:50:13 1 /boot/efi 496 459 8%
2018-12-16 14:59:07 0 disk 46170 26789 37.4%
2018-12-16 14:59:07 1 /dev 3893 3893 0%
2018-12-16 14:59:07 1 /boot/efi 496 459 8%
2018-12-16 15:00:07 0 disk 46170 26789 37.4%
2018-12-16 15:00:07 1 /dev 3893 3893 0%
2018-12-16 15:00:07 1 /boot/efi 496 459 8%
2018-12-16 15:01:07 0 disk 46170 26789 37.4%
2018-12-16 15:01:07 1 /dev 3893 3893 0%
2018-12-16 15:01:07 1 /boot/efi 496 459 8%
2018-12-16 15:02:07 0 disk 46170 26788 37.4%
2018-12-16 15:02:07 1 /dev 3893 3893 0%
2018-12-16 15:02:07 1 /boot/efi 496 459 8%
2018-12-16 15:03:07 0 disk 46170 26788 37.4%
2018-12-16 15:03:07 1 /dev 3893 3893 0%
2018-12-16 15:03:07 1 /boot/efi 496 459 8%
