2018-12-11__19:14:01 ./a.out 20451 tanxiao+ 100 0.0
./a.out 20550 tanxiao+ 102 0.0
2018-12-13__18:47:08 /opt/zoom/zoom 16918 tanxiao+ 58.2 2.4
2018-12-16__12:07:29 /opt/zoom/zoom 16918 tanxiao+ 58.2 2.4
2018-12-16__12:07:59 /opt/zoom/zoom 16918 tanxiao+ 58.2 2.4
2018-12-16__12:10:24 /opt/zoom/zoom 16918 tanxiao+ 58.2 2.4
2018-12-16__12:11:43 /opt/zoom/zoom 16918 tanxiao+ 58.2 2.4
2018-12-16__12:12:18 /opt/zoom/zoom 16918 tanxiao+ 58.2 2.4
2018-12-16__12:12:53 /opt/zoom/zoom 16918 tanxiao+ 58.2 2.4
2018-12-16__12:13:28 /opt/zoom/zoom 16918 tanxiao+ 58.2 2.4
2018-12-16__12:14:04 /opt/zoom/zoom 16918 tanxiao+ 58.2 2.4
2018-12-16__12:14:39 /opt/zoom/zoom 16918 tanxiao+ 58.2 2.4
2018-12-16__12:15:14 /opt/zoom/zoom 16918 tanxiao+ 58.2 2.4
2018-12-16__12:15:49 /opt/zoom/zoom 16918 tanxiao+ 58.2 2.4
2018-12-16__12:16:24 /opt/zoom/zoom 16918 tanxiao+ 58.2 2.4
2018-12-16__12:16:59 /opt/zoom/zoom 16918 tanxiao+ 58.2 2.4
2018-12-16__12:17:34 /opt/zoom/zoom 16918 tanxiao+ 58.2 2.4
2018-12-16__12:18:09 /opt/zoom/zoom 16918 tanxiao+ 58.2 2.4
2018-12-16__12:18:44 /opt/zoom/zoom 16918 tanxiao+ 58.2 2.4
2018-12-16__12:19:19 /opt/zoom/zoom 16918 tanxiao+ 58.2 2.4
2018-12-16__12:19:54 /opt/zoom/zoom 16918 tanxiao+ 58.2 2.4
2018-12-16__12:20:29 /opt/zoom/zoom 16918 tanxiao+ 58.2 2.4
2018-12-16__12:21:04 /opt/zoom/zoom 16918 tanxiao+ 58.2 2.4
2018-12-16__12:21:39 /opt/zoom/zoom 16918 tanxiao+ 58.2 2.4
2018-12-16__12:22:14 /opt/zoom/zoom 16918 tanxiao+ 58.2 2.4
2018-12-16__12:22:49 /opt/zoom/zoom 16918 tanxiao+ 58.2 2.4
2018-12-16__12:23:24 /opt/zoom/zoom 16918 tanxiao+ 58.2 2.4
2018-12-16__12:23:59 /opt/zoom/zoom 16918 tanxiao+ 58.2 2.4
2018-12-16__12:24:35 /opt/zoom/zoom 16918 tanxiao+ 58.2 2.4
2018-12-16__12:25:10 /opt/zoom/zoom 16918 tanxiao+ 58.2 2.4
2018-12-16__12:25:45 /opt/zoom/zoom 16918 tanxiao+ 58.2 2.4
2018-12-16__12:26:20 /opt/zoom/zoom 16918 tanxiao+ 58.2 2.4
2018-12-16__12:26:55 /opt/zoom/zoom 16918 tanxiao+ 58.2 2.4
2018-12-16__12:27:30 /opt/zoom/zoom 16918 tanxiao+ 58.2 2.4
2018-12-16__12:28:05 /opt/zoom/zoom 16918 tanxiao+ 58.2 2.4
2018-12-16__12:28:40 /opt/zoom/zoom 16918 tanxiao+ 58.2 2.4
2018-12-16__12:29:15 /opt/zoom/zoom 16918 tanxiao+ 58.2 2.4
2018-12-16__12:29:50 /opt/zoom/zoom 16918 tanxiao+ 58.2 2.4
2018-12-16__12:30:25 /opt/zoom/zoom 16918 tanxiao+ 58.2 2.4
2018-12-16__12:31:00 /opt/zoom/zoom 16918 tanxiao+ 58.2 2.4
2018-12-16__12:31:35 /opt/zoom/zoom 16918 tanxiao+ 58.2 2.4
2018-12-16__12:32:10 /opt/zoom/zoom 16918 tanxiao+ 58.2 2.4
2018-12-16__12:32:45 /opt/zoom/zoom 16918 tanxiao+ 58.2 2.4
2018-12-16__12:33:20 /opt/zoom/zoom 16918 tanxiao+ 58.2 2.4
2018-12-16__12:33:55 /opt/zoom/zoom 16918 tanxiao+ 58.2 2.4
2018-12-16__12:34:30 /opt/zoom/zoom 16918 tanxiao+ 58.2 2.4
2018-12-16__12:35:06 /opt/zoom/zoom 16918 tanxiao+ 58.2 2.4
2018-12-16__12:35:41 /opt/zoom/zoom 16918 tanxiao+ 58.2 2.4
2018-12-16__12:36:16 /opt/zoom/zoom 16918 tanxiao+ 58.2 2.4
2018-12-16__12:36:51 /opt/zoom/zoom 16918 tanxiao+ 58.2 2.4
2018-12-16__12:37:26 /opt/zoom/zoom 16918 tanxiao+ 58.2 2.4
2018-12-16__12:38:01 /opt/zoom/zoom 16918 tanxiao+ 58.2 2.4
2018-12-16__12:38:36 /opt/zoom/zoom 16918 tanxiao+ 58.2 2.4
2018-12-16__12:39:11 /opt/zoom/zoom 16918 tanxiao+ 58.2 2.4
2018-12-16__12:39:46 /opt/zoom/zoom 16918 tanxiao+ 58.2 2.4
2018-12-16__12:40:21 /opt/zoom/zoom 16918 tanxiao+ 58.2 2.4
2018-12-16__12:40:56 /opt/zoom/zoom 16918 tanxiao+ 58.2 2.4
2018-12-16__12:41:31 /opt/zoom/zoom 16918 tanxiao+ 58.2 2.4
2018-12-16__12:42:06 /opt/zoom/zoom 16918 tanxiao+ 58.2 2.4
2018-12-16__12:42:41 /opt/zoom/zoom 16918 tanxiao+ 58.2 2.4
2018-12-16__12:43:16 /opt/zoom/zoom 16918 tanxiao+ 58.2 2.4
2018-12-16__12:43:51 /opt/zoom/zoom 16918 tanxiao+ 58.2 2.4
2018-12-16__12:44:26 /opt/zoom/zoom 16918 tanxiao+ 58.2 2.4
2018-12-16__12:45:01 /opt/zoom/zoom 16918 tanxiao+ 58.2 2.4
2018-12-16__12:45:37 /opt/zoom/zoom 16918 tanxiao+ 58.2 2.4
2018-12-16__12:46:12 /opt/zoom/zoom 16918 tanxiao+ 58.2 2.4
2018-12-16__12:46:47 /opt/zoom/zoom 16918 tanxiao+ 58.2 2.4
2018-12-16__12:47:22 /opt/zoom/zoom 16918 tanxiao+ 58.2 2.4
2018-12-16__12:47:57 /opt/zoom/zoom 16918 tanxiao+ 58.2 2.4
2018-12-16__12:48:32 /opt/zoom/zoom 16918 tanxiao+ 58.2 2.4
2018-12-16__12:49:07 /opt/zoom/zoom 16918 tanxiao+ 58.2 2.4
2018-12-16__12:49:42 /opt/zoom/zoom 16918 tanxiao+ 58.2 2.4
2018-12-16__12:50:17 /opt/zoom/zoom 16918 tanxiao+ 58.2 2.4
2018-12-16__12:50:52 /opt/zoom/zoom 16918 tanxiao+ 58.2 2.4
2018-12-16__12:51:27 /opt/zoom/zoom 16918 tanxiao+ 58.2 2.4
2018-12-16__12:52:02 /opt/zoom/zoom 16918 tanxiao+ 58.2 2.4
2018-12-16__12:52:37 /opt/zoom/zoom 16918 tanxiao+ 58.2 2.4
2018-12-16__12:53:12 /opt/zoom/zoom 16918 tanxiao+ 58.2 2.4
2018-12-16__12:53:47 /opt/zoom/zoom 16918 tanxiao+ 58.2 2.4
2018-12-16__12:54:22 /opt/zoom/zoom 16918 tanxiao+ 58.2 2.4
2018-12-16__12:54:57 /opt/zoom/zoom 16918 tanxiao+ 58.2 2.4
2018-12-16__12:55:32 /opt/zoom/zoom 16918 tanxiao+ 58.2 2.4
2018-12-16__12:56:08 /opt/zoom/zoom 16918 tanxiao+ 58.2 2.4
2018-12-16__12:56:43 /opt/zoom/zoom 16918 tanxiao+ 58.2 2.4
2018-12-16__12:57:18 /opt/zoom/zoom 16918 tanxiao+ 58.2 2.4
2018-12-16__12:57:53 /opt/zoom/zoom 16918 tanxiao+ 58.2 2.4
2018-12-16__12:58:28 /opt/zoom/zoom 16918 tanxiao+ 58.2 2.4
2018-12-16__12:59:03 /opt/zoom/zoom 16918 tanxiao+ 58.2 2.4
2018-12-16__12:59:38 /opt/zoom/zoom 16918 tanxiao+ 58.2 2.4
2018-12-16__13:00:13 /opt/zoom/zoom 16918 tanxiao+ 58.2 2.4
2018-12-16__13:00:48 /opt/zoom/zoom 16918 tanxiao+ 58.2 2.4
2018-12-16__13:01:23 /opt/zoom/zoom 16918 tanxiao+ 58.2 2.4
2018-12-16__13:01:58 /opt/zoom/zoom 16918 tanxiao+ 58.2 2.4
2018-12-16__13:02:33 /opt/zoom/zoom 16918 tanxiao+ 58.2 2.4
2018-12-16__13:03:08 /opt/zoom/zoom 16918 tanxiao+ 58.2 2.4
2018-12-16__13:03:43 /opt/zoom/zoom 16918 tanxiao+ 58.2 2.4
2018-12-16__13:04:18 /opt/zoom/zoom 16918 tanxiao+ 58.2 2.4
2018-12-16__13:04:53 /opt/zoom/zoom 16918 tanxiao+ 58.2 2.4
2018-12-16__13:05:28 /opt/zoom/zoom 16918 tanxiao+ 58.2 2.4
2018-12-16__13:06:03 /opt/zoom/zoom 16918 tanxiao+ 58.2 2.4
2018-12-16__13:06:39 /opt/zoom/zoom 16918 tanxiao+ 58.2 2.4
2018-12-16__13:07:14 /opt/zoom/zoom 16918 tanxiao+ 58.2 2.4
2018-12-16__13:07:49 /opt/zoom/zoom 16918 tanxiao+ 58.2 2.4
2018-12-16__13:08:24 /opt/zoom/zoom 16918 tanxiao+ 58.2 2.4
2018-12-16__13:08:59 /opt/zoom/zoom 16918 tanxiao+ 58.2 2.4
2018-12-16__13:09:34 /opt/zoom/zoom 16918 tanxiao+ 58.2 2.4
2018-12-16__13:10:09 /opt/zoom/zoom 16918 tanxiao+ 58.2 2.4
2018-12-16__13:10:44 /opt/zoom/zoom 16918 tanxiao+ 58.2 2.4
2018-12-16__13:11:19 /opt/zoom/zoom 16918 tanxiao+ 58.2 2.4
2018-12-16__13:11:54 /opt/zoom/zoom 16918 tanxiao+ 58.2 2.4
2018-12-16__13:12:29 /opt/zoom/zoom 16918 tanxiao+ 58.2 2.4
2018-12-16__13:13:04 /opt/zoom/zoom 16918 tanxiao+ 58.2 2.4
2018-12-16__13:13:39 /opt/zoom/zoom 16918 tanxiao+ 58.2 2.4
2018-12-16__13:14:14 /opt/zoom/zoom 16918 tanxiao+ 58.2 2.4
2018-12-16__13:14:49 /opt/zoom/zoom 16918 tanxiao+ 58.2 2.4
2018-12-16__13:15:24 /opt/zoom/zoom 16918 tanxiao+ 58.2 2.4
2018-12-16__13:15:59 /opt/zoom/zoom 16918 tanxiao+ 58.2 2.4
2018-12-16__13:16:34 /opt/zoom/zoom 16918 tanxiao+ 58.2 2.4
2018-12-16__13:17:10 /opt/zoom/zoom 16918 tanxiao+ 58.2 2.4
2018-12-16__13:17:45 /opt/zoom/zoom 16918 tanxiao+ 58.2 2.4
2018-12-16__13:18:20 /opt/zoom/zoom 16918 tanxiao+ 58.2 2.4
2018-12-16__13:18:55 /opt/zoom/zoom 16918 tanxiao+ 58.2 2.4
2018-12-16__13:19:30 /opt/zoom/zoom 16918 tanxiao+ 58.2 2.4
2018-12-16__13:20:05 /opt/zoom/zoom 16918 tanxiao+ 58.2 2.4
2018-12-16__13:20:40 /opt/zoom/zoom 16918 tanxiao+ 58.2 2.4
2018-12-16__13:21:15 /opt/zoom/zoom 16918 tanxiao+ 58.2 2.4
2018-12-16__13:21:50 /opt/zoom/zoom 16918 tanxiao+ 58.2 2.4
2018-12-16__13:22:25 /opt/zoom/zoom 16918 tanxiao+ 58.2 2.4
2018-12-16__13:23:00 /opt/zoom/zoom 16918 tanxiao+ 58.2 2.4
2018-12-16__13:23:35 /opt/zoom/zoom 16918 tanxiao+ 58.2 2.4
2018-12-16__13:24:10 /opt/zoom/zoom 16918 tanxiao+ 58.2 2.4
2018-12-16__13:24:45 /opt/zoom/zoom 16918 tanxiao+ 58.2 2.4
2018-12-16__13:25:20 /opt/zoom/zoom 16918 tanxiao+ 58.2 2.4
2018-12-16__13:25:55 /opt/zoom/zoom 16918 tanxiao+ 58.2 2.4
2018-12-16__13:26:30 /opt/zoom/zoom 16918 tanxiao+ 58.2 2.4
2018-12-16__13:27:06 /opt/zoom/zoom 16918 tanxiao+ 58.2 2.4
2018-12-16__13:27:41 /opt/zoom/zoom 16918 tanxiao+ 58.2 2.4
2018-12-16__13:28:16 /opt/zoom/zoom 16918 tanxiao+ 58.2 2.4
2018-12-16__13:28:51 /opt/zoom/zoom 16918 tanxiao+ 58.2 2.4
2018-12-16__13:29:26 /opt/zoom/zoom 16918 tanxiao+ 58.2 2.4
2018-12-16__13:30:01 /opt/zoom/zoom 16918 tanxiao+ 58.2 2.4
2018-12-16__13:30:36 /opt/zoom/zoom 16918 tanxiao+ 58.2 2.4
2018-12-16__13:31:11 /opt/zoom/zoom 16918 tanxiao+ 58.2 2.4
2018-12-16__13:31:46 /opt/zoom/zoom 16918 tanxiao+ 58.2 2.4
2018-12-16__13:32:21 /opt/zoom/zoom 16918 tanxiao+ 58.2 2.4
2018-12-16__13:32:56 /opt/zoom/zoom 16918 tanxiao+ 58.2 2.4
2018-12-16__13:33:31 /opt/zoom/zoom 16918 tanxiao+ 58.2 2.4
2018-12-16__13:34:06 /opt/zoom/zoom 16918 tanxiao+ 58.2 2.4
2018-12-16__13:34:41 /opt/zoom/zoom 16918 tanxiao+ 58.2 2.4
2018-12-16__13:35:16 /opt/zoom/zoom 16918 tanxiao+ 58.2 2.4
2018-12-16__13:35:51 /opt/zoom/zoom 16918 tanxiao+ 58.2 2.4
2018-12-16__13:36:26 /opt/zoom/zoom 16918 tanxiao+ 58.2 2.4
2018-12-16__13:37:01 /opt/zoom/zoom 16918 tanxiao+ 58.2 2.4
2018-12-16__13:37:36 /opt/zoom/zoom 16918 tanxiao+ 58.2 2.4
2018-12-16__13:38:12 /opt/zoom/zoom 16918 tanxiao+ 58.2 2.4
2018-12-16__13:38:47 /opt/zoom/zoom 16918 tanxiao+ 58.2 2.4
2018-12-16__13:39:22 /opt/zoom/zoom 16918 tanxiao+ 58.2 2.4
2018-12-16__13:39:57 /opt/zoom/zoom 16918 tanxiao+ 58.2 2.4
2018-12-16__13:40:32 /opt/zoom/zoom 16918 tanxiao+ 58.2 2.4
2018-12-16__13:41:07 /opt/zoom/zoom 16918 tanxiao+ 58.2 2.4
2018-12-16__13:41:42 /opt/zoom/zoom 16918 tanxiao+ 58.2 2.4
2018-12-16__13:42:17 /opt/zoom/zoom 16918 tanxiao+ 58.2 2.4
2018-12-16__13:42:52 /opt/zoom/zoom 16918 tanxiao+ 58.2 2.4
2018-12-16__13:43:27 /opt/zoom/zoom 16918 tanxiao+ 58.2 2.4
2018-12-16__13:44:02 /opt/zoom/zoom 16918 tanxiao+ 58.2 2.4
2018-12-16__13:44:37 /opt/zoom/zoom 16918 tanxiao+ 58.2 2.4
2018-12-16__13:45:12 /opt/zoom/zoom 16918 tanxiao+ 58.2 2.4
2018-12-16__13:45:47 /opt/zoom/zoom 16918 tanxiao+ 58.2 2.4
2018-12-16__13:46:22 /opt/zoom/zoom 16918 tanxiao+ 58.2 2.4
2018-12-16__13:46:57 /opt/zoom/zoom 16918 tanxiao+ 58.2 2.4
2018-12-16__13:47:32 /opt/zoom/zoom 16918 tanxiao+ 58.2 2.4
2018-12-16__13:48:07 /opt/zoom/zoom 16918 tanxiao+ 58.2 2.4
2018-12-16__13:48:42 /opt/zoom/zoom 16918 tanxiao+ 58.2 2.4
2018-12-16__13:49:18 /opt/zoom/zoom 16918 tanxiao+ 58.2 2.4
2018-12-16__13:49:53 /opt/zoom/zoom 16918 tanxiao+ 58.2 2.4
2018-12-16__13:50:28 /opt/zoom/zoom 16918 tanxiao+ 58.2 2.4
2018-12-16__13:51:03 /opt/zoom/zoom 16918 tanxiao+ 58.2 2.4
2018-12-16__13:51:38 /opt/zoom/zoom 16918 tanxiao+ 58.2 2.4
2018-12-16__13:52:13 /opt/zoom/zoom 16918 tanxiao+ 58.2 2.4
2018-12-16__13:52:48 /opt/zoom/zoom 16918 tanxiao+ 58.2 2.4
2018-12-16__13:53:23 /opt/zoom/zoom 16918 tanxiao+ 58.2 2.4
2018-12-16__13:53:58 /opt/zoom/zoom 16918 tanxiao+ 58.2 2.4
2018-12-16__13:54:33 /opt/zoom/zoom 16918 tanxiao+ 58.2 2.4
2018-12-16__13:55:08 /opt/zoom/zoom 16918 tanxiao+ 58.2 2.4
2018-12-16__13:55:43 /opt/zoom/zoom 16918 tanxiao+ 58.2 2.4
2018-12-16__13:56:18 /opt/zoom/zoom 16918 tanxiao+ 58.2 2.4
2018-12-16__13:56:53 /opt/zoom/zoom 16918 tanxiao+ 58.2 2.4
2018-12-16__13:57:28 /opt/zoom/zoom 16918 tanxiao+ 58.2 2.4
2018-12-16__13:58:03 /opt/zoom/zoom 16918 tanxiao+ 58.2 2.4
2018-12-16__13:58:38 /opt/zoom/zoom 16918 tanxiao+ 58.2 2.4
2018-12-16__13:59:14 /opt/zoom/zoom 16918 tanxiao+ 58.2 2.4
2018-12-16__13:59:49 /opt/zoom/zoom 16918 tanxiao+ 58.2 2.4
2018-12-16__14:00:24 /opt/zoom/zoom 16918 tanxiao+ 58.2 2.4
2018-12-16__14:00:59 /opt/zoom/zoom 16918 tanxiao+ 58.2 2.4
2018-12-16__14:01:34 /opt/zoom/zoom 16918 tanxiao+ 58.2 2.4
2018-12-16__14:02:09 /opt/zoom/zoom 16918 tanxiao+ 58.2 2.4
2018-12-16__14:02:44 /opt/zoom/zoom 16918 tanxiao+ 58.2 2.4
2018-12-16__14:03:19 /opt/zoom/zoom 16918 tanxiao+ 58.2 2.4
2018-12-16__14:03:54 /opt/zoom/zoom 16918 tanxiao+ 58.2 2.4
2018-12-16__14:04:29 /opt/zoom/zoom 16918 tanxiao+ 58.2 2.4
2018-12-16__14:05:04 /opt/zoom/zoom 16918 tanxiao+ 58.2 2.4
2018-12-16__14:05:39 /opt/zoom/zoom 16918 tanxiao+ 58.2 2.4
2018-12-16__14:12:18 /opt/zoom/zoom 16918 tanxiao+ 58.2 2.4
2018-12-16__14:22:36 /opt/zoom/zoom 16918 tanxiao+ 58.2 2.4
2018-12-16__14:25:50 /opt/zoom/zoom 16918 tanxiao+ 58.2 2.4
2018-12-16__14:50:13 /opt/zoom/zoom 16918 tanxiao+ 58.2 2.4
2018-12-16__14:59:07 /opt/zoom/zoom 16918 tanxiao+ 58.2 2.4
2018-12-16__14:59:42 /opt/zoom/zoom 16918 tanxiao+ 58.2 2.4
2018-12-16__15:00:17 /opt/zoom/zoom 16918 tanxiao+ 58.2 2.4
2018-12-16__15:00:52 /opt/zoom/zoom 16918 tanxiao+ 58.2 2.4
2018-12-16__15:01:27 /opt/zoom/zoom 16918 tanxiao+ 58.2 2.4
2018-12-16__15:02:02 /opt/zoom/zoom 16918 tanxiao+ 58.2 2.4
2018-12-16__15:02:37 /opt/zoom/zoom 16918 tanxiao+ 58.2 2.4
