2018-12-11__19:11 tanxiaoze-Inspiron-7559 GNU/Linux [#42-Ubuntu SMP Tue Oct 23 15:48:01 UTC 2018] [up 1 hour, 13 minutes] [0.50,0.51,0.62] 41514M 40.6% 7843M 24.4% +46.0°C normal normal normal
2018-12-13__18:48 tanxiaoze-Inspiron-7559 GNU/Linux [#42-Ubuntu SMP Tue Oct 23 15:48:01 UTC 2018] [up 2 days, 50 minutes] [1.18,1.21,1.19] 41514M 40.8% 7843M 26.8% +48.0°C normal normal normal
2018-12-16__12:07 tanxiaoze-Inspiron-7559 GNU/Linux [#45-Ubuntu SMP Thu Nov 15 19:32:57 UTC 2018] [up 3 hours, 3 minutes] [0.20,0.16,0.10] 41514M 39.6% 7843M 20.3% +44.0°C normal normal normal
2018-12-16__12:07 tanxiaoze-Inspiron-7559 GNU/Linux [#45-Ubuntu SMP Thu Nov 15 19:32:57 UTC 2018] [up 3 hours, 3 minutes] [0.25,0.17,0.11] 41514M 39.6% 7843M 20.4% +44.0°C normal normal normal
2018-12-16__12:10 tanxiaoze-Inspiron-7559 GNU/Linux [#45-Ubuntu SMP Thu Nov 15 19:32:57 UTC 2018] [up 3 hours, 6 minutes] [0.44,0.25,0.14] 41514M 39.6% 7843M 20.4% +43.0°C normal normal normal
2018-12-16__12:11 tanxiaoze-Inspiron-7559 GNU/Linux [#45-Ubuntu SMP Thu Nov 15 19:32:57 UTC 2018] [up 3 hours, 7 minutes] [0.25,0.25,0.15] 41514M 39.6% 7843M 20.4% +43.0°C normal normal normal
2018-12-16__12:12 tanxiaoze-Inspiron-7559 GNU/Linux [#45-Ubuntu SMP Thu Nov 15 19:32:57 UTC 2018] [up 3 hours, 8 minutes] [0.16,0.23,0.15] 41514M 39.6% 7843M 20.4% +43.0°C normal normal normal
2018-12-16__12:13 tanxiaoze-Inspiron-7559 GNU/Linux [#45-Ubuntu SMP Thu Nov 15 19:32:57 UTC 2018] [up 3 hours, 9 minutes] [0.10,0.20,0.14] 41514M 39.6% 7843M 20.3% +43.0°C normal normal normal
2018-12-16__12:14 tanxiaoze-Inspiron-7559 GNU/Linux [#45-Ubuntu SMP Thu Nov 15 19:32:57 UTC 2018] [up 3 hours, 10 minutes] [0.03,0.16,0.13] 41514M 39.6% 7843M 20.3% +43.0°C normal normal normal
2018-12-16__12:15 tanxiaoze-Inspiron-7559 GNU/Linux [#45-Ubuntu SMP Thu Nov 15 19:32:57 UTC 2018] [up 3 hours, 11 minutes] [0.01,0.13,0.12] 41514M 39.6% 7843M 20.3% +44.0°C normal normal normal
2018-12-16__12:16 tanxiaoze-Inspiron-7559 GNU/Linux [#45-Ubuntu SMP Thu Nov 15 19:32:57 UTC 2018] [up 3 hours, 12 minutes] [0.00,0.10,0.11] 41514M 39.6% 7843M 20.4% +43.0°C normal normal normal
2018-12-16__12:17 tanxiaoze-Inspiron-7559 GNU/Linux [#45-Ubuntu SMP Thu Nov 15 19:32:57 UTC 2018] [up 3 hours, 13 minutes] [0.00,0.08,0.10] 41514M 39.6% 7843M 20.4% +43.0°C normal normal normal
2018-12-16__12:18 tanxiaoze-Inspiron-7559 GNU/Linux [#45-Ubuntu SMP Thu Nov 15 19:32:57 UTC 2018] [up 3 hours, 14 minutes] [0.00,0.06,0.09] 41514M 39.6% 7843M 20.4% +43.0°C normal normal normal
2018-12-16__12:19 tanxiaoze-Inspiron-7559 GNU/Linux [#45-Ubuntu SMP Thu Nov 15 19:32:57 UTC 2018] [up 3 hours, 15 minutes] [0.00,0.05,0.08] 41514M 39.6% 7843M 20.4% +43.0°C normal normal normal
2018-12-16__12:20 tanxiaoze-Inspiron-7559 GNU/Linux [#45-Ubuntu SMP Thu Nov 15 19:32:57 UTC 2018] [up 3 hours, 16 minutes] [0.00,0.04,0.08] 41514M 39.6% 7843M 20.4% +43.0°C normal normal normal
2018-12-16__12:21 tanxiaoze-Inspiron-7559 GNU/Linux [#45-Ubuntu SMP Thu Nov 15 19:32:57 UTC 2018] [up 3 hours, 17 minutes] [0.00,0.03,0.07] 41514M 39.6% 7843M 20.3% +43.0°C normal normal normal
2018-12-16__12:22 tanxiaoze-Inspiron-7559 GNU/Linux [#45-Ubuntu SMP Thu Nov 15 19:32:57 UTC 2018] [up 3 hours, 18 minutes] [0.04,0.04,0.07] 41514M 39.6% 7843M 20.4% +43.0°C normal normal normal
2018-12-16__12:23 tanxiaoze-Inspiron-7559 GNU/Linux [#45-Ubuntu SMP Thu Nov 15 19:32:57 UTC 2018] [up 3 hours, 19 minutes] [0.28,0.12,0.09] 41514M 39.6% 7843M 20.4% +43.0°C normal normal normal
2018-12-16__12:24 tanxiaoze-Inspiron-7559 GNU/Linux [#45-Ubuntu SMP Thu Nov 15 19:32:57 UTC 2018] [up 3 hours, 20 minutes] [0.10,0.09,0.09] 41514M 39.6% 7843M 20.4% +43.0°C normal normal normal
2018-12-16__12:25 tanxiaoze-Inspiron-7559 GNU/Linux [#45-Ubuntu SMP Thu Nov 15 19:32:57 UTC 2018] [up 3 hours, 21 minutes] [0.10,0.09,0.09] 41514M 39.6% 7843M 20.4% +42.0°C normal normal normal
2018-12-16__12:26 tanxiaoze-Inspiron-7559 GNU/Linux [#45-Ubuntu SMP Thu Nov 15 19:32:57 UTC 2018] [up 3 hours, 22 minutes] [0.04,0.07,0.08] 41514M 39.6% 7843M 20.3% +42.0°C normal normal normal
2018-12-16__12:27 tanxiaoze-Inspiron-7559 GNU/Linux [#45-Ubuntu SMP Thu Nov 15 19:32:57 UTC 2018] [up 3 hours, 23 minutes] [0.01,0.06,0.07] 41514M 39.6% 7843M 20.3% +42.0°C normal normal normal
2018-12-16__12:28 tanxiaoze-Inspiron-7559 GNU/Linux [#45-Ubuntu SMP Thu Nov 15 19:32:57 UTC 2018] [up 3 hours, 24 minutes] [0.17,0.10,0.09] 41514M 39.6% 7843M 20.4% +42.0°C normal normal normal
2018-12-16__12:29 tanxiaoze-Inspiron-7559 GNU/Linux [#45-Ubuntu SMP Thu Nov 15 19:32:57 UTC 2018] [up 3 hours, 25 minutes] [0.06,0.08,0.08] 41514M 39.6% 7843M 20.4% +42.0°C normal normal normal
2018-12-16__12:30 tanxiaoze-Inspiron-7559 GNU/Linux [#45-Ubuntu SMP Thu Nov 15 19:32:57 UTC 2018] [up 3 hours, 26 minutes] [0.02,0.06,0.08] 41514M 39.6% 7843M 20.4% +42.0°C normal normal normal
2018-12-16__12:31 tanxiaoze-Inspiron-7559 GNU/Linux [#45-Ubuntu SMP Thu Nov 15 19:32:57 UTC 2018] [up 3 hours, 27 minutes] [0.01,0.05,0.07] 41514M 39.6% 7843M 20.4% +42.0°C normal normal normal
2018-12-16__12:32 tanxiaoze-Inspiron-7559 GNU/Linux [#45-Ubuntu SMP Thu Nov 15 19:32:57 UTC 2018] [up 3 hours, 28 minutes] [0.00,0.04,0.07] 41514M 39.6% 7843M 20.4% +42.0°C normal normal normal
2018-12-16__12:33 tanxiaoze-Inspiron-7559 GNU/Linux [#45-Ubuntu SMP Thu Nov 15 19:32:57 UTC 2018] [up 3 hours, 29 minutes] [0.00,0.03,0.06] 41514M 39.6% 7843M 20.4% +42.0°C normal normal normal
2018-12-16__12:34 tanxiaoze-Inspiron-7559 GNU/Linux [#45-Ubuntu SMP Thu Nov 15 19:32:57 UTC 2018] [up 3 hours, 30 minutes] [0.00,0.02,0.05] 41514M 39.6% 7843M 20.4% +42.0°C normal normal normal
2018-12-16__12:35 tanxiaoze-Inspiron-7559 GNU/Linux [#45-Ubuntu SMP Thu Nov 15 19:32:57 UTC 2018] [up 3 hours, 31 minutes] [0.07,0.03,0.05] 41514M 39.6% 7843M 20.4% +42.0°C normal normal normal
2018-12-16__12:36 tanxiaoze-Inspiron-7559 GNU/Linux [#45-Ubuntu SMP Thu Nov 15 19:32:57 UTC 2018] [up 3 hours, 32 minutes] [0.02,0.02,0.05] 41514M 39.6% 7843M 20.4% +41.0°C normal normal normal
2018-12-16__12:37 tanxiaoze-Inspiron-7559 GNU/Linux [#45-Ubuntu SMP Thu Nov 15 19:32:57 UTC 2018] [up 3 hours, 33 minutes] [0.01,0.02,0.04] 41514M 39.6% 7843M 20.4% +42.0°C normal normal normal
2018-12-16__12:38 tanxiaoze-Inspiron-7559 GNU/Linux [#45-Ubuntu SMP Thu Nov 15 19:32:57 UTC 2018] [up 3 hours, 34 minutes] [0.00,0.01,0.04] 41514M 39.6% 7843M 20.4% +42.0°C normal normal normal
2018-12-16__12:39 tanxiaoze-Inspiron-7559 GNU/Linux [#45-Ubuntu SMP Thu Nov 15 19:32:57 UTC 2018] [up 3 hours, 35 minutes] [0.00,0.01,0.03] 41514M 39.6% 7843M 20.4% +42.0°C normal normal normal
2018-12-16__12:40 tanxiaoze-Inspiron-7559 GNU/Linux [#45-Ubuntu SMP Thu Nov 15 19:32:57 UTC 2018] [up 3 hours, 36 minutes] [0.00,0.00,0.02] 41514M 39.6% 7843M 20.4% +42.0°C normal normal normal
2018-12-16__12:41 tanxiaoze-Inspiron-7559 GNU/Linux [#45-Ubuntu SMP Thu Nov 15 19:32:57 UTC 2018] [up 3 hours, 37 minutes] [0.00,0.00,0.02] 41514M 39.6% 7843M 20.4% +42.0°C normal normal normal
2018-12-16__12:42 tanxiaoze-Inspiron-7559 GNU/Linux [#45-Ubuntu SMP Thu Nov 15 19:32:57 UTC 2018] [up 3 hours, 38 minutes] [0.12,0.03,0.02] 41514M 39.6% 7843M 20.4% +42.0°C normal normal normal
2018-12-16__12:43 tanxiaoze-Inspiron-7559 GNU/Linux [#45-Ubuntu SMP Thu Nov 15 19:32:57 UTC 2018] [up 3 hours, 39 minutes] [0.04,0.02,0.02] 41514M 39.6% 7843M 20.4% +42.0°C normal normal normal
2018-12-16__12:44 tanxiaoze-Inspiron-7559 GNU/Linux [#45-Ubuntu SMP Thu Nov 15 19:32:57 UTC 2018] [up 3 hours, 40 minutes] [0.01,0.02,0.01] 41514M 39.6% 7843M 20.4% +42.0°C normal normal normal
2018-12-16__12:45 tanxiaoze-Inspiron-7559 GNU/Linux [#45-Ubuntu SMP Thu Nov 15 19:32:57 UTC 2018] [up 3 hours, 41 minutes] [0.00,0.01,0.01] 41514M 39.6% 7843M 20.4% +41.0°C normal normal normal
2018-12-16__12:46 tanxiaoze-Inspiron-7559 GNU/Linux [#45-Ubuntu SMP Thu Nov 15 19:32:57 UTC 2018] [up 3 hours, 42 minutes] [0.00,0.01,0.00] 41514M 39.6% 7843M 20.4% +42.0°C normal normal normal
2018-12-16__12:47 tanxiaoze-Inspiron-7559 GNU/Linux [#45-Ubuntu SMP Thu Nov 15 19:32:57 UTC 2018] [up 3 hours, 43 minutes] [0.00,0.00,0.00] 41514M 39.6% 7843M 20.4% +42.0°C normal normal normal
2018-12-16__12:48 tanxiaoze-Inspiron-7559 GNU/Linux [#45-Ubuntu SMP Thu Nov 15 19:32:57 UTC 2018] [up 3 hours, 44 minutes] [0.00,0.00,0.00] 41514M 39.6% 7843M 20.4% +41.0°C normal normal normal
2018-12-16__12:49 tanxiaoze-Inspiron-7559 GNU/Linux [#45-Ubuntu SMP Thu Nov 15 19:32:57 UTC 2018] [up 3 hours, 45 minutes] [0.08,0.02,0.01] 41514M 39.6% 7843M 20.4% +42.0°C normal normal normal
2018-12-16__12:50 tanxiaoze-Inspiron-7559 GNU/Linux [#45-Ubuntu SMP Thu Nov 15 19:32:57 UTC 2018] [up 3 hours, 46 minutes] [0.06,0.03,0.01] 41514M 39.6% 7843M 20.4% +41.0°C normal normal normal
2018-12-16__12:51 tanxiaoze-Inspiron-7559 GNU/Linux [#45-Ubuntu SMP Thu Nov 15 19:32:57 UTC 2018] [up 3 hours, 47 minutes] [0.05,0.03,0.01] 41514M 39.6% 7843M 20.4% +42.0°C normal normal normal
2018-12-16__12:52 tanxiaoze-Inspiron-7559 GNU/Linux [#45-Ubuntu SMP Thu Nov 15 19:32:57 UTC 2018] [up 3 hours, 48 minutes] [0.11,0.05,0.01] 41514M 39.6% 7843M 20.4% +42.0°C normal normal normal
2018-12-16__12:53 tanxiaoze-Inspiron-7559 GNU/Linux [#45-Ubuntu SMP Thu Nov 15 19:32:57 UTC 2018] [up 3 hours, 49 minutes] [0.04,0.04,0.00] 41514M 39.6% 7843M 20.4% +41.0°C normal normal normal
2018-12-16__12:54 tanxiaoze-Inspiron-7559 GNU/Linux [#45-Ubuntu SMP Thu Nov 15 19:32:57 UTC 2018] [up 3 hours, 50 minutes] [0.32,0.11,0.03] 41514M 39.6% 7843M 20.4% +41.0°C normal normal normal
2018-12-16__12:55 tanxiaoze-Inspiron-7559 GNU/Linux [#45-Ubuntu SMP Thu Nov 15 19:32:57 UTC 2018] [up 3 hours, 51 minutes] [0.12,0.09,0.02] 41514M 39.6% 7843M 20.4% +41.0°C normal normal normal
2018-12-16__12:56 tanxiaoze-Inspiron-7559 GNU/Linux [#45-Ubuntu SMP Thu Nov 15 19:32:57 UTC 2018] [up 3 hours, 52 minutes] [0.07,0.08,0.02] 41514M 39.6% 7843M 20.4% +42.0°C normal normal normal
2018-12-16__12:57 tanxiaoze-Inspiron-7559 GNU/Linux [#45-Ubuntu SMP Thu Nov 15 19:32:57 UTC 2018] [up 3 hours, 53 minutes] [0.12,0.11,0.03] 41514M 39.6% 7843M 20.4% +41.0°C normal normal normal
2018-12-16__12:58 tanxiaoze-Inspiron-7559 GNU/Linux [#45-Ubuntu SMP Thu Nov 15 19:32:57 UTC 2018] [up 3 hours, 54 minutes] [0.04,0.08,0.03] 41514M 39.6% 7843M 20.4% +42.0°C normal normal normal
2018-12-16__12:59 tanxiaoze-Inspiron-7559 GNU/Linux [#45-Ubuntu SMP Thu Nov 15 19:32:57 UTC 2018] [up 3 hours, 55 minutes] [0.07,0.08,0.03] 41514M 39.6% 7843M 20.4% +41.0°C normal normal normal
2018-12-16__13:00 tanxiaoze-Inspiron-7559 GNU/Linux [#45-Ubuntu SMP Thu Nov 15 19:32:57 UTC 2018] [up 3 hours, 56 minutes] [0.02,0.07,0.02] 41514M 39.6% 7843M 20.4% +41.0°C normal normal normal
2018-12-16__13:01 tanxiaoze-Inspiron-7559 GNU/Linux [#45-Ubuntu SMP Thu Nov 15 19:32:57 UTC 2018] [up 3 hours, 57 minutes] [0.01,0.05,0.01] 41514M 39.6% 7843M 20.4% +41.0°C normal normal normal
2018-12-16__13:02 tanxiaoze-Inspiron-7559 GNU/Linux [#45-Ubuntu SMP Thu Nov 15 19:32:57 UTC 2018] [up 3 hours, 58 minutes] [0.00,0.04,0.01] 41514M 39.6% 7843M 20.4% +41.0°C normal normal normal
2018-12-16__13:03 tanxiaoze-Inspiron-7559 GNU/Linux [#45-Ubuntu SMP Thu Nov 15 19:32:57 UTC 2018] [up 3 hours, 59 minutes] [0.00,0.03,0.00] 41514M 39.6% 7843M 20.4% +42.0°C normal normal normal
2018-12-16__13:04 tanxiaoze-Inspiron-7559 GNU/Linux [#45-Ubuntu SMP Thu Nov 15 19:32:57 UTC 2018] [up 4 hours] [0.04,0.04,0.00] 41514M 39.6% 7843M 20.4% +41.0°C normal normal normal
2018-12-16__13:05 tanxiaoze-Inspiron-7559 GNU/Linux [#45-Ubuntu SMP Thu Nov 15 19:32:57 UTC 2018] [up 4 hours, 1 minute] [0.01,0.03,0.00] 41514M 39.6% 7843M 20.4% +41.0°C normal normal normal
2018-12-16__13:06 tanxiaoze-Inspiron-7559 GNU/Linux [#45-Ubuntu SMP Thu Nov 15 19:32:57 UTC 2018] [up 4 hours, 2 minutes] [0.14,0.05,0.01] 41514M 39.6% 7843M 20.4% +42.0°C normal normal normal
2018-12-16__13:07 tanxiaoze-Inspiron-7559 GNU/Linux [#45-Ubuntu SMP Thu Nov 15 19:32:57 UTC 2018] [up 4 hours, 3 minutes] [0.10,0.06,0.01] 41514M 39.6% 7843M 20.4% +42.0°C normal normal normal
2018-12-16__13:08 tanxiaoze-Inspiron-7559 GNU/Linux [#45-Ubuntu SMP Thu Nov 15 19:32:57 UTC 2018] [up 4 hours, 4 minutes] [0.03,0.04,0.00] 41514M 39.6% 7843M 20.4% +41.0°C normal normal normal
2018-12-16__13:09 tanxiaoze-Inspiron-7559 GNU/Linux [#45-Ubuntu SMP Thu Nov 15 19:32:57 UTC 2018] [up 4 hours, 5 minutes] [0.16,0.08,0.02] 41514M 39.6% 7843M 20.4% +42.0°C normal normal normal
2018-12-16__13:10 tanxiaoze-Inspiron-7559 GNU/Linux [#45-Ubuntu SMP Thu Nov 15 19:32:57 UTC 2018] [up 4 hours, 6 minutes] [0.06,0.06,0.01] 41514M 39.6% 7843M 20.4% +42.0°C normal normal normal
2018-12-16__13:11 tanxiaoze-Inspiron-7559 GNU/Linux [#45-Ubuntu SMP Thu Nov 15 19:32:57 UTC 2018] [up 4 hours, 7 minutes] [0.19,0.10,0.02] 41514M 39.6% 7843M 20.4% +42.0°C normal normal normal
2018-12-16__13:12 tanxiaoze-Inspiron-7559 GNU/Linux [#45-Ubuntu SMP Thu Nov 15 19:32:57 UTC 2018] [up 4 hours, 8 minutes] [0.12,0.09,0.02] 41514M 39.6% 7843M 20.4% +42.0°C normal normal normal
2018-12-16__13:13 tanxiaoze-Inspiron-7559 GNU/Linux [#45-Ubuntu SMP Thu Nov 15 19:32:57 UTC 2018] [up 4 hours, 9 minutes] [0.04,0.07,0.01] 41514M 39.6% 7843M 20.4% +42.0°C normal normal normal
2018-12-16__13:14 tanxiaoze-Inspiron-7559 GNU/Linux [#45-Ubuntu SMP Thu Nov 15 19:32:57 UTC 2018] [up 4 hours, 10 minutes] [0.11,0.10,0.02] 41514M 39.6% 7843M 20.4% +42.0°C normal normal normal
2018-12-16__13:15 tanxiaoze-Inspiron-7559 GNU/Linux [#45-Ubuntu SMP Thu Nov 15 19:32:57 UTC 2018] [up 4 hours, 11 minutes] [0.04,0.08,0.02] 41514M 39.6% 7843M 20.4% +42.0°C normal normal normal
2018-12-16__13:16 tanxiaoze-Inspiron-7559 GNU/Linux [#45-Ubuntu SMP Thu Nov 15 19:32:57 UTC 2018] [up 4 hours, 12 minutes] [0.11,0.09,0.02] 41514M 39.6% 7843M 20.4% +41.0°C normal normal normal
2018-12-16__13:17 tanxiaoze-Inspiron-7559 GNU/Linux [#45-Ubuntu SMP Thu Nov 15 19:32:57 UTC 2018] [up 4 hours, 13 minutes] [0.04,0.07,0.02] 41514M 39.6% 7843M 20.4% +41.0°C normal normal normal
2018-12-16__13:18 tanxiaoze-Inspiron-7559 GNU/Linux [#45-Ubuntu SMP Thu Nov 15 19:32:57 UTC 2018] [up 4 hours, 14 minutes] [0.09,0.07,0.02] 41514M 39.6% 7843M 20.4% +41.0°C normal normal normal
2018-12-16__13:19 tanxiaoze-Inspiron-7559 GNU/Linux [#45-Ubuntu SMP Thu Nov 15 19:32:57 UTC 2018] [up 4 hours, 15 minutes] [0.09,0.07,0.02] 41514M 39.6% 7843M 20.4% +41.0°C normal normal normal
2018-12-16__13:20 tanxiaoze-Inspiron-7559 GNU/Linux [#45-Ubuntu SMP Thu Nov 15 19:32:57 UTC 2018] [up 4 hours, 16 minutes] [0.03,0.06,0.01] 41514M 39.6% 7843M 20.4% +43.0°C normal normal normal
2018-12-16__13:21 tanxiaoze-Inspiron-7559 GNU/Linux [#45-Ubuntu SMP Thu Nov 15 19:32:57 UTC 2018] [up 4 hours, 17 minutes] [0.09,0.07,0.02] 41514M 39.6% 7843M 20.4% +41.0°C normal normal normal
2018-12-16__13:22 tanxiaoze-Inspiron-7559 GNU/Linux [#45-Ubuntu SMP Thu Nov 15 19:32:57 UTC 2018] [up 4 hours, 18 minutes] [0.03,0.06,0.01] 41514M 39.6% 7843M 20.4% +41.0°C normal normal normal
2018-12-16__13:23 tanxiaoze-Inspiron-7559 GNU/Linux [#45-Ubuntu SMP Thu Nov 15 19:32:57 UTC 2018] [up 4 hours, 19 minutes] [0.01,0.05,0.01] 41514M 39.6% 7843M 20.4% +42.0°C normal normal normal
2018-12-16__13:24 tanxiaoze-Inspiron-7559 GNU/Linux [#45-Ubuntu SMP Thu Nov 15 19:32:57 UTC 2018] [up 4 hours, 20 minutes] [0.00,0.03,0.00] 41514M 39.6% 7843M 20.4% +42.0°C normal normal normal
2018-12-16__13:25 tanxiaoze-Inspiron-7559 GNU/Linux [#45-Ubuntu SMP Thu Nov 15 19:32:57 UTC 2018] [up 4 hours, 21 minutes] [0.00,0.03,0.00] 41514M 39.6% 7843M 20.4% +42.0°C normal normal normal
2018-12-16__13:26 tanxiaoze-Inspiron-7559 GNU/Linux [#45-Ubuntu SMP Thu Nov 15 19:32:57 UTC 2018] [up 4 hours, 22 minutes] [0.00,0.02,0.00] 41514M 39.6% 7843M 20.4% +41.0°C normal normal normal
2018-12-16__13:27 tanxiaoze-Inspiron-7559 GNU/Linux [#45-Ubuntu SMP Thu Nov 15 19:32:57 UTC 2018] [up 4 hours, 23 minutes] [0.00,0.01,0.00] 41514M 39.6% 7843M 20.4% +41.0°C normal normal normal
2018-12-16__13:28 tanxiaoze-Inspiron-7559 GNU/Linux [#45-Ubuntu SMP Thu Nov 15 19:32:57 UTC 2018] [up 4 hours, 24 minutes] [0.00,0.01,0.00] 41514M 39.6% 7843M 20.4% +42.0°C normal normal normal
2018-12-16__13:29 tanxiaoze-Inspiron-7559 GNU/Linux [#45-Ubuntu SMP Thu Nov 15 19:32:57 UTC 2018] [up 4 hours, 25 minutes] [0.00,0.00,0.00] 41514M 39.6% 7843M 20.4% +42.0°C normal normal normal
2018-12-16__13:30 tanxiaoze-Inspiron-7559 GNU/Linux [#45-Ubuntu SMP Thu Nov 15 19:32:57 UTC 2018] [up 4 hours, 26 minutes] [0.25,0.06,0.02] 41514M 39.6% 7843M 20.4% +41.0°C normal normal normal
2018-12-16__13:31 tanxiaoze-Inspiron-7559 GNU/Linux [#45-Ubuntu SMP Thu Nov 15 19:32:57 UTC 2018] [up 4 hours, 27 minutes] [0.09,0.05,0.01] 41514M 39.6% 7843M 20.4% +42.0°C normal normal normal
2018-12-16__13:32 tanxiaoze-Inspiron-7559 GNU/Linux [#45-Ubuntu SMP Thu Nov 15 19:32:57 UTC 2018] [up 4 hours, 28 minutes] [0.03,0.04,0.00] 41514M 39.6% 7843M 20.4% +41.0°C normal normal normal
2018-12-16__13:33 tanxiaoze-Inspiron-7559 GNU/Linux [#45-Ubuntu SMP Thu Nov 15 19:32:57 UTC 2018] [up 4 hours, 29 minutes] [0.04,0.04,0.00] 41514M 39.6% 7843M 20.4% +41.0°C normal normal normal
2018-12-16__13:34 tanxiaoze-Inspiron-7559 GNU/Linux [#45-Ubuntu SMP Thu Nov 15 19:32:57 UTC 2018] [up 4 hours, 30 minutes] [0.09,0.05,0.01] 41514M 39.6% 7843M 20.4% +43.0°C normal normal normal
2018-12-16__13:36 tanxiaoze-Inspiron-7559 GNU/Linux [#45-Ubuntu SMP Thu Nov 15 19:32:57 UTC 2018] [up 4 hours, 31 minutes] [0.03,0.04,0.00] 41514M 39.6% 7843M 20.4% +41.0°C normal normal normal
2018-12-16__13:37 tanxiaoze-Inspiron-7559 GNU/Linux [#45-Ubuntu SMP Thu Nov 15 19:32:57 UTC 2018] [up 4 hours, 32 minutes] [0.05,0.04,0.00] 41514M 39.6% 7843M 20.4% +42.0°C normal normal normal
2018-12-16__13:38 tanxiaoze-Inspiron-7559 GNU/Linux [#45-Ubuntu SMP Thu Nov 15 19:32:57 UTC 2018] [up 4 hours, 33 minutes] [0.02,0.03,0.00] 41514M 39.6% 7843M 20.4% +42.0°C normal normal normal
2018-12-16__13:39 tanxiaoze-Inspiron-7559 GNU/Linux [#45-Ubuntu SMP Thu Nov 15 19:32:57 UTC 2018] [up 4 hours, 34 minutes] [0.00,0.02,0.00] 41514M 39.6% 7843M 20.4% +42.0°C normal normal normal
2018-12-16__13:40 tanxiaoze-Inspiron-7559 GNU/Linux [#45-Ubuntu SMP Thu Nov 15 19:32:57 UTC 2018] [up 4 hours, 35 minutes] [0.00,0.02,0.00] 41514M 39.6% 7843M 20.4% +42.0°C normal normal normal
2018-12-16__13:41 tanxiaoze-Inspiron-7559 GNU/Linux [#45-Ubuntu SMP Thu Nov 15 19:32:57 UTC 2018] [up 4 hours, 36 minutes] [0.11,0.04,0.01] 41514M 39.6% 7843M 20.4% +42.0°C normal normal normal
2018-12-16__13:42 tanxiaoze-Inspiron-7559 GNU/Linux [#45-Ubuntu SMP Thu Nov 15 19:32:57 UTC 2018] [up 4 hours, 37 minutes] [0.04,0.03,0.00] 41514M 39.6% 7843M 20.4% +42.0°C normal normal normal
2018-12-16__13:43 tanxiaoze-Inspiron-7559 GNU/Linux [#45-Ubuntu SMP Thu Nov 15 19:32:57 UTC 2018] [up 4 hours, 38 minutes] [0.15,0.06,0.01] 41514M 39.6% 7843M 20.4% +42.0°C normal normal normal
2018-12-16__13:44 tanxiaoze-Inspiron-7559 GNU/Linux [#45-Ubuntu SMP Thu Nov 15 19:32:57 UTC 2018] [up 4 hours, 39 minutes] [0.05,0.04,0.00] 41514M 39.6% 7843M 20.4% +42.0°C normal normal normal
2018-12-16__13:45 tanxiaoze-Inspiron-7559 GNU/Linux [#45-Ubuntu SMP Thu Nov 15 19:32:57 UTC 2018] [up 4 hours, 40 minutes] [0.07,0.05,0.00] 41514M 39.6% 7843M 20.4% +42.0°C normal normal normal
2018-12-16__13:46 tanxiaoze-Inspiron-7559 GNU/Linux [#45-Ubuntu SMP Thu Nov 15 19:32:57 UTC 2018] [up 4 hours, 41 minutes] [0.07,0.05,0.00] 41514M 39.6% 7843M 20.4% +42.0°C normal normal normal
2018-12-16__13:47 tanxiaoze-Inspiron-7559 GNU/Linux [#45-Ubuntu SMP Thu Nov 15 19:32:57 UTC 2018] [up 4 hours, 42 minutes] [0.02,0.04,0.00] 41514M 39.6% 7843M 20.4% +42.0°C normal normal normal
2018-12-16__13:48 tanxiaoze-Inspiron-7559 GNU/Linux [#45-Ubuntu SMP Thu Nov 15 19:32:57 UTC 2018] [up 4 hours, 43 minutes] [0.01,0.03,0.00] 41514M 39.6% 7843M 20.4% +41.0°C normal normal normal
2018-12-16__13:49 tanxiaoze-Inspiron-7559 GNU/Linux [#45-Ubuntu SMP Thu Nov 15 19:32:57 UTC 2018] [up 4 hours, 44 minutes] [0.00,0.02,0.00] 41514M 39.6% 7843M 20.4% +43.0°C normal normal normal
2018-12-16__13:50 tanxiaoze-Inspiron-7559 GNU/Linux [#45-Ubuntu SMP Thu Nov 15 19:32:57 UTC 2018] [up 4 hours, 45 minutes] [0.00,0.02,0.00] 41514M 39.6% 7843M 20.4% +41.0°C normal normal normal
2018-12-16__13:51 tanxiaoze-Inspiron-7559 GNU/Linux [#45-Ubuntu SMP Thu Nov 15 19:32:57 UTC 2018] [up 4 hours, 46 minutes] [0.00,0.01,0.00] 41514M 39.6% 7843M 20.4% +41.0°C normal normal normal
2018-12-16__13:52 tanxiaoze-Inspiron-7559 GNU/Linux [#45-Ubuntu SMP Thu Nov 15 19:32:57 UTC 2018] [up 4 hours, 47 minutes] [0.00,0.01,0.00] 41514M 39.6% 7843M 20.4% +41.0°C normal normal normal
2018-12-16__13:53 tanxiaoze-Inspiron-7559 GNU/Linux [#45-Ubuntu SMP Thu Nov 15 19:32:57 UTC 2018] [up 4 hours, 48 minutes] [0.00,0.00,0.00] 41514M 39.6% 7843M 20.4% +42.0°C normal normal normal
2018-12-16__13:54 tanxiaoze-Inspiron-7559 GNU/Linux [#45-Ubuntu SMP Thu Nov 15 19:32:57 UTC 2018] [up 4 hours, 49 minutes] [0.00,0.00,0.00] 41514M 39.6% 7843M 20.4% +42.0°C normal normal normal
2018-12-16__13:55 tanxiaoze-Inspiron-7559 GNU/Linux [#45-Ubuntu SMP Thu Nov 15 19:32:57 UTC 2018] [up 4 hours, 50 minutes] [0.00,0.00,0.00] 41514M 39.6% 7843M 20.4% +42.0°C normal normal normal
2018-12-16__13:56 tanxiaoze-Inspiron-7559 GNU/Linux [#45-Ubuntu SMP Thu Nov 15 19:32:57 UTC 2018] [up 4 hours, 51 minutes] [0.03,0.01,0.00] 41514M 39.6% 7843M 20.4% +41.0°C normal normal normal
2018-12-16__13:57 tanxiaoze-Inspiron-7559 GNU/Linux [#45-Ubuntu SMP Thu Nov 15 19:32:57 UTC 2018] [up 4 hours, 52 minutes] [0.01,0.01,0.00] 41514M 39.6% 7843M 20.4% +41.0°C normal normal normal
2018-12-16__13:58 tanxiaoze-Inspiron-7559 GNU/Linux [#45-Ubuntu SMP Thu Nov 15 19:32:57 UTC 2018] [up 4 hours, 53 minutes] [0.00,0.00,0.00] 41514M 39.6% 7843M 20.4% +42.0°C normal normal normal
2018-12-16__13:59 tanxiaoze-Inspiron-7559 GNU/Linux [#45-Ubuntu SMP Thu Nov 15 19:32:57 UTC 2018] [up 4 hours, 54 minutes] [0.00,0.00,0.00] 41514M 39.6% 7843M 20.4% +42.0°C normal normal normal
2018-12-16__14:00 tanxiaoze-Inspiron-7559 GNU/Linux [#45-Ubuntu SMP Thu Nov 15 19:32:57 UTC 2018] [up 4 hours, 55 minutes] [0.00,0.00,0.00] 41514M 39.6% 7843M 20.4% +41.0°C normal normal normal
2018-12-16__14:01 tanxiaoze-Inspiron-7559 GNU/Linux [#45-Ubuntu SMP Thu Nov 15 19:32:57 UTC 2018] [up 4 hours, 56 minutes] [0.00,0.00,0.00] 41514M 39.6% 7843M 20.4% +42.0°C normal normal normal
2018-12-16__14:02 tanxiaoze-Inspiron-7559 GNU/Linux [#45-Ubuntu SMP Thu Nov 15 19:32:57 UTC 2018] [up 4 hours, 57 minutes] [0.00,0.00,0.00] 41514M 39.6% 7843M 20.4% +41.0°C normal normal normal
2018-12-16__14:03 tanxiaoze-Inspiron-7559 GNU/Linux [#45-Ubuntu SMP Thu Nov 15 19:32:57 UTC 2018] [up 4 hours, 58 minutes] [0.00,0.00,0.00] 41514M 39.6% 7843M 20.4% +43.0°C normal normal normal
2018-12-16__14:04 tanxiaoze-Inspiron-7559 GNU/Linux [#45-Ubuntu SMP Thu Nov 15 19:32:57 UTC 2018] [up 4 hours, 59 minutes] [0.00,0.00,0.00] 41514M 39.6% 7843M 20.4% +41.0°C normal normal normal
2018-12-16__14:05 tanxiaoze-Inspiron-7559 GNU/Linux [#45-Ubuntu SMP Thu Nov 15 19:32:57 UTC 2018] [up 5 hours] [0.00,0.00,0.00] 41514M 39.7% 7843M 20.4% +41.0°C normal normal normal
2018-12-16__14:12 tanxiaoze-Inspiron-7559 GNU/Linux [#45-Ubuntu SMP Thu Nov 15 19:32:57 UTC 2018] [up 5 hours, 8 minutes] [0.23,0.18,0.08] 41514M 39.7% 7843M 20.4% +42.0°C normal normal normal
2018-12-16__14:13 tanxiaoze-Inspiron-7559 GNU/Linux [#45-Ubuntu SMP Thu Nov 15 19:32:57 UTC 2018] [up 5 hours, 8 minutes] [0.47,0.24,0.10] 41514M 39.7% 7843M 20.5% +42.0°C normal normal normal
2018-12-16__14:22 tanxiaoze-Inspiron-7559 GNU/Linux [#45-Ubuntu SMP Thu Nov 15 19:32:57 UTC 2018] [up 5 hours, 18 minutes] [0.10,0.12,0.09] 41514M 39.7% 7843M 20.5% +42.0°C normal normal normal
2018-12-16__14:25 tanxiaoze-Inspiron-7559 GNU/Linux [#45-Ubuntu SMP Thu Nov 15 19:32:57 UTC 2018] [up 5 hours, 21 minutes] [0.28,0.19,0.12] 41514M 39.7% 7843M 20.4% +42.0°C normal normal normal
2018-12-16__14:50 tanxiaoze-Inspiron-7559 GNU/Linux [#45-Ubuntu SMP Thu Nov 15 19:32:57 UTC 2018] [up 5 hours, 45 minutes] [0.18,0.36,0.31] 41514M 39.7% 7843M 20.0% +44.0°C normal normal normal
2018-12-16__14:59 tanxiaoze-Inspiron-7559 GNU/Linux [#45-Ubuntu SMP Thu Nov 15 19:32:57 UTC 2018] [up 5 hours, 54 minutes] [0.15,0.22,0.26] 41514M 39.7% 7843M 20.3% +43.0°C normal normal normal
2018-12-16__15:00 tanxiaoze-Inspiron-7559 GNU/Linux [#45-Ubuntu SMP Thu Nov 15 19:32:57 UTC 2018] [up 5 hours, 55 minutes] [0.06,0.17,0.24] 41514M 39.7% 7843M 20.2% +43.0°C normal normal normal
2018-12-16__15:01 tanxiaoze-Inspiron-7559 GNU/Linux [#45-Ubuntu SMP Thu Nov 15 19:32:57 UTC 2018] [up 5 hours, 56 minutes] [0.13,0.17,0.24] 41514M 39.7% 7843M 20.2% +43.0°C normal normal normal
2018-12-16__15:02 tanxiaoze-Inspiron-7559 GNU/Linux [#45-Ubuntu SMP Thu Nov 15 19:32:57 UTC 2018] [up 5 hours, 57 minutes] [0.31,0.20,0.24] 41514M 39.7% 7843M 20.2% +43.0°C normal normal normal
2018-12-16__15:03 tanxiaoze-Inspiron-7559 GNU/Linux [#45-Ubuntu SMP Thu Nov 15 19:32:57 UTC 2018] [up 5 hours, 58 minutes] [0.33,0.21,0.24] 41514M 39.7% 7843M 20.2% +45.0°C normal normal normal
